[35m[1mConsolidate compiler generated dependencies of target vehiclecontrol__rosidl_generator_c[0m
[  3%] Built target vehiclecontrol__cpp
[ 12%] Built target vehiclecontrol__rosidl_generator_c
[ 12%] Built target ament_cmake_python_copy_vehiclecontrol
[35m[1mConsolidate compiler generated dependencies of target vehiclecontrol__rosidl_typesupport_introspection_cpp[0m
[35m[1mConsolidate compiler generated dependencies of target vehiclecontrol__rosidl_typesupport_cpp[0m
[35m[1mConsolidate compiler generated dependencies of target vehiclecontrol__rosidl_typesupport_fastrtps_cpp[0m
[35m[1mConsolidate compiler generated dependencies of target vehiclecontrol__rosidl_typesupport_fastrtps_c[0m
[35m[1mConsolidate compiler generated dependencies of target vehiclecontrol__rosidl_typesupport_c[0m
[35m[1mConsolidate compiler generated dependencies of target vehiclecontrol__rosidl_typesupport_introspection_c[0m
[ 38%] Built target vehiclecontrol__rosidl_typesupport_fastrtps_cpp
[ 38%] Built target vehiclecontrol__rosidl_typesupport_cpp
[ 41%] Built target vehiclecontrol__rosidl_typesupport_introspection_cpp
[ 54%] Built target vehiclecontrol__rosidl_typesupport_c
[ 61%] Built target vehiclecontrol__rosidl_typesupport_introspection_c
[ 70%] Built target vehiclecontrol__rosidl_typesupport_fastrtps_c
[ 70%] Built target vehiclecontrol
[ 74%] Built target vehiclecontrol__py
[35m[1mConsolidate compiler generated dependencies of target vehiclecontrol__rosidl_generator_py[0m
[ 80%] Built target vehiclecontrol__rosidl_generator_py
[35m[1mConsolidate compiler generated dependencies of target vehiclecontrol__rosidl_typesupport_c__pyext[0m
[35m[1mConsolidate compiler generated dependencies of target vehiclecontrol__rosidl_typesupport_fastrtps_c__pyext[0m
[35m[1mConsolidate compiler generated dependencies of target vehiclecontrol__rosidl_typesupport_introspection_c__pyext[0m
[ 96%] Built target vehiclecontrol__rosidl_typesupport_fastrtps_c__pyext
[100%] Built target vehiclecontrol__rosidl_typesupport_c__pyext
[100%] Built target vehiclecontrol__rosidl_typesupport_introspection_c__pyext
running egg_info
writing vehiclecontrol.egg-info/PKG-INFO
writing dependency_links to vehiclecontrol.egg-info/dependency_links.txt
writing top-level names to vehiclecontrol.egg-info/top_level.txt
reading manifest file 'vehiclecontrol.egg-info/SOURCES.txt'
writing manifest file 'vehiclecontrol.egg-info/SOURCES.txt'
[100%] Built target ament_cmake_python_build_vehiclecontrol_egg
-- Install configuration: ""
-- Up-to-date: /home/ashy/abaja_ros2_dev/install/vehiclecontrol/share/ament_index/resource_index/rosidl_interfaces/vehiclecontrol
-- Up-to-date: /home/ashy/abaja_ros2_dev/install/vehiclecontrol/include/vehiclecontrol/vehiclecontrol
-- Up-to-date: /home/ashy/abaja_ros2_dev/install/vehiclecontrol/include/vehiclecontrol/vehiclecontrol/msg
-- Up-to-date: /home/ashy/abaja_ros2_dev/install/vehiclecontrol/include/vehiclecontrol/vehiclecontrol/msg/detail
-- Up-to-date: /home/ashy/abaja_ros2_dev/install/vehiclecontrol/include/vehiclecontrol/vehiclecontrol/msg/detail/control__struct.h
-- Up-to-date: /home/ashy/abaja_ros2_dev/install/vehiclecontrol/include/vehiclecontrol/vehiclecontrol/msg/detail/control__functions.c
-- Up-to-date: /home/ashy/abaja_ros2_dev/install/vehiclecontrol/include/vehiclecontrol/vehiclecontrol/msg/detail/control__functions.h
-- Up-to-date: /home/ashy/abaja_ros2_dev/install/vehiclecontrol/include/vehiclecontrol/vehiclecontrol/msg/detail/control__type_support.h
-- Up-to-date: /home/ashy/abaja_ros2_dev/install/vehiclecontrol/include/vehiclecontrol/vehiclecontrol/msg/control.h
-- Up-to-date: /home/ashy/abaja_ros2_dev/install/vehiclecontrol/include/vehiclecontrol/vehiclecontrol/msg/rosidl_generator_c__visibility_control.h
-- Up-to-date: /home/ashy/abaja_ros2_dev/install/vehiclecontrol/share/vehiclecontrol/environment/library_path.sh
-- Up-to-date: /home/ashy/abaja_ros2_dev/install/vehiclecontrol/share/vehiclecontrol/environment/library_path.dsv
-- Up-to-date: /home/ashy/abaja_ros2_dev/install/vehiclecontrol/lib/libvehiclecontrol__rosidl_generator_c.so
-- Up-to-date: /home/ashy/abaja_ros2_dev/install/vehiclecontrol/include/vehiclecontrol/vehiclecontrol
-- Up-to-date: /home/ashy/abaja_ros2_dev/install/vehiclecontrol/include/vehiclecontrol/vehiclecontrol/msg
-- Up-to-date: /home/ashy/abaja_ros2_dev/install/vehiclecontrol/include/vehiclecontrol/vehiclecontrol/msg/detail
-- Up-to-date: /home/ashy/abaja_ros2_dev/install/vehiclecontrol/include/vehiclecontrol/vehiclecontrol/msg/detail/control__rosidl_typesupport_fastrtps_c.h
-- Up-to-date: /home/ashy/abaja_ros2_dev/install/vehiclecontrol/include/vehiclecontrol/vehiclecontrol/msg/rosidl_typesupport_fastrtps_c__visibility_control.h
-- Up-to-date: /home/ashy/abaja_ros2_dev/install/vehiclecontrol/lib/libvehiclecontrol__rosidl_typesupport_fastrtps_c.so
-- Up-to-date: /home/ashy/abaja_ros2_dev/install/vehiclecontrol/include/vehiclecontrol/vehiclecontrol
-- Up-to-date: /home/ashy/abaja_ros2_dev/install/vehiclecontrol/include/vehiclecontrol/vehiclecontrol/msg
-- Up-to-date: /home/ashy/abaja_ros2_dev/install/vehiclecontrol/include/vehiclecontrol/vehiclecontrol/msg/detail
-- Up-to-date: /home/ashy/abaja_ros2_dev/install/vehiclecontrol/include/vehiclecontrol/vehiclecontrol/msg/detail/control__rosidl_typesupport_introspection_c.h
-- Up-to-date: /home/ashy/abaja_ros2_dev/install/vehiclecontrol/include/vehiclecontrol/vehiclecontrol/msg/detail/control__type_support.c
-- Up-to-date: /home/ashy/abaja_ros2_dev/install/vehiclecontrol/include/vehiclecontrol/vehiclecontrol/msg/rosidl_typesupport_introspection_c__visibility_control.h
-- Up-to-date: /home/ashy/abaja_ros2_dev/install/vehiclecontrol/lib/libvehiclecontrol__rosidl_typesupport_introspection_c.so
-- Up-to-date: /home/ashy/abaja_ros2_dev/install/vehiclecontrol/lib/libvehiclecontrol__rosidl_typesupport_c.so
-- Up-to-date: /home/ashy/abaja_ros2_dev/install/vehiclecontrol/include/vehiclecontrol/vehiclecontrol
-- Up-to-date: /home/ashy/abaja_ros2_dev/install/vehiclecontrol/include/vehiclecontrol/vehiclecontrol/msg
-- Up-to-date: /home/ashy/abaja_ros2_dev/install/vehiclecontrol/include/vehiclecontrol/vehiclecontrol/msg/rosidl_generator_cpp__visibility_control.hpp
-- Up-to-date: /home/ashy/abaja_ros2_dev/install/vehiclecontrol/include/vehiclecontrol/vehiclecontrol/msg/detail
-- Up-to-date: /home/ashy/abaja_ros2_dev/install/vehiclecontrol/include/vehiclecontrol/vehiclecontrol/msg/detail/control__builder.hpp
-- Up-to-date: /home/ashy/abaja_ros2_dev/install/vehiclecontrol/include/vehiclecontrol/vehiclecontrol/msg/detail/control__struct.hpp
-- Up-to-date: /home/ashy/abaja_ros2_dev/install/vehiclecontrol/include/vehiclecontrol/vehiclecontrol/msg/detail/control__type_support.hpp
-- Up-to-date: /home/ashy/abaja_ros2_dev/install/vehiclecontrol/include/vehiclecontrol/vehiclecontrol/msg/detail/control__traits.hpp
-- Up-to-date: /home/ashy/abaja_ros2_dev/install/vehiclecontrol/include/vehiclecontrol/vehiclecontrol/msg/control.hpp
-- Up-to-date: /home/ashy/abaja_ros2_dev/install/vehiclecontrol/include/vehiclecontrol/vehiclecontrol
-- Up-to-date: /home/ashy/abaja_ros2_dev/install/vehiclecontrol/include/vehiclecontrol/vehiclecontrol/msg
-- Up-to-date: /home/ashy/abaja_ros2_dev/install/vehiclecontrol/include/vehiclecontrol/vehiclecontrol/msg/detail
-- Up-to-date: /home/ashy/abaja_ros2_dev/install/vehiclecontrol/include/vehiclecontrol/vehiclecontrol/msg/detail/dds_fastrtps
-- Up-to-date: /home/ashy/abaja_ros2_dev/install/vehiclecontrol/include/vehiclecontrol/vehiclecontrol/msg/detail/control__rosidl_typesupport_fastrtps_cpp.hpp
-- Up-to-date: /home/ashy/abaja_ros2_dev/install/vehiclecontrol/include/vehiclecontrol/vehiclecontrol/msg/rosidl_typesupport_fastrtps_cpp__visibility_control.h
-- Up-to-date: /home/ashy/abaja_ros2_dev/install/vehiclecontrol/lib/libvehiclecontrol__rosidl_typesupport_fastrtps_cpp.so
-- Up-to-date: /home/ashy/abaja_ros2_dev/install/vehiclecontrol/include/vehiclecontrol/vehiclecontrol
-- Up-to-date: /home/ashy/abaja_ros2_dev/install/vehiclecontrol/include/vehiclecontrol/vehiclecontrol/msg
-- Up-to-date: /home/ashy/abaja_ros2_dev/install/vehiclecontrol/include/vehiclecontrol/vehiclecontrol/msg/detail
-- Up-to-date: /home/ashy/abaja_ros2_dev/install/vehiclecontrol/include/vehiclecontrol/vehiclecontrol/msg/detail/control__type_support.cpp
-- Up-to-date: /home/ashy/abaja_ros2_dev/install/vehiclecontrol/include/vehiclecontrol/vehiclecontrol/msg/detail/control__rosidl_typesupport_introspection_cpp.hpp
-- Up-to-date: /home/ashy/abaja_ros2_dev/install/vehiclecontrol/lib/libvehiclecontrol__rosidl_typesupport_introspection_cpp.so
-- Up-to-date: /home/ashy/abaja_ros2_dev/install/vehiclecontrol/lib/libvehiclecontrol__rosidl_typesupport_cpp.so
-- Up-to-date: /home/ashy/abaja_ros2_dev/install/vehiclecontrol/share/vehiclecontrol/environment/pythonpath.sh
-- Up-to-date: /home/ashy/abaja_ros2_dev/install/vehiclecontrol/share/vehiclecontrol/environment/pythonpath.dsv
-- Up-to-date: /home/ashy/abaja_ros2_dev/install/vehiclecontrol/local/lib/python3.10/dist-packages/vehiclecontrol-0.0.0-py3.10.egg-info
-- Installing: /home/ashy/abaja_ros2_dev/install/vehiclecontrol/local/lib/python3.10/dist-packages/vehiclecontrol-0.0.0-py3.10.egg-info/top_level.txt
-- Installing: /home/ashy/abaja_ros2_dev/install/vehiclecontrol/local/lib/python3.10/dist-packages/vehiclecontrol-0.0.0-py3.10.egg-info/PKG-INFO
-- Installing: /home/ashy/abaja_ros2_dev/install/vehiclecontrol/local/lib/python3.10/dist-packages/vehiclecontrol-0.0.0-py3.10.egg-info/dependency_links.txt
-- Installing: /home/ashy/abaja_ros2_dev/install/vehiclecontrol/local/lib/python3.10/dist-packages/vehiclecontrol-0.0.0-py3.10.egg-info/SOURCES.txt
-- Up-to-date: /home/ashy/abaja_ros2_dev/install/vehiclecontrol/local/lib/python3.10/dist-packages/vehiclecontrol
-- Up-to-date: /home/ashy/abaja_ros2_dev/install/vehiclecontrol/local/lib/python3.10/dist-packages/vehiclecontrol/_vehiclecontrol_s.ep.rosidl_typesupport_c.c
-- Up-to-date: /home/ashy/abaja_ros2_dev/install/vehiclecontrol/local/lib/python3.10/dist-packages/vehiclecontrol/__init__.py
-- Up-to-date: /home/ashy/abaja_ros2_dev/install/vehiclecontrol/local/lib/python3.10/dist-packages/vehiclecontrol/vehiclecontrol_s__rosidl_typesupport_introspection_c.cpython-310-x86_64-linux-gnu.so
-- Up-to-date: /home/ashy/abaja_ros2_dev/install/vehiclecontrol/local/lib/python3.10/dist-packages/vehiclecontrol/vehiclecontrol_s__rosidl_typesupport_c.cpython-310-x86_64-linux-gnu.so
-- Up-to-date: /home/ashy/abaja_ros2_dev/install/vehiclecontrol/local/lib/python3.10/dist-packages/vehiclecontrol/_vehiclecontrol_s.ep.rosidl_typesupport_fastrtps_c.c
-- Up-to-date: /home/ashy/abaja_ros2_dev/install/vehiclecontrol/local/lib/python3.10/dist-packages/vehiclecontrol/vehiclecontrol_s__rosidl_typesupport_fastrtps_c.cpython-310-x86_64-linux-gnu.so
-- Up-to-date: /home/ashy/abaja_ros2_dev/install/vehiclecontrol/local/lib/python3.10/dist-packages/vehiclecontrol/_vehiclecontrol_s.ep.rosidl_typesupport_introspection_c.c
-- Up-to-date: /home/ashy/abaja_ros2_dev/install/vehiclecontrol/local/lib/python3.10/dist-packages/vehiclecontrol/msg
-- Up-to-date: /home/ashy/abaja_ros2_dev/install/vehiclecontrol/local/lib/python3.10/dist-packages/vehiclecontrol/msg/__init__.py
-- Up-to-date: /home/ashy/abaja_ros2_dev/install/vehiclecontrol/local/lib/python3.10/dist-packages/vehiclecontrol/msg/_control.py
-- Up-to-date: /home/ashy/abaja_ros2_dev/install/vehiclecontrol/local/lib/python3.10/dist-packages/vehiclecontrol/msg/_control_s.c
-- Up-to-date: /home/ashy/abaja_ros2_dev/install/vehiclecontrol/local/lib/python3.10/dist-packages/vehiclecontrol/libvehiclecontrol__rosidl_generator_py.so
Listing '/home/ashy/abaja_ros2_dev/install/vehiclecontrol/local/lib/python3.10/dist-packages/vehiclecontrol'...
Listing '/home/ashy/abaja_ros2_dev/install/vehiclecontrol/local/lib/python3.10/dist-packages/vehiclecontrol/msg'...
-- Up-to-date: /home/ashy/abaja_ros2_dev/install/vehiclecontrol/local/lib/python3.10/dist-packages/vehiclecontrol/vehiclecontrol_s__rosidl_typesupport_fastrtps_c.cpython-310-x86_64-linux-gnu.so
-- Up-to-date: /home/ashy/abaja_ros2_dev/install/vehiclecontrol/local/lib/python3.10/dist-packages/vehiclecontrol/vehiclecontrol_s__rosidl_typesupport_introspection_c.cpython-310-x86_64-linux-gnu.so
-- Up-to-date: /home/ashy/abaja_ros2_dev/install/vehiclecontrol/local/lib/python3.10/dist-packages/vehiclecontrol/vehiclecontrol_s__rosidl_typesupport_c.cpython-310-x86_64-linux-gnu.so
-- Up-to-date: /home/ashy/abaja_ros2_dev/install/vehiclecontrol/lib/libvehiclecontrol__rosidl_generator_py.so
-- Up-to-date: /home/ashy/abaja_ros2_dev/install/vehiclecontrol/share/vehiclecontrol/msg/Control.idl
-- Up-to-date: /home/ashy/abaja_ros2_dev/install/vehiclecontrol/share/vehiclecontrol/msg/Control.msg
-- Up-to-date: /home/ashy/abaja_ros2_dev/install/vehiclecontrol/share/ament_index/resource_index/package_run_dependencies/vehiclecontrol
-- Up-to-date: /home/ashy/abaja_ros2_dev/install/vehiclecontrol/share/ament_index/resource_index/parent_prefix_path/vehiclecontrol
-- Up-to-date: /home/ashy/abaja_ros2_dev/install/vehiclecontrol/share/vehiclecontrol/environment/ament_prefix_path.sh
-- Up-to-date: /home/ashy/abaja_ros2_dev/install/vehiclecontrol/share/vehiclecontrol/environment/ament_prefix_path.dsv
-- Up-to-date: /home/ashy/abaja_ros2_dev/install/vehiclecontrol/share/vehiclecontrol/environment/path.sh
-- Up-to-date: /home/ashy/abaja_ros2_dev/install/vehiclecontrol/share/vehiclecontrol/environment/path.dsv
-- Up-to-date: /home/ashy/abaja_ros2_dev/install/vehiclecontrol/share/vehiclecontrol/local_setup.bash
-- Up-to-date: /home/ashy/abaja_ros2_dev/install/vehiclecontrol/share/vehiclecontrol/local_setup.sh
-- Up-to-date: /home/ashy/abaja_ros2_dev/install/vehiclecontrol/share/vehiclecontrol/local_setup.zsh
-- Up-to-date: /home/ashy/abaja_ros2_dev/install/vehiclecontrol/share/vehiclecontrol/local_setup.dsv
-- Installing: /home/ashy/abaja_ros2_dev/install/vehiclecontrol/share/vehiclecontrol/package.dsv
-- Up-to-date: /home/ashy/abaja_ros2_dev/install/vehiclecontrol/share/ament_index/resource_index/packages/vehiclecontrol
-- Up-to-date: /home/ashy/abaja_ros2_dev/install/vehiclecontrol/share/vehiclecontrol/cmake/export_vehiclecontrol__rosidl_generator_cExport.cmake
-- Up-to-date: /home/ashy/abaja_ros2_dev/install/vehiclecontrol/share/vehiclecontrol/cmake/export_vehiclecontrol__rosidl_generator_cExport-noconfig.cmake
-- Up-to-date: /home/ashy/abaja_ros2_dev/install/vehiclecontrol/share/vehiclecontrol/cmake/export_vehiclecontrol__rosidl_typesupport_fastrtps_cExport.cmake
-- Up-to-date: /home/ashy/abaja_ros2_dev/install/vehiclecontrol/share/vehiclecontrol/cmake/export_vehiclecontrol__rosidl_typesupport_fastrtps_cExport-noconfig.cmake
-- Up-to-date: /home/ashy/abaja_ros2_dev/install/vehiclecontrol/share/vehiclecontrol/cmake/vehiclecontrol__rosidl_typesupport_introspection_cExport.cmake
-- Up-to-date: /home/ashy/abaja_ros2_dev/install/vehiclecontrol/share/vehiclecontrol/cmake/vehiclecontrol__rosidl_typesupport_introspection_cExport-noconfig.cmake
-- Up-to-date: /home/ashy/abaja_ros2_dev/install/vehiclecontrol/share/vehiclecontrol/cmake/vehiclecontrol__rosidl_typesupport_cExport.cmake
-- Up-to-date: /home/ashy/abaja_ros2_dev/install/vehiclecontrol/share/vehiclecontrol/cmake/vehiclecontrol__rosidl_typesupport_cExport-noconfig.cmake
-- Up-to-date: /home/ashy/abaja_ros2_dev/install/vehiclecontrol/share/vehiclecontrol/cmake/export_vehiclecontrol__rosidl_generator_cppExport.cmake
-- Up-to-date: /home/ashy/abaja_ros2_dev/install/vehiclecontrol/share/vehiclecontrol/cmake/export_vehiclecontrol__rosidl_typesupport_fastrtps_cppExport.cmake
-- Up-to-date: /home/ashy/abaja_ros2_dev/install/vehiclecontrol/share/vehiclecontrol/cmake/export_vehiclecontrol__rosidl_typesupport_fastrtps_cppExport-noconfig.cmake
-- Up-to-date: /home/ashy/abaja_ros2_dev/install/vehiclecontrol/share/vehiclecontrol/cmake/vehiclecontrol__rosidl_typesupport_introspection_cppExport.cmake
-- Up-to-date: /home/ashy/abaja_ros2_dev/install/vehiclecontrol/share/vehiclecontrol/cmake/vehiclecontrol__rosidl_typesupport_introspection_cppExport-noconfig.cmake
-- Up-to-date: /home/ashy/abaja_ros2_dev/install/vehiclecontrol/share/vehiclecontrol/cmake/vehiclecontrol__rosidl_typesupport_cppExport.cmake
-- Up-to-date: /home/ashy/abaja_ros2_dev/install/vehiclecontrol/share/vehiclecontrol/cmake/vehiclecontrol__rosidl_typesupport_cppExport-noconfig.cmake
-- Up-to-date: /home/ashy/abaja_ros2_dev/install/vehiclecontrol/share/vehiclecontrol/cmake/export_vehiclecontrol__rosidl_generator_pyExport.cmake
-- Up-to-date: /home/ashy/abaja_ros2_dev/install/vehiclecontrol/share/vehiclecontrol/cmake/export_vehiclecontrol__rosidl_generator_pyExport-noconfig.cmake
-- Up-to-date: /home/ashy/abaja_ros2_dev/install/vehiclecontrol/share/vehiclecontrol/cmake/rosidl_cmake-extras.cmake
-- Up-to-date: /home/ashy/abaja_ros2_dev/install/vehiclecontrol/share/vehiclecontrol/cmake/ament_cmake_export_dependencies-extras.cmake
-- Up-to-date: /home/ashy/abaja_ros2_dev/install/vehiclecontrol/share/vehiclecontrol/cmake/ament_cmake_export_include_directories-extras.cmake
-- Up-to-date: /home/ashy/abaja_ros2_dev/install/vehiclecontrol/share/vehiclecontrol/cmake/ament_cmake_export_libraries-extras.cmake
-- Up-to-date: /home/ashy/abaja_ros2_dev/install/vehiclecontrol/share/vehiclecontrol/cmake/ament_cmake_export_targets-extras.cmake
-- Up-to-date: /home/ashy/abaja_ros2_dev/install/vehiclecontrol/share/vehiclecontrol/cmake/rosidl_cmake_export_typesupport_targets-extras.cmake
-- Up-to-date: /home/ashy/abaja_ros2_dev/install/vehiclecontrol/share/vehiclecontrol/cmake/rosidl_cmake_export_typesupport_libraries-extras.cmake
-- Up-to-date: /home/ashy/abaja_ros2_dev/install/vehiclecontrol/share/vehiclecontrol/cmake/vehiclecontrolConfig.cmake
-- Up-to-date: /home/ashy/abaja_ros2_dev/install/vehiclecontrol/share/vehiclecontrol/cmake/vehiclecontrolConfig-version.cmake
-- Up-to-date: /home/ashy/abaja_ros2_dev/install/vehiclecontrol/share/vehiclecontrol/package.xml
