[  3%] Built target feedback__cpp
[ 12%] Built target feedback__rosidl_generator_c
[ 12%] Built target ament_cmake_python_copy_feedback
[ 22%] Built target feedback__rosidl_typesupport_fastrtps_c
[ 32%] Built target feedback__rosidl_typesupport_c
[ 41%] Built target feedback__rosidl_typesupport_introspection_c
[ 51%] Built target feedback__rosidl_typesupport_fastrtps_cpp
[ 61%] Built target feedback__rosidl_typesupport_cpp
[ 70%] Built target feedback__rosidl_typesupport_introspection_cpp
[ 70%] Built target feedback
[ 74%] Built target feedback__py
[ 80%] Built target feedback__rosidl_generator_py
[ 87%] Built target feedback__rosidl_typesupport_introspection_c__pyext
[ 93%] Built target feedback__rosidl_typesupport_fastrtps_c__pyext
[100%] Built target feedback__rosidl_typesupport_c__pyext
running egg_info
writing feedback.egg-info/PKG-INFO
writing dependency_links to feedback.egg-info/dependency_links.txt
writing top-level names to feedback.egg-info/top_level.txt
reading manifest file 'feedback.egg-info/SOURCES.txt'
writing manifest file 'feedback.egg-info/SOURCES.txt'
[100%] Built target ament_cmake_python_build_feedback_egg
-- Install configuration: ""
-- Up-to-date: /home/ashy/abaja_ros2_dev/install/feedback/share/ament_index/resource_index/rosidl_interfaces/feedback
-- Up-to-date: /home/ashy/abaja_ros2_dev/install/feedback/include/feedback/feedback
-- Up-to-date: /home/ashy/abaja_ros2_dev/install/feedback/include/feedback/feedback/msg
-- Up-to-date: /home/ashy/abaja_ros2_dev/install/feedback/include/feedback/feedback/msg/detail
-- Up-to-date: /home/ashy/abaja_ros2_dev/install/feedback/include/feedback/feedback/msg/detail/velocity__type_support.h
-- Up-to-date: /home/ashy/abaja_ros2_dev/install/feedback/include/feedback/feedback/msg/detail/velocity__struct.h
-- Up-to-date: /home/ashy/abaja_ros2_dev/install/feedback/include/feedback/feedback/msg/detail/velocity__functions.h
-- Up-to-date: /home/ashy/abaja_ros2_dev/install/feedback/include/feedback/feedback/msg/detail/velocity__functions.c
-- Up-to-date: /home/ashy/abaja_ros2_dev/install/feedback/include/feedback/feedback/msg/velocity.h
-- Up-to-date: /home/ashy/abaja_ros2_dev/install/feedback/include/feedback/feedback/msg/rosidl_generator_c__visibility_control.h
-- Up-to-date: /home/ashy/abaja_ros2_dev/install/feedback/share/feedback/environment/library_path.sh
-- Up-to-date: /home/ashy/abaja_ros2_dev/install/feedback/share/feedback/environment/library_path.dsv
-- Up-to-date: /home/ashy/abaja_ros2_dev/install/feedback/lib/libfeedback__rosidl_generator_c.so
-- Up-to-date: /home/ashy/abaja_ros2_dev/install/feedback/include/feedback/feedback
-- Up-to-date: /home/ashy/abaja_ros2_dev/install/feedback/include/feedback/feedback/msg
-- Up-to-date: /home/ashy/abaja_ros2_dev/install/feedback/include/feedback/feedback/msg/detail
-- Up-to-date: /home/ashy/abaja_ros2_dev/install/feedback/include/feedback/feedback/msg/detail/velocity__rosidl_typesupport_fastrtps_c.h
-- Up-to-date: /home/ashy/abaja_ros2_dev/install/feedback/include/feedback/feedback/msg/rosidl_typesupport_fastrtps_c__visibility_control.h
-- Up-to-date: /home/ashy/abaja_ros2_dev/install/feedback/lib/libfeedback__rosidl_typesupport_fastrtps_c.so
-- Up-to-date: /home/ashy/abaja_ros2_dev/install/feedback/include/feedback/feedback
-- Up-to-date: /home/ashy/abaja_ros2_dev/install/feedback/include/feedback/feedback/msg
-- Up-to-date: /home/ashy/abaja_ros2_dev/install/feedback/include/feedback/feedback/msg/detail
-- Up-to-date: /home/ashy/abaja_ros2_dev/install/feedback/include/feedback/feedback/msg/detail/velocity__type_support.c
-- Up-to-date: /home/ashy/abaja_ros2_dev/install/feedback/include/feedback/feedback/msg/detail/velocity__rosidl_typesupport_introspection_c.h
-- Up-to-date: /home/ashy/abaja_ros2_dev/install/feedback/include/feedback/feedback/msg/rosidl_typesupport_introspection_c__visibility_control.h
-- Up-to-date: /home/ashy/abaja_ros2_dev/install/feedback/lib/libfeedback__rosidl_typesupport_introspection_c.so
-- Up-to-date: /home/ashy/abaja_ros2_dev/install/feedback/lib/libfeedback__rosidl_typesupport_c.so
-- Up-to-date: /home/ashy/abaja_ros2_dev/install/feedback/include/feedback/feedback
-- Up-to-date: /home/ashy/abaja_ros2_dev/install/feedback/include/feedback/feedback/msg
-- Up-to-date: /home/ashy/abaja_ros2_dev/install/feedback/include/feedback/feedback/msg/rosidl_generator_cpp__visibility_control.hpp
-- Up-to-date: /home/ashy/abaja_ros2_dev/install/feedback/include/feedback/feedback/msg/detail
-- Up-to-date: /home/ashy/abaja_ros2_dev/install/feedback/include/feedback/feedback/msg/detail/velocity__builder.hpp
-- Up-to-date: /home/ashy/abaja_ros2_dev/install/feedback/include/feedback/feedback/msg/detail/velocity__type_support.hpp
-- Up-to-date: /home/ashy/abaja_ros2_dev/install/feedback/include/feedback/feedback/msg/detail/velocity__traits.hpp
-- Up-to-date: /home/ashy/abaja_ros2_dev/install/feedback/include/feedback/feedback/msg/detail/velocity__struct.hpp
-- Up-to-date: /home/ashy/abaja_ros2_dev/install/feedback/include/feedback/feedback/msg/velocity.hpp
-- Up-to-date: /home/ashy/abaja_ros2_dev/install/feedback/include/feedback/feedback
-- Up-to-date: /home/ashy/abaja_ros2_dev/install/feedback/include/feedback/feedback/msg
-- Up-to-date: /home/ashy/abaja_ros2_dev/install/feedback/include/feedback/feedback/msg/detail
-- Up-to-date: /home/ashy/abaja_ros2_dev/install/feedback/include/feedback/feedback/msg/detail/dds_fastrtps
-- Up-to-date: /home/ashy/abaja_ros2_dev/install/feedback/include/feedback/feedback/msg/detail/velocity__rosidl_typesupport_fastrtps_cpp.hpp
-- Up-to-date: /home/ashy/abaja_ros2_dev/install/feedback/include/feedback/feedback/msg/rosidl_typesupport_fastrtps_cpp__visibility_control.h
-- Up-to-date: /home/ashy/abaja_ros2_dev/install/feedback/lib/libfeedback__rosidl_typesupport_fastrtps_cpp.so
-- Up-to-date: /home/ashy/abaja_ros2_dev/install/feedback/include/feedback/feedback
-- Up-to-date: /home/ashy/abaja_ros2_dev/install/feedback/include/feedback/feedback/msg
-- Up-to-date: /home/ashy/abaja_ros2_dev/install/feedback/include/feedback/feedback/msg/detail
-- Up-to-date: /home/ashy/abaja_ros2_dev/install/feedback/include/feedback/feedback/msg/detail/velocity__type_support.cpp
-- Up-to-date: /home/ashy/abaja_ros2_dev/install/feedback/include/feedback/feedback/msg/detail/velocity__rosidl_typesupport_introspection_cpp.hpp
-- Up-to-date: /home/ashy/abaja_ros2_dev/install/feedback/lib/libfeedback__rosidl_typesupport_introspection_cpp.so
-- Up-to-date: /home/ashy/abaja_ros2_dev/install/feedback/lib/libfeedback__rosidl_typesupport_cpp.so
-- Up-to-date: /home/ashy/abaja_ros2_dev/install/feedback/share/feedback/environment/pythonpath.sh
-- Up-to-date: /home/ashy/abaja_ros2_dev/install/feedback/share/feedback/environment/pythonpath.dsv
-- Up-to-date: /home/ashy/abaja_ros2_dev/install/feedback/local/lib/python3.10/dist-packages/feedback-0.0.0-py3.10.egg-info
-- Installing: /home/ashy/abaja_ros2_dev/install/feedback/local/lib/python3.10/dist-packages/feedback-0.0.0-py3.10.egg-info/top_level.txt
-- Installing: /home/ashy/abaja_ros2_dev/install/feedback/local/lib/python3.10/dist-packages/feedback-0.0.0-py3.10.egg-info/PKG-INFO
-- Installing: /home/ashy/abaja_ros2_dev/install/feedback/local/lib/python3.10/dist-packages/feedback-0.0.0-py3.10.egg-info/dependency_links.txt
-- Installing: /home/ashy/abaja_ros2_dev/install/feedback/local/lib/python3.10/dist-packages/feedback-0.0.0-py3.10.egg-info/SOURCES.txt
-- Up-to-date: /home/ashy/abaja_ros2_dev/install/feedback/local/lib/python3.10/dist-packages/feedback
-- Up-to-date: /home/ashy/abaja_ros2_dev/install/feedback/local/lib/python3.10/dist-packages/feedback/_feedback_s.ep.rosidl_typesupport_fastrtps_c.c
-- Up-to-date: /home/ashy/abaja_ros2_dev/install/feedback/local/lib/python3.10/dist-packages/feedback/feedback_s__rosidl_typesupport_introspection_c.cpython-310-x86_64-linux-gnu.so
-- Up-to-date: /home/ashy/abaja_ros2_dev/install/feedback/local/lib/python3.10/dist-packages/feedback/_feedback_s.ep.rosidl_typesupport_c.c
-- Up-to-date: /home/ashy/abaja_ros2_dev/install/feedback/local/lib/python3.10/dist-packages/feedback/__init__.py
-- Up-to-date: /home/ashy/abaja_ros2_dev/install/feedback/local/lib/python3.10/dist-packages/feedback/feedback_s__rosidl_typesupport_c.cpython-310-x86_64-linux-gnu.so
-- Up-to-date: /home/ashy/abaja_ros2_dev/install/feedback/local/lib/python3.10/dist-packages/feedback/libfeedback__rosidl_generator_py.so
-- Up-to-date: /home/ashy/abaja_ros2_dev/install/feedback/local/lib/python3.10/dist-packages/feedback/msg
-- Up-to-date: /home/ashy/abaja_ros2_dev/install/feedback/local/lib/python3.10/dist-packages/feedback/msg/__init__.py
-- Up-to-date: /home/ashy/abaja_ros2_dev/install/feedback/local/lib/python3.10/dist-packages/feedback/msg/_velocity_s.c
-- Up-to-date: /home/ashy/abaja_ros2_dev/install/feedback/local/lib/python3.10/dist-packages/feedback/msg/_velocity.py
-- Up-to-date: /home/ashy/abaja_ros2_dev/install/feedback/local/lib/python3.10/dist-packages/feedback/_feedback_s.ep.rosidl_typesupport_introspection_c.c
-- Up-to-date: /home/ashy/abaja_ros2_dev/install/feedback/local/lib/python3.10/dist-packages/feedback/feedback_s__rosidl_typesupport_fastrtps_c.cpython-310-x86_64-linux-gnu.so
Listing '/home/ashy/abaja_ros2_dev/install/feedback/local/lib/python3.10/dist-packages/feedback'...
Listing '/home/ashy/abaja_ros2_dev/install/feedback/local/lib/python3.10/dist-packages/feedback/msg'...
-- Up-to-date: /home/ashy/abaja_ros2_dev/install/feedback/local/lib/python3.10/dist-packages/feedback/feedback_s__rosidl_typesupport_fastrtps_c.cpython-310-x86_64-linux-gnu.so
-- Up-to-date: /home/ashy/abaja_ros2_dev/install/feedback/local/lib/python3.10/dist-packages/feedback/feedback_s__rosidl_typesupport_introspection_c.cpython-310-x86_64-linux-gnu.so
-- Up-to-date: /home/ashy/abaja_ros2_dev/install/feedback/local/lib/python3.10/dist-packages/feedback/feedback_s__rosidl_typesupport_c.cpython-310-x86_64-linux-gnu.so
-- Up-to-date: /home/ashy/abaja_ros2_dev/install/feedback/lib/libfeedback__rosidl_generator_py.so
-- Up-to-date: /home/ashy/abaja_ros2_dev/install/feedback/share/feedback/msg/Velocity.idl
-- Up-to-date: /home/ashy/abaja_ros2_dev/install/feedback/share/feedback/msg/Velocity.msg
-- Up-to-date: /home/ashy/abaja_ros2_dev/install/feedback/share/ament_index/resource_index/package_run_dependencies/feedback
-- Up-to-date: /home/ashy/abaja_ros2_dev/install/feedback/share/ament_index/resource_index/parent_prefix_path/feedback
-- Up-to-date: /home/ashy/abaja_ros2_dev/install/feedback/share/feedback/environment/ament_prefix_path.sh
-- Up-to-date: /home/ashy/abaja_ros2_dev/install/feedback/share/feedback/environment/ament_prefix_path.dsv
-- Up-to-date: /home/ashy/abaja_ros2_dev/install/feedback/share/feedback/environment/path.sh
-- Up-to-date: /home/ashy/abaja_ros2_dev/install/feedback/share/feedback/environment/path.dsv
-- Up-to-date: /home/ashy/abaja_ros2_dev/install/feedback/share/feedback/local_setup.bash
-- Up-to-date: /home/ashy/abaja_ros2_dev/install/feedback/share/feedback/local_setup.sh
-- Up-to-date: /home/ashy/abaja_ros2_dev/install/feedback/share/feedback/local_setup.zsh
-- Up-to-date: /home/ashy/abaja_ros2_dev/install/feedback/share/feedback/local_setup.dsv
-- Installing: /home/ashy/abaja_ros2_dev/install/feedback/share/feedback/package.dsv
-- Up-to-date: /home/ashy/abaja_ros2_dev/install/feedback/share/ament_index/resource_index/packages/feedback
-- Up-to-date: /home/ashy/abaja_ros2_dev/install/feedback/share/feedback/cmake/export_feedback__rosidl_generator_cExport.cmake
-- Up-to-date: /home/ashy/abaja_ros2_dev/install/feedback/share/feedback/cmake/export_feedback__rosidl_generator_cExport-noconfig.cmake
-- Up-to-date: /home/ashy/abaja_ros2_dev/install/feedback/share/feedback/cmake/export_feedback__rosidl_typesupport_fastrtps_cExport.cmake
-- Up-to-date: /home/ashy/abaja_ros2_dev/install/feedback/share/feedback/cmake/export_feedback__rosidl_typesupport_fastrtps_cExport-noconfig.cmake
-- Up-to-date: /home/ashy/abaja_ros2_dev/install/feedback/share/feedback/cmake/feedback__rosidl_typesupport_introspection_cExport.cmake
-- Up-to-date: /home/ashy/abaja_ros2_dev/install/feedback/share/feedback/cmake/feedback__rosidl_typesupport_introspection_cExport-noconfig.cmake
-- Up-to-date: /home/ashy/abaja_ros2_dev/install/feedback/share/feedback/cmake/feedback__rosidl_typesupport_cExport.cmake
-- Up-to-date: /home/ashy/abaja_ros2_dev/install/feedback/share/feedback/cmake/feedback__rosidl_typesupport_cExport-noconfig.cmake
-- Up-to-date: /home/ashy/abaja_ros2_dev/install/feedback/share/feedback/cmake/export_feedback__rosidl_generator_cppExport.cmake
-- Up-to-date: /home/ashy/abaja_ros2_dev/install/feedback/share/feedback/cmake/export_feedback__rosidl_typesupport_fastrtps_cppExport.cmake
-- Up-to-date: /home/ashy/abaja_ros2_dev/install/feedback/share/feedback/cmake/export_feedback__rosidl_typesupport_fastrtps_cppExport-noconfig.cmake
-- Up-to-date: /home/ashy/abaja_ros2_dev/install/feedback/share/feedback/cmake/feedback__rosidl_typesupport_introspection_cppExport.cmake
-- Up-to-date: /home/ashy/abaja_ros2_dev/install/feedback/share/feedback/cmake/feedback__rosidl_typesupport_introspection_cppExport-noconfig.cmake
-- Up-to-date: /home/ashy/abaja_ros2_dev/install/feedback/share/feedback/cmake/feedback__rosidl_typesupport_cppExport.cmake
-- Up-to-date: /home/ashy/abaja_ros2_dev/install/feedback/share/feedback/cmake/feedback__rosidl_typesupport_cppExport-noconfig.cmake
-- Up-to-date: /home/ashy/abaja_ros2_dev/install/feedback/share/feedback/cmake/export_feedback__rosidl_generator_pyExport.cmake
-- Up-to-date: /home/ashy/abaja_ros2_dev/install/feedback/share/feedback/cmake/export_feedback__rosidl_generator_pyExport-noconfig.cmake
-- Up-to-date: /home/ashy/abaja_ros2_dev/install/feedback/share/feedback/cmake/rosidl_cmake-extras.cmake
-- Up-to-date: /home/ashy/abaja_ros2_dev/install/feedback/share/feedback/cmake/ament_cmake_export_dependencies-extras.cmake
-- Up-to-date: /home/ashy/abaja_ros2_dev/install/feedback/share/feedback/cmake/ament_cmake_export_include_directories-extras.cmake
-- Up-to-date: /home/ashy/abaja_ros2_dev/install/feedback/share/feedback/cmake/ament_cmake_export_libraries-extras.cmake
-- Up-to-date: /home/ashy/abaja_ros2_dev/install/feedback/share/feedback/cmake/ament_cmake_export_targets-extras.cmake
-- Up-to-date: /home/ashy/abaja_ros2_dev/install/feedback/share/feedback/cmake/rosidl_cmake_export_typesupport_targets-extras.cmake
-- Up-to-date: /home/ashy/abaja_ros2_dev/install/feedback/share/feedback/cmake/rosidl_cmake_export_typesupport_libraries-extras.cmake
-- Up-to-date: /home/ashy/abaja_ros2_dev/install/feedback/share/feedback/cmake/feedbackConfig.cmake
-- Up-to-date: /home/ashy/abaja_ros2_dev/install/feedback/share/feedback/cmake/feedbackConfig-version.cmake
-- Up-to-date: /home/ashy/abaja_ros2_dev/install/feedback/share/feedback/package.xml
