[0.037s] Invoking command in '/home/ashy/abaja_ros2_dev/build/feedback': CMAKE_PREFIX_PATH=/opt/ros/humble /usr/bin/cmake --build /home/ashy/abaja_ros2_dev/build/feedback -- -j16 -l16
[0.104s] [  3%] Built target feedback__cpp
[0.104s] [ 12%] Built target feedback__rosidl_generator_c
[0.122s] [ 12%] Built target ament_cmake_python_copy_feedback
[0.141s] [ 22%] Built target feedback__rosidl_typesupport_fastrtps_c
[0.150s] [ 32%] Built target feedback__rosidl_typesupport_c
[0.162s] [ 41%] Built target feedback__rosidl_typesupport_introspection_c
[0.163s] [ 51%] Built target feedback__rosidl_typesupport_fastrtps_cpp
[0.163s] [ 61%] Built target feedback__rosidl_typesupport_cpp
[0.165s] [ 70%] Built target feedback__rosidl_typesupport_introspection_cpp
[0.191s] [ 70%] Built target feedback
[0.217s] [ 74%] Built target feedback__py
[0.242s] [ 80%] Built target feedback__rosidl_generator_py
[0.266s] [ 87%] Built target feedback__rosidl_typesupport_introspection_c__pyext
[0.270s] [ 93%] Built target feedback__rosidl_typesupport_fastrtps_c__pyext
[0.271s] [100%] Built target feedback__rosidl_typesupport_c__pyext
[0.374s] running egg_info
[0.389s] writing feedback.egg-info/PKG-INFO
[0.389s] writing dependency_links to feedback.egg-info/dependency_links.txt
[0.390s] writing top-level names to feedback.egg-info/top_level.txt
[0.440s] reading manifest file 'feedback.egg-info/SOURCES.txt'
[0.440s] writing manifest file 'feedback.egg-info/SOURCES.txt'
[0.472s] [100%] Built target ament_cmake_python_build_feedback_egg
[0.482s] Invoked command in '/home/ashy/abaja_ros2_dev/build/feedback' returned '0': CMAKE_PREFIX_PATH=/opt/ros/humble /usr/bin/cmake --build /home/ashy/abaja_ros2_dev/build/feedback -- -j16 -l16
[0.484s] Invoking command in '/home/ashy/abaja_ros2_dev/build/feedback': CMAKE_PREFIX_PATH=/opt/ros/humble /usr/bin/cmake --install /home/ashy/abaja_ros2_dev/build/feedback
[0.489s] -- Install configuration: ""
[0.489s] -- Up-to-date: /home/ashy/abaja_ros2_dev/install/feedback/share/ament_index/resource_index/rosidl_interfaces/feedback
[0.489s] -- Up-to-date: /home/ashy/abaja_ros2_dev/install/feedback/include/feedback/feedback
[0.489s] -- Up-to-date: /home/ashy/abaja_ros2_dev/install/feedback/include/feedback/feedback/msg
[0.490s] -- Up-to-date: /home/ashy/abaja_ros2_dev/install/feedback/include/feedback/feedback/msg/detail
[0.490s] -- Up-to-date: /home/ashy/abaja_ros2_dev/install/feedback/include/feedback/feedback/msg/detail/velocity__type_support.h
[0.490s] -- Up-to-date: /home/ashy/abaja_ros2_dev/install/feedback/include/feedback/feedback/msg/detail/velocity__struct.h
[0.490s] -- Up-to-date: /home/ashy/abaja_ros2_dev/install/feedback/include/feedback/feedback/msg/detail/velocity__functions.h
[0.490s] -- Up-to-date: /home/ashy/abaja_ros2_dev/install/feedback/include/feedback/feedback/msg/detail/velocity__functions.c
[0.490s] -- Up-to-date: /home/ashy/abaja_ros2_dev/install/feedback/include/feedback/feedback/msg/velocity.h
[0.491s] -- Up-to-date: /home/ashy/abaja_ros2_dev/install/feedback/include/feedback/feedback/msg/rosidl_generator_c__visibility_control.h
[0.491s] -- Up-to-date: /home/ashy/abaja_ros2_dev/install/feedback/share/feedback/environment/library_path.sh
[0.491s] -- Up-to-date: /home/ashy/abaja_ros2_dev/install/feedback/share/feedback/environment/library_path.dsv
[0.491s] -- Up-to-date: /home/ashy/abaja_ros2_dev/install/feedback/lib/libfeedback__rosidl_generator_c.so
[0.491s] -- Up-to-date: /home/ashy/abaja_ros2_dev/install/feedback/include/feedback/feedback
[0.491s] -- Up-to-date: /home/ashy/abaja_ros2_dev/install/feedback/include/feedback/feedback/msg
[0.491s] -- Up-to-date: /home/ashy/abaja_ros2_dev/install/feedback/include/feedback/feedback/msg/detail
[0.491s] -- Up-to-date: /home/ashy/abaja_ros2_dev/install/feedback/include/feedback/feedback/msg/detail/velocity__rosidl_typesupport_fastrtps_c.h
[0.491s] -- Up-to-date: /home/ashy/abaja_ros2_dev/install/feedback/include/feedback/feedback/msg/rosidl_typesupport_fastrtps_c__visibility_control.h
[0.491s] -- Up-to-date: /home/ashy/abaja_ros2_dev/install/feedback/lib/libfeedback__rosidl_typesupport_fastrtps_c.so
[0.491s] -- Up-to-date: /home/ashy/abaja_ros2_dev/install/feedback/include/feedback/feedback
[0.491s] -- Up-to-date: /home/ashy/abaja_ros2_dev/install/feedback/include/feedback/feedback/msg
[0.491s] -- Up-to-date: /home/ashy/abaja_ros2_dev/install/feedback/include/feedback/feedback/msg/detail
[0.492s] -- Up-to-date: /home/ashy/abaja_ros2_dev/install/feedback/include/feedback/feedback/msg/detail/velocity__type_support.c
[0.492s] -- Up-to-date: /home/ashy/abaja_ros2_dev/install/feedback/include/feedback/feedback/msg/detail/velocity__rosidl_typesupport_introspection_c.h
[0.492s] -- Up-to-date: /home/ashy/abaja_ros2_dev/install/feedback/include/feedback/feedback/msg/rosidl_typesupport_introspection_c__visibility_control.h
[0.492s] -- Up-to-date: /home/ashy/abaja_ros2_dev/install/feedback/lib/libfeedback__rosidl_typesupport_introspection_c.so
[0.492s] -- Up-to-date: /home/ashy/abaja_ros2_dev/install/feedback/lib/libfeedback__rosidl_typesupport_c.so
[0.492s] -- Up-to-date: /home/ashy/abaja_ros2_dev/install/feedback/include/feedback/feedback
[0.492s] -- Up-to-date: /home/ashy/abaja_ros2_dev/install/feedback/include/feedback/feedback/msg
[0.492s] -- Up-to-date: /home/ashy/abaja_ros2_dev/install/feedback/include/feedback/feedback/msg/rosidl_generator_cpp__visibility_control.hpp
[0.492s] -- Up-to-date: /home/ashy/abaja_ros2_dev/install/feedback/include/feedback/feedback/msg/detail
[0.492s] -- Up-to-date: /home/ashy/abaja_ros2_dev/install/feedback/include/feedback/feedback/msg/detail/velocity__builder.hpp
[0.492s] -- Up-to-date: /home/ashy/abaja_ros2_dev/install/feedback/include/feedback/feedback/msg/detail/velocity__type_support.hpp
[0.492s] -- Up-to-date: /home/ashy/abaja_ros2_dev/install/feedback/include/feedback/feedback/msg/detail/velocity__traits.hpp
[0.492s] -- Up-to-date: /home/ashy/abaja_ros2_dev/install/feedback/include/feedback/feedback/msg/detail/velocity__struct.hpp
[0.492s] -- Up-to-date: /home/ashy/abaja_ros2_dev/install/feedback/include/feedback/feedback/msg/velocity.hpp
[0.492s] -- Up-to-date: /home/ashy/abaja_ros2_dev/install/feedback/include/feedback/feedback
[0.492s] -- Up-to-date: /home/ashy/abaja_ros2_dev/install/feedback/include/feedback/feedback/msg
[0.492s] -- Up-to-date: /home/ashy/abaja_ros2_dev/install/feedback/include/feedback/feedback/msg/detail
[0.492s] -- Up-to-date: /home/ashy/abaja_ros2_dev/install/feedback/include/feedback/feedback/msg/detail/dds_fastrtps
[0.492s] -- Up-to-date: /home/ashy/abaja_ros2_dev/install/feedback/include/feedback/feedback/msg/detail/velocity__rosidl_typesupport_fastrtps_cpp.hpp
[0.492s] -- Up-to-date: /home/ashy/abaja_ros2_dev/install/feedback/include/feedback/feedback/msg/rosidl_typesupport_fastrtps_cpp__visibility_control.h
[0.492s] -- Up-to-date: /home/ashy/abaja_ros2_dev/install/feedback/lib/libfeedback__rosidl_typesupport_fastrtps_cpp.so
[0.492s] -- Up-to-date: /home/ashy/abaja_ros2_dev/install/feedback/include/feedback/feedback
[0.492s] -- Up-to-date: /home/ashy/abaja_ros2_dev/install/feedback/include/feedback/feedback/msg
[0.493s] -- Up-to-date: /home/ashy/abaja_ros2_dev/install/feedback/include/feedback/feedback/msg/detail
[0.493s] -- Up-to-date: /home/ashy/abaja_ros2_dev/install/feedback/include/feedback/feedback/msg/detail/velocity__type_support.cpp
[0.493s] -- Up-to-date: /home/ashy/abaja_ros2_dev/install/feedback/include/feedback/feedback/msg/detail/velocity__rosidl_typesupport_introspection_cpp.hpp
[0.493s] -- Up-to-date: /home/ashy/abaja_ros2_dev/install/feedback/lib/libfeedback__rosidl_typesupport_introspection_cpp.so
[0.495s] -- Up-to-date: /home/ashy/abaja_ros2_dev/install/feedback/lib/libfeedback__rosidl_typesupport_cpp.so
[0.495s] -- Up-to-date: /home/ashy/abaja_ros2_dev/install/feedback/share/feedback/environment/pythonpath.sh
[0.495s] -- Up-to-date: /home/ashy/abaja_ros2_dev/install/feedback/share/feedback/environment/pythonpath.dsv
[0.495s] -- Up-to-date: /home/ashy/abaja_ros2_dev/install/feedback/local/lib/python3.10/dist-packages/feedback-0.0.0-py3.10.egg-info
[0.495s] -- Installing: /home/ashy/abaja_ros2_dev/install/feedback/local/lib/python3.10/dist-packages/feedback-0.0.0-py3.10.egg-info/top_level.txt
[0.495s] -- Installing: /home/ashy/abaja_ros2_dev/install/feedback/local/lib/python3.10/dist-packages/feedback-0.0.0-py3.10.egg-info/PKG-INFO
[0.496s] -- Installing: /home/ashy/abaja_ros2_dev/install/feedback/local/lib/python3.10/dist-packages/feedback-0.0.0-py3.10.egg-info/dependency_links.txt
[0.498s] -- Installing: /home/ashy/abaja_ros2_dev/install/feedback/local/lib/python3.10/dist-packages/feedback-0.0.0-py3.10.egg-info/SOURCES.txt
[0.499s] -- Up-to-date: /home/ashy/abaja_ros2_dev/install/feedback/local/lib/python3.10/dist-packages/feedback
[0.499s] -- Up-to-date: /home/ashy/abaja_ros2_dev/install/feedback/local/lib/python3.10/dist-packages/feedback/_feedback_s.ep.rosidl_typesupport_fastrtps_c.c
[0.503s] -- Up-to-date: /home/ashy/abaja_ros2_dev/install/feedback/local/lib/python3.10/dist-packages/feedback/feedback_s__rosidl_typesupport_introspection_c.cpython-310-x86_64-linux-gnu.so
[0.503s] -- Up-to-date: /home/ashy/abaja_ros2_dev/install/feedback/local/lib/python3.10/dist-packages/feedback/_feedback_s.ep.rosidl_typesupport_c.c
[0.503s] -- Up-to-date: /home/ashy/abaja_ros2_dev/install/feedback/local/lib/python3.10/dist-packages/feedback/__init__.py
[0.504s] -- Up-to-date: /home/ashy/abaja_ros2_dev/install/feedback/local/lib/python3.10/dist-packages/feedback/feedback_s__rosidl_typesupport_c.cpython-310-x86_64-linux-gnu.so
[0.504s] -- Up-to-date: /home/ashy/abaja_ros2_dev/install/feedback/local/lib/python3.10/dist-packages/feedback/libfeedback__rosidl_generator_py.so
[0.504s] -- Up-to-date: /home/ashy/abaja_ros2_dev/install/feedback/local/lib/python3.10/dist-packages/feedback/msg
[0.504s] -- Up-to-date: /home/ashy/abaja_ros2_dev/install/feedback/local/lib/python3.10/dist-packages/feedback/msg/__init__.py
[0.504s] -- Up-to-date: /home/ashy/abaja_ros2_dev/install/feedback/local/lib/python3.10/dist-packages/feedback/msg/_velocity_s.c
[0.504s] -- Up-to-date: /home/ashy/abaja_ros2_dev/install/feedback/local/lib/python3.10/dist-packages/feedback/msg/_velocity.py
[0.504s] -- Up-to-date: /home/ashy/abaja_ros2_dev/install/feedback/local/lib/python3.10/dist-packages/feedback/_feedback_s.ep.rosidl_typesupport_introspection_c.c
[0.504s] -- Up-to-date: /home/ashy/abaja_ros2_dev/install/feedback/local/lib/python3.10/dist-packages/feedback/feedback_s__rosidl_typesupport_fastrtps_c.cpython-310-x86_64-linux-gnu.so
[0.521s] Listing '/home/ashy/abaja_ros2_dev/install/feedback/local/lib/python3.10/dist-packages/feedback'...
[0.521s] Listing '/home/ashy/abaja_ros2_dev/install/feedback/local/lib/python3.10/dist-packages/feedback/msg'...
[0.525s] -- Up-to-date: /home/ashy/abaja_ros2_dev/install/feedback/local/lib/python3.10/dist-packages/feedback/feedback_s__rosidl_typesupport_fastrtps_c.cpython-310-x86_64-linux-gnu.so
[0.525s] -- Up-to-date: /home/ashy/abaja_ros2_dev/install/feedback/local/lib/python3.10/dist-packages/feedback/feedback_s__rosidl_typesupport_introspection_c.cpython-310-x86_64-linux-gnu.so
[0.526s] -- Up-to-date: /home/ashy/abaja_ros2_dev/install/feedback/local/lib/python3.10/dist-packages/feedback/feedback_s__rosidl_typesupport_c.cpython-310-x86_64-linux-gnu.so
[0.526s] -- Up-to-date: /home/ashy/abaja_ros2_dev/install/feedback/lib/libfeedback__rosidl_generator_py.so
[0.526s] -- Up-to-date: /home/ashy/abaja_ros2_dev/install/feedback/share/feedback/msg/Velocity.idl
[0.527s] -- Up-to-date: /home/ashy/abaja_ros2_dev/install/feedback/share/feedback/msg/Velocity.msg
[0.527s] -- Up-to-date: /home/ashy/abaja_ros2_dev/install/feedback/share/ament_index/resource_index/package_run_dependencies/feedback
[0.527s] -- Up-to-date: /home/ashy/abaja_ros2_dev/install/feedback/share/ament_index/resource_index/parent_prefix_path/feedback
[0.527s] -- Up-to-date: /home/ashy/abaja_ros2_dev/install/feedback/share/feedback/environment/ament_prefix_path.sh
[0.527s] -- Up-to-date: /home/ashy/abaja_ros2_dev/install/feedback/share/feedback/environment/ament_prefix_path.dsv
[0.527s] -- Up-to-date: /home/ashy/abaja_ros2_dev/install/feedback/share/feedback/environment/path.sh
[0.527s] -- Up-to-date: /home/ashy/abaja_ros2_dev/install/feedback/share/feedback/environment/path.dsv
[0.527s] -- Up-to-date: /home/ashy/abaja_ros2_dev/install/feedback/share/feedback/local_setup.bash
[0.527s] -- Up-to-date: /home/ashy/abaja_ros2_dev/install/feedback/share/feedback/local_setup.sh
[0.527s] -- Up-to-date: /home/ashy/abaja_ros2_dev/install/feedback/share/feedback/local_setup.zsh
[0.527s] -- Up-to-date: /home/ashy/abaja_ros2_dev/install/feedback/share/feedback/local_setup.dsv
[0.527s] -- Installing: /home/ashy/abaja_ros2_dev/install/feedback/share/feedback/package.dsv
[0.527s] -- Up-to-date: /home/ashy/abaja_ros2_dev/install/feedback/share/ament_index/resource_index/packages/feedback
[0.527s] -- Up-to-date: /home/ashy/abaja_ros2_dev/install/feedback/share/feedback/cmake/export_feedback__rosidl_generator_cExport.cmake
[0.528s] -- Up-to-date: /home/ashy/abaja_ros2_dev/install/feedback/share/feedback/cmake/export_feedback__rosidl_generator_cExport-noconfig.cmake
[0.528s] -- Up-to-date: /home/ashy/abaja_ros2_dev/install/feedback/share/feedback/cmake/export_feedback__rosidl_typesupport_fastrtps_cExport.cmake
[0.528s] -- Up-to-date: /home/ashy/abaja_ros2_dev/install/feedback/share/feedback/cmake/export_feedback__rosidl_typesupport_fastrtps_cExport-noconfig.cmake
[0.528s] -- Up-to-date: /home/ashy/abaja_ros2_dev/install/feedback/share/feedback/cmake/feedback__rosidl_typesupport_introspection_cExport.cmake
[0.528s] -- Up-to-date: /home/ashy/abaja_ros2_dev/install/feedback/share/feedback/cmake/feedback__rosidl_typesupport_introspection_cExport-noconfig.cmake
[0.528s] -- Up-to-date: /home/ashy/abaja_ros2_dev/install/feedback/share/feedback/cmake/feedback__rosidl_typesupport_cExport.cmake
[0.528s] -- Up-to-date: /home/ashy/abaja_ros2_dev/install/feedback/share/feedback/cmake/feedback__rosidl_typesupport_cExport-noconfig.cmake
[0.528s] -- Up-to-date: /home/ashy/abaja_ros2_dev/install/feedback/share/feedback/cmake/export_feedback__rosidl_generator_cppExport.cmake
[0.528s] -- Up-to-date: /home/ashy/abaja_ros2_dev/install/feedback/share/feedback/cmake/export_feedback__rosidl_typesupport_fastrtps_cppExport.cmake
[0.528s] -- Up-to-date: /home/ashy/abaja_ros2_dev/install/feedback/share/feedback/cmake/export_feedback__rosidl_typesupport_fastrtps_cppExport-noconfig.cmake
[0.528s] -- Up-to-date: /home/ashy/abaja_ros2_dev/install/feedback/share/feedback/cmake/feedback__rosidl_typesupport_introspection_cppExport.cmake
[0.528s] -- Up-to-date: /home/ashy/abaja_ros2_dev/install/feedback/share/feedback/cmake/feedback__rosidl_typesupport_introspection_cppExport-noconfig.cmake
[0.528s] -- Up-to-date: /home/ashy/abaja_ros2_dev/install/feedback/share/feedback/cmake/feedback__rosidl_typesupport_cppExport.cmake
[0.528s] -- Up-to-date: /home/ashy/abaja_ros2_dev/install/feedback/share/feedback/cmake/feedback__rosidl_typesupport_cppExport-noconfig.cmake
[0.529s] -- Up-to-date: /home/ashy/abaja_ros2_dev/install/feedback/share/feedback/cmake/export_feedback__rosidl_generator_pyExport.cmake
[0.529s] -- Up-to-date: /home/ashy/abaja_ros2_dev/install/feedback/share/feedback/cmake/export_feedback__rosidl_generator_pyExport-noconfig.cmake
[0.529s] -- Up-to-date: /home/ashy/abaja_ros2_dev/install/feedback/share/feedback/cmake/rosidl_cmake-extras.cmake
[0.529s] -- Up-to-date: /home/ashy/abaja_ros2_dev/install/feedback/share/feedback/cmake/ament_cmake_export_dependencies-extras.cmake
[0.529s] -- Up-to-date: /home/ashy/abaja_ros2_dev/install/feedback/share/feedback/cmake/ament_cmake_export_include_directories-extras.cmake
[0.529s] -- Up-to-date: /home/ashy/abaja_ros2_dev/install/feedback/share/feedback/cmake/ament_cmake_export_libraries-extras.cmake
[0.529s] -- Up-to-date: /home/ashy/abaja_ros2_dev/install/feedback/share/feedback/cmake/ament_cmake_export_targets-extras.cmake
[0.529s] -- Up-to-date: /home/ashy/abaja_ros2_dev/install/feedback/share/feedback/cmake/rosidl_cmake_export_typesupport_targets-extras.cmake
[0.530s] -- Up-to-date: /home/ashy/abaja_ros2_dev/install/feedback/share/feedback/cmake/rosidl_cmake_export_typesupport_libraries-extras.cmake
[0.530s] -- Up-to-date: /home/ashy/abaja_ros2_dev/install/feedback/share/feedback/cmake/feedbackConfig.cmake
[0.530s] -- Up-to-date: /home/ashy/abaja_ros2_dev/install/feedback/share/feedback/cmake/feedbackConfig-version.cmake
[0.530s] -- Up-to-date: /home/ashy/abaja_ros2_dev/install/feedback/share/feedback/package.xml
[0.533s] Invoked command in '/home/ashy/abaja_ros2_dev/build/feedback' returned '0': CMAKE_PREFIX_PATH=/opt/ros/humble /usr/bin/cmake --install /home/ashy/abaja_ros2_dev/build/feedback
