[0.047s] Invoking command in '/home/ashy/abaja_ros2_dev/build/inertial_msgs': CMAKE_PREFIX_PATH=/opt/ros/humble /usr/bin/cmake --build /home/ashy/abaja_ros2_dev/build/inertial_msgs -- -j16 -l16
[0.118s] [35m[1mConsolidate compiler generated dependencies of target inertial_msgs__rosidl_generator_c[0m
[0.136s] [  3%] Built target inertial_msgs__cpp
[0.142s] [ 12%] Built target inertial_msgs__rosidl_generator_c
[0.163s] [35m[1mConsolidate compiler generated dependencies of target inertial_msgs__rosidl_typesupport_fastrtps_cpp[0m
[0.193s] [ 12%] Built target ament_cmake_python_copy_inertial_msgs
[0.193s] [35m[1mConsolidate compiler generated dependencies of target inertial_msgs__rosidl_typesupport_cpp[0m
[0.196s] [35m[1mConsolidate compiler generated dependencies of target inertial_msgs__rosidl_typesupport_introspection_cpp[0m
[0.196s] [35m[1mConsolidate compiler generated dependencies of target inertial_msgs__rosidl_typesupport_c[0m
[0.196s] [35m[1mConsolidate compiler generated dependencies of target inertial_msgs__rosidl_typesupport_fastrtps_c[0m
[0.197s] [35m[1mConsolidate compiler generated dependencies of target inertial_msgs__rosidl_typesupport_introspection_c[0m
[0.201s] [ 22%] Built target inertial_msgs__rosidl_typesupport_fastrtps_cpp
[0.213s] [ 32%] Built target inertial_msgs__rosidl_typesupport_c
[0.227s] [ 41%] Built target inertial_msgs__rosidl_typesupport_cpp
[0.227s] [ 51%] Built target inertial_msgs__rosidl_typesupport_introspection_cpp
[0.230s] [ 61%] Built target inertial_msgs__rosidl_typesupport_fastrtps_c
[0.239s] [ 70%] Built target inertial_msgs__rosidl_typesupport_introspection_c
[0.285s] [ 70%] Built target inertial_msgs
[0.322s] [ 74%] Built target inertial_msgs__py
[0.342s] [35m[1mConsolidate compiler generated dependencies of target inertial_msgs__rosidl_generator_py[0m
[0.366s] [ 80%] Built target inertial_msgs__rosidl_generator_py
[0.386s] [35m[1mConsolidate compiler generated dependencies of target inertial_msgs__rosidl_typesupport_fastrtps_c__pyext[0m
[0.386s] [35m[1mConsolidate compiler generated dependencies of target inertial_msgs__rosidl_typesupport_c__pyext[0m
[0.389s] [35m[1mConsolidate compiler generated dependencies of target inertial_msgs__rosidl_typesupport_introspection_c__pyext[0m
[0.409s] [ 93%] Built target inertial_msgs__rosidl_typesupport_c__pyext
[0.410s] [ 93%] Built target inertial_msgs__rosidl_typesupport_fastrtps_c__pyext
[0.413s] [100%] Built target inertial_msgs__rosidl_typesupport_introspection_c__pyext
[0.523s] running egg_info
[0.543s] writing inertial_msgs.egg-info/PKG-INFO
[0.543s] writing dependency_links to inertial_msgs.egg-info/dependency_links.txt
[0.543s] writing top-level names to inertial_msgs.egg-info/top_level.txt
[0.599s] reading manifest file 'inertial_msgs.egg-info/SOURCES.txt'
[0.600s] writing manifest file 'inertial_msgs.egg-info/SOURCES.txt'
[0.638s] [100%] Built target ament_cmake_python_build_inertial_msgs_egg
[0.654s] Invoked command in '/home/ashy/abaja_ros2_dev/build/inertial_msgs' returned '0': CMAKE_PREFIX_PATH=/opt/ros/humble /usr/bin/cmake --build /home/ashy/abaja_ros2_dev/build/inertial_msgs -- -j16 -l16
[0.658s] Invoking command in '/home/ashy/abaja_ros2_dev/build/inertial_msgs': CMAKE_PREFIX_PATH=/opt/ros/humble /usr/bin/cmake --install /home/ashy/abaja_ros2_dev/build/inertial_msgs
[0.660s] -- Install configuration: ""
[0.660s] -- Up-to-date: /home/ashy/abaja_ros2_dev/install/inertial_msgs/share/ament_index/resource_index/rosidl_interfaces/inertial_msgs
[0.661s] -- Up-to-date: /home/ashy/abaja_ros2_dev/install/inertial_msgs/include/inertial_msgs/inertial_msgs
[0.661s] -- Up-to-date: /home/ashy/abaja_ros2_dev/install/inertial_msgs/include/inertial_msgs/inertial_msgs/msg
[0.661s] -- Up-to-date: /home/ashy/abaja_ros2_dev/install/inertial_msgs/include/inertial_msgs/inertial_msgs/msg/detail
[0.661s] -- Up-to-date: /home/ashy/abaja_ros2_dev/install/inertial_msgs/include/inertial_msgs/inertial_msgs/msg/detail/pose__functions.c
[0.661s] -- Up-to-date: /home/ashy/abaja_ros2_dev/install/inertial_msgs/include/inertial_msgs/inertial_msgs/msg/detail/pose__functions.h
[0.661s] -- Up-to-date: /home/ashy/abaja_ros2_dev/install/inertial_msgs/include/inertial_msgs/inertial_msgs/msg/detail/pose__type_support.h
[0.661s] -- Up-to-date: /home/ashy/abaja_ros2_dev/install/inertial_msgs/include/inertial_msgs/inertial_msgs/msg/detail/pose__struct.h
[0.661s] -- Up-to-date: /home/ashy/abaja_ros2_dev/install/inertial_msgs/include/inertial_msgs/inertial_msgs/msg/pose.h
[0.661s] -- Up-to-date: /home/ashy/abaja_ros2_dev/install/inertial_msgs/include/inertial_msgs/inertial_msgs/msg/rosidl_generator_c__visibility_control.h
[0.661s] -- Up-to-date: /home/ashy/abaja_ros2_dev/install/inertial_msgs/share/inertial_msgs/environment/library_path.sh
[0.661s] -- Up-to-date: /home/ashy/abaja_ros2_dev/install/inertial_msgs/share/inertial_msgs/environment/library_path.dsv
[0.661s] -- Up-to-date: /home/ashy/abaja_ros2_dev/install/inertial_msgs/lib/libinertial_msgs__rosidl_generator_c.so
[0.661s] -- Up-to-date: /home/ashy/abaja_ros2_dev/install/inertial_msgs/include/inertial_msgs/inertial_msgs
[0.661s] -- Up-to-date: /home/ashy/abaja_ros2_dev/install/inertial_msgs/include/inertial_msgs/inertial_msgs/msg
[0.661s] -- Up-to-date: /home/ashy/abaja_ros2_dev/install/inertial_msgs/include/inertial_msgs/inertial_msgs/msg/detail
[0.661s] -- Up-to-date: /home/ashy/abaja_ros2_dev/install/inertial_msgs/include/inertial_msgs/inertial_msgs/msg/detail/pose__rosidl_typesupport_fastrtps_c.h
[0.662s] -- Up-to-date: /home/ashy/abaja_ros2_dev/install/inertial_msgs/include/inertial_msgs/inertial_msgs/msg/rosidl_typesupport_fastrtps_c__visibility_control.h
[0.662s] -- Up-to-date: /home/ashy/abaja_ros2_dev/install/inertial_msgs/lib/libinertial_msgs__rosidl_typesupport_fastrtps_c.so
[0.662s] -- Up-to-date: /home/ashy/abaja_ros2_dev/install/inertial_msgs/include/inertial_msgs/inertial_msgs
[0.662s] -- Up-to-date: /home/ashy/abaja_ros2_dev/install/inertial_msgs/include/inertial_msgs/inertial_msgs/msg
[0.662s] -- Up-to-date: /home/ashy/abaja_ros2_dev/install/inertial_msgs/include/inertial_msgs/inertial_msgs/msg/detail
[0.662s] -- Up-to-date: /home/ashy/abaja_ros2_dev/install/inertial_msgs/include/inertial_msgs/inertial_msgs/msg/detail/pose__type_support.c
[0.662s] -- Up-to-date: /home/ashy/abaja_ros2_dev/install/inertial_msgs/include/inertial_msgs/inertial_msgs/msg/detail/pose__rosidl_typesupport_introspection_c.h
[0.662s] -- Up-to-date: /home/ashy/abaja_ros2_dev/install/inertial_msgs/include/inertial_msgs/inertial_msgs/msg/rosidl_typesupport_introspection_c__visibility_control.h
[0.662s] -- Up-to-date: /home/ashy/abaja_ros2_dev/install/inertial_msgs/lib/libinertial_msgs__rosidl_typesupport_introspection_c.so
[0.662s] -- Up-to-date: /home/ashy/abaja_ros2_dev/install/inertial_msgs/lib/libinertial_msgs__rosidl_typesupport_c.so
[0.663s] -- Up-to-date: /home/ashy/abaja_ros2_dev/install/inertial_msgs/include/inertial_msgs/inertial_msgs
[0.663s] -- Up-to-date: /home/ashy/abaja_ros2_dev/install/inertial_msgs/include/inertial_msgs/inertial_msgs/msg
[0.663s] -- Up-to-date: /home/ashy/abaja_ros2_dev/install/inertial_msgs/include/inertial_msgs/inertial_msgs/msg/rosidl_generator_cpp__visibility_control.hpp
[0.663s] -- Up-to-date: /home/ashy/abaja_ros2_dev/install/inertial_msgs/include/inertial_msgs/inertial_msgs/msg/detail
[0.663s] -- Up-to-date: /home/ashy/abaja_ros2_dev/install/inertial_msgs/include/inertial_msgs/inertial_msgs/msg/detail/pose__type_support.hpp
[0.663s] -- Up-to-date: /home/ashy/abaja_ros2_dev/install/inertial_msgs/include/inertial_msgs/inertial_msgs/msg/detail/pose__traits.hpp
[0.663s] -- Up-to-date: /home/ashy/abaja_ros2_dev/install/inertial_msgs/include/inertial_msgs/inertial_msgs/msg/detail/pose__builder.hpp
[0.663s] -- Up-to-date: /home/ashy/abaja_ros2_dev/install/inertial_msgs/include/inertial_msgs/inertial_msgs/msg/detail/pose__struct.hpp
[0.663s] -- Up-to-date: /home/ashy/abaja_ros2_dev/install/inertial_msgs/include/inertial_msgs/inertial_msgs/msg/pose.hpp
[0.663s] -- Up-to-date: /home/ashy/abaja_ros2_dev/install/inertial_msgs/include/inertial_msgs/inertial_msgs
[0.663s] -- Up-to-date: /home/ashy/abaja_ros2_dev/install/inertial_msgs/include/inertial_msgs/inertial_msgs/msg
[0.663s] -- Up-to-date: /home/ashy/abaja_ros2_dev/install/inertial_msgs/include/inertial_msgs/inertial_msgs/msg/detail
[0.664s] -- Up-to-date: /home/ashy/abaja_ros2_dev/install/inertial_msgs/include/inertial_msgs/inertial_msgs/msg/detail/dds_fastrtps
[0.664s] -- Up-to-date: /home/ashy/abaja_ros2_dev/install/inertial_msgs/include/inertial_msgs/inertial_msgs/msg/detail/pose__rosidl_typesupport_fastrtps_cpp.hpp
[0.664s] -- Up-to-date: /home/ashy/abaja_ros2_dev/install/inertial_msgs/include/inertial_msgs/inertial_msgs/msg/rosidl_typesupport_fastrtps_cpp__visibility_control.h
[0.664s] -- Up-to-date: /home/ashy/abaja_ros2_dev/install/inertial_msgs/lib/libinertial_msgs__rosidl_typesupport_fastrtps_cpp.so
[0.664s] -- Up-to-date: /home/ashy/abaja_ros2_dev/install/inertial_msgs/include/inertial_msgs/inertial_msgs
[0.664s] -- Up-to-date: /home/ashy/abaja_ros2_dev/install/inertial_msgs/include/inertial_msgs/inertial_msgs/msg
[0.664s] -- Up-to-date: /home/ashy/abaja_ros2_dev/install/inertial_msgs/include/inertial_msgs/inertial_msgs/msg/detail
[0.665s] -- Up-to-date: /home/ashy/abaja_ros2_dev/install/inertial_msgs/include/inertial_msgs/inertial_msgs/msg/detail/pose__rosidl_typesupport_introspection_cpp.hpp
[0.665s] -- Up-to-date: /home/ashy/abaja_ros2_dev/install/inertial_msgs/include/inertial_msgs/inertial_msgs/msg/detail/pose__type_support.cpp
[0.665s] -- Up-to-date: /home/ashy/abaja_ros2_dev/install/inertial_msgs/lib/libinertial_msgs__rosidl_typesupport_introspection_cpp.so
[0.665s] -- Up-to-date: /home/ashy/abaja_ros2_dev/install/inertial_msgs/lib/libinertial_msgs__rosidl_typesupport_cpp.so
[0.665s] -- Up-to-date: /home/ashy/abaja_ros2_dev/install/inertial_msgs/share/inertial_msgs/environment/pythonpath.sh
[0.665s] -- Up-to-date: /home/ashy/abaja_ros2_dev/install/inertial_msgs/share/inertial_msgs/environment/pythonpath.dsv
[0.665s] -- Up-to-date: /home/ashy/abaja_ros2_dev/install/inertial_msgs/local/lib/python3.10/dist-packages/inertial_msgs-0.0.0-py3.10.egg-info
[0.665s] -- Installing: /home/ashy/abaja_ros2_dev/install/inertial_msgs/local/lib/python3.10/dist-packages/inertial_msgs-0.0.0-py3.10.egg-info/top_level.txt
[0.666s] -- Installing: /home/ashy/abaja_ros2_dev/install/inertial_msgs/local/lib/python3.10/dist-packages/inertial_msgs-0.0.0-py3.10.egg-info/PKG-INFO
[0.666s] -- Installing: /home/ashy/abaja_ros2_dev/install/inertial_msgs/local/lib/python3.10/dist-packages/inertial_msgs-0.0.0-py3.10.egg-info/dependency_links.txt
[0.666s] -- Installing: /home/ashy/abaja_ros2_dev/install/inertial_msgs/local/lib/python3.10/dist-packages/inertial_msgs-0.0.0-py3.10.egg-info/SOURCES.txt
[0.666s] -- Up-to-date: /home/ashy/abaja_ros2_dev/install/inertial_msgs/local/lib/python3.10/dist-packages/inertial_msgs
[0.666s] -- Up-to-date: /home/ashy/abaja_ros2_dev/install/inertial_msgs/local/lib/python3.10/dist-packages/inertial_msgs/inertial_msgs_s__rosidl_typesupport_c.cpython-310-x86_64-linux-gnu.so
[0.666s] -- Up-to-date: /home/ashy/abaja_ros2_dev/install/inertial_msgs/local/lib/python3.10/dist-packages/inertial_msgs/inertial_msgs_s__rosidl_typesupport_fastrtps_c.cpython-310-x86_64-linux-gnu.so
[0.666s] -- Up-to-date: /home/ashy/abaja_ros2_dev/install/inertial_msgs/local/lib/python3.10/dist-packages/inertial_msgs/libinertial_msgs__rosidl_generator_py.so
[0.666s] -- Up-to-date: /home/ashy/abaja_ros2_dev/install/inertial_msgs/local/lib/python3.10/dist-packages/inertial_msgs/_inertial_msgs_s.ep.rosidl_typesupport_introspection_c.c
[0.666s] -- Up-to-date: /home/ashy/abaja_ros2_dev/install/inertial_msgs/local/lib/python3.10/dist-packages/inertial_msgs/__init__.py
[0.666s] -- Up-to-date: /home/ashy/abaja_ros2_dev/install/inertial_msgs/local/lib/python3.10/dist-packages/inertial_msgs/_inertial_msgs_s.ep.rosidl_typesupport_fastrtps_c.c
[0.666s] -- Up-to-date: /home/ashy/abaja_ros2_dev/install/inertial_msgs/local/lib/python3.10/dist-packages/inertial_msgs/inertial_msgs_s__rosidl_typesupport_introspection_c.cpython-310-x86_64-linux-gnu.so
[0.666s] -- Up-to-date: /home/ashy/abaja_ros2_dev/install/inertial_msgs/local/lib/python3.10/dist-packages/inertial_msgs/msg
[0.666s] -- Up-to-date: /home/ashy/abaja_ros2_dev/install/inertial_msgs/local/lib/python3.10/dist-packages/inertial_msgs/msg/_pose.py
[0.666s] -- Up-to-date: /home/ashy/abaja_ros2_dev/install/inertial_msgs/local/lib/python3.10/dist-packages/inertial_msgs/msg/__init__.py
[0.666s] -- Up-to-date: /home/ashy/abaja_ros2_dev/install/inertial_msgs/local/lib/python3.10/dist-packages/inertial_msgs/msg/_pose_s.c
[0.667s] -- Up-to-date: /home/ashy/abaja_ros2_dev/install/inertial_msgs/local/lib/python3.10/dist-packages/inertial_msgs/_inertial_msgs_s.ep.rosidl_typesupport_c.c
[0.693s] Listing '/home/ashy/abaja_ros2_dev/install/inertial_msgs/local/lib/python3.10/dist-packages/inertial_msgs'...
[0.693s] Listing '/home/ashy/abaja_ros2_dev/install/inertial_msgs/local/lib/python3.10/dist-packages/inertial_msgs/msg'...
[0.698s] -- Up-to-date: /home/ashy/abaja_ros2_dev/install/inertial_msgs/local/lib/python3.10/dist-packages/inertial_msgs/inertial_msgs_s__rosidl_typesupport_fastrtps_c.cpython-310-x86_64-linux-gnu.so
[0.698s] -- Up-to-date: /home/ashy/abaja_ros2_dev/install/inertial_msgs/local/lib/python3.10/dist-packages/inertial_msgs/inertial_msgs_s__rosidl_typesupport_introspection_c.cpython-310-x86_64-linux-gnu.so
[0.699s] -- Up-to-date: /home/ashy/abaja_ros2_dev/install/inertial_msgs/local/lib/python3.10/dist-packages/inertial_msgs/inertial_msgs_s__rosidl_typesupport_c.cpython-310-x86_64-linux-gnu.so
[0.699s] -- Up-to-date: /home/ashy/abaja_ros2_dev/install/inertial_msgs/lib/libinertial_msgs__rosidl_generator_py.so
[0.699s] -- Up-to-date: /home/ashy/abaja_ros2_dev/install/inertial_msgs/share/inertial_msgs/msg/Pose.idl
[0.699s] -- Up-to-date: /home/ashy/abaja_ros2_dev/install/inertial_msgs/share/inertial_msgs/msg/Pose.msg
[0.700s] -- Up-to-date: /home/ashy/abaja_ros2_dev/install/inertial_msgs/share/ament_index/resource_index/package_run_dependencies/inertial_msgs
[0.700s] -- Up-to-date: /home/ashy/abaja_ros2_dev/install/inertial_msgs/share/ament_index/resource_index/parent_prefix_path/inertial_msgs
[0.700s] -- Up-to-date: /home/ashy/abaja_ros2_dev/install/inertial_msgs/share/inertial_msgs/environment/ament_prefix_path.sh
[0.700s] -- Up-to-date: /home/ashy/abaja_ros2_dev/install/inertial_msgs/share/inertial_msgs/environment/ament_prefix_path.dsv
[0.700s] -- Up-to-date: /home/ashy/abaja_ros2_dev/install/inertial_msgs/share/inertial_msgs/environment/path.sh
[0.700s] -- Up-to-date: /home/ashy/abaja_ros2_dev/install/inertial_msgs/share/inertial_msgs/environment/path.dsv
[0.700s] -- Up-to-date: /home/ashy/abaja_ros2_dev/install/inertial_msgs/share/inertial_msgs/local_setup.bash
[0.700s] -- Up-to-date: /home/ashy/abaja_ros2_dev/install/inertial_msgs/share/inertial_msgs/local_setup.sh
[0.700s] -- Up-to-date: /home/ashy/abaja_ros2_dev/install/inertial_msgs/share/inertial_msgs/local_setup.zsh
[0.700s] -- Up-to-date: /home/ashy/abaja_ros2_dev/install/inertial_msgs/share/inertial_msgs/local_setup.dsv
[0.700s] -- Installing: /home/ashy/abaja_ros2_dev/install/inertial_msgs/share/inertial_msgs/package.dsv
[0.700s] -- Up-to-date: /home/ashy/abaja_ros2_dev/install/inertial_msgs/share/ament_index/resource_index/packages/inertial_msgs
[0.701s] -- Up-to-date: /home/ashy/abaja_ros2_dev/install/inertial_msgs/share/inertial_msgs/cmake/export_inertial_msgs__rosidl_generator_cExport.cmake
[0.701s] -- Up-to-date: /home/ashy/abaja_ros2_dev/install/inertial_msgs/share/inertial_msgs/cmake/export_inertial_msgs__rosidl_generator_cExport-noconfig.cmake
[0.701s] -- Up-to-date: /home/ashy/abaja_ros2_dev/install/inertial_msgs/share/inertial_msgs/cmake/export_inertial_msgs__rosidl_typesupport_fastrtps_cExport.cmake
[0.701s] -- Up-to-date: /home/ashy/abaja_ros2_dev/install/inertial_msgs/share/inertial_msgs/cmake/export_inertial_msgs__rosidl_typesupport_fastrtps_cExport-noconfig.cmake
[0.701s] -- Up-to-date: /home/ashy/abaja_ros2_dev/install/inertial_msgs/share/inertial_msgs/cmake/inertial_msgs__rosidl_typesupport_introspection_cExport.cmake
[0.701s] -- Up-to-date: /home/ashy/abaja_ros2_dev/install/inertial_msgs/share/inertial_msgs/cmake/inertial_msgs__rosidl_typesupport_introspection_cExport-noconfig.cmake
[0.702s] -- Up-to-date: /home/ashy/abaja_ros2_dev/install/inertial_msgs/share/inertial_msgs/cmake/inertial_msgs__rosidl_typesupport_cExport.cmake
[0.702s] -- Up-to-date: /home/ashy/abaja_ros2_dev/install/inertial_msgs/share/inertial_msgs/cmake/inertial_msgs__rosidl_typesupport_cExport-noconfig.cmake
[0.702s] -- Up-to-date: /home/ashy/abaja_ros2_dev/install/inertial_msgs/share/inertial_msgs/cmake/export_inertial_msgs__rosidl_generator_cppExport.cmake
[0.703s] -- Up-to-date: /home/ashy/abaja_ros2_dev/install/inertial_msgs/share/inertial_msgs/cmake/export_inertial_msgs__rosidl_typesupport_fastrtps_cppExport.cmake
[0.703s] -- Up-to-date: /home/ashy/abaja_ros2_dev/install/inertial_msgs/share/inertial_msgs/cmake/export_inertial_msgs__rosidl_typesupport_fastrtps_cppExport-noconfig.cmake
[0.703s] -- Up-to-date: /home/ashy/abaja_ros2_dev/install/inertial_msgs/share/inertial_msgs/cmake/inertial_msgs__rosidl_typesupport_introspection_cppExport.cmake
[0.703s] -- Up-to-date: /home/ashy/abaja_ros2_dev/install/inertial_msgs/share/inertial_msgs/cmake/inertial_msgs__rosidl_typesupport_introspection_cppExport-noconfig.cmake
[0.703s] -- Up-to-date: /home/ashy/abaja_ros2_dev/install/inertial_msgs/share/inertial_msgs/cmake/inertial_msgs__rosidl_typesupport_cppExport.cmake
[0.703s] -- Up-to-date: /home/ashy/abaja_ros2_dev/install/inertial_msgs/share/inertial_msgs/cmake/inertial_msgs__rosidl_typesupport_cppExport-noconfig.cmake
[0.706s] -- Up-to-date: /home/ashy/abaja_ros2_dev/install/inertial_msgs/share/inertial_msgs/cmake/export_inertial_msgs__rosidl_generator_pyExport.cmake
[0.706s] -- Up-to-date: /home/ashy/abaja_ros2_dev/install/inertial_msgs/share/inertial_msgs/cmake/export_inertial_msgs__rosidl_generator_pyExport-noconfig.cmake
[0.706s] -- Up-to-date: /home/ashy/abaja_ros2_dev/install/inertial_msgs/share/inertial_msgs/cmake/rosidl_cmake-extras.cmake
[0.706s] -- Up-to-date: /home/ashy/abaja_ros2_dev/install/inertial_msgs/share/inertial_msgs/cmake/ament_cmake_export_dependencies-extras.cmake
[0.706s] -- Up-to-date: /home/ashy/abaja_ros2_dev/install/inertial_msgs/share/inertial_msgs/cmake/ament_cmake_export_include_directories-extras.cmake
[0.706s] -- Up-to-date: /home/ashy/abaja_ros2_dev/install/inertial_msgs/share/inertial_msgs/cmake/ament_cmake_export_libraries-extras.cmake
[0.706s] -- Up-to-date: /home/ashy/abaja_ros2_dev/install/inertial_msgs/share/inertial_msgs/cmake/ament_cmake_export_targets-extras.cmake
[0.706s] -- Up-to-date: /home/ashy/abaja_ros2_dev/install/inertial_msgs/share/inertial_msgs/cmake/rosidl_cmake_export_typesupport_targets-extras.cmake
[0.707s] -- Up-to-date: /home/ashy/abaja_ros2_dev/install/inertial_msgs/share/inertial_msgs/cmake/rosidl_cmake_export_typesupport_libraries-extras.cmake
[0.707s] -- Up-to-date: /home/ashy/abaja_ros2_dev/install/inertial_msgs/share/inertial_msgs/cmake/inertial_msgsConfig.cmake
[0.707s] -- Up-to-date: /home/ashy/abaja_ros2_dev/install/inertial_msgs/share/inertial_msgs/cmake/inertial_msgsConfig-version.cmake
[0.707s] -- Up-to-date: /home/ashy/abaja_ros2_dev/install/inertial_msgs/share/inertial_msgs/package.xml
[0.727s] Invoked command in '/home/ashy/abaja_ros2_dev/build/inertial_msgs' returned '0': CMAKE_PREFIX_PATH=/opt/ros/humble /usr/bin/cmake --install /home/ashy/abaja_ros2_dev/build/inertial_msgs
