[0.181s] DEBUG:colcon:Command line arguments: ['/usr/bin/colcon', 'build']
[0.181s] DEBUG:colcon:Parsed command line arguments: Namespace(log_base=None, log_level=None, verb_name='build', build_base='build', install_base='install', merge_install=False, symlink_install=False, test_result_base=None, continue_on_error=False, executor='parallel', parallel_workers=16, event_handlers=None, ignore_user_meta=False, metas=['./colcon.meta'], base_paths=['.'], packages_ignore=None, packages_ignore_regex=None, paths=None, packages_up_to=None, packages_up_to_regex=None, packages_above=None, packages_above_and_dependencies=None, packages_above_depth=None, packages_select_by_dep=None, packages_skip_by_dep=None, packages_skip_up_to=None, packages_select_build_failed=False, packages_skip_build_finished=False, packages_select_test_failures=False, packages_skip_test_passed=False, packages_select=None, packages_skip=None, packages_select_regex=None, packages_skip_regex=None, packages_start=None, packages_end=None, allow_overriding=[], cmake_args=None, cmake_target=None, cmake_target_skip_unavailable=False, cmake_clean_cache=False, cmake_clean_first=False, cmake_force_configure=False, ament_cmake_args=None, catkin_cmake_args=None, catkin_skip_building_tests=False, mixin_files=None, mixin=None, verb_parser=<colcon_mixin.mixin.mixin_argument.MixinArgumentDecorator object at 0x71e76ccd2800>, verb_extension=<colcon_core.verb.build.BuildVerb object at 0x71e76ccd1e40>, main=<bound method BuildVerb.main of <colcon_core.verb.build.BuildVerb object at 0x71e76ccd1e40>>, mixin_verb=('build',))
[0.234s] Level 1:colcon.colcon_core.package_discovery:discover_packages(colcon_meta) check parameters
[0.234s] Level 1:colcon.colcon_core.package_discovery:discover_packages(recursive) check parameters
[0.234s] Level 1:colcon.colcon_core.package_discovery:discover_packages(ignore) check parameters
[0.234s] Level 1:colcon.colcon_core.package_discovery:discover_packages(path) check parameters
[0.234s] Level 1:colcon.colcon_core.package_discovery:discover_packages(colcon_meta) discover
[0.234s] Level 1:colcon.colcon_core.package_discovery:discover_packages(recursive) discover
[0.234s] INFO:colcon.colcon_core.package_discovery:Crawling recursively for packages in '/home/ashy/abaja_ros2_dev'
[0.234s] Level 1:colcon.colcon_core.package_identification:_identify(.) by extensions ['ignore', 'ignore_ament_install']
[0.234s] Level 1:colcon.colcon_core.package_identification:_identify(.) by extension 'ignore'
[0.234s] Level 1:colcon.colcon_core.package_identification:_identify(.) by extension 'ignore_ament_install'
[0.234s] Level 1:colcon.colcon_core.package_identification:_identify(.) by extensions ['colcon_pkg']
[0.234s] Level 1:colcon.colcon_core.package_identification:_identify(.) by extension 'colcon_pkg'
[0.234s] Level 1:colcon.colcon_core.package_identification:_identify(.) by extensions ['colcon_meta']
[0.234s] Level 1:colcon.colcon_core.package_identification:_identify(.) by extension 'colcon_meta'
[0.235s] Level 1:colcon.colcon_core.package_identification:_identify(.) by extensions ['ros']
[0.235s] Level 1:colcon.colcon_core.package_identification:_identify(.) by extension 'ros'
[0.255s] Level 1:colcon.colcon_core.package_identification:_identify(.) by extensions ['cmake', 'python']
[0.255s] Level 1:colcon.colcon_core.package_identification:_identify(.) by extension 'cmake'
[0.255s] Level 1:colcon.colcon_core.package_identification:_identify(.) by extension 'python'
[0.255s] Level 1:colcon.colcon_core.package_identification:_identify(.) by extensions ['python_setup_py']
[0.255s] Level 1:colcon.colcon_core.package_identification:_identify(.) by extension 'python_setup_py'
[0.256s] Level 1:colcon.colcon_core.package_identification:_identify(build) by extensions ['ignore', 'ignore_ament_install']
[0.256s] Level 1:colcon.colcon_core.package_identification:_identify(build) by extension 'ignore'
[0.256s] Level 1:colcon.colcon_core.package_identification:_identify(build) ignored
[0.256s] Level 1:colcon.colcon_core.package_identification:_identify(docker) by extensions ['ignore', 'ignore_ament_install']
[0.256s] Level 1:colcon.colcon_core.package_identification:_identify(docker) by extension 'ignore'
[0.256s] Level 1:colcon.colcon_core.package_identification:_identify(docker) by extension 'ignore_ament_install'
[0.256s] Level 1:colcon.colcon_core.package_identification:_identify(docker) by extensions ['colcon_pkg']
[0.256s] Level 1:colcon.colcon_core.package_identification:_identify(docker) by extension 'colcon_pkg'
[0.256s] Level 1:colcon.colcon_core.package_identification:_identify(docker) by extensions ['colcon_meta']
[0.256s] Level 1:colcon.colcon_core.package_identification:_identify(docker) by extension 'colcon_meta'
[0.256s] Level 1:colcon.colcon_core.package_identification:_identify(docker) by extensions ['ros']
[0.256s] Level 1:colcon.colcon_core.package_identification:_identify(docker) by extension 'ros'
[0.257s] Level 1:colcon.colcon_core.package_identification:_identify(docker) by extensions ['cmake', 'python']
[0.257s] Level 1:colcon.colcon_core.package_identification:_identify(docker) by extension 'cmake'
[0.257s] Level 1:colcon.colcon_core.package_identification:_identify(docker) by extension 'python'
[0.257s] Level 1:colcon.colcon_core.package_identification:_identify(docker) by extensions ['python_setup_py']
[0.257s] Level 1:colcon.colcon_core.package_identification:_identify(docker) by extension 'python_setup_py'
[0.257s] Level 1:colcon.colcon_core.package_identification:_identify(install) by extensions ['ignore', 'ignore_ament_install']
[0.257s] Level 1:colcon.colcon_core.package_identification:_identify(install) by extension 'ignore'
[0.257s] Level 1:colcon.colcon_core.package_identification:_identify(install) ignored
[0.257s] Level 1:colcon.colcon_core.package_identification:_identify(log) by extensions ['ignore', 'ignore_ament_install']
[0.257s] Level 1:colcon.colcon_core.package_identification:_identify(log) by extension 'ignore'
[0.257s] Level 1:colcon.colcon_core.package_identification:_identify(log) ignored
[0.257s] Level 1:colcon.colcon_core.package_identification:_identify(src) by extensions ['ignore', 'ignore_ament_install']
[0.258s] Level 1:colcon.colcon_core.package_identification:_identify(src) by extension 'ignore'
[0.258s] Level 1:colcon.colcon_core.package_identification:_identify(src) by extension 'ignore_ament_install'
[0.258s] Level 1:colcon.colcon_core.package_identification:_identify(src) by extensions ['colcon_pkg']
[0.258s] Level 1:colcon.colcon_core.package_identification:_identify(src) by extension 'colcon_pkg'
[0.258s] Level 1:colcon.colcon_core.package_identification:_identify(src) by extensions ['colcon_meta']
[0.258s] Level 1:colcon.colcon_core.package_identification:_identify(src) by extension 'colcon_meta'
[0.258s] Level 1:colcon.colcon_core.package_identification:_identify(src) by extensions ['ros']
[0.258s] Level 1:colcon.colcon_core.package_identification:_identify(src) by extension 'ros'
[0.258s] Level 1:colcon.colcon_core.package_identification:_identify(src) by extensions ['cmake', 'python']
[0.258s] Level 1:colcon.colcon_core.package_identification:_identify(src) by extension 'cmake'
[0.258s] Level 1:colcon.colcon_core.package_identification:_identify(src) by extension 'python'
[0.258s] Level 1:colcon.colcon_core.package_identification:_identify(src) by extensions ['python_setup_py']
[0.258s] Level 1:colcon.colcon_core.package_identification:_identify(src) by extension 'python_setup_py'
[0.258s] Level 1:colcon.colcon_core.package_identification:_identify(src/aeb) by extensions ['ignore', 'ignore_ament_install']
[0.258s] Level 1:colcon.colcon_core.package_identification:_identify(src/aeb) by extension 'ignore'
[0.258s] Level 1:colcon.colcon_core.package_identification:_identify(src/aeb) by extension 'ignore_ament_install'
[0.258s] Level 1:colcon.colcon_core.package_identification:_identify(src/aeb) by extensions ['colcon_pkg']
[0.259s] Level 1:colcon.colcon_core.package_identification:_identify(src/aeb) by extension 'colcon_pkg'
[0.259s] Level 1:colcon.colcon_core.package_identification:_identify(src/aeb) by extensions ['colcon_meta']
[0.259s] Level 1:colcon.colcon_core.package_identification:_identify(src/aeb) by extension 'colcon_meta'
[0.259s] Level 1:colcon.colcon_core.package_identification:_identify(src/aeb) by extensions ['ros']
[0.259s] Level 1:colcon.colcon_core.package_identification:_identify(src/aeb) by extension 'ros'
[0.262s] DEBUG:colcon.colcon_core.package_identification:Package 'src/aeb' with type 'ros.ament_cmake' and name 'aeb'
[0.262s] Level 1:colcon.colcon_core.package_identification:_identify(src/caninterface) by extensions ['ignore', 'ignore_ament_install']
[0.262s] Level 1:colcon.colcon_core.package_identification:_identify(src/caninterface) by extension 'ignore'
[0.263s] Level 1:colcon.colcon_core.package_identification:_identify(src/caninterface) by extension 'ignore_ament_install'
[0.263s] Level 1:colcon.colcon_core.package_identification:_identify(src/caninterface) by extensions ['colcon_pkg']
[0.263s] Level 1:colcon.colcon_core.package_identification:_identify(src/caninterface) by extension 'colcon_pkg'
[0.263s] Level 1:colcon.colcon_core.package_identification:_identify(src/caninterface) by extensions ['colcon_meta']
[0.263s] Level 1:colcon.colcon_core.package_identification:_identify(src/caninterface) by extension 'colcon_meta'
[0.263s] Level 1:colcon.colcon_core.package_identification:_identify(src/caninterface) by extensions ['ros']
[0.263s] Level 1:colcon.colcon_core.package_identification:_identify(src/caninterface) by extension 'ros'
[0.264s] DEBUG:colcon.colcon_core.package_identification:Package 'src/caninterface' with type 'ros.ament_cmake' and name 'caninterface'
[0.264s] Level 1:colcon.colcon_core.package_identification:_identify(src/feedback) by extensions ['ignore', 'ignore_ament_install']
[0.264s] Level 1:colcon.colcon_core.package_identification:_identify(src/feedback) by extension 'ignore'
[0.264s] Level 1:colcon.colcon_core.package_identification:_identify(src/feedback) by extension 'ignore_ament_install'
[0.264s] Level 1:colcon.colcon_core.package_identification:_identify(src/feedback) by extensions ['colcon_pkg']
[0.264s] Level 1:colcon.colcon_core.package_identification:_identify(src/feedback) by extension 'colcon_pkg'
[0.264s] Level 1:colcon.colcon_core.package_identification:_identify(src/feedback) by extensions ['colcon_meta']
[0.264s] Level 1:colcon.colcon_core.package_identification:_identify(src/feedback) by extension 'colcon_meta'
[0.265s] Level 1:colcon.colcon_core.package_identification:_identify(src/feedback) by extensions ['ros']
[0.265s] Level 1:colcon.colcon_core.package_identification:_identify(src/feedback) by extension 'ros'
[0.265s] DEBUG:colcon.colcon_core.package_identification:Package 'src/feedback' with type 'ros.ament_cmake' and name 'feedback'
[0.265s] Level 1:colcon.colcon_core.package_identification:_identify(src/inertial_msgs) by extensions ['ignore', 'ignore_ament_install']
[0.265s] Level 1:colcon.colcon_core.package_identification:_identify(src/inertial_msgs) by extension 'ignore'
[0.266s] Level 1:colcon.colcon_core.package_identification:_identify(src/inertial_msgs) by extension 'ignore_ament_install'
[0.266s] Level 1:colcon.colcon_core.package_identification:_identify(src/inertial_msgs) by extensions ['colcon_pkg']
[0.266s] Level 1:colcon.colcon_core.package_identification:_identify(src/inertial_msgs) by extension 'colcon_pkg'
[0.266s] Level 1:colcon.colcon_core.package_identification:_identify(src/inertial_msgs) by extensions ['colcon_meta']
[0.266s] Level 1:colcon.colcon_core.package_identification:_identify(src/inertial_msgs) by extension 'colcon_meta'
[0.266s] Level 1:colcon.colcon_core.package_identification:_identify(src/inertial_msgs) by extensions ['ros']
[0.266s] Level 1:colcon.colcon_core.package_identification:_identify(src/inertial_msgs) by extension 'ros'
[0.267s] DEBUG:colcon.colcon_core.package_identification:Package 'src/inertial_msgs' with type 'ros.ament_cmake' and name 'inertial_msgs'
[0.267s] Level 1:colcon.colcon_core.package_identification:_identify(src/radar_msgs) by extensions ['ignore', 'ignore_ament_install']
[0.267s] Level 1:colcon.colcon_core.package_identification:_identify(src/radar_msgs) by extension 'ignore'
[0.267s] Level 1:colcon.colcon_core.package_identification:_identify(src/radar_msgs) by extension 'ignore_ament_install'
[0.267s] Level 1:colcon.colcon_core.package_identification:_identify(src/radar_msgs) by extensions ['colcon_pkg']
[0.267s] Level 1:colcon.colcon_core.package_identification:_identify(src/radar_msgs) by extension 'colcon_pkg'
[0.267s] Level 1:colcon.colcon_core.package_identification:_identify(src/radar_msgs) by extensions ['colcon_meta']
[0.267s] Level 1:colcon.colcon_core.package_identification:_identify(src/radar_msgs) by extension 'colcon_meta'
[0.267s] Level 1:colcon.colcon_core.package_identification:_identify(src/radar_msgs) by extensions ['ros']
[0.267s] Level 1:colcon.colcon_core.package_identification:_identify(src/radar_msgs) by extension 'ros'
[0.268s] DEBUG:colcon.colcon_core.package_identification:Package 'src/radar_msgs' with type 'ros.ament_cmake' and name 'radar_msgs'
[0.268s] Level 1:colcon.colcon_core.package_identification:_identify(src/vehiclecontrol) by extensions ['ignore', 'ignore_ament_install']
[0.268s] Level 1:colcon.colcon_core.package_identification:_identify(src/vehiclecontrol) by extension 'ignore'
[0.268s] Level 1:colcon.colcon_core.package_identification:_identify(src/vehiclecontrol) by extension 'ignore_ament_install'
[0.268s] Level 1:colcon.colcon_core.package_identification:_identify(src/vehiclecontrol) by extensions ['colcon_pkg']
[0.268s] Level 1:colcon.colcon_core.package_identification:_identify(src/vehiclecontrol) by extension 'colcon_pkg'
[0.268s] Level 1:colcon.colcon_core.package_identification:_identify(src/vehiclecontrol) by extensions ['colcon_meta']
[0.268s] Level 1:colcon.colcon_core.package_identification:_identify(src/vehiclecontrol) by extension 'colcon_meta'
[0.268s] Level 1:colcon.colcon_core.package_identification:_identify(src/vehiclecontrol) by extensions ['ros']
[0.268s] Level 1:colcon.colcon_core.package_identification:_identify(src/vehiclecontrol) by extension 'ros'
[0.269s] DEBUG:colcon.colcon_core.package_identification:Package 'src/vehiclecontrol' with type 'ros.ament_cmake' and name 'vehiclecontrol'
[0.269s] Level 1:colcon.colcon_core.package_identification:_identify(verified_algos) by extensions ['ignore', 'ignore_ament_install']
[0.269s] Level 1:colcon.colcon_core.package_identification:_identify(verified_algos) by extension 'ignore'
[0.269s] Level 1:colcon.colcon_core.package_identification:_identify(verified_algos) by extension 'ignore_ament_install'
[0.269s] Level 1:colcon.colcon_core.package_identification:_identify(verified_algos) by extensions ['colcon_pkg']
[0.269s] Level 1:colcon.colcon_core.package_identification:_identify(verified_algos) by extension 'colcon_pkg'
[0.269s] Level 1:colcon.colcon_core.package_identification:_identify(verified_algos) by extensions ['colcon_meta']
[0.269s] Level 1:colcon.colcon_core.package_identification:_identify(verified_algos) by extension 'colcon_meta'
[0.270s] Level 1:colcon.colcon_core.package_identification:_identify(verified_algos) by extensions ['ros']
[0.270s] Level 1:colcon.colcon_core.package_identification:_identify(verified_algos) by extension 'ros'
[0.270s] Level 1:colcon.colcon_core.package_identification:_identify(verified_algos) by extensions ['cmake', 'python']
[0.270s] Level 1:colcon.colcon_core.package_identification:_identify(verified_algos) by extension 'cmake'
[0.270s] Level 1:colcon.colcon_core.package_identification:_identify(verified_algos) by extension 'python'
[0.270s] Level 1:colcon.colcon_core.package_identification:_identify(verified_algos) by extensions ['python_setup_py']
[0.270s] Level 1:colcon.colcon_core.package_identification:_identify(verified_algos) by extension 'python_setup_py'
[0.270s] Level 1:colcon.colcon_core.package_identification:_identify(verified_algos/models) by extensions ['ignore', 'ignore_ament_install']
[0.270s] Level 1:colcon.colcon_core.package_identification:_identify(verified_algos/models) by extension 'ignore'
[0.270s] Level 1:colcon.colcon_core.package_identification:_identify(verified_algos/models) by extension 'ignore_ament_install'
[0.270s] Level 1:colcon.colcon_core.package_identification:_identify(verified_algos/models) by extensions ['colcon_pkg']
[0.270s] Level 1:colcon.colcon_core.package_identification:_identify(verified_algos/models) by extension 'colcon_pkg'
[0.270s] Level 1:colcon.colcon_core.package_identification:_identify(verified_algos/models) by extensions ['colcon_meta']
[0.270s] Level 1:colcon.colcon_core.package_identification:_identify(verified_algos/models) by extension 'colcon_meta'
[0.270s] Level 1:colcon.colcon_core.package_identification:_identify(verified_algos/models) by extensions ['ros']
[0.270s] Level 1:colcon.colcon_core.package_identification:_identify(verified_algos/models) by extension 'ros'
[0.270s] Level 1:colcon.colcon_core.package_identification:_identify(verified_algos/models) by extensions ['cmake', 'python']
[0.270s] Level 1:colcon.colcon_core.package_identification:_identify(verified_algos/models) by extension 'cmake'
[0.270s] Level 1:colcon.colcon_core.package_identification:_identify(verified_algos/models) by extension 'python'
[0.270s] Level 1:colcon.colcon_core.package_identification:_identify(verified_algos/models) by extensions ['python_setup_py']
[0.270s] Level 1:colcon.colcon_core.package_identification:_identify(verified_algos/models) by extension 'python_setup_py'
[0.270s] Level 1:colcon.colcon_core.package_discovery:discover_packages(recursive) using defaults
[0.271s] Level 1:colcon.colcon_core.package_discovery:discover_packages(ignore) discover
[0.271s] Level 1:colcon.colcon_core.package_discovery:discover_packages(ignore) using defaults
[0.271s] Level 1:colcon.colcon_core.package_discovery:discover_packages(path) discover
[0.271s] Level 1:colcon.colcon_core.package_discovery:discover_packages(path) using defaults
[0.300s] Level 1:colcon.colcon_core.package_discovery:discover_packages(prefix_path) check parameters
[0.300s] Level 1:colcon.colcon_core.package_discovery:discover_packages(prefix_path) discover
[0.306s] DEBUG:colcon.colcon_installed_package_information.package_discovery:Found 463 installed packages in /opt/ros/humble
[0.309s] Level 1:colcon.colcon_core.package_discovery:discover_packages(prefix_path) using defaults
[0.449s] Level 5:colcon.colcon_core.verb:set package 'aeb' build argument 'cmake_args' from command line to 'None'
[0.449s] Level 5:colcon.colcon_core.verb:set package 'aeb' build argument 'cmake_target' from command line to 'None'
[0.450s] Level 5:colcon.colcon_core.verb:set package 'aeb' build argument 'cmake_target_skip_unavailable' from command line to 'False'
[0.450s] Level 5:colcon.colcon_core.verb:set package 'aeb' build argument 'cmake_clean_cache' from command line to 'False'
[0.450s] Level 5:colcon.colcon_core.verb:set package 'aeb' build argument 'cmake_clean_first' from command line to 'False'
[0.450s] Level 5:colcon.colcon_core.verb:set package 'aeb' build argument 'cmake_force_configure' from command line to 'False'
[0.450s] Level 5:colcon.colcon_core.verb:set package 'aeb' build argument 'ament_cmake_args' from command line to 'None'
[0.450s] Level 5:colcon.colcon_core.verb:set package 'aeb' build argument 'catkin_cmake_args' from command line to 'None'
[0.450s] Level 5:colcon.colcon_core.verb:set package 'aeb' build argument 'catkin_skip_building_tests' from command line to 'False'
[0.450s] DEBUG:colcon.colcon_core.verb:Building package 'aeb' with the following arguments: {'ament_cmake_args': None, 'build_base': '/home/ashy/abaja_ros2_dev/build/aeb', 'catkin_cmake_args': None, 'catkin_skip_building_tests': False, 'cmake_args': None, 'cmake_clean_cache': False, 'cmake_clean_first': False, 'cmake_force_configure': False, 'cmake_target': None, 'cmake_target_skip_unavailable': False, 'install_base': '/home/ashy/abaja_ros2_dev/install/aeb', 'merge_install': False, 'path': '/home/ashy/abaja_ros2_dev/src/aeb', 'symlink_install': False, 'test_result_base': None}
[0.450s] Level 5:colcon.colcon_core.verb:set package 'caninterface' build argument 'cmake_args' from command line to 'None'
[0.451s] Level 5:colcon.colcon_core.verb:set package 'caninterface' build argument 'cmake_target' from command line to 'None'
[0.451s] Level 5:colcon.colcon_core.verb:set package 'caninterface' build argument 'cmake_target_skip_unavailable' from command line to 'False'
[0.451s] Level 5:colcon.colcon_core.verb:set package 'caninterface' build argument 'cmake_clean_cache' from command line to 'False'
[0.451s] Level 5:colcon.colcon_core.verb:set package 'caninterface' build argument 'cmake_clean_first' from command line to 'False'
[0.451s] Level 5:colcon.colcon_core.verb:set package 'caninterface' build argument 'cmake_force_configure' from command line to 'False'
[0.451s] Level 5:colcon.colcon_core.verb:set package 'caninterface' build argument 'ament_cmake_args' from command line to 'None'
[0.451s] Level 5:colcon.colcon_core.verb:set package 'caninterface' build argument 'catkin_cmake_args' from command line to 'None'
[0.451s] Level 5:colcon.colcon_core.verb:set package 'caninterface' build argument 'catkin_skip_building_tests' from command line to 'False'
[0.451s] DEBUG:colcon.colcon_core.verb:Building package 'caninterface' with the following arguments: {'ament_cmake_args': None, 'build_base': '/home/ashy/abaja_ros2_dev/build/caninterface', 'catkin_cmake_args': None, 'catkin_skip_building_tests': False, 'cmake_args': None, 'cmake_clean_cache': False, 'cmake_clean_first': False, 'cmake_force_configure': False, 'cmake_target': None, 'cmake_target_skip_unavailable': False, 'install_base': '/home/ashy/abaja_ros2_dev/install/caninterface', 'merge_install': False, 'path': '/home/ashy/abaja_ros2_dev/src/caninterface', 'symlink_install': False, 'test_result_base': None}
[0.451s] Level 5:colcon.colcon_core.verb:set package 'feedback' build argument 'cmake_args' from command line to 'None'
[0.452s] Level 5:colcon.colcon_core.verb:set package 'feedback' build argument 'cmake_target' from command line to 'None'
[0.452s] Level 5:colcon.colcon_core.verb:set package 'feedback' build argument 'cmake_target_skip_unavailable' from command line to 'False'
[0.452s] Level 5:colcon.colcon_core.verb:set package 'feedback' build argument 'cmake_clean_cache' from command line to 'False'
[0.452s] Level 5:colcon.colcon_core.verb:set package 'feedback' build argument 'cmake_clean_first' from command line to 'False'
[0.452s] Level 5:colcon.colcon_core.verb:set package 'feedback' build argument 'cmake_force_configure' from command line to 'False'
[0.452s] Level 5:colcon.colcon_core.verb:set package 'feedback' build argument 'ament_cmake_args' from command line to 'None'
[0.452s] Level 5:colcon.colcon_core.verb:set package 'feedback' build argument 'catkin_cmake_args' from command line to 'None'
[0.452s] Level 5:colcon.colcon_core.verb:set package 'feedback' build argument 'catkin_skip_building_tests' from command line to 'False'
[0.452s] DEBUG:colcon.colcon_core.verb:Building package 'feedback' with the following arguments: {'ament_cmake_args': None, 'build_base': '/home/ashy/abaja_ros2_dev/build/feedback', 'catkin_cmake_args': None, 'catkin_skip_building_tests': False, 'cmake_args': None, 'cmake_clean_cache': False, 'cmake_clean_first': False, 'cmake_force_configure': False, 'cmake_target': None, 'cmake_target_skip_unavailable': False, 'install_base': '/home/ashy/abaja_ros2_dev/install/feedback', 'merge_install': False, 'path': '/home/ashy/abaja_ros2_dev/src/feedback', 'symlink_install': False, 'test_result_base': None}
[0.452s] Level 5:colcon.colcon_core.verb:set package 'inertial_msgs' build argument 'cmake_args' from command line to 'None'
[0.452s] Level 5:colcon.colcon_core.verb:set package 'inertial_msgs' build argument 'cmake_target' from command line to 'None'
[0.452s] Level 5:colcon.colcon_core.verb:set package 'inertial_msgs' build argument 'cmake_target_skip_unavailable' from command line to 'False'
[0.453s] Level 5:colcon.colcon_core.verb:set package 'inertial_msgs' build argument 'cmake_clean_cache' from command line to 'False'
[0.453s] Level 5:colcon.colcon_core.verb:set package 'inertial_msgs' build argument 'cmake_clean_first' from command line to 'False'
[0.453s] Level 5:colcon.colcon_core.verb:set package 'inertial_msgs' build argument 'cmake_force_configure' from command line to 'False'
[0.453s] Level 5:colcon.colcon_core.verb:set package 'inertial_msgs' build argument 'ament_cmake_args' from command line to 'None'
[0.453s] Level 5:colcon.colcon_core.verb:set package 'inertial_msgs' build argument 'catkin_cmake_args' from command line to 'None'
[0.453s] Level 5:colcon.colcon_core.verb:set package 'inertial_msgs' build argument 'catkin_skip_building_tests' from command line to 'False'
[0.453s] DEBUG:colcon.colcon_core.verb:Building package 'inertial_msgs' with the following arguments: {'ament_cmake_args': None, 'build_base': '/home/ashy/abaja_ros2_dev/build/inertial_msgs', 'catkin_cmake_args': None, 'catkin_skip_building_tests': False, 'cmake_args': None, 'cmake_clean_cache': False, 'cmake_clean_first': False, 'cmake_force_configure': False, 'cmake_target': None, 'cmake_target_skip_unavailable': False, 'install_base': '/home/ashy/abaja_ros2_dev/install/inertial_msgs', 'merge_install': False, 'path': '/home/ashy/abaja_ros2_dev/src/inertial_msgs', 'symlink_install': False, 'test_result_base': None}
[0.453s] Level 5:colcon.colcon_core.verb:set package 'radar_msgs' build argument 'cmake_args' from command line to 'None'
[0.453s] Level 5:colcon.colcon_core.verb:set package 'radar_msgs' build argument 'cmake_target' from command line to 'None'
[0.453s] Level 5:colcon.colcon_core.verb:set package 'radar_msgs' build argument 'cmake_target_skip_unavailable' from command line to 'False'
[0.454s] Level 5:colcon.colcon_core.verb:set package 'radar_msgs' build argument 'cmake_clean_cache' from command line to 'False'
[0.454s] Level 5:colcon.colcon_core.verb:set package 'radar_msgs' build argument 'cmake_clean_first' from command line to 'False'
[0.454s] Level 5:colcon.colcon_core.verb:set package 'radar_msgs' build argument 'cmake_force_configure' from command line to 'False'
[0.454s] Level 5:colcon.colcon_core.verb:set package 'radar_msgs' build argument 'ament_cmake_args' from command line to 'None'
[0.454s] Level 5:colcon.colcon_core.verb:set package 'radar_msgs' build argument 'catkin_cmake_args' from command line to 'None'
[0.454s] Level 5:colcon.colcon_core.verb:set package 'radar_msgs' build argument 'catkin_skip_building_tests' from command line to 'False'
[0.454s] DEBUG:colcon.colcon_core.verb:Building package 'radar_msgs' with the following arguments: {'ament_cmake_args': None, 'build_base': '/home/ashy/abaja_ros2_dev/build/radar_msgs', 'catkin_cmake_args': None, 'catkin_skip_building_tests': False, 'cmake_args': None, 'cmake_clean_cache': False, 'cmake_clean_first': False, 'cmake_force_configure': False, 'cmake_target': None, 'cmake_target_skip_unavailable': False, 'install_base': '/home/ashy/abaja_ros2_dev/install/radar_msgs', 'merge_install': False, 'path': '/home/ashy/abaja_ros2_dev/src/radar_msgs', 'symlink_install': False, 'test_result_base': None}
[0.454s] Level 5:colcon.colcon_core.verb:set package 'vehiclecontrol' build argument 'cmake_args' from command line to 'None'
[0.454s] Level 5:colcon.colcon_core.verb:set package 'vehiclecontrol' build argument 'cmake_target' from command line to 'None'
[0.454s] Level 5:colcon.colcon_core.verb:set package 'vehiclecontrol' build argument 'cmake_target_skip_unavailable' from command line to 'False'
[0.454s] Level 5:colcon.colcon_core.verb:set package 'vehiclecontrol' build argument 'cmake_clean_cache' from command line to 'False'
[0.454s] Level 5:colcon.colcon_core.verb:set package 'vehiclecontrol' build argument 'cmake_clean_first' from command line to 'False'
[0.454s] Level 5:colcon.colcon_core.verb:set package 'vehiclecontrol' build argument 'cmake_force_configure' from command line to 'False'
[0.455s] Level 5:colcon.colcon_core.verb:set package 'vehiclecontrol' build argument 'ament_cmake_args' from command line to 'None'
[0.455s] Level 5:colcon.colcon_core.verb:set package 'vehiclecontrol' build argument 'catkin_cmake_args' from command line to 'None'
[0.455s] Level 5:colcon.colcon_core.verb:set package 'vehiclecontrol' build argument 'catkin_skip_building_tests' from command line to 'False'
[0.455s] DEBUG:colcon.colcon_core.verb:Building package 'vehiclecontrol' with the following arguments: {'ament_cmake_args': None, 'build_base': '/home/ashy/abaja_ros2_dev/build/vehiclecontrol', 'catkin_cmake_args': None, 'catkin_skip_building_tests': False, 'cmake_args': None, 'cmake_clean_cache': False, 'cmake_clean_first': False, 'cmake_force_configure': False, 'cmake_target': None, 'cmake_target_skip_unavailable': False, 'install_base': '/home/ashy/abaja_ros2_dev/install/vehiclecontrol', 'merge_install': False, 'path': '/home/ashy/abaja_ros2_dev/src/vehiclecontrol', 'symlink_install': False, 'test_result_base': None}
[0.455s] INFO:colcon.colcon_core.executor:Executing jobs using 'parallel' executor
[0.457s] DEBUG:colcon.colcon_parallel_executor.executor.parallel:run_until_complete
[0.457s] INFO:colcon.colcon_ros.task.ament_cmake.build:Building ROS package in '/home/ashy/abaja_ros2_dev/src/aeb' with build type 'ament_cmake'
[0.457s] INFO:colcon.colcon_cmake.task.cmake.build:Building CMake package in '/home/ashy/abaja_ros2_dev/src/aeb'
[0.461s] INFO:colcon.colcon_core.plugin_system:Skipping extension 'colcon_core.shell.bat': Not used on non-Windows systems
[0.461s] INFO:colcon.colcon_core.shell:Skip shell extension 'powershell' for command environment: Not usable outside of PowerShell
[0.461s] DEBUG:colcon.colcon_core.shell:Skip shell extension 'dsv' for command environment
[0.466s] INFO:colcon.colcon_ros.task.ament_cmake.build:Building ROS package in '/home/ashy/abaja_ros2_dev/src/caninterface' with build type 'ament_cmake'
[0.467s] INFO:colcon.colcon_cmake.task.cmake.build:Building CMake package in '/home/ashy/abaja_ros2_dev/src/caninterface'
[0.467s] INFO:colcon.colcon_core.shell:Skip shell extension 'powershell' for command environment: Not usable outside of PowerShell
[0.467s] DEBUG:colcon.colcon_core.shell:Skip shell extension 'dsv' for command environment
[0.472s] INFO:colcon.colcon_ros.task.ament_cmake.build:Building ROS package in '/home/ashy/abaja_ros2_dev/src/feedback' with build type 'ament_cmake'
[0.472s] INFO:colcon.colcon_cmake.task.cmake.build:Building CMake package in '/home/ashy/abaja_ros2_dev/src/feedback'
[0.473s] INFO:colcon.colcon_core.shell:Skip shell extension 'powershell' for command environment: Not usable outside of PowerShell
[0.473s] DEBUG:colcon.colcon_core.shell:Skip shell extension 'dsv' for command environment
[0.480s] INFO:colcon.colcon_ros.task.ament_cmake.build:Building ROS package in '/home/ashy/abaja_ros2_dev/src/inertial_msgs' with build type 'ament_cmake'
[0.480s] INFO:colcon.colcon_cmake.task.cmake.build:Building CMake package in '/home/ashy/abaja_ros2_dev/src/inertial_msgs'
[0.481s] INFO:colcon.colcon_core.shell:Skip shell extension 'powershell' for command environment: Not usable outside of PowerShell
[0.481s] DEBUG:colcon.colcon_core.shell:Skip shell extension 'dsv' for command environment
[0.489s] INFO:colcon.colcon_ros.task.ament_cmake.build:Building ROS package in '/home/ashy/abaja_ros2_dev/src/radar_msgs' with build type 'ament_cmake'
[0.489s] INFO:colcon.colcon_cmake.task.cmake.build:Building CMake package in '/home/ashy/abaja_ros2_dev/src/radar_msgs'
[0.490s] INFO:colcon.colcon_core.shell:Skip shell extension 'powershell' for command environment: Not usable outside of PowerShell
[0.490s] DEBUG:colcon.colcon_core.shell:Skip shell extension 'dsv' for command environment
[0.497s] INFO:colcon.colcon_ros.task.ament_cmake.build:Building ROS package in '/home/ashy/abaja_ros2_dev/src/vehiclecontrol' with build type 'ament_cmake'
[0.498s] INFO:colcon.colcon_cmake.task.cmake.build:Building CMake package in '/home/ashy/abaja_ros2_dev/src/vehiclecontrol'
[0.498s] INFO:colcon.colcon_core.shell:Skip shell extension 'powershell' for command environment: Not usable outside of PowerShell
[0.498s] DEBUG:colcon.colcon_core.shell:Skip shell extension 'dsv' for command environment
[0.511s] DEBUG:colcon.colcon_core.event_handler.log_command:Invoking command in '/home/ashy/abaja_ros2_dev/build/aeb': CMAKE_PREFIX_PATH=/opt/ros/humble /usr/bin/cmake --build /home/ashy/abaja_ros2_dev/build/aeb -- -j16 -l16
[0.514s] DEBUG:colcon.colcon_core.event_handler.log_command:Invoking command in '/home/ashy/abaja_ros2_dev/build/caninterface': CMAKE_PREFIX_PATH=/opt/ros/humble /usr/bin/cmake /home/ashy/abaja_ros2_dev/src/caninterface -DCMAKE_INSTALL_PREFIX=/home/ashy/abaja_ros2_dev/install/caninterface
[0.522s] DEBUG:colcon.colcon_core.event_handler.log_command:Invoking command in '/home/ashy/abaja_ros2_dev/build/feedback': CMAKE_PREFIX_PATH=/opt/ros/humble /usr/bin/cmake --build /home/ashy/abaja_ros2_dev/build/feedback -- -j16 -l16
[0.528s] DEBUG:colcon.colcon_core.event_handler.log_command:Invoking command in '/home/ashy/abaja_ros2_dev/build/inertial_msgs': CMAKE_PREFIX_PATH=/opt/ros/humble /usr/bin/cmake --build /home/ashy/abaja_ros2_dev/build/inertial_msgs -- -j16 -l16
[0.531s] DEBUG:colcon.colcon_core.event_handler.log_command:Invoking command in '/home/ashy/abaja_ros2_dev/build/radar_msgs': CMAKE_PREFIX_PATH=/opt/ros/humble /usr/bin/cmake --build /home/ashy/abaja_ros2_dev/build/radar_msgs -- -j16 -l16
[0.538s] DEBUG:colcon.colcon_core.event_handler.log_command:Invoking command in '/home/ashy/abaja_ros2_dev/build/vehiclecontrol': CMAKE_PREFIX_PATH=/opt/ros/humble /usr/bin/cmake --build /home/ashy/abaja_ros2_dev/build/vehiclecontrol -- -j16 -l16
[0.586s] DEBUG:colcon.colcon_core.event_handler.log_command:Invoked command in '/home/ashy/abaja_ros2_dev/build/aeb' returned '0': CMAKE_PREFIX_PATH=/opt/ros/humble /usr/bin/cmake --build /home/ashy/abaja_ros2_dev/build/aeb -- -j16 -l16
[0.602s] DEBUG:colcon.colcon_core.event_handler.log_command:Invoking command in '/home/ashy/abaja_ros2_dev/build/aeb': CMAKE_PREFIX_PATH=/opt/ros/humble /usr/bin/cmake --install /home/ashy/abaja_ros2_dev/build/aeb
[0.619s] Level 1:colcon.colcon_core.environment:create_environment_scripts_only(aeb)
[0.621s] DEBUG:colcon.colcon_core.event_handler.log_command:Invoked command in '/home/ashy/abaja_ros2_dev/build/aeb' returned '0': CMAKE_PREFIX_PATH=/opt/ros/humble /usr/bin/cmake --install /home/ashy/abaja_ros2_dev/build/aeb
[0.629s] Level 1:colcon.colcon_core.environment:checking '/home/ashy/abaja_ros2_dev/install/aeb' for CMake module files
[0.630s] Level 1:colcon.colcon_core.environment:checking '/home/ashy/abaja_ros2_dev/install/aeb' for CMake config files
[0.631s] Level 1:colcon.colcon_core.shell:create_environment_hook('aeb', 'cmake_prefix_path')
[0.631s] INFO:colcon.colcon_core.shell:Creating environment hook '/home/ashy/abaja_ros2_dev/install/aeb/share/aeb/hook/cmake_prefix_path.ps1'
[0.632s] INFO:colcon.colcon_core.shell:Creating environment descriptor '/home/ashy/abaja_ros2_dev/install/aeb/share/aeb/hook/cmake_prefix_path.dsv'
[0.633s] INFO:colcon.colcon_core.shell:Creating environment hook '/home/ashy/abaja_ros2_dev/install/aeb/share/aeb/hook/cmake_prefix_path.sh'
[0.634s] Level 1:colcon.colcon_core.environment:checking '/home/ashy/abaja_ros2_dev/install/aeb/lib'
[0.634s] Level 1:colcon.colcon_core.environment:checking '/home/ashy/abaja_ros2_dev/install/aeb/bin'
[0.634s] Level 1:colcon.colcon_core.environment:checking '/home/ashy/abaja_ros2_dev/install/aeb/lib/pkgconfig/aeb.pc'
[0.635s] Level 1:colcon.colcon_core.environment:checking '/home/ashy/abaja_ros2_dev/install/aeb/lib/python3.10/site-packages'
[0.635s] Level 1:colcon.colcon_core.environment:checking '/home/ashy/abaja_ros2_dev/install/aeb/bin'
[0.636s] INFO:colcon.colcon_core.shell:Creating package script '/home/ashy/abaja_ros2_dev/install/aeb/share/aeb/package.ps1'
[0.640s] INFO:colcon.colcon_core.shell:Creating package descriptor '/home/ashy/abaja_ros2_dev/install/aeb/share/aeb/package.dsv'
[0.641s] INFO:colcon.colcon_core.shell:Creating package script '/home/ashy/abaja_ros2_dev/install/aeb/share/aeb/package.sh'
[0.649s] INFO:colcon.colcon_core.shell:Creating package script '/home/ashy/abaja_ros2_dev/install/aeb/share/aeb/package.bash'
[0.655s] INFO:colcon.colcon_core.shell:Creating package script '/home/ashy/abaja_ros2_dev/install/aeb/share/aeb/package.zsh'
[0.658s] Level 1:colcon.colcon_core.environment:create_file_with_runtime_dependencies(/home/ashy/abaja_ros2_dev/install/aeb/share/colcon-core/packages/aeb)
[0.662s] Level 1:colcon.colcon_core.environment:create_environment_scripts_only(aeb)
[0.662s] Level 1:colcon.colcon_core.environment:checking '/home/ashy/abaja_ros2_dev/install/aeb' for CMake module files
[0.667s] Level 1:colcon.colcon_core.environment:checking '/home/ashy/abaja_ros2_dev/install/aeb' for CMake config files
[0.668s] Level 1:colcon.colcon_core.shell:create_environment_hook('aeb', 'cmake_prefix_path')
[0.669s] INFO:colcon.colcon_core.shell:Creating environment hook '/home/ashy/abaja_ros2_dev/install/aeb/share/aeb/hook/cmake_prefix_path.ps1'
[0.670s] INFO:colcon.colcon_core.shell:Creating environment descriptor '/home/ashy/abaja_ros2_dev/install/aeb/share/aeb/hook/cmake_prefix_path.dsv'
[0.675s] INFO:colcon.colcon_core.shell:Creating environment hook '/home/ashy/abaja_ros2_dev/install/aeb/share/aeb/hook/cmake_prefix_path.sh'
[0.676s] Level 1:colcon.colcon_core.environment:checking '/home/ashy/abaja_ros2_dev/install/aeb/lib'
[0.676s] Level 1:colcon.colcon_core.environment:checking '/home/ashy/abaja_ros2_dev/install/aeb/bin'
[0.676s] Level 1:colcon.colcon_core.environment:checking '/home/ashy/abaja_ros2_dev/install/aeb/lib/pkgconfig/aeb.pc'
[0.677s] Level 1:colcon.colcon_core.environment:checking '/home/ashy/abaja_ros2_dev/install/aeb/lib/python3.10/site-packages'
[0.678s] Level 1:colcon.colcon_core.environment:checking '/home/ashy/abaja_ros2_dev/install/aeb/bin'
[0.678s] INFO:colcon.colcon_core.shell:Creating package script '/home/ashy/abaja_ros2_dev/install/aeb/share/aeb/package.ps1'
[0.682s] INFO:colcon.colcon_core.shell:Creating package descriptor '/home/ashy/abaja_ros2_dev/install/aeb/share/aeb/package.dsv'
[0.683s] INFO:colcon.colcon_core.shell:Creating package script '/home/ashy/abaja_ros2_dev/install/aeb/share/aeb/package.sh'
[0.685s] INFO:colcon.colcon_core.shell:Creating package script '/home/ashy/abaja_ros2_dev/install/aeb/share/aeb/package.bash'
[0.689s] INFO:colcon.colcon_core.shell:Creating package script '/home/ashy/abaja_ros2_dev/install/aeb/share/aeb/package.zsh'
[0.690s] Level 1:colcon.colcon_core.environment:create_file_with_runtime_dependencies(/home/ashy/abaja_ros2_dev/install/aeb/share/colcon-core/packages/aeb)
[1.120s] DEBUG:colcon.colcon_core.event_handler.log_command:Invoked command in '/home/ashy/abaja_ros2_dev/build/feedback' returned '0': CMAKE_PREFIX_PATH=/opt/ros/humble /usr/bin/cmake --build /home/ashy/abaja_ros2_dev/build/feedback -- -j16 -l16
[1.121s] DEBUG:colcon.colcon_core.event_handler.log_command:Invoking command in '/home/ashy/abaja_ros2_dev/build/feedback': CMAKE_PREFIX_PATH=/opt/ros/humble /usr/bin/cmake --install /home/ashy/abaja_ros2_dev/build/feedback
[1.122s] DEBUG:colcon.colcon_core.event_handler.log_command:Invoked command in '/home/ashy/abaja_ros2_dev/build/vehiclecontrol' returned '0': CMAKE_PREFIX_PATH=/opt/ros/humble /usr/bin/cmake --build /home/ashy/abaja_ros2_dev/build/vehiclecontrol -- -j16 -l16
[1.123s] DEBUG:colcon.colcon_core.event_handler.log_command:Invoking command in '/home/ashy/abaja_ros2_dev/build/vehiclecontrol': CMAKE_PREFIX_PATH=/opt/ros/humble /usr/bin/cmake --install /home/ashy/abaja_ros2_dev/build/vehiclecontrol
[1.135s] DEBUG:colcon.colcon_core.event_handler.log_command:Invoked command in '/home/ashy/abaja_ros2_dev/build/inertial_msgs' returned '0': CMAKE_PREFIX_PATH=/opt/ros/humble /usr/bin/cmake --build /home/ashy/abaja_ros2_dev/build/inertial_msgs -- -j16 -l16
[1.139s] DEBUG:colcon.colcon_core.event_handler.log_command:Invoking command in '/home/ashy/abaja_ros2_dev/build/inertial_msgs': CMAKE_PREFIX_PATH=/opt/ros/humble /usr/bin/cmake --install /home/ashy/abaja_ros2_dev/build/inertial_msgs
[1.140s] DEBUG:colcon.colcon_core.event_handler.log_command:Invoked command in '/home/ashy/abaja_ros2_dev/build/radar_msgs' returned '0': CMAKE_PREFIX_PATH=/opt/ros/humble /usr/bin/cmake --build /home/ashy/abaja_ros2_dev/build/radar_msgs -- -j16 -l16
[1.140s] DEBUG:colcon.colcon_core.event_handler.log_command:Invoking command in '/home/ashy/abaja_ros2_dev/build/radar_msgs': CMAKE_PREFIX_PATH=/opt/ros/humble /usr/bin/cmake --install /home/ashy/abaja_ros2_dev/build/radar_msgs
[1.169s] Level 1:colcon.colcon_core.environment:create_environment_scripts_only(feedback)
[1.169s] Level 1:colcon.colcon_core.environment:checking '/home/ashy/abaja_ros2_dev/install/feedback' for CMake module files
[1.170s] DEBUG:colcon.colcon_core.event_handler.log_command:Invoked command in '/home/ashy/abaja_ros2_dev/build/feedback' returned '0': CMAKE_PREFIX_PATH=/opt/ros/humble /usr/bin/cmake --install /home/ashy/abaja_ros2_dev/build/feedback
[1.170s] Level 1:colcon.colcon_core.environment:checking '/home/ashy/abaja_ros2_dev/install/feedback' for CMake config files
[1.170s] Level 1:colcon.colcon_core.shell:create_environment_hook('feedback', 'cmake_prefix_path')
[1.171s] INFO:colcon.colcon_core.shell:Creating environment hook '/home/ashy/abaja_ros2_dev/install/feedback/share/feedback/hook/cmake_prefix_path.ps1'
[1.171s] INFO:colcon.colcon_core.shell:Creating environment descriptor '/home/ashy/abaja_ros2_dev/install/feedback/share/feedback/hook/cmake_prefix_path.dsv'
[1.171s] INFO:colcon.colcon_core.shell:Creating environment hook '/home/ashy/abaja_ros2_dev/install/feedback/share/feedback/hook/cmake_prefix_path.sh'
[1.172s] Level 1:colcon.colcon_core.environment:checking '/home/ashy/abaja_ros2_dev/install/feedback/lib'
[1.172s] Level 1:colcon.colcon_core.shell:create_environment_hook('feedback', 'ld_library_path_lib')
[1.172s] INFO:colcon.colcon_core.shell:Creating environment hook '/home/ashy/abaja_ros2_dev/install/feedback/share/feedback/hook/ld_library_path_lib.ps1'
[1.172s] INFO:colcon.colcon_core.shell:Creating environment descriptor '/home/ashy/abaja_ros2_dev/install/feedback/share/feedback/hook/ld_library_path_lib.dsv'
[1.172s] INFO:colcon.colcon_core.shell:Creating environment hook '/home/ashy/abaja_ros2_dev/install/feedback/share/feedback/hook/ld_library_path_lib.sh'
[1.173s] Level 1:colcon.colcon_core.environment:checking '/home/ashy/abaja_ros2_dev/install/feedback/bin'
[1.173s] Level 1:colcon.colcon_core.environment:checking '/home/ashy/abaja_ros2_dev/install/feedback/lib/pkgconfig/feedback.pc'
[1.173s] Level 1:colcon.colcon_core.environment:checking '/home/ashy/abaja_ros2_dev/install/feedback/lib/python3.10/site-packages'
[1.173s] Level 1:colcon.colcon_core.environment:checking '/home/ashy/abaja_ros2_dev/install/feedback/bin'
[1.173s] INFO:colcon.colcon_core.shell:Creating package script '/home/ashy/abaja_ros2_dev/install/feedback/share/feedback/package.ps1'
[1.174s] INFO:colcon.colcon_core.shell:Creating package descriptor '/home/ashy/abaja_ros2_dev/install/feedback/share/feedback/package.dsv'
[1.174s] INFO:colcon.colcon_core.shell:Creating package script '/home/ashy/abaja_ros2_dev/install/feedback/share/feedback/package.sh'
[1.175s] INFO:colcon.colcon_core.shell:Creating package script '/home/ashy/abaja_ros2_dev/install/feedback/share/feedback/package.bash'
[1.175s] INFO:colcon.colcon_core.shell:Creating package script '/home/ashy/abaja_ros2_dev/install/feedback/share/feedback/package.zsh'
[1.176s] Level 1:colcon.colcon_core.environment:create_file_with_runtime_dependencies(/home/ashy/abaja_ros2_dev/install/feedback/share/colcon-core/packages/feedback)
[1.177s] Level 1:colcon.colcon_core.environment:create_environment_scripts_only(feedback)
[1.177s] Level 1:colcon.colcon_core.environment:checking '/home/ashy/abaja_ros2_dev/install/feedback' for CMake module files
[1.178s] Level 1:colcon.colcon_core.environment:checking '/home/ashy/abaja_ros2_dev/install/feedback' for CMake config files
[1.178s] Level 1:colcon.colcon_core.shell:create_environment_hook('feedback', 'cmake_prefix_path')
[1.178s] INFO:colcon.colcon_core.shell:Creating environment hook '/home/ashy/abaja_ros2_dev/install/feedback/share/feedback/hook/cmake_prefix_path.ps1'
[1.178s] INFO:colcon.colcon_core.shell:Creating environment descriptor '/home/ashy/abaja_ros2_dev/install/feedback/share/feedback/hook/cmake_prefix_path.dsv'
[1.179s] INFO:colcon.colcon_core.shell:Creating environment hook '/home/ashy/abaja_ros2_dev/install/feedback/share/feedback/hook/cmake_prefix_path.sh'
[1.179s] Level 1:colcon.colcon_core.environment:checking '/home/ashy/abaja_ros2_dev/install/feedback/lib'
[1.179s] Level 1:colcon.colcon_core.shell:create_environment_hook('feedback', 'ld_library_path_lib')
[1.180s] INFO:colcon.colcon_core.shell:Creating environment hook '/home/ashy/abaja_ros2_dev/install/feedback/share/feedback/hook/ld_library_path_lib.ps1'
[1.181s] INFO:colcon.colcon_core.shell:Creating environment descriptor '/home/ashy/abaja_ros2_dev/install/feedback/share/feedback/hook/ld_library_path_lib.dsv'
[1.182s] INFO:colcon.colcon_core.shell:Creating environment hook '/home/ashy/abaja_ros2_dev/install/feedback/share/feedback/hook/ld_library_path_lib.sh'
[1.184s] Level 1:colcon.colcon_core.environment:checking '/home/ashy/abaja_ros2_dev/install/feedback/bin'
[1.184s] Level 1:colcon.colcon_core.environment:checking '/home/ashy/abaja_ros2_dev/install/feedback/lib/pkgconfig/feedback.pc'
[1.184s] Level 1:colcon.colcon_core.environment:checking '/home/ashy/abaja_ros2_dev/install/feedback/lib/python3.10/site-packages'
[1.185s] Level 1:colcon.colcon_core.environment:checking '/home/ashy/abaja_ros2_dev/install/feedback/bin'
[1.185s] INFO:colcon.colcon_core.shell:Creating package script '/home/ashy/abaja_ros2_dev/install/feedback/share/feedback/package.ps1'
[1.186s] INFO:colcon.colcon_core.shell:Creating package descriptor '/home/ashy/abaja_ros2_dev/install/feedback/share/feedback/package.dsv'
[1.188s] INFO:colcon.colcon_core.shell:Creating package script '/home/ashy/abaja_ros2_dev/install/feedback/share/feedback/package.sh'
[1.189s] INFO:colcon.colcon_core.shell:Creating package script '/home/ashy/abaja_ros2_dev/install/feedback/share/feedback/package.bash'
[1.190s] INFO:colcon.colcon_core.shell:Creating package script '/home/ashy/abaja_ros2_dev/install/feedback/share/feedback/package.zsh'
[1.191s] Level 1:colcon.colcon_core.environment:create_file_with_runtime_dependencies(/home/ashy/abaja_ros2_dev/install/feedback/share/colcon-core/packages/feedback)
[1.193s] Level 1:colcon.colcon_core.environment:create_environment_scripts_only(vehiclecontrol)
[1.193s] Level 1:colcon.colcon_core.environment:checking '/home/ashy/abaja_ros2_dev/install/vehiclecontrol' for CMake module files
[1.194s] DEBUG:colcon.colcon_core.event_handler.log_command:Invoked command in '/home/ashy/abaja_ros2_dev/build/vehiclecontrol' returned '0': CMAKE_PREFIX_PATH=/opt/ros/humble /usr/bin/cmake --install /home/ashy/abaja_ros2_dev/build/vehiclecontrol
[1.194s] Level 1:colcon.colcon_core.environment:checking '/home/ashy/abaja_ros2_dev/install/vehiclecontrol' for CMake config files
[1.195s] Level 1:colcon.colcon_core.shell:create_environment_hook('vehiclecontrol', 'cmake_prefix_path')
[1.195s] INFO:colcon.colcon_core.shell:Creating environment hook '/home/ashy/abaja_ros2_dev/install/vehiclecontrol/share/vehiclecontrol/hook/cmake_prefix_path.ps1'
[1.196s] INFO:colcon.colcon_core.shell:Creating environment descriptor '/home/ashy/abaja_ros2_dev/install/vehiclecontrol/share/vehiclecontrol/hook/cmake_prefix_path.dsv'
[1.197s] INFO:colcon.colcon_core.shell:Creating environment hook '/home/ashy/abaja_ros2_dev/install/vehiclecontrol/share/vehiclecontrol/hook/cmake_prefix_path.sh'
[1.197s] Level 1:colcon.colcon_core.environment:checking '/home/ashy/abaja_ros2_dev/install/vehiclecontrol/lib'
[1.197s] Level 1:colcon.colcon_core.shell:create_environment_hook('vehiclecontrol', 'ld_library_path_lib')
[1.198s] INFO:colcon.colcon_core.shell:Creating environment hook '/home/ashy/abaja_ros2_dev/install/vehiclecontrol/share/vehiclecontrol/hook/ld_library_path_lib.ps1'
[1.198s] INFO:colcon.colcon_core.shell:Creating environment descriptor '/home/ashy/abaja_ros2_dev/install/vehiclecontrol/share/vehiclecontrol/hook/ld_library_path_lib.dsv'
[1.198s] INFO:colcon.colcon_core.shell:Creating environment hook '/home/ashy/abaja_ros2_dev/install/vehiclecontrol/share/vehiclecontrol/hook/ld_library_path_lib.sh'
[1.198s] Level 1:colcon.colcon_core.environment:checking '/home/ashy/abaja_ros2_dev/install/vehiclecontrol/bin'
[1.198s] Level 1:colcon.colcon_core.environment:checking '/home/ashy/abaja_ros2_dev/install/vehiclecontrol/lib/pkgconfig/vehiclecontrol.pc'
[1.199s] Level 1:colcon.colcon_core.environment:checking '/home/ashy/abaja_ros2_dev/install/vehiclecontrol/lib/python3.10/site-packages'
[1.199s] Level 1:colcon.colcon_core.environment:checking '/home/ashy/abaja_ros2_dev/install/vehiclecontrol/bin'
[1.199s] INFO:colcon.colcon_core.shell:Creating package script '/home/ashy/abaja_ros2_dev/install/vehiclecontrol/share/vehiclecontrol/package.ps1'
[1.199s] INFO:colcon.colcon_core.shell:Creating package descriptor '/home/ashy/abaja_ros2_dev/install/vehiclecontrol/share/vehiclecontrol/package.dsv'
[1.200s] INFO:colcon.colcon_core.shell:Creating package script '/home/ashy/abaja_ros2_dev/install/vehiclecontrol/share/vehiclecontrol/package.sh'
[1.200s] INFO:colcon.colcon_core.shell:Creating package script '/home/ashy/abaja_ros2_dev/install/vehiclecontrol/share/vehiclecontrol/package.bash'
[1.200s] INFO:colcon.colcon_core.shell:Creating package script '/home/ashy/abaja_ros2_dev/install/vehiclecontrol/share/vehiclecontrol/package.zsh'
[1.200s] Level 1:colcon.colcon_core.environment:create_file_with_runtime_dependencies(/home/ashy/abaja_ros2_dev/install/vehiclecontrol/share/colcon-core/packages/vehiclecontrol)
[1.201s] Level 1:colcon.colcon_core.environment:create_environment_scripts_only(vehiclecontrol)
[1.201s] Level 1:colcon.colcon_core.environment:checking '/home/ashy/abaja_ros2_dev/install/vehiclecontrol' for CMake module files
[1.201s] Level 1:colcon.colcon_core.environment:checking '/home/ashy/abaja_ros2_dev/install/vehiclecontrol' for CMake config files
[1.202s] Level 1:colcon.colcon_core.shell:create_environment_hook('vehiclecontrol', 'cmake_prefix_path')
[1.202s] INFO:colcon.colcon_core.shell:Creating environment hook '/home/ashy/abaja_ros2_dev/install/vehiclecontrol/share/vehiclecontrol/hook/cmake_prefix_path.ps1'
[1.202s] INFO:colcon.colcon_core.shell:Creating environment descriptor '/home/ashy/abaja_ros2_dev/install/vehiclecontrol/share/vehiclecontrol/hook/cmake_prefix_path.dsv'
[1.202s] INFO:colcon.colcon_core.shell:Creating environment hook '/home/ashy/abaja_ros2_dev/install/vehiclecontrol/share/vehiclecontrol/hook/cmake_prefix_path.sh'
[1.203s] Level 1:colcon.colcon_core.environment:checking '/home/ashy/abaja_ros2_dev/install/vehiclecontrol/lib'
[1.203s] Level 1:colcon.colcon_core.shell:create_environment_hook('vehiclecontrol', 'ld_library_path_lib')
[1.203s] INFO:colcon.colcon_core.shell:Creating environment hook '/home/ashy/abaja_ros2_dev/install/vehiclecontrol/share/vehiclecontrol/hook/ld_library_path_lib.ps1'
[1.203s] INFO:colcon.colcon_core.shell:Creating environment descriptor '/home/ashy/abaja_ros2_dev/install/vehiclecontrol/share/vehiclecontrol/hook/ld_library_path_lib.dsv'
[1.203s] INFO:colcon.colcon_core.shell:Creating environment hook '/home/ashy/abaja_ros2_dev/install/vehiclecontrol/share/vehiclecontrol/hook/ld_library_path_lib.sh'
[1.204s] Level 1:colcon.colcon_core.environment:checking '/home/ashy/abaja_ros2_dev/install/vehiclecontrol/bin'
[1.204s] Level 1:colcon.colcon_core.environment:checking '/home/ashy/abaja_ros2_dev/install/vehiclecontrol/lib/pkgconfig/vehiclecontrol.pc'
[1.204s] Level 1:colcon.colcon_core.environment:checking '/home/ashy/abaja_ros2_dev/install/vehiclecontrol/lib/python3.10/site-packages'
[1.204s] Level 1:colcon.colcon_core.environment:checking '/home/ashy/abaja_ros2_dev/install/vehiclecontrol/bin'
[1.204s] INFO:colcon.colcon_core.shell:Creating package script '/home/ashy/abaja_ros2_dev/install/vehiclecontrol/share/vehiclecontrol/package.ps1'
[1.205s] INFO:colcon.colcon_core.shell:Creating package descriptor '/home/ashy/abaja_ros2_dev/install/vehiclecontrol/share/vehiclecontrol/package.dsv'
[1.205s] INFO:colcon.colcon_core.shell:Creating package script '/home/ashy/abaja_ros2_dev/install/vehiclecontrol/share/vehiclecontrol/package.sh'
[1.205s] INFO:colcon.colcon_core.shell:Creating package script '/home/ashy/abaja_ros2_dev/install/vehiclecontrol/share/vehiclecontrol/package.bash'
[1.206s] INFO:colcon.colcon_core.shell:Creating package script '/home/ashy/abaja_ros2_dev/install/vehiclecontrol/share/vehiclecontrol/package.zsh'
[1.206s] Level 1:colcon.colcon_core.environment:create_file_with_runtime_dependencies(/home/ashy/abaja_ros2_dev/install/vehiclecontrol/share/colcon-core/packages/vehiclecontrol)
[1.206s] Level 1:colcon.colcon_core.environment:create_environment_scripts_only(inertial_msgs)
[1.206s] Level 1:colcon.colcon_core.environment:checking '/home/ashy/abaja_ros2_dev/install/inertial_msgs' for CMake module files
[1.208s] DEBUG:colcon.colcon_core.event_handler.log_command:Invoked command in '/home/ashy/abaja_ros2_dev/build/inertial_msgs' returned '0': CMAKE_PREFIX_PATH=/opt/ros/humble /usr/bin/cmake --install /home/ashy/abaja_ros2_dev/build/inertial_msgs
[1.208s] Level 1:colcon.colcon_core.environment:checking '/home/ashy/abaja_ros2_dev/install/inertial_msgs' for CMake config files
[1.208s] Level 1:colcon.colcon_core.shell:create_environment_hook('inertial_msgs', 'cmake_prefix_path')
[1.209s] INFO:colcon.colcon_core.shell:Creating environment hook '/home/ashy/abaja_ros2_dev/install/inertial_msgs/share/inertial_msgs/hook/cmake_prefix_path.ps1'
[1.209s] INFO:colcon.colcon_core.shell:Creating environment descriptor '/home/ashy/abaja_ros2_dev/install/inertial_msgs/share/inertial_msgs/hook/cmake_prefix_path.dsv'
[1.209s] INFO:colcon.colcon_core.shell:Creating environment hook '/home/ashy/abaja_ros2_dev/install/inertial_msgs/share/inertial_msgs/hook/cmake_prefix_path.sh'
[1.210s] Level 1:colcon.colcon_core.environment:checking '/home/ashy/abaja_ros2_dev/install/inertial_msgs/lib'
[1.210s] Level 1:colcon.colcon_core.shell:create_environment_hook('inertial_msgs', 'ld_library_path_lib')
[1.210s] INFO:colcon.colcon_core.shell:Creating environment hook '/home/ashy/abaja_ros2_dev/install/inertial_msgs/share/inertial_msgs/hook/ld_library_path_lib.ps1'
[1.211s] INFO:colcon.colcon_core.shell:Creating environment descriptor '/home/ashy/abaja_ros2_dev/install/inertial_msgs/share/inertial_msgs/hook/ld_library_path_lib.dsv'
[1.211s] INFO:colcon.colcon_core.shell:Creating environment hook '/home/ashy/abaja_ros2_dev/install/inertial_msgs/share/inertial_msgs/hook/ld_library_path_lib.sh'
[1.211s] Level 1:colcon.colcon_core.environment:checking '/home/ashy/abaja_ros2_dev/install/inertial_msgs/bin'
[1.211s] Level 1:colcon.colcon_core.environment:checking '/home/ashy/abaja_ros2_dev/install/inertial_msgs/lib/pkgconfig/inertial_msgs.pc'
[1.212s] Level 1:colcon.colcon_core.environment:checking '/home/ashy/abaja_ros2_dev/install/inertial_msgs/lib/python3.10/site-packages'
[1.212s] Level 1:colcon.colcon_core.environment:checking '/home/ashy/abaja_ros2_dev/install/inertial_msgs/bin'
[1.212s] INFO:colcon.colcon_core.shell:Creating package script '/home/ashy/abaja_ros2_dev/install/inertial_msgs/share/inertial_msgs/package.ps1'
[1.212s] INFO:colcon.colcon_core.shell:Creating package descriptor '/home/ashy/abaja_ros2_dev/install/inertial_msgs/share/inertial_msgs/package.dsv'
[1.213s] INFO:colcon.colcon_core.shell:Creating package script '/home/ashy/abaja_ros2_dev/install/inertial_msgs/share/inertial_msgs/package.sh'
[1.213s] INFO:colcon.colcon_core.shell:Creating package script '/home/ashy/abaja_ros2_dev/install/inertial_msgs/share/inertial_msgs/package.bash'
[1.214s] INFO:colcon.colcon_core.shell:Creating package script '/home/ashy/abaja_ros2_dev/install/inertial_msgs/share/inertial_msgs/package.zsh'
[1.214s] Level 1:colcon.colcon_core.environment:create_file_with_runtime_dependencies(/home/ashy/abaja_ros2_dev/install/inertial_msgs/share/colcon-core/packages/inertial_msgs)
[1.215s] Level 1:colcon.colcon_core.environment:create_environment_scripts_only(inertial_msgs)
[1.215s] Level 1:colcon.colcon_core.environment:checking '/home/ashy/abaja_ros2_dev/install/inertial_msgs' for CMake module files
[1.216s] Level 1:colcon.colcon_core.environment:checking '/home/ashy/abaja_ros2_dev/install/inertial_msgs' for CMake config files
[1.216s] Level 1:colcon.colcon_core.shell:create_environment_hook('inertial_msgs', 'cmake_prefix_path')
[1.216s] INFO:colcon.colcon_core.shell:Creating environment hook '/home/ashy/abaja_ros2_dev/install/inertial_msgs/share/inertial_msgs/hook/cmake_prefix_path.ps1'
[1.217s] INFO:colcon.colcon_core.shell:Creating environment descriptor '/home/ashy/abaja_ros2_dev/install/inertial_msgs/share/inertial_msgs/hook/cmake_prefix_path.dsv'
[1.217s] INFO:colcon.colcon_core.shell:Creating environment hook '/home/ashy/abaja_ros2_dev/install/inertial_msgs/share/inertial_msgs/hook/cmake_prefix_path.sh'
[1.217s] Level 1:colcon.colcon_core.environment:checking '/home/ashy/abaja_ros2_dev/install/inertial_msgs/lib'
[1.217s] Level 1:colcon.colcon_core.shell:create_environment_hook('inertial_msgs', 'ld_library_path_lib')
[1.218s] INFO:colcon.colcon_core.shell:Creating environment hook '/home/ashy/abaja_ros2_dev/install/inertial_msgs/share/inertial_msgs/hook/ld_library_path_lib.ps1'
[1.218s] INFO:colcon.colcon_core.shell:Creating environment descriptor '/home/ashy/abaja_ros2_dev/install/inertial_msgs/share/inertial_msgs/hook/ld_library_path_lib.dsv'
[1.218s] INFO:colcon.colcon_core.shell:Creating environment hook '/home/ashy/abaja_ros2_dev/install/inertial_msgs/share/inertial_msgs/hook/ld_library_path_lib.sh'
[1.218s] Level 1:colcon.colcon_core.environment:checking '/home/ashy/abaja_ros2_dev/install/inertial_msgs/bin'
[1.218s] Level 1:colcon.colcon_core.environment:checking '/home/ashy/abaja_ros2_dev/install/inertial_msgs/lib/pkgconfig/inertial_msgs.pc'
[1.219s] Level 1:colcon.colcon_core.environment:checking '/home/ashy/abaja_ros2_dev/install/inertial_msgs/lib/python3.10/site-packages'
[1.219s] Level 1:colcon.colcon_core.environment:checking '/home/ashy/abaja_ros2_dev/install/inertial_msgs/bin'
[1.219s] INFO:colcon.colcon_core.shell:Creating package script '/home/ashy/abaja_ros2_dev/install/inertial_msgs/share/inertial_msgs/package.ps1'
[1.219s] INFO:colcon.colcon_core.shell:Creating package descriptor '/home/ashy/abaja_ros2_dev/install/inertial_msgs/share/inertial_msgs/package.dsv'
[1.220s] INFO:colcon.colcon_core.shell:Creating package script '/home/ashy/abaja_ros2_dev/install/inertial_msgs/share/inertial_msgs/package.sh'
[1.220s] INFO:colcon.colcon_core.shell:Creating package script '/home/ashy/abaja_ros2_dev/install/inertial_msgs/share/inertial_msgs/package.bash'
[1.220s] INFO:colcon.colcon_core.shell:Creating package script '/home/ashy/abaja_ros2_dev/install/inertial_msgs/share/inertial_msgs/package.zsh'
[1.221s] Level 1:colcon.colcon_core.environment:create_file_with_runtime_dependencies(/home/ashy/abaja_ros2_dev/install/inertial_msgs/share/colcon-core/packages/inertial_msgs)
[1.221s] Level 1:colcon.colcon_core.environment:create_environment_scripts_only(radar_msgs)
[1.221s] Level 1:colcon.colcon_core.environment:checking '/home/ashy/abaja_ros2_dev/install/radar_msgs' for CMake module files
[1.222s] DEBUG:colcon.colcon_core.event_handler.log_command:Invoked command in '/home/ashy/abaja_ros2_dev/build/radar_msgs' returned '0': CMAKE_PREFIX_PATH=/opt/ros/humble /usr/bin/cmake --install /home/ashy/abaja_ros2_dev/build/radar_msgs
[1.222s] Level 1:colcon.colcon_core.environment:checking '/home/ashy/abaja_ros2_dev/install/radar_msgs' for CMake config files
[1.223s] Level 1:colcon.colcon_core.shell:create_environment_hook('radar_msgs', 'cmake_prefix_path')
[1.223s] INFO:colcon.colcon_core.shell:Creating environment hook '/home/ashy/abaja_ros2_dev/install/radar_msgs/share/radar_msgs/hook/cmake_prefix_path.ps1'
[1.223s] INFO:colcon.colcon_core.shell:Creating environment descriptor '/home/ashy/abaja_ros2_dev/install/radar_msgs/share/radar_msgs/hook/cmake_prefix_path.dsv'
[1.223s] INFO:colcon.colcon_core.shell:Creating environment hook '/home/ashy/abaja_ros2_dev/install/radar_msgs/share/radar_msgs/hook/cmake_prefix_path.sh'
[1.224s] Level 1:colcon.colcon_core.environment:checking '/home/ashy/abaja_ros2_dev/install/radar_msgs/lib'
[1.224s] Level 1:colcon.colcon_core.shell:create_environment_hook('radar_msgs', 'ld_library_path_lib')
[1.224s] INFO:colcon.colcon_core.shell:Creating environment hook '/home/ashy/abaja_ros2_dev/install/radar_msgs/share/radar_msgs/hook/ld_library_path_lib.ps1'
[1.225s] INFO:colcon.colcon_core.shell:Creating environment descriptor '/home/ashy/abaja_ros2_dev/install/radar_msgs/share/radar_msgs/hook/ld_library_path_lib.dsv'
[1.225s] INFO:colcon.colcon_core.shell:Creating environment hook '/home/ashy/abaja_ros2_dev/install/radar_msgs/share/radar_msgs/hook/ld_library_path_lib.sh'
[1.225s] Level 1:colcon.colcon_core.environment:checking '/home/ashy/abaja_ros2_dev/install/radar_msgs/bin'
[1.225s] Level 1:colcon.colcon_core.environment:checking '/home/ashy/abaja_ros2_dev/install/radar_msgs/lib/pkgconfig/radar_msgs.pc'
[1.226s] Level 1:colcon.colcon_core.environment:checking '/home/ashy/abaja_ros2_dev/install/radar_msgs/lib/python3.10/site-packages'
[1.226s] Level 1:colcon.colcon_core.environment:checking '/home/ashy/abaja_ros2_dev/install/radar_msgs/bin'
[1.226s] INFO:colcon.colcon_core.shell:Creating package script '/home/ashy/abaja_ros2_dev/install/radar_msgs/share/radar_msgs/package.ps1'
[1.227s] INFO:colcon.colcon_core.shell:Creating package descriptor '/home/ashy/abaja_ros2_dev/install/radar_msgs/share/radar_msgs/package.dsv'
[1.227s] INFO:colcon.colcon_core.shell:Creating package script '/home/ashy/abaja_ros2_dev/install/radar_msgs/share/radar_msgs/package.sh'
[1.227s] INFO:colcon.colcon_core.shell:Creating package script '/home/ashy/abaja_ros2_dev/install/radar_msgs/share/radar_msgs/package.bash'
[1.228s] INFO:colcon.colcon_core.shell:Creating package script '/home/ashy/abaja_ros2_dev/install/radar_msgs/share/radar_msgs/package.zsh'
[1.228s] Level 1:colcon.colcon_core.environment:create_file_with_runtime_dependencies(/home/ashy/abaja_ros2_dev/install/radar_msgs/share/colcon-core/packages/radar_msgs)
[1.228s] Level 1:colcon.colcon_core.environment:create_environment_scripts_only(radar_msgs)
[1.229s] Level 1:colcon.colcon_core.environment:checking '/home/ashy/abaja_ros2_dev/install/radar_msgs' for CMake module files
[1.229s] Level 1:colcon.colcon_core.environment:checking '/home/ashy/abaja_ros2_dev/install/radar_msgs' for CMake config files
[1.230s] Level 1:colcon.colcon_core.shell:create_environment_hook('radar_msgs', 'cmake_prefix_path')
[1.230s] INFO:colcon.colcon_core.shell:Creating environment hook '/home/ashy/abaja_ros2_dev/install/radar_msgs/share/radar_msgs/hook/cmake_prefix_path.ps1'
[1.231s] INFO:colcon.colcon_core.shell:Creating environment descriptor '/home/ashy/abaja_ros2_dev/install/radar_msgs/share/radar_msgs/hook/cmake_prefix_path.dsv'
[1.231s] INFO:colcon.colcon_core.shell:Creating environment hook '/home/ashy/abaja_ros2_dev/install/radar_msgs/share/radar_msgs/hook/cmake_prefix_path.sh'
[1.232s] Level 1:colcon.colcon_core.environment:checking '/home/ashy/abaja_ros2_dev/install/radar_msgs/lib'
[1.232s] Level 1:colcon.colcon_core.shell:create_environment_hook('radar_msgs', 'ld_library_path_lib')
[1.232s] INFO:colcon.colcon_core.shell:Creating environment hook '/home/ashy/abaja_ros2_dev/install/radar_msgs/share/radar_msgs/hook/ld_library_path_lib.ps1'
[1.233s] INFO:colcon.colcon_core.shell:Creating environment descriptor '/home/ashy/abaja_ros2_dev/install/radar_msgs/share/radar_msgs/hook/ld_library_path_lib.dsv'
[1.233s] INFO:colcon.colcon_core.shell:Creating environment hook '/home/ashy/abaja_ros2_dev/install/radar_msgs/share/radar_msgs/hook/ld_library_path_lib.sh'
[1.233s] Level 1:colcon.colcon_core.environment:checking '/home/ashy/abaja_ros2_dev/install/radar_msgs/bin'
[1.233s] Level 1:colcon.colcon_core.environment:checking '/home/ashy/abaja_ros2_dev/install/radar_msgs/lib/pkgconfig/radar_msgs.pc'
[1.233s] Level 1:colcon.colcon_core.environment:checking '/home/ashy/abaja_ros2_dev/install/radar_msgs/lib/python3.10/site-packages'
[1.234s] Level 1:colcon.colcon_core.environment:checking '/home/ashy/abaja_ros2_dev/install/radar_msgs/bin'
[1.234s] INFO:colcon.colcon_core.shell:Creating package script '/home/ashy/abaja_ros2_dev/install/radar_msgs/share/radar_msgs/package.ps1'
[1.234s] INFO:colcon.colcon_core.shell:Creating package descriptor '/home/ashy/abaja_ros2_dev/install/radar_msgs/share/radar_msgs/package.dsv'
[1.235s] INFO:colcon.colcon_core.shell:Creating package script '/home/ashy/abaja_ros2_dev/install/radar_msgs/share/radar_msgs/package.sh'
[1.235s] INFO:colcon.colcon_core.shell:Creating package script '/home/ashy/abaja_ros2_dev/install/radar_msgs/share/radar_msgs/package.bash'
[1.235s] INFO:colcon.colcon_core.shell:Creating package script '/home/ashy/abaja_ros2_dev/install/radar_msgs/share/radar_msgs/package.zsh'
[1.235s] Level 1:colcon.colcon_core.environment:create_file_with_runtime_dependencies(/home/ashy/abaja_ros2_dev/install/radar_msgs/share/colcon-core/packages/radar_msgs)
[1.912s] DEBUG:colcon.colcon_core.event_handler.log_command:Invoked command in '/home/ashy/abaja_ros2_dev/build/caninterface' returned '0': CMAKE_PREFIX_PATH=/opt/ros/humble /usr/bin/cmake /home/ashy/abaja_ros2_dev/src/caninterface -DCMAKE_INSTALL_PREFIX=/home/ashy/abaja_ros2_dev/install/caninterface
[1.914s] DEBUG:colcon.colcon_core.event_handler.log_command:Invoking command in '/home/ashy/abaja_ros2_dev/build/caninterface': CMAKE_PREFIX_PATH=/opt/ros/humble /usr/bin/cmake --build /home/ashy/abaja_ros2_dev/build/caninterface -- -j16 -l16
[1.948s] DEBUG:colcon.colcon_core.event_handler.log_command:Invoked command in '/home/ashy/abaja_ros2_dev/build/caninterface' returned '0': CMAKE_PREFIX_PATH=/opt/ros/humble /usr/bin/cmake --build /home/ashy/abaja_ros2_dev/build/caninterface -- -j16 -l16
[1.949s] DEBUG:colcon.colcon_core.event_handler.log_command:Invoking command in '/home/ashy/abaja_ros2_dev/build/caninterface': CMAKE_PREFIX_PATH=/opt/ros/humble /usr/bin/cmake --install /home/ashy/abaja_ros2_dev/build/caninterface
[1.957s] DEBUG:colcon.colcon_core.event_handler.log_command:Invoked command in '/home/ashy/abaja_ros2_dev/build/caninterface' returned '1': CMAKE_PREFIX_PATH=/opt/ros/humble /usr/bin/cmake --install /home/ashy/abaja_ros2_dev/build/caninterface
[1.957s] Level 1:colcon.colcon_core.environment:create_environment_scripts_only(caninterface)
[1.957s] Level 1:colcon.colcon_core.environment:checking '/home/ashy/abaja_ros2_dev/install/caninterface' for CMake module files
[1.958s] Level 1:colcon.colcon_core.environment:checking '/home/ashy/abaja_ros2_dev/install/caninterface' for CMake config files
[1.958s] Level 1:colcon.colcon_core.environment:checking '/home/ashy/abaja_ros2_dev/install/caninterface/lib'
[1.958s] Level 1:colcon.colcon_core.environment:checking '/home/ashy/abaja_ros2_dev/install/caninterface/bin'
[1.958s] Level 1:colcon.colcon_core.environment:checking '/home/ashy/abaja_ros2_dev/install/caninterface/lib/pkgconfig/caninterface.pc'
[1.958s] Level 1:colcon.colcon_core.environment:checking '/home/ashy/abaja_ros2_dev/install/caninterface/lib/python3.10/site-packages'
[1.958s] Level 1:colcon.colcon_core.environment:checking '/home/ashy/abaja_ros2_dev/install/caninterface/bin'
[1.958s] INFO:colcon.colcon_core.shell:Creating package script '/home/ashy/abaja_ros2_dev/install/caninterface/share/caninterface/package.ps1'
[1.958s] INFO:colcon.colcon_core.shell:Creating package descriptor '/home/ashy/abaja_ros2_dev/install/caninterface/share/caninterface/package.dsv'
[1.959s] INFO:colcon.colcon_core.shell:Creating package script '/home/ashy/abaja_ros2_dev/install/caninterface/share/caninterface/package.sh'
[1.959s] INFO:colcon.colcon_core.shell:Creating package script '/home/ashy/abaja_ros2_dev/install/caninterface/share/caninterface/package.bash'
[1.959s] INFO:colcon.colcon_core.shell:Creating package script '/home/ashy/abaja_ros2_dev/install/caninterface/share/caninterface/package.zsh'
[1.959s] Level 1:colcon.colcon_core.environment:create_file_with_runtime_dependencies(/home/ashy/abaja_ros2_dev/install/caninterface/share/colcon-core/packages/caninterface)
[1.969s] DEBUG:colcon.colcon_parallel_executor.executor.parallel:closing loop
[1.970s] DEBUG:colcon.colcon_parallel_executor.executor.parallel:loop closed
[1.970s] DEBUG:colcon.colcon_parallel_executor.executor.parallel:run_until_complete finished with '1'
[1.970s] DEBUG:colcon.colcon_core.event_reactor:joining thread
[1.974s] INFO:colcon.colcon_core.plugin_system:Skipping extension 'colcon_notification.desktop_notification.terminal_notifier': Not used on non-Darwin systems
[1.974s] INFO:colcon.colcon_core.plugin_system:Skipping extension 'colcon_notification.desktop_notification.win32': Not used on non-Windows systems
[1.974s] INFO:colcon.colcon_notification.desktop_notification:Sending desktop notification using 'notify2'
[1.983s] DEBUG:colcon.colcon_core.event_reactor:joined thread
[1.984s] INFO:colcon.colcon_core.shell:Creating prefix script '/home/ashy/abaja_ros2_dev/install/local_setup.ps1'
[1.986s] INFO:colcon.colcon_core.shell:Creating prefix util module '/home/ashy/abaja_ros2_dev/install/_local_setup_util_ps1.py'
[1.987s] INFO:colcon.colcon_core.shell:Creating prefix chain script '/home/ashy/abaja_ros2_dev/install/setup.ps1'
[1.987s] INFO:colcon.colcon_core.shell:Creating prefix script '/home/ashy/abaja_ros2_dev/install/local_setup.sh'
[1.988s] INFO:colcon.colcon_core.shell:Creating prefix util module '/home/ashy/abaja_ros2_dev/install/_local_setup_util_sh.py'
[1.989s] INFO:colcon.colcon_core.shell:Creating prefix chain script '/home/ashy/abaja_ros2_dev/install/setup.sh'
[1.989s] INFO:colcon.colcon_core.shell:Creating prefix script '/home/ashy/abaja_ros2_dev/install/local_setup.bash'
[1.990s] INFO:colcon.colcon_core.shell:Creating prefix chain script '/home/ashy/abaja_ros2_dev/install/setup.bash'
[1.990s] INFO:colcon.colcon_core.shell:Creating prefix script '/home/ashy/abaja_ros2_dev/install/local_setup.zsh'
[1.991s] INFO:colcon.colcon_core.shell:Creating prefix chain script '/home/ashy/abaja_ros2_dev/install/setup.zsh'
