[0.050s] Invoking command in '/home/ashy/ROS2-ABAJA-DEV/build/aeb': CMAKE_PREFIX_PATH=/opt/ros/humble /usr/bin/cmake /home/ashy/ROS2-ABAJA-DEV/src/aeb -DCMAKE_INSTALL_PREFIX=/home/ashy/ROS2-ABAJA-DEV/install/aeb
[0.145s] -- The C compiler identification is GNU 11.4.0
[0.221s] -- The CXX compiler identification is GNU 11.4.0
[0.233s] -- Detecting C compiler ABI info
[0.331s] -- Detecting C compiler ABI info - done
[0.340s] -- Check for working C compiler: /usr/bin/cc - skipped
[0.340s] -- Detecting C compile features
[0.341s] -- Detecting C compile features - done
[0.344s] -- Detecting CXX compiler ABI info
[0.445s] -- Detecting CXX compiler ABI info - done
[0.452s] -- Check for working CXX compiler: /usr/bin/c++ - skipped
[0.453s] -- Detecting CXX compile features
[0.454s] -- Detecting CXX compile features - done
[0.460s] -- Found ament_cmake: 1.3.11 (/opt/ros/humble/share/ament_cmake/cmake)
[0.806s] -- Found Python3: /usr/bin/python3 (found version "3.10.12") found components: Interpreter 
[0.899s] -- Found rclcpp: 16.0.12 (/opt/ros/humble/share/rclcpp/cmake)
[0.946s] -- Found rosidl_generator_c: 3.1.6 (/opt/ros/humble/share/rosidl_generator_c/cmake)
[0.950s] -- Found rosidl_adapter: 3.1.6 (/opt/ros/humble/share/rosidl_adapter/cmake)
[0.958s] -- Found rosidl_generator_cpp: 3.1.6 (/opt/ros/humble/share/rosidl_generator_cpp/cmake)
[0.970s] -- Using all available rosidl_typesupport_c: rosidl_typesupport_fastrtps_c;rosidl_typesupport_introspection_c
[0.982s] -- Using all available rosidl_typesupport_cpp: rosidl_typesupport_fastrtps_cpp;rosidl_typesupport_introspection_cpp
[1.029s] -- Found rmw_implementation_cmake: 6.1.2 (/opt/ros/humble/share/rmw_implementation_cmake/cmake)
[1.032s] -- Found rmw_fastrtps_cpp: 6.2.7 (/opt/ros/humble/share/rmw_fastrtps_cpp/cmake)
[1.114s] -- Found OpenSSL: /usr/lib/x86_64-linux-gnu/libcrypto.so (found version "3.0.2")  
[1.140s] -- Found FastRTPS: /opt/ros/humble/include  
[1.178s] -- Using RMW implementation 'rmw_fastrtps_cpp' as default
[1.186s] -- Looking for pthread.h
[1.251s] -- Looking for pthread.h - found
[1.251s] -- Performing Test CMAKE_HAVE_LIBC_PTHREAD
[1.315s] -- Performing Test CMAKE_HAVE_LIBC_PTHREAD - Success
[1.316s] -- Found Threads: TRUE  
[1.359s] -- Found rclpy: 3.3.16 (/opt/ros/humble/share/rclpy/cmake)
[1.360s] -- Found sensor_msgs: 4.9.0 (/opt/ros/humble/share/sensor_msgs/cmake)
[1.382s] -- Found ament_lint_auto: 0.12.12 (/opt/ros/humble/share/ament_lint_auto/cmake)
[1.452s] -- Added test 'flake8' to check Python code syntax and style conventions
[1.452s] -- Added test 'lint_cmake' to check CMake code style
[1.452s] -- Added test 'pep257' to check Python code against some of the docstring style conventions in PEP 257
[1.454s] -- Added test 'xmllint' to check XML markup files
[1.455s] -- Configuring done
[1.459s] -- Generating done
[1.462s] -- Build files have been written to: /home/ashy/ROS2-ABAJA-DEV/build/aeb
[1.472s] Invoked command in '/home/ashy/ROS2-ABAJA-DEV/build/aeb' returned '0': CMAKE_PREFIX_PATH=/opt/ros/humble /usr/bin/cmake /home/ashy/ROS2-ABAJA-DEV/src/aeb -DCMAKE_INSTALL_PREFIX=/home/ashy/ROS2-ABAJA-DEV/install/aeb
[1.474s] Invoking command in '/home/ashy/ROS2-ABAJA-DEV/build/aeb': CMAKE_PREFIX_PATH=/opt/ros/humble /usr/bin/cmake --build /home/ashy/ROS2-ABAJA-DEV/build/aeb -- -j16 -l16
[1.519s] Invoked command in '/home/ashy/ROS2-ABAJA-DEV/build/aeb' returned '0': CMAKE_PREFIX_PATH=/opt/ros/humble /usr/bin/cmake --build /home/ashy/ROS2-ABAJA-DEV/build/aeb -- -j16 -l16
[1.520s] Invoking command in '/home/ashy/ROS2-ABAJA-DEV/build/aeb': CMAKE_PREFIX_PATH=/opt/ros/humble /usr/bin/cmake --install /home/ashy/ROS2-ABAJA-DEV/build/aeb
[1.528s] -- Install configuration: ""
[1.528s] -- Installing: /home/ashy/ROS2-ABAJA-DEV/install/aeb/lib/aeb/aeb.py
[1.528s] -- Installing: /home/ashy/ROS2-ABAJA-DEV/install/aeb/share/ament_index/resource_index/package_run_dependencies/aeb
[1.528s] -- Installing: /home/ashy/ROS2-ABAJA-DEV/install/aeb/share/ament_index/resource_index/parent_prefix_path/aeb
[1.528s] -- Installing: /home/ashy/ROS2-ABAJA-DEV/install/aeb/share/aeb/environment/ament_prefix_path.sh
[1.529s] -- Installing: /home/ashy/ROS2-ABAJA-DEV/install/aeb/share/aeb/environment/ament_prefix_path.dsv
[1.529s] -- Installing: /home/ashy/ROS2-ABAJA-DEV/install/aeb/share/aeb/environment/path.sh
[1.529s] -- Installing: /home/ashy/ROS2-ABAJA-DEV/install/aeb/share/aeb/environment/path.dsv
[1.529s] -- Installing: /home/ashy/ROS2-ABAJA-DEV/install/aeb/share/aeb/local_setup.bash
[1.530s] -- Installing: /home/ashy/ROS2-ABAJA-DEV/install/aeb/share/aeb/local_setup.sh
[1.530s] -- Installing: /home/ashy/ROS2-ABAJA-DEV/install/aeb/share/aeb/local_setup.zsh
[1.530s] -- Installing: /home/ashy/ROS2-ABAJA-DEV/install/aeb/share/aeb/local_setup.dsv
[1.530s] -- Installing: /home/ashy/ROS2-ABAJA-DEV/install/aeb/share/aeb/package.dsv
[1.530s] -- Installing: /home/ashy/ROS2-ABAJA-DEV/install/aeb/share/ament_index/resource_index/packages/aeb
[1.530s] -- Installing: /home/ashy/ROS2-ABAJA-DEV/install/aeb/share/aeb/cmake/aebConfig.cmake
[1.530s] -- Installing: /home/ashy/ROS2-ABAJA-DEV/install/aeb/share/aeb/cmake/aebConfig-version.cmake
[1.530s] -- Installing: /home/ashy/ROS2-ABAJA-DEV/install/aeb/share/aeb/package.xml
[1.543s] Invoked command in '/home/ashy/ROS2-ABAJA-DEV/build/aeb' returned '0': CMAKE_PREFIX_PATH=/opt/ros/humble /usr/bin/cmake --install /home/ashy/ROS2-ABAJA-DEV/build/aeb
