[0.036s] Invoking command in '/home/ashy/abaja_ros2_dev/build/aeb': CMAKE_PREFIX_PATH=/opt/ros/humble /usr/bin/cmake --build /home/ashy/abaja_ros2_dev/build/aeb -- -j16 -l16
[0.092s] Invoked command in '/home/ashy/abaja_ros2_dev/build/aeb' returned '0': CMAKE_PREFIX_PATH=/opt/ros/humble /usr/bin/cmake --build /home/ashy/abaja_ros2_dev/build/aeb -- -j16 -l16
[0.107s] Invoking command in '/home/ashy/abaja_ros2_dev/build/aeb': CMAKE_PREFIX_PATH=/opt/ros/humble /usr/bin/cmake --install /home/ashy/abaja_ros2_dev/build/aeb
[0.117s] -- Install configuration: ""
[0.117s] -- Up-to-date: /home/ashy/abaja_ros2_dev/install/aeb/lib/aeb/aeb.py
[0.118s] -- Up-to-date: /home/ashy/abaja_ros2_dev/install/aeb/share/ament_index/resource_index/package_run_dependencies/aeb
[0.118s] -- Up-to-date: /home/ashy/abaja_ros2_dev/install/aeb/share/ament_index/resource_index/parent_prefix_path/aeb
[0.118s] -- Up-to-date: /home/ashy/abaja_ros2_dev/install/aeb/share/aeb/environment/ament_prefix_path.sh
[0.118s] -- Up-to-date: /home/ashy/abaja_ros2_dev/install/aeb/share/aeb/environment/ament_prefix_path.dsv
[0.118s] -- Up-to-date: /home/ashy/abaja_ros2_dev/install/aeb/share/aeb/environment/path.sh
[0.118s] -- Up-to-date: /home/ashy/abaja_ros2_dev/install/aeb/share/aeb/environment/path.dsv
[0.118s] -- Up-to-date: /home/ashy/abaja_ros2_dev/install/aeb/share/aeb/local_setup.bash
[0.118s] -- Up-to-date: /home/ashy/abaja_ros2_dev/install/aeb/share/aeb/local_setup.sh
[0.119s] -- Up-to-date: /home/ashy/abaja_ros2_dev/install/aeb/share/aeb/local_setup.zsh
[0.119s] -- Up-to-date: /home/ashy/abaja_ros2_dev/install/aeb/share/aeb/local_setup.dsv
[0.119s] -- Up-to-date: /home/ashy/abaja_ros2_dev/install/aeb/share/aeb/package.dsv
[0.119s] -- Up-to-date: /home/ashy/abaja_ros2_dev/install/aeb/share/ament_index/resource_index/packages/aeb
[0.119s] -- Up-to-date: /home/ashy/abaja_ros2_dev/install/aeb/share/aeb/cmake/aebConfig.cmake
[0.119s] -- Up-to-date: /home/ashy/abaja_ros2_dev/install/aeb/share/aeb/cmake/aebConfig-version.cmake
[0.119s] -- Up-to-date: /home/ashy/abaja_ros2_dev/install/aeb/share/aeb/package.xml
[0.123s] Invoked command in '/home/ashy/abaja_ros2_dev/build/aeb' returned '0': CMAKE_PREFIX_PATH=/opt/ros/humble /usr/bin/cmake --install /home/ashy/abaja_ros2_dev/build/aeb
