[0.017s] Invoking command in '/home/ashy/abaja_ros2_dev/build/vehiclecontrol': CMAKE_PREFIX_PATH=/opt/ros/humble /usr/bin/cmake /home/ashy/abaja_ros2_dev/src/vehiclecontrol -DCMAKE_INSTALL_PREFIX=/home/ashy/abaja_ros2_dev/install/vehiclecontrol
[0.134s] -- The C compiler identification is GNU 11.4.0
[0.239s] -- The CXX compiler identification is GNU 11.4.0
[0.252s] -- Detecting C compiler ABI info
[0.350s] -- Detecting C compiler ABI info - done
[0.358s] -- Check for working C compiler: /usr/bin/cc - skipped
[0.358s] -- Detecting C compile features
[0.359s] -- Detecting C compile features - done
[0.364s] -- Detecting CXX compiler ABI info
[0.479s] -- Detecting CXX compiler ABI info - done
[0.488s] -- Check for working CXX compiler: /usr/bin/c++ - skipped
[0.488s] -- Detecting CXX compile features
[0.488s] -- Detecting CXX compile features - done
[0.496s] -- Found ament_cmake: 1.3.11 (/opt/ros/humble/share/ament_cmake/cmake)
[0.883s] -- Found Python3: /usr/bin/python3 (found version "3.10.12") found components: Interpreter 
[0.978s] -- Found rosidl_default_generators: 1.2.0 (/opt/ros/humble/share/rosidl_default_generators/cmake)
[0.982s] -- Using all available rosidl_typesupport_c: rosidl_typesupport_fastrtps_c;rosidl_typesupport_introspection_c
[0.990s] -- Found rosidl_adapter: 3.1.6 (/opt/ros/humble/share/rosidl_adapter/cmake)
[1.041s] -- Using all available rosidl_typesupport_cpp: rosidl_typesupport_fastrtps_cpp;rosidl_typesupport_introspection_cpp
[1.073s] -- Found builtin_interfaces: 1.2.1 (/opt/ros/humble/share/builtin_interfaces/cmake)
[1.270s] -- Found ament_cmake_ros: 0.10.0 (/opt/ros/humble/share/ament_cmake_ros/cmake)
[1.410s] -- Using all available rosidl_typesupport_c: rosidl_typesupport_fastrtps_c;rosidl_typesupport_introspection_c
[1.586s] -- Using all available rosidl_typesupport_cpp: rosidl_typesupport_fastrtps_cpp;rosidl_typesupport_introspection_cpp
[1.603s] -- Found PythonInterp: /usr/bin/python3 (found suitable version "3.10.12", minimum required is "3.6") 
[1.604s] -- Found python_cmake_module: 0.10.0 (/opt/ros/humble/share/python_cmake_module/cmake)
[1.627s] -- Found PythonLibs: /usr/lib/x86_64-linux-gnu/libpython3.10.so (found suitable version "3.10.12", minimum required is "3.5") 
[1.627s] -- Using PYTHON_EXECUTABLE: /usr/bin/python3
[1.627s] -- Using PYTHON_INCLUDE_DIRS: /usr/include/python3.10
[1.627s] -- Using PYTHON_LIBRARIES: /usr/lib/x86_64-linux-gnu/libpython3.10.so
[1.640s] -- Found PythonExtra: .so  
[1.670s] -- Configuring done
[1.692s] -- Generating done
[1.698s] -- Build files have been written to: /home/ashy/abaja_ros2_dev/build/vehiclecontrol
[1.705s] Invoked command in '/home/ashy/abaja_ros2_dev/build/vehiclecontrol' returned '0': CMAKE_PREFIX_PATH=/opt/ros/humble /usr/bin/cmake /home/ashy/abaja_ros2_dev/src/vehiclecontrol -DCMAKE_INSTALL_PREFIX=/home/ashy/abaja_ros2_dev/install/vehiclecontrol
[1.707s] Invoking command in '/home/ashy/abaja_ros2_dev/build/vehiclecontrol': CMAKE_PREFIX_PATH=/opt/ros/humble /usr/bin/cmake --build /home/ashy/abaja_ros2_dev/build/vehiclecontrol -- -j16 -l16
[1.739s] [  3%] [34m[1mGenerating C code for ROS interfaces[0m
[1.746s] [  6%] [34m[1mGenerating C++ code for ROS interfaces[0m
[1.753s] [  6%] Built target ament_cmake_python_copy_vehiclecontrol
[1.891s] [  6%] Built target vehiclecontrol__cpp
[1.896s] [  9%] [32mBuilding C object CMakeFiles/vehiclecontrol__rosidl_generator_c.dir/rosidl_generator_c/vehiclecontrol/msg/detail/control__functions.c.o[0m
[1.899s] [ 16%] [34m[1mGenerating C++ type support for eProsima Fast-RTPS[0m
[1.899s] [ 16%] [34m[1mGenerating C++ type support dispatch for ROS interfaces[0m
[1.900s] [ 19%] [34m[1mGenerating C++ introspection for ROS interfaces[0m
[1.911s] running egg_info
[1.925s] creating vehiclecontrol.egg-info
[1.926s] writing vehiclecontrol.egg-info/PKG-INFO
[1.926s] writing dependency_links to vehiclecontrol.egg-info/dependency_links.txt
[1.926s] writing top-level names to vehiclecontrol.egg-info/top_level.txt
[1.926s] writing manifest file 'vehiclecontrol.egg-info/SOURCES.txt'
[1.943s] [ 22%] [32m[1mLinking C shared library libvehiclecontrol__rosidl_generator_c.so[0m
[1.965s] reading manifest file 'vehiclecontrol.egg-info/SOURCES.txt'
[1.965s] writing manifest file 'vehiclecontrol.egg-info/SOURCES.txt'
[1.973s] [ 22%] Built target vehiclecontrol__rosidl_generator_c
[1.982s] [ 32%] [34m[1mGenerating C type support dispatch for ROS interfaces[0m
[1.982s] [ 32%] [34m[1mGenerating C introspection for ROS interfaces[0m
[1.982s] [ 32%] [34m[1mGenerating C type support for eProsima Fast-RTPS[0m
[1.989s] [ 32%] Built target ament_cmake_python_build_vehiclecontrol_egg
[2.046s] [ 35%] [32mBuilding CXX object CMakeFiles/vehiclecontrol__rosidl_typesupport_cpp.dir/rosidl_typesupport_cpp/vehiclecontrol/msg/control__type_support.cpp.o[0m
[2.058s] [ 41%] [32mBuilding CXX object CMakeFiles/vehiclecontrol__rosidl_typesupport_fastrtps_cpp.dir/rosidl_typesupport_fastrtps_cpp/vehiclecontrol/msg/detail/dds_fastrtps/control__type_support.cpp.o[0m
[2.058s] [ 41%] [32mBuilding CXX object CMakeFiles/vehiclecontrol__rosidl_typesupport_introspection_cpp.dir/rosidl_typesupport_introspection_cpp/vehiclecontrol/msg/detail/control__type_support.cpp.o[0m
[2.136s] [ 45%] [32mBuilding CXX object CMakeFiles/vehiclecontrol__rosidl_typesupport_c.dir/rosidl_typesupport_c/vehiclecontrol/msg/control__type_support.cpp.o[0m
[2.156s] [ 51%] [32mBuilding CXX object CMakeFiles/vehiclecontrol__rosidl_typesupport_fastrtps_c.dir/rosidl_typesupport_fastrtps_c/vehiclecontrol/msg/detail/control__type_support_c.cpp.o[0m
[2.156s] [ 51%] [32mBuilding C object CMakeFiles/vehiclecontrol__rosidl_typesupport_introspection_c.dir/rosidl_typesupport_introspection_c/vehiclecontrol/msg/detail/control__type_support.c.o[0m
[2.160s] [ 54%] [32m[1mLinking CXX shared library libvehiclecontrol__rosidl_typesupport_c.so[0m
[2.182s] [ 58%] [32m[1mLinking C shared library libvehiclecontrol__rosidl_typesupport_introspection_c.so[0m
[2.191s] [ 58%] Built target vehiclecontrol__rosidl_typesupport_c
[2.210s] [ 58%] Built target vehiclecontrol__rosidl_typesupport_introspection_c
[2.242s] [ 61%] [32m[1mLinking CXX shared library libvehiclecontrol__rosidl_typesupport_cpp.so[0m
[2.275s] [ 61%] Built target vehiclecontrol__rosidl_typesupport_cpp
[2.308s] [ 64%] [32m[1mLinking CXX shared library libvehiclecontrol__rosidl_typesupport_introspection_cpp.so[0m
[2.312s] [ 67%] [32m[1mLinking CXX shared library libvehiclecontrol__rosidl_typesupport_fastrtps_cpp.so[0m
[2.340s] [ 67%] Built target vehiclecontrol__rosidl_typesupport_introspection_cpp
[2.353s] [ 70%] [32m[1mLinking CXX shared library libvehiclecontrol__rosidl_typesupport_fastrtps_c.so[0m
[2.365s] [ 70%] Built target vehiclecontrol__rosidl_typesupport_fastrtps_cpp
[2.411s] [ 70%] Built target vehiclecontrol__rosidl_typesupport_fastrtps_c
[2.429s] [ 70%] Built target vehiclecontrol
[2.446s] [ 74%] [34m[1mGenerating Python code for ROS interfaces[0m
[2.621s] [ 74%] Built target vehiclecontrol__py
[2.640s] [ 77%] [32mBuilding C object CMakeFiles/vehiclecontrol__rosidl_generator_py.dir/rosidl_generator_py/vehiclecontrol/msg/_control_s.c.o[0m
[2.727s] [ 80%] [32m[1mLinking C shared library rosidl_generator_py/vehiclecontrol/libvehiclecontrol__rosidl_generator_py.so[0m
[2.762s] [ 80%] Built target vehiclecontrol__rosidl_generator_py
[2.780s] [ 90%] [32mBuilding C object CMakeFiles/vehiclecontrol__rosidl_typesupport_introspection_c__pyext.dir/rosidl_generator_py/vehiclecontrol/_vehiclecontrol_s.ep.rosidl_typesupport_introspection_c.c.o[0m
[2.780s] [ 90%] [32mBuilding C object CMakeFiles/vehiclecontrol__rosidl_typesupport_fastrtps_c__pyext.dir/rosidl_generator_py/vehiclecontrol/_vehiclecontrol_s.ep.rosidl_typesupport_fastrtps_c.c.o[0m
[2.780s] [ 90%] [32mBuilding C object CMakeFiles/vehiclecontrol__rosidl_typesupport_c__pyext.dir/rosidl_generator_py/vehiclecontrol/_vehiclecontrol_s.ep.rosidl_typesupport_c.c.o[0m
[2.846s] [100%] [32m[1mLinking C shared library rosidl_generator_py/vehiclecontrol/vehiclecontrol_s__rosidl_typesupport_introspection_c.cpython-310-x86_64-linux-gnu.so[0m
[2.846s] [100%] [32m[1mLinking C shared library rosidl_generator_py/vehiclecontrol/vehiclecontrol_s__rosidl_typesupport_c.cpython-310-x86_64-linux-gnu.so[0m
[2.846s] [100%] [32m[1mLinking C shared library rosidl_generator_py/vehiclecontrol/vehiclecontrol_s__rosidl_typesupport_fastrtps_c.cpython-310-x86_64-linux-gnu.so[0m
[2.874s] [100%] Built target vehiclecontrol__rosidl_typesupport_fastrtps_c__pyext
[2.874s] [100%] Built target vehiclecontrol__rosidl_typesupport_c__pyext
[2.875s] [100%] Built target vehiclecontrol__rosidl_typesupport_introspection_c__pyext
[2.884s] Invoked command in '/home/ashy/abaja_ros2_dev/build/vehiclecontrol' returned '0': CMAKE_PREFIX_PATH=/opt/ros/humble /usr/bin/cmake --build /home/ashy/abaja_ros2_dev/build/vehiclecontrol -- -j16 -l16
[2.886s] Invoking command in '/home/ashy/abaja_ros2_dev/build/vehiclecontrol': CMAKE_PREFIX_PATH=/opt/ros/humble /usr/bin/cmake --install /home/ashy/abaja_ros2_dev/build/vehiclecontrol
[2.893s] -- Install configuration: ""
[2.893s] -- Installing: /home/ashy/abaja_ros2_dev/install/vehiclecontrol/share/ament_index/resource_index/rosidl_interfaces/vehiclecontrol
[2.893s] -- Installing: /home/ashy/abaja_ros2_dev/install/vehiclecontrol/include/vehiclecontrol/vehiclecontrol
[2.893s] -- Installing: /home/ashy/abaja_ros2_dev/install/vehiclecontrol/include/vehiclecontrol/vehiclecontrol/msg
[2.893s] -- Installing: /home/ashy/abaja_ros2_dev/install/vehiclecontrol/include/vehiclecontrol/vehiclecontrol/msg/detail
[2.893s] -- Installing: /home/ashy/abaja_ros2_dev/install/vehiclecontrol/include/vehiclecontrol/vehiclecontrol/msg/detail/control__struct.h
[2.893s] -- Installing: /home/ashy/abaja_ros2_dev/install/vehiclecontrol/include/vehiclecontrol/vehiclecontrol/msg/detail/control__functions.c
[2.894s] -- Installing: /home/ashy/abaja_ros2_dev/install/vehiclecontrol/include/vehiclecontrol/vehiclecontrol/msg/detail/control__functions.h
[2.894s] -- Installing: /home/ashy/abaja_ros2_dev/install/vehiclecontrol/include/vehiclecontrol/vehiclecontrol/msg/detail/control__type_support.h
[2.894s] -- Installing: /home/ashy/abaja_ros2_dev/install/vehiclecontrol/include/vehiclecontrol/vehiclecontrol/msg/control.h
[2.894s] -- Installing: /home/ashy/abaja_ros2_dev/install/vehiclecontrol/include/vehiclecontrol/vehiclecontrol/msg/rosidl_generator_c__visibility_control.h
[2.894s] -- Installing: /home/ashy/abaja_ros2_dev/install/vehiclecontrol/share/vehiclecontrol/environment/library_path.sh
[2.894s] -- Installing: /home/ashy/abaja_ros2_dev/install/vehiclecontrol/share/vehiclecontrol/environment/library_path.dsv
[2.894s] -- Installing: /home/ashy/abaja_ros2_dev/install/vehiclecontrol/lib/libvehiclecontrol__rosidl_generator_c.so
[2.895s] -- Set runtime path of "/home/ashy/abaja_ros2_dev/install/vehiclecontrol/lib/libvehiclecontrol__rosidl_generator_c.so" to ""
[2.895s] -- Up-to-date: /home/ashy/abaja_ros2_dev/install/vehiclecontrol/include/vehiclecontrol/vehiclecontrol
[2.895s] -- Up-to-date: /home/ashy/abaja_ros2_dev/install/vehiclecontrol/include/vehiclecontrol/vehiclecontrol/msg
[2.895s] -- Up-to-date: /home/ashy/abaja_ros2_dev/install/vehiclecontrol/include/vehiclecontrol/vehiclecontrol/msg/detail
[2.895s] -- Installing: /home/ashy/abaja_ros2_dev/install/vehiclecontrol/include/vehiclecontrol/vehiclecontrol/msg/detail/control__rosidl_typesupport_fastrtps_c.h
[2.895s] -- Installing: /home/ashy/abaja_ros2_dev/install/vehiclecontrol/include/vehiclecontrol/vehiclecontrol/msg/rosidl_typesupport_fastrtps_c__visibility_control.h
[2.895s] -- Installing: /home/ashy/abaja_ros2_dev/install/vehiclecontrol/lib/libvehiclecontrol__rosidl_typesupport_fastrtps_c.so
[2.895s] -- Set runtime path of "/home/ashy/abaja_ros2_dev/install/vehiclecontrol/lib/libvehiclecontrol__rosidl_typesupport_fastrtps_c.so" to ""
[2.895s] -- Up-to-date: /home/ashy/abaja_ros2_dev/install/vehiclecontrol/include/vehiclecontrol/vehiclecontrol
[2.895s] -- Up-to-date: /home/ashy/abaja_ros2_dev/install/vehiclecontrol/include/vehiclecontrol/vehiclecontrol/msg
[2.895s] -- Up-to-date: /home/ashy/abaja_ros2_dev/install/vehiclecontrol/include/vehiclecontrol/vehiclecontrol/msg/detail
[2.895s] -- Installing: /home/ashy/abaja_ros2_dev/install/vehiclecontrol/include/vehiclecontrol/vehiclecontrol/msg/detail/control__rosidl_typesupport_introspection_c.h
[2.895s] -- Installing: /home/ashy/abaja_ros2_dev/install/vehiclecontrol/include/vehiclecontrol/vehiclecontrol/msg/detail/control__type_support.c
[2.895s] -- Installing: /home/ashy/abaja_ros2_dev/install/vehiclecontrol/include/vehiclecontrol/vehiclecontrol/msg/rosidl_typesupport_introspection_c__visibility_control.h
[2.896s] -- Installing: /home/ashy/abaja_ros2_dev/install/vehiclecontrol/lib/libvehiclecontrol__rosidl_typesupport_introspection_c.so
[2.896s] -- Set runtime path of "/home/ashy/abaja_ros2_dev/install/vehiclecontrol/lib/libvehiclecontrol__rosidl_typesupport_introspection_c.so" to ""
[2.896s] -- Installing: /home/ashy/abaja_ros2_dev/install/vehiclecontrol/lib/libvehiclecontrol__rosidl_typesupport_c.so
[2.896s] -- Set runtime path of "/home/ashy/abaja_ros2_dev/install/vehiclecontrol/lib/libvehiclecontrol__rosidl_typesupport_c.so" to ""
[2.896s] -- Up-to-date: /home/ashy/abaja_ros2_dev/install/vehiclecontrol/include/vehiclecontrol/vehiclecontrol
[2.896s] -- Up-to-date: /home/ashy/abaja_ros2_dev/install/vehiclecontrol/include/vehiclecontrol/vehiclecontrol/msg
[2.896s] -- Installing: /home/ashy/abaja_ros2_dev/install/vehiclecontrol/include/vehiclecontrol/vehiclecontrol/msg/rosidl_generator_cpp__visibility_control.hpp
[2.896s] -- Up-to-date: /home/ashy/abaja_ros2_dev/install/vehiclecontrol/include/vehiclecontrol/vehiclecontrol/msg/detail
[2.896s] -- Installing: /home/ashy/abaja_ros2_dev/install/vehiclecontrol/include/vehiclecontrol/vehiclecontrol/msg/detail/control__builder.hpp
[2.896s] -- Installing: /home/ashy/abaja_ros2_dev/install/vehiclecontrol/include/vehiclecontrol/vehiclecontrol/msg/detail/control__struct.hpp
[2.897s] -- Installing: /home/ashy/abaja_ros2_dev/install/vehiclecontrol/include/vehiclecontrol/vehiclecontrol/msg/detail/control__type_support.hpp
[2.897s] -- Installing: /home/ashy/abaja_ros2_dev/install/vehiclecontrol/include/vehiclecontrol/vehiclecontrol/msg/detail/control__traits.hpp
[2.897s] -- Installing: /home/ashy/abaja_ros2_dev/install/vehiclecontrol/include/vehiclecontrol/vehiclecontrol/msg/control.hpp
[2.897s] -- Up-to-date: /home/ashy/abaja_ros2_dev/install/vehiclecontrol/include/vehiclecontrol/vehiclecontrol
[2.897s] -- Up-to-date: /home/ashy/abaja_ros2_dev/install/vehiclecontrol/include/vehiclecontrol/vehiclecontrol/msg
[2.897s] -- Up-to-date: /home/ashy/abaja_ros2_dev/install/vehiclecontrol/include/vehiclecontrol/vehiclecontrol/msg/detail
[2.897s] -- Installing: /home/ashy/abaja_ros2_dev/install/vehiclecontrol/include/vehiclecontrol/vehiclecontrol/msg/detail/dds_fastrtps
[2.897s] -- Installing: /home/ashy/abaja_ros2_dev/install/vehiclecontrol/include/vehiclecontrol/vehiclecontrol/msg/detail/control__rosidl_typesupport_fastrtps_cpp.hpp
[2.897s] -- Installing: /home/ashy/abaja_ros2_dev/install/vehiclecontrol/include/vehiclecontrol/vehiclecontrol/msg/rosidl_typesupport_fastrtps_cpp__visibility_control.h
[2.897s] -- Installing: /home/ashy/abaja_ros2_dev/install/vehiclecontrol/lib/libvehiclecontrol__rosidl_typesupport_fastrtps_cpp.so
[2.897s] -- Set runtime path of "/home/ashy/abaja_ros2_dev/install/vehiclecontrol/lib/libvehiclecontrol__rosidl_typesupport_fastrtps_cpp.so" to ""
[2.897s] -- Up-to-date: /home/ashy/abaja_ros2_dev/install/vehiclecontrol/include/vehiclecontrol/vehiclecontrol
[2.898s] -- Up-to-date: /home/ashy/abaja_ros2_dev/install/vehiclecontrol/include/vehiclecontrol/vehiclecontrol/msg
[2.898s] -- Up-to-date: /home/ashy/abaja_ros2_dev/install/vehiclecontrol/include/vehiclecontrol/vehiclecontrol/msg/detail
[2.898s] -- Installing: /home/ashy/abaja_ros2_dev/install/vehiclecontrol/include/vehiclecontrol/vehiclecontrol/msg/detail/control__type_support.cpp
[2.898s] -- Installing: /home/ashy/abaja_ros2_dev/install/vehiclecontrol/include/vehiclecontrol/vehiclecontrol/msg/detail/control__rosidl_typesupport_introspection_cpp.hpp
[2.898s] -- Installing: /home/ashy/abaja_ros2_dev/install/vehiclecontrol/lib/libvehiclecontrol__rosidl_typesupport_introspection_cpp.so
[2.898s] -- Set runtime path of "/home/ashy/abaja_ros2_dev/install/vehiclecontrol/lib/libvehiclecontrol__rosidl_typesupport_introspection_cpp.so" to ""
[2.898s] -- Installing: /home/ashy/abaja_ros2_dev/install/vehiclecontrol/lib/libvehiclecontrol__rosidl_typesupport_cpp.so
[2.898s] -- Set runtime path of "/home/ashy/abaja_ros2_dev/install/vehiclecontrol/lib/libvehiclecontrol__rosidl_typesupport_cpp.so" to ""
[2.899s] -- Installing: /home/ashy/abaja_ros2_dev/install/vehiclecontrol/share/vehiclecontrol/environment/pythonpath.sh
[2.899s] -- Installing: /home/ashy/abaja_ros2_dev/install/vehiclecontrol/share/vehiclecontrol/environment/pythonpath.dsv
[2.899s] -- Installing: /home/ashy/abaja_ros2_dev/install/vehiclecontrol/local/lib/python3.10/dist-packages/vehiclecontrol-0.0.0-py3.10.egg-info
[2.899s] -- Installing: /home/ashy/abaja_ros2_dev/install/vehiclecontrol/local/lib/python3.10/dist-packages/vehiclecontrol-0.0.0-py3.10.egg-info/top_level.txt
[2.899s] -- Installing: /home/ashy/abaja_ros2_dev/install/vehiclecontrol/local/lib/python3.10/dist-packages/vehiclecontrol-0.0.0-py3.10.egg-info/PKG-INFO
[2.899s] -- Installing: /home/ashy/abaja_ros2_dev/install/vehiclecontrol/local/lib/python3.10/dist-packages/vehiclecontrol-0.0.0-py3.10.egg-info/dependency_links.txt
[2.899s] -- Installing: /home/ashy/abaja_ros2_dev/install/vehiclecontrol/local/lib/python3.10/dist-packages/vehiclecontrol-0.0.0-py3.10.egg-info/SOURCES.txt
[2.899s] -- Installing: /home/ashy/abaja_ros2_dev/install/vehiclecontrol/local/lib/python3.10/dist-packages/vehiclecontrol
[2.899s] -- Installing: /home/ashy/abaja_ros2_dev/install/vehiclecontrol/local/lib/python3.10/dist-packages/vehiclecontrol/_vehiclecontrol_s.ep.rosidl_typesupport_c.c
[2.899s] -- Installing: /home/ashy/abaja_ros2_dev/install/vehiclecontrol/local/lib/python3.10/dist-packages/vehiclecontrol/__init__.py
[2.900s] -- Installing: /home/ashy/abaja_ros2_dev/install/vehiclecontrol/local/lib/python3.10/dist-packages/vehiclecontrol/vehiclecontrol_s__rosidl_typesupport_introspection_c.cpython-310-x86_64-linux-gnu.so
[2.900s] -- Installing: /home/ashy/abaja_ros2_dev/install/vehiclecontrol/local/lib/python3.10/dist-packages/vehiclecontrol/vehiclecontrol_s__rosidl_typesupport_c.cpython-310-x86_64-linux-gnu.so
[2.900s] -- Installing: /home/ashy/abaja_ros2_dev/install/vehiclecontrol/local/lib/python3.10/dist-packages/vehiclecontrol/_vehiclecontrol_s.ep.rosidl_typesupport_fastrtps_c.c
[2.900s] -- Installing: /home/ashy/abaja_ros2_dev/install/vehiclecontrol/local/lib/python3.10/dist-packages/vehiclecontrol/vehiclecontrol_s__rosidl_typesupport_fastrtps_c.cpython-310-x86_64-linux-gnu.so
[2.900s] -- Installing: /home/ashy/abaja_ros2_dev/install/vehiclecontrol/local/lib/python3.10/dist-packages/vehiclecontrol/_vehiclecontrol_s.ep.rosidl_typesupport_introspection_c.c
[2.900s] -- Installing: /home/ashy/abaja_ros2_dev/install/vehiclecontrol/local/lib/python3.10/dist-packages/vehiclecontrol/msg
[2.900s] -- Installing: /home/ashy/abaja_ros2_dev/install/vehiclecontrol/local/lib/python3.10/dist-packages/vehiclecontrol/msg/__init__.py
[2.900s] -- Installing: /home/ashy/abaja_ros2_dev/install/vehiclecontrol/local/lib/python3.10/dist-packages/vehiclecontrol/msg/_control.py
[2.900s] -- Installing: /home/ashy/abaja_ros2_dev/install/vehiclecontrol/local/lib/python3.10/dist-packages/vehiclecontrol/msg/_control_s.c
[2.901s] -- Installing: /home/ashy/abaja_ros2_dev/install/vehiclecontrol/local/lib/python3.10/dist-packages/vehiclecontrol/libvehiclecontrol__rosidl_generator_py.so
[2.926s] Listing '/home/ashy/abaja_ros2_dev/install/vehiclecontrol/local/lib/python3.10/dist-packages/vehiclecontrol'...
[2.926s] Compiling '/home/ashy/abaja_ros2_dev/install/vehiclecontrol/local/lib/python3.10/dist-packages/vehiclecontrol/__init__.py'...
[2.926s] Listing '/home/ashy/abaja_ros2_dev/install/vehiclecontrol/local/lib/python3.10/dist-packages/vehiclecontrol/msg'...
[2.926s] Compiling '/home/ashy/abaja_ros2_dev/install/vehiclecontrol/local/lib/python3.10/dist-packages/vehiclecontrol/msg/__init__.py'...
[2.926s] Compiling '/home/ashy/abaja_ros2_dev/install/vehiclecontrol/local/lib/python3.10/dist-packages/vehiclecontrol/msg/_control.py'...
[2.929s] -- Installing: /home/ashy/abaja_ros2_dev/install/vehiclecontrol/local/lib/python3.10/dist-packages/vehiclecontrol/vehiclecontrol_s__rosidl_typesupport_fastrtps_c.cpython-310-x86_64-linux-gnu.so
[2.930s] -- Set runtime path of "/home/ashy/abaja_ros2_dev/install/vehiclecontrol/local/lib/python3.10/dist-packages/vehiclecontrol/vehiclecontrol_s__rosidl_typesupport_fastrtps_c.cpython-310-x86_64-linux-gnu.so" to ""
[2.930s] -- Installing: /home/ashy/abaja_ros2_dev/install/vehiclecontrol/local/lib/python3.10/dist-packages/vehiclecontrol/vehiclecontrol_s__rosidl_typesupport_introspection_c.cpython-310-x86_64-linux-gnu.so
[2.930s] -- Set runtime path of "/home/ashy/abaja_ros2_dev/install/vehiclecontrol/local/lib/python3.10/dist-packages/vehiclecontrol/vehiclecontrol_s__rosidl_typesupport_introspection_c.cpython-310-x86_64-linux-gnu.so" to ""
[2.930s] -- Installing: /home/ashy/abaja_ros2_dev/install/vehiclecontrol/local/lib/python3.10/dist-packages/vehiclecontrol/vehiclecontrol_s__rosidl_typesupport_c.cpython-310-x86_64-linux-gnu.so
[2.931s] -- Set runtime path of "/home/ashy/abaja_ros2_dev/install/vehiclecontrol/local/lib/python3.10/dist-packages/vehiclecontrol/vehiclecontrol_s__rosidl_typesupport_c.cpython-310-x86_64-linux-gnu.so" to ""
[2.931s] -- Installing: /home/ashy/abaja_ros2_dev/install/vehiclecontrol/lib/libvehiclecontrol__rosidl_generator_py.so
[2.931s] -- Set runtime path of "/home/ashy/abaja_ros2_dev/install/vehiclecontrol/lib/libvehiclecontrol__rosidl_generator_py.so" to ""
[2.931s] -- Installing: /home/ashy/abaja_ros2_dev/install/vehiclecontrol/share/vehiclecontrol/msg/Control.idl
[2.931s] -- Installing: /home/ashy/abaja_ros2_dev/install/vehiclecontrol/share/vehiclecontrol/msg/Control.msg
[2.932s] -- Installing: /home/ashy/abaja_ros2_dev/install/vehiclecontrol/share/ament_index/resource_index/package_run_dependencies/vehiclecontrol
[2.932s] -- Installing: /home/ashy/abaja_ros2_dev/install/vehiclecontrol/share/ament_index/resource_index/parent_prefix_path/vehiclecontrol
[2.932s] -- Installing: /home/ashy/abaja_ros2_dev/install/vehiclecontrol/share/vehiclecontrol/environment/ament_prefix_path.sh
[2.932s] -- Installing: /home/ashy/abaja_ros2_dev/install/vehiclecontrol/share/vehiclecontrol/environment/ament_prefix_path.dsv
[2.933s] -- Installing: /home/ashy/abaja_ros2_dev/install/vehiclecontrol/share/vehiclecontrol/environment/path.sh
[2.933s] -- Installing: /home/ashy/abaja_ros2_dev/install/vehiclecontrol/share/vehiclecontrol/environment/path.dsv
[2.933s] -- Installing: /home/ashy/abaja_ros2_dev/install/vehiclecontrol/share/vehiclecontrol/local_setup.bash
[2.933s] -- Installing: /home/ashy/abaja_ros2_dev/install/vehiclecontrol/share/vehiclecontrol/local_setup.sh
[2.933s] -- Installing: /home/ashy/abaja_ros2_dev/install/vehiclecontrol/share/vehiclecontrol/local_setup.zsh
[2.933s] -- Installing: /home/ashy/abaja_ros2_dev/install/vehiclecontrol/share/vehiclecontrol/local_setup.dsv
[2.933s] -- Installing: /home/ashy/abaja_ros2_dev/install/vehiclecontrol/share/vehiclecontrol/package.dsv
[2.933s] -- Installing: /home/ashy/abaja_ros2_dev/install/vehiclecontrol/share/ament_index/resource_index/packages/vehiclecontrol
[2.934s] -- Installing: /home/ashy/abaja_ros2_dev/install/vehiclecontrol/share/vehiclecontrol/cmake/export_vehiclecontrol__rosidl_generator_cExport.cmake
[2.934s] -- Installing: /home/ashy/abaja_ros2_dev/install/vehiclecontrol/share/vehiclecontrol/cmake/export_vehiclecontrol__rosidl_generator_cExport-noconfig.cmake
[2.934s] -- Installing: /home/ashy/abaja_ros2_dev/install/vehiclecontrol/share/vehiclecontrol/cmake/export_vehiclecontrol__rosidl_typesupport_fastrtps_cExport.cmake
[2.934s] -- Installing: /home/ashy/abaja_ros2_dev/install/vehiclecontrol/share/vehiclecontrol/cmake/export_vehiclecontrol__rosidl_typesupport_fastrtps_cExport-noconfig.cmake
[2.934s] -- Installing: /home/ashy/abaja_ros2_dev/install/vehiclecontrol/share/vehiclecontrol/cmake/vehiclecontrol__rosidl_typesupport_introspection_cExport.cmake
[2.934s] -- Installing: /home/ashy/abaja_ros2_dev/install/vehiclecontrol/share/vehiclecontrol/cmake/vehiclecontrol__rosidl_typesupport_introspection_cExport-noconfig.cmake
[2.934s] -- Installing: /home/ashy/abaja_ros2_dev/install/vehiclecontrol/share/vehiclecontrol/cmake/vehiclecontrol__rosidl_typesupport_cExport.cmake
[2.934s] -- Installing: /home/ashy/abaja_ros2_dev/install/vehiclecontrol/share/vehiclecontrol/cmake/vehiclecontrol__rosidl_typesupport_cExport-noconfig.cmake
[2.935s] -- Installing: /home/ashy/abaja_ros2_dev/install/vehiclecontrol/share/vehiclecontrol/cmake/export_vehiclecontrol__rosidl_generator_cppExport.cmake
[2.935s] -- Installing: /home/ashy/abaja_ros2_dev/install/vehiclecontrol/share/vehiclecontrol/cmake/export_vehiclecontrol__rosidl_typesupport_fastrtps_cppExport.cmake
[2.935s] -- Installing: /home/ashy/abaja_ros2_dev/install/vehiclecontrol/share/vehiclecontrol/cmake/export_vehiclecontrol__rosidl_typesupport_fastrtps_cppExport-noconfig.cmake
[2.935s] -- Installing: /home/ashy/abaja_ros2_dev/install/vehiclecontrol/share/vehiclecontrol/cmake/vehiclecontrol__rosidl_typesupport_introspection_cppExport.cmake
[2.935s] -- Installing: /home/ashy/abaja_ros2_dev/install/vehiclecontrol/share/vehiclecontrol/cmake/vehiclecontrol__rosidl_typesupport_introspection_cppExport-noconfig.cmake
[2.935s] -- Installing: /home/ashy/abaja_ros2_dev/install/vehiclecontrol/share/vehiclecontrol/cmake/vehiclecontrol__rosidl_typesupport_cppExport.cmake
[2.935s] -- Installing: /home/ashy/abaja_ros2_dev/install/vehiclecontrol/share/vehiclecontrol/cmake/vehiclecontrol__rosidl_typesupport_cppExport-noconfig.cmake
[2.936s] -- Installing: /home/ashy/abaja_ros2_dev/install/vehiclecontrol/share/vehiclecontrol/cmake/export_vehiclecontrol__rosidl_generator_pyExport.cmake
[2.936s] -- Installing: /home/ashy/abaja_ros2_dev/install/vehiclecontrol/share/vehiclecontrol/cmake/export_vehiclecontrol__rosidl_generator_pyExport-noconfig.cmake
[2.936s] -- Installing: /home/ashy/abaja_ros2_dev/install/vehiclecontrol/share/vehiclecontrol/cmake/rosidl_cmake-extras.cmake
[2.936s] -- Installing: /home/ashy/abaja_ros2_dev/install/vehiclecontrol/share/vehiclecontrol/cmake/ament_cmake_export_dependencies-extras.cmake
[2.936s] -- Installing: /home/ashy/abaja_ros2_dev/install/vehiclecontrol/share/vehiclecontrol/cmake/ament_cmake_export_include_directories-extras.cmake
[2.937s] -- Installing: /home/ashy/abaja_ros2_dev/install/vehiclecontrol/share/vehiclecontrol/cmake/ament_cmake_export_libraries-extras.cmake
[2.937s] -- Installing: /home/ashy/abaja_ros2_dev/install/vehiclecontrol/share/vehiclecontrol/cmake/ament_cmake_export_targets-extras.cmake
[2.937s] -- Installing: /home/ashy/abaja_ros2_dev/install/vehiclecontrol/share/vehiclecontrol/cmake/rosidl_cmake_export_typesupport_targets-extras.cmake
[2.937s] -- Installing: /home/ashy/abaja_ros2_dev/install/vehiclecontrol/share/vehiclecontrol/cmake/rosidl_cmake_export_typesupport_libraries-extras.cmake
[2.937s] -- Installing: /home/ashy/abaja_ros2_dev/install/vehiclecontrol/share/vehiclecontrol/cmake/vehiclecontrolConfig.cmake
[2.938s] -- Installing: /home/ashy/abaja_ros2_dev/install/vehiclecontrol/share/vehiclecontrol/cmake/vehiclecontrolConfig-version.cmake
[2.938s] -- Installing: /home/ashy/abaja_ros2_dev/install/vehiclecontrol/share/vehiclecontrol/package.xml
[2.940s] Invoked command in '/home/ashy/abaja_ros2_dev/build/vehiclecontrol' returned '0': CMAKE_PREFIX_PATH=/opt/ros/humble /usr/bin/cmake --install /home/ashy/abaja_ros2_dev/build/vehiclecontrol
