[0.174s] DEBUG:colcon:Command line arguments: ['/usr/bin/colcon', 'build']
[0.174s] DEBUG:colcon:Parsed command line arguments: Namespace(log_base=None, log_level=None, verb_name='build', build_base='build', install_base='install', merge_install=False, symlink_install=False, test_result_base=None, continue_on_error=False, executor='parallel', parallel_workers=16, event_handlers=None, ignore_user_meta=False, metas=['./colcon.meta'], base_paths=['.'], packages_ignore=None, packages_ignore_regex=None, paths=None, packages_up_to=None, packages_up_to_regex=None, packages_above=None, packages_above_and_dependencies=None, packages_above_depth=None, packages_select_by_dep=None, packages_skip_by_dep=None, packages_skip_up_to=None, packages_select_build_failed=False, packages_skip_build_finished=False, packages_select_test_failures=False, packages_skip_test_passed=False, packages_select=None, packages_skip=None, packages_select_regex=None, packages_skip_regex=None, packages_start=None, packages_end=None, allow_overriding=[], cmake_args=None, cmake_target=None, cmake_target_skip_unavailable=False, cmake_clean_cache=False, cmake_clean_first=False, cmake_force_configure=False, ament_cmake_args=None, catkin_cmake_args=None, catkin_skip_building_tests=False, mixin_files=None, mixin=None, verb_parser=<colcon_mixin.mixin.mixin_argument.MixinArgumentDecorator object at 0x7ed997fd6800>, verb_extension=<colcon_core.verb.build.BuildVerb object at 0x7ed997fd5e40>, main=<bound method BuildVerb.main of <colcon_core.verb.build.BuildVerb object at 0x7ed997fd5e40>>, mixin_verb=('build',))
[0.224s] Level 1:colcon.colcon_core.package_discovery:discover_packages(colcon_meta) check parameters
[0.224s] Level 1:colcon.colcon_core.package_discovery:discover_packages(recursive) check parameters
[0.224s] Level 1:colcon.colcon_core.package_discovery:discover_packages(ignore) check parameters
[0.224s] Level 1:colcon.colcon_core.package_discovery:discover_packages(path) check parameters
[0.224s] Level 1:colcon.colcon_core.package_discovery:discover_packages(colcon_meta) discover
[0.224s] Level 1:colcon.colcon_core.package_discovery:discover_packages(recursive) discover
[0.224s] INFO:colcon.colcon_core.package_discovery:Crawling recursively for packages in '/home/ashy/abaja_ros2_dev'
[0.224s] Level 1:colcon.colcon_core.package_identification:_identify(.) by extensions ['ignore', 'ignore_ament_install']
[0.224s] Level 1:colcon.colcon_core.package_identification:_identify(.) by extension 'ignore'
[0.224s] Level 1:colcon.colcon_core.package_identification:_identify(.) by extension 'ignore_ament_install'
[0.225s] Level 1:colcon.colcon_core.package_identification:_identify(.) by extensions ['colcon_pkg']
[0.225s] Level 1:colcon.colcon_core.package_identification:_identify(.) by extension 'colcon_pkg'
[0.225s] Level 1:colcon.colcon_core.package_identification:_identify(.) by extensions ['colcon_meta']
[0.225s] Level 1:colcon.colcon_core.package_identification:_identify(.) by extension 'colcon_meta'
[0.225s] Level 1:colcon.colcon_core.package_identification:_identify(.) by extensions ['ros']
[0.225s] Level 1:colcon.colcon_core.package_identification:_identify(.) by extension 'ros'
[0.241s] Level 1:colcon.colcon_core.package_identification:_identify(.) by extensions ['cmake', 'python']
[0.241s] Level 1:colcon.colcon_core.package_identification:_identify(.) by extension 'cmake'
[0.241s] Level 1:colcon.colcon_core.package_identification:_identify(.) by extension 'python'
[0.241s] Level 1:colcon.colcon_core.package_identification:_identify(.) by extensions ['python_setup_py']
[0.241s] Level 1:colcon.colcon_core.package_identification:_identify(.) by extension 'python_setup_py'
[0.241s] Level 1:colcon.colcon_core.package_identification:_identify(build) by extensions ['ignore', 'ignore_ament_install']
[0.241s] Level 1:colcon.colcon_core.package_identification:_identify(build) by extension 'ignore'
[0.241s] Level 1:colcon.colcon_core.package_identification:_identify(build) ignored
[0.241s] Level 1:colcon.colcon_core.package_identification:_identify(docker) by extensions ['ignore', 'ignore_ament_install']
[0.241s] Level 1:colcon.colcon_core.package_identification:_identify(docker) by extension 'ignore'
[0.241s] Level 1:colcon.colcon_core.package_identification:_identify(docker) by extension 'ignore_ament_install'
[0.241s] Level 1:colcon.colcon_core.package_identification:_identify(docker) by extensions ['colcon_pkg']
[0.241s] Level 1:colcon.colcon_core.package_identification:_identify(docker) by extension 'colcon_pkg'
[0.241s] Level 1:colcon.colcon_core.package_identification:_identify(docker) by extensions ['colcon_meta']
[0.241s] Level 1:colcon.colcon_core.package_identification:_identify(docker) by extension 'colcon_meta'
[0.241s] Level 1:colcon.colcon_core.package_identification:_identify(docker) by extensions ['ros']
[0.241s] Level 1:colcon.colcon_core.package_identification:_identify(docker) by extension 'ros'
[0.242s] Level 1:colcon.colcon_core.package_identification:_identify(docker) by extensions ['cmake', 'python']
[0.242s] Level 1:colcon.colcon_core.package_identification:_identify(docker) by extension 'cmake'
[0.242s] Level 1:colcon.colcon_core.package_identification:_identify(docker) by extension 'python'
[0.242s] Level 1:colcon.colcon_core.package_identification:_identify(docker) by extensions ['python_setup_py']
[0.242s] Level 1:colcon.colcon_core.package_identification:_identify(docker) by extension 'python_setup_py'
[0.242s] Level 1:colcon.colcon_core.package_identification:_identify(install) by extensions ['ignore', 'ignore_ament_install']
[0.242s] Level 1:colcon.colcon_core.package_identification:_identify(install) by extension 'ignore'
[0.242s] Level 1:colcon.colcon_core.package_identification:_identify(install) ignored
[0.242s] Level 1:colcon.colcon_core.package_identification:_identify(log) by extensions ['ignore', 'ignore_ament_install']
[0.242s] Level 1:colcon.colcon_core.package_identification:_identify(log) by extension 'ignore'
[0.242s] Level 1:colcon.colcon_core.package_identification:_identify(log) ignored
[0.242s] Level 1:colcon.colcon_core.package_identification:_identify(src) by extensions ['ignore', 'ignore_ament_install']
[0.242s] Level 1:colcon.colcon_core.package_identification:_identify(src) by extension 'ignore'
[0.242s] Level 1:colcon.colcon_core.package_identification:_identify(src) by extension 'ignore_ament_install'
[0.242s] Level 1:colcon.colcon_core.package_identification:_identify(src) by extensions ['colcon_pkg']
[0.242s] Level 1:colcon.colcon_core.package_identification:_identify(src) by extension 'colcon_pkg'
[0.242s] Level 1:colcon.colcon_core.package_identification:_identify(src) by extensions ['colcon_meta']
[0.242s] Level 1:colcon.colcon_core.package_identification:_identify(src) by extension 'colcon_meta'
[0.242s] Level 1:colcon.colcon_core.package_identification:_identify(src) by extensions ['ros']
[0.242s] Level 1:colcon.colcon_core.package_identification:_identify(src) by extension 'ros'
[0.243s] Level 1:colcon.colcon_core.package_identification:_identify(src) by extensions ['cmake', 'python']
[0.243s] Level 1:colcon.colcon_core.package_identification:_identify(src) by extension 'cmake'
[0.243s] Level 1:colcon.colcon_core.package_identification:_identify(src) by extension 'python'
[0.243s] Level 1:colcon.colcon_core.package_identification:_identify(src) by extensions ['python_setup_py']
[0.243s] Level 1:colcon.colcon_core.package_identification:_identify(src) by extension 'python_setup_py'
[0.243s] Level 1:colcon.colcon_core.package_identification:_identify(src/aeb) by extensions ['ignore', 'ignore_ament_install']
[0.243s] Level 1:colcon.colcon_core.package_identification:_identify(src/aeb) by extension 'ignore'
[0.243s] Level 1:colcon.colcon_core.package_identification:_identify(src/aeb) by extension 'ignore_ament_install'
[0.243s] Level 1:colcon.colcon_core.package_identification:_identify(src/aeb) by extensions ['colcon_pkg']
[0.243s] Level 1:colcon.colcon_core.package_identification:_identify(src/aeb) by extension 'colcon_pkg'
[0.243s] Level 1:colcon.colcon_core.package_identification:_identify(src/aeb) by extensions ['colcon_meta']
[0.243s] Level 1:colcon.colcon_core.package_identification:_identify(src/aeb) by extension 'colcon_meta'
[0.243s] Level 1:colcon.colcon_core.package_identification:_identify(src/aeb) by extensions ['ros']
[0.243s] Level 1:colcon.colcon_core.package_identification:_identify(src/aeb) by extension 'ros'
[0.246s] DEBUG:colcon.colcon_core.package_identification:Package 'src/aeb' with type 'ros.ament_cmake' and name 'aeb'
[0.246s] Level 1:colcon.colcon_core.package_identification:_identify(src/caninterface) by extensions ['ignore', 'ignore_ament_install']
[0.246s] Level 1:colcon.colcon_core.package_identification:_identify(src/caninterface) by extension 'ignore'
[0.246s] Level 1:colcon.colcon_core.package_identification:_identify(src/caninterface) by extension 'ignore_ament_install'
[0.246s] Level 1:colcon.colcon_core.package_identification:_identify(src/caninterface) by extensions ['colcon_pkg']
[0.246s] Level 1:colcon.colcon_core.package_identification:_identify(src/caninterface) by extension 'colcon_pkg'
[0.246s] Level 1:colcon.colcon_core.package_identification:_identify(src/caninterface) by extensions ['colcon_meta']
[0.246s] Level 1:colcon.colcon_core.package_identification:_identify(src/caninterface) by extension 'colcon_meta'
[0.246s] Level 1:colcon.colcon_core.package_identification:_identify(src/caninterface) by extensions ['ros']
[0.246s] Level 1:colcon.colcon_core.package_identification:_identify(src/caninterface) by extension 'ros'
[0.247s] DEBUG:colcon.colcon_core.package_identification:Package 'src/caninterface' with type 'ros.ament_cmake' and name 'caninterface'
[0.247s] Level 1:colcon.colcon_core.package_identification:_identify(src/feedback) by extensions ['ignore', 'ignore_ament_install']
[0.247s] Level 1:colcon.colcon_core.package_identification:_identify(src/feedback) by extension 'ignore'
[0.248s] Level 1:colcon.colcon_core.package_identification:_identify(src/feedback) by extension 'ignore_ament_install'
[0.248s] Level 1:colcon.colcon_core.package_identification:_identify(src/feedback) by extensions ['colcon_pkg']
[0.248s] Level 1:colcon.colcon_core.package_identification:_identify(src/feedback) by extension 'colcon_pkg'
[0.248s] Level 1:colcon.colcon_core.package_identification:_identify(src/feedback) by extensions ['colcon_meta']
[0.248s] Level 1:colcon.colcon_core.package_identification:_identify(src/feedback) by extension 'colcon_meta'
[0.248s] Level 1:colcon.colcon_core.package_identification:_identify(src/feedback) by extensions ['ros']
[0.248s] Level 1:colcon.colcon_core.package_identification:_identify(src/feedback) by extension 'ros'
[0.248s] DEBUG:colcon.colcon_core.package_identification:Package 'src/feedback' with type 'ros.ament_cmake' and name 'feedback'
[0.248s] Level 1:colcon.colcon_core.package_identification:_identify(src/inertial_msgs) by extensions ['ignore', 'ignore_ament_install']
[0.249s] Level 1:colcon.colcon_core.package_identification:_identify(src/inertial_msgs) by extension 'ignore'
[0.249s] Level 1:colcon.colcon_core.package_identification:_identify(src/inertial_msgs) by extension 'ignore_ament_install'
[0.249s] Level 1:colcon.colcon_core.package_identification:_identify(src/inertial_msgs) by extensions ['colcon_pkg']
[0.249s] Level 1:colcon.colcon_core.package_identification:_identify(src/inertial_msgs) by extension 'colcon_pkg'
[0.249s] Level 1:colcon.colcon_core.package_identification:_identify(src/inertial_msgs) by extensions ['colcon_meta']
[0.249s] Level 1:colcon.colcon_core.package_identification:_identify(src/inertial_msgs) by extension 'colcon_meta'
[0.249s] Level 1:colcon.colcon_core.package_identification:_identify(src/inertial_msgs) by extensions ['ros']
[0.249s] Level 1:colcon.colcon_core.package_identification:_identify(src/inertial_msgs) by extension 'ros'
[0.249s] DEBUG:colcon.colcon_core.package_identification:Package 'src/inertial_msgs' with type 'ros.ament_cmake' and name 'inertial_msgs'
[0.250s] Level 1:colcon.colcon_core.package_identification:_identify(src/radar_msgs) by extensions ['ignore', 'ignore_ament_install']
[0.250s] Level 1:colcon.colcon_core.package_identification:_identify(src/radar_msgs) by extension 'ignore'
[0.250s] Level 1:colcon.colcon_core.package_identification:_identify(src/radar_msgs) by extension 'ignore_ament_install'
[0.250s] Level 1:colcon.colcon_core.package_identification:_identify(src/radar_msgs) by extensions ['colcon_pkg']
[0.250s] Level 1:colcon.colcon_core.package_identification:_identify(src/radar_msgs) by extension 'colcon_pkg'
[0.250s] Level 1:colcon.colcon_core.package_identification:_identify(src/radar_msgs) by extensions ['colcon_meta']
[0.250s] Level 1:colcon.colcon_core.package_identification:_identify(src/radar_msgs) by extension 'colcon_meta'
[0.250s] Level 1:colcon.colcon_core.package_identification:_identify(src/radar_msgs) by extensions ['ros']
[0.250s] Level 1:colcon.colcon_core.package_identification:_identify(src/radar_msgs) by extension 'ros'
[0.251s] DEBUG:colcon.colcon_core.package_identification:Package 'src/radar_msgs' with type 'ros.ament_cmake' and name 'radar_msgs'
[0.251s] Level 1:colcon.colcon_core.package_identification:_identify(src/vehiclecontrol) by extensions ['ignore', 'ignore_ament_install']
[0.251s] Level 1:colcon.colcon_core.package_identification:_identify(src/vehiclecontrol) by extension 'ignore'
[0.251s] Level 1:colcon.colcon_core.package_identification:_identify(src/vehiclecontrol) by extension 'ignore_ament_install'
[0.251s] Level 1:colcon.colcon_core.package_identification:_identify(src/vehiclecontrol) by extensions ['colcon_pkg']
[0.251s] Level 1:colcon.colcon_core.package_identification:_identify(src/vehiclecontrol) by extension 'colcon_pkg'
[0.251s] Level 1:colcon.colcon_core.package_identification:_identify(src/vehiclecontrol) by extensions ['colcon_meta']
[0.251s] Level 1:colcon.colcon_core.package_identification:_identify(src/vehiclecontrol) by extension 'colcon_meta'
[0.251s] Level 1:colcon.colcon_core.package_identification:_identify(src/vehiclecontrol) by extensions ['ros']
[0.251s] Level 1:colcon.colcon_core.package_identification:_identify(src/vehiclecontrol) by extension 'ros'
[0.252s] DEBUG:colcon.colcon_core.package_identification:Package 'src/vehiclecontrol' with type 'ros.ament_cmake' and name 'vehiclecontrol'
[0.252s] Level 1:colcon.colcon_core.package_identification:_identify(verified_algos) by extensions ['ignore', 'ignore_ament_install']
[0.252s] Level 1:colcon.colcon_core.package_identification:_identify(verified_algos) by extension 'ignore'
[0.252s] Level 1:colcon.colcon_core.package_identification:_identify(verified_algos) by extension 'ignore_ament_install'
[0.252s] Level 1:colcon.colcon_core.package_identification:_identify(verified_algos) by extensions ['colcon_pkg']
[0.252s] Level 1:colcon.colcon_core.package_identification:_identify(verified_algos) by extension 'colcon_pkg'
[0.252s] Level 1:colcon.colcon_core.package_identification:_identify(verified_algos) by extensions ['colcon_meta']
[0.252s] Level 1:colcon.colcon_core.package_identification:_identify(verified_algos) by extension 'colcon_meta'
[0.252s] Level 1:colcon.colcon_core.package_identification:_identify(verified_algos) by extensions ['ros']
[0.252s] Level 1:colcon.colcon_core.package_identification:_identify(verified_algos) by extension 'ros'
[0.253s] Level 1:colcon.colcon_core.package_identification:_identify(verified_algos) by extensions ['cmake', 'python']
[0.253s] Level 1:colcon.colcon_core.package_identification:_identify(verified_algos) by extension 'cmake'
[0.253s] Level 1:colcon.colcon_core.package_identification:_identify(verified_algos) by extension 'python'
[0.253s] Level 1:colcon.colcon_core.package_identification:_identify(verified_algos) by extensions ['python_setup_py']
[0.253s] Level 1:colcon.colcon_core.package_identification:_identify(verified_algos) by extension 'python_setup_py'
[0.253s] Level 1:colcon.colcon_core.package_identification:_identify(verified_algos/models) by extensions ['ignore', 'ignore_ament_install']
[0.253s] Level 1:colcon.colcon_core.package_identification:_identify(verified_algos/models) by extension 'ignore'
[0.253s] Level 1:colcon.colcon_core.package_identification:_identify(verified_algos/models) by extension 'ignore_ament_install'
[0.253s] Level 1:colcon.colcon_core.package_identification:_identify(verified_algos/models) by extensions ['colcon_pkg']
[0.253s] Level 1:colcon.colcon_core.package_identification:_identify(verified_algos/models) by extension 'colcon_pkg'
[0.253s] Level 1:colcon.colcon_core.package_identification:_identify(verified_algos/models) by extensions ['colcon_meta']
[0.253s] Level 1:colcon.colcon_core.package_identification:_identify(verified_algos/models) by extension 'colcon_meta'
[0.253s] Level 1:colcon.colcon_core.package_identification:_identify(verified_algos/models) by extensions ['ros']
[0.253s] Level 1:colcon.colcon_core.package_identification:_identify(verified_algos/models) by extension 'ros'
[0.253s] Level 1:colcon.colcon_core.package_identification:_identify(verified_algos/models) by extensions ['cmake', 'python']
[0.253s] Level 1:colcon.colcon_core.package_identification:_identify(verified_algos/models) by extension 'cmake'
[0.253s] Level 1:colcon.colcon_core.package_identification:_identify(verified_algos/models) by extension 'python'
[0.253s] Level 1:colcon.colcon_core.package_identification:_identify(verified_algos/models) by extensions ['python_setup_py']
[0.253s] Level 1:colcon.colcon_core.package_identification:_identify(verified_algos/models) by extension 'python_setup_py'
[0.254s] Level 1:colcon.colcon_core.package_discovery:discover_packages(recursive) using defaults
[0.254s] Level 1:colcon.colcon_core.package_discovery:discover_packages(ignore) discover
[0.254s] Level 1:colcon.colcon_core.package_discovery:discover_packages(ignore) using defaults
[0.254s] Level 1:colcon.colcon_core.package_discovery:discover_packages(path) discover
[0.254s] Level 1:colcon.colcon_core.package_discovery:discover_packages(path) using defaults
[0.277s] Level 1:colcon.colcon_core.package_discovery:discover_packages(prefix_path) check parameters
[0.277s] Level 1:colcon.colcon_core.package_discovery:discover_packages(prefix_path) discover
[0.281s] DEBUG:colcon.colcon_installed_package_information.package_discovery:Found 463 installed packages in /opt/ros/humble
[0.284s] Level 1:colcon.colcon_core.package_discovery:discover_packages(prefix_path) using defaults
[0.346s] Level 5:colcon.colcon_core.verb:set package 'aeb' build argument 'cmake_args' from command line to 'None'
[0.347s] Level 5:colcon.colcon_core.verb:set package 'aeb' build argument 'cmake_target' from command line to 'None'
[0.347s] Level 5:colcon.colcon_core.verb:set package 'aeb' build argument 'cmake_target_skip_unavailable' from command line to 'False'
[0.347s] Level 5:colcon.colcon_core.verb:set package 'aeb' build argument 'cmake_clean_cache' from command line to 'False'
[0.347s] Level 5:colcon.colcon_core.verb:set package 'aeb' build argument 'cmake_clean_first' from command line to 'False'
[0.347s] Level 5:colcon.colcon_core.verb:set package 'aeb' build argument 'cmake_force_configure' from command line to 'False'
[0.347s] Level 5:colcon.colcon_core.verb:set package 'aeb' build argument 'ament_cmake_args' from command line to 'None'
[0.347s] Level 5:colcon.colcon_core.verb:set package 'aeb' build argument 'catkin_cmake_args' from command line to 'None'
[0.347s] Level 5:colcon.colcon_core.verb:set package 'aeb' build argument 'catkin_skip_building_tests' from command line to 'False'
[0.347s] DEBUG:colcon.colcon_core.verb:Building package 'aeb' with the following arguments: {'ament_cmake_args': None, 'build_base': '/home/ashy/abaja_ros2_dev/build/aeb', 'catkin_cmake_args': None, 'catkin_skip_building_tests': False, 'cmake_args': None, 'cmake_clean_cache': False, 'cmake_clean_first': False, 'cmake_force_configure': False, 'cmake_target': None, 'cmake_target_skip_unavailable': False, 'install_base': '/home/ashy/abaja_ros2_dev/install/aeb', 'merge_install': False, 'path': '/home/ashy/abaja_ros2_dev/src/aeb', 'symlink_install': False, 'test_result_base': None}
[0.347s] Level 5:colcon.colcon_core.verb:set package 'caninterface' build argument 'cmake_args' from command line to 'None'
[0.347s] Level 5:colcon.colcon_core.verb:set package 'caninterface' build argument 'cmake_target' from command line to 'None'
[0.347s] Level 5:colcon.colcon_core.verb:set package 'caninterface' build argument 'cmake_target_skip_unavailable' from command line to 'False'
[0.347s] Level 5:colcon.colcon_core.verb:set package 'caninterface' build argument 'cmake_clean_cache' from command line to 'False'
[0.347s] Level 5:colcon.colcon_core.verb:set package 'caninterface' build argument 'cmake_clean_first' from command line to 'False'
[0.347s] Level 5:colcon.colcon_core.verb:set package 'caninterface' build argument 'cmake_force_configure' from command line to 'False'
[0.347s] Level 5:colcon.colcon_core.verb:set package 'caninterface' build argument 'ament_cmake_args' from command line to 'None'
[0.347s] Level 5:colcon.colcon_core.verb:set package 'caninterface' build argument 'catkin_cmake_args' from command line to 'None'
[0.347s] Level 5:colcon.colcon_core.verb:set package 'caninterface' build argument 'catkin_skip_building_tests' from command line to 'False'
[0.347s] DEBUG:colcon.colcon_core.verb:Building package 'caninterface' with the following arguments: {'ament_cmake_args': None, 'build_base': '/home/ashy/abaja_ros2_dev/build/caninterface', 'catkin_cmake_args': None, 'catkin_skip_building_tests': False, 'cmake_args': None, 'cmake_clean_cache': False, 'cmake_clean_first': False, 'cmake_force_configure': False, 'cmake_target': None, 'cmake_target_skip_unavailable': False, 'install_base': '/home/ashy/abaja_ros2_dev/install/caninterface', 'merge_install': False, 'path': '/home/ashy/abaja_ros2_dev/src/caninterface', 'symlink_install': False, 'test_result_base': None}
[0.348s] Level 5:colcon.colcon_core.verb:set package 'feedback' build argument 'cmake_args' from command line to 'None'
[0.348s] Level 5:colcon.colcon_core.verb:set package 'feedback' build argument 'cmake_target' from command line to 'None'
[0.348s] Level 5:colcon.colcon_core.verb:set package 'feedback' build argument 'cmake_target_skip_unavailable' from command line to 'False'
[0.348s] Level 5:colcon.colcon_core.verb:set package 'feedback' build argument 'cmake_clean_cache' from command line to 'False'
[0.348s] Level 5:colcon.colcon_core.verb:set package 'feedback' build argument 'cmake_clean_first' from command line to 'False'
[0.348s] Level 5:colcon.colcon_core.verb:set package 'feedback' build argument 'cmake_force_configure' from command line to 'False'
[0.348s] Level 5:colcon.colcon_core.verb:set package 'feedback' build argument 'ament_cmake_args' from command line to 'None'
[0.348s] Level 5:colcon.colcon_core.verb:set package 'feedback' build argument 'catkin_cmake_args' from command line to 'None'
[0.348s] Level 5:colcon.colcon_core.verb:set package 'feedback' build argument 'catkin_skip_building_tests' from command line to 'False'
[0.348s] DEBUG:colcon.colcon_core.verb:Building package 'feedback' with the following arguments: {'ament_cmake_args': None, 'build_base': '/home/ashy/abaja_ros2_dev/build/feedback', 'catkin_cmake_args': None, 'catkin_skip_building_tests': False, 'cmake_args': None, 'cmake_clean_cache': False, 'cmake_clean_first': False, 'cmake_force_configure': False, 'cmake_target': None, 'cmake_target_skip_unavailable': False, 'install_base': '/home/ashy/abaja_ros2_dev/install/feedback', 'merge_install': False, 'path': '/home/ashy/abaja_ros2_dev/src/feedback', 'symlink_install': False, 'test_result_base': None}
[0.348s] Level 5:colcon.colcon_core.verb:set package 'inertial_msgs' build argument 'cmake_args' from command line to 'None'
[0.348s] Level 5:colcon.colcon_core.verb:set package 'inertial_msgs' build argument 'cmake_target' from command line to 'None'
[0.348s] Level 5:colcon.colcon_core.verb:set package 'inertial_msgs' build argument 'cmake_target_skip_unavailable' from command line to 'False'
[0.348s] Level 5:colcon.colcon_core.verb:set package 'inertial_msgs' build argument 'cmake_clean_cache' from command line to 'False'
[0.348s] Level 5:colcon.colcon_core.verb:set package 'inertial_msgs' build argument 'cmake_clean_first' from command line to 'False'
[0.348s] Level 5:colcon.colcon_core.verb:set package 'inertial_msgs' build argument 'cmake_force_configure' from command line to 'False'
[0.348s] Level 5:colcon.colcon_core.verb:set package 'inertial_msgs' build argument 'ament_cmake_args' from command line to 'None'
[0.348s] Level 5:colcon.colcon_core.verb:set package 'inertial_msgs' build argument 'catkin_cmake_args' from command line to 'None'
[0.348s] Level 5:colcon.colcon_core.verb:set package 'inertial_msgs' build argument 'catkin_skip_building_tests' from command line to 'False'
[0.348s] DEBUG:colcon.colcon_core.verb:Building package 'inertial_msgs' with the following arguments: {'ament_cmake_args': None, 'build_base': '/home/ashy/abaja_ros2_dev/build/inertial_msgs', 'catkin_cmake_args': None, 'catkin_skip_building_tests': False, 'cmake_args': None, 'cmake_clean_cache': False, 'cmake_clean_first': False, 'cmake_force_configure': False, 'cmake_target': None, 'cmake_target_skip_unavailable': False, 'install_base': '/home/ashy/abaja_ros2_dev/install/inertial_msgs', 'merge_install': False, 'path': '/home/ashy/abaja_ros2_dev/src/inertial_msgs', 'symlink_install': False, 'test_result_base': None}
[0.348s] Level 5:colcon.colcon_core.verb:set package 'radar_msgs' build argument 'cmake_args' from command line to 'None'
[0.348s] Level 5:colcon.colcon_core.verb:set package 'radar_msgs' build argument 'cmake_target' from command line to 'None'
[0.348s] Level 5:colcon.colcon_core.verb:set package 'radar_msgs' build argument 'cmake_target_skip_unavailable' from command line to 'False'
[0.348s] Level 5:colcon.colcon_core.verb:set package 'radar_msgs' build argument 'cmake_clean_cache' from command line to 'False'
[0.349s] Level 5:colcon.colcon_core.verb:set package 'radar_msgs' build argument 'cmake_clean_first' from command line to 'False'
[0.349s] Level 5:colcon.colcon_core.verb:set package 'radar_msgs' build argument 'cmake_force_configure' from command line to 'False'
[0.349s] Level 5:colcon.colcon_core.verb:set package 'radar_msgs' build argument 'ament_cmake_args' from command line to 'None'
[0.349s] Level 5:colcon.colcon_core.verb:set package 'radar_msgs' build argument 'catkin_cmake_args' from command line to 'None'
[0.349s] Level 5:colcon.colcon_core.verb:set package 'radar_msgs' build argument 'catkin_skip_building_tests' from command line to 'False'
[0.349s] DEBUG:colcon.colcon_core.verb:Building package 'radar_msgs' with the following arguments: {'ament_cmake_args': None, 'build_base': '/home/ashy/abaja_ros2_dev/build/radar_msgs', 'catkin_cmake_args': None, 'catkin_skip_building_tests': False, 'cmake_args': None, 'cmake_clean_cache': False, 'cmake_clean_first': False, 'cmake_force_configure': False, 'cmake_target': None, 'cmake_target_skip_unavailable': False, 'install_base': '/home/ashy/abaja_ros2_dev/install/radar_msgs', 'merge_install': False, 'path': '/home/ashy/abaja_ros2_dev/src/radar_msgs', 'symlink_install': False, 'test_result_base': None}
[0.349s] Level 5:colcon.colcon_core.verb:set package 'vehiclecontrol' build argument 'cmake_args' from command line to 'None'
[0.349s] Level 5:colcon.colcon_core.verb:set package 'vehiclecontrol' build argument 'cmake_target' from command line to 'None'
[0.349s] Level 5:colcon.colcon_core.verb:set package 'vehiclecontrol' build argument 'cmake_target_skip_unavailable' from command line to 'False'
[0.349s] Level 5:colcon.colcon_core.verb:set package 'vehiclecontrol' build argument 'cmake_clean_cache' from command line to 'False'
[0.349s] Level 5:colcon.colcon_core.verb:set package 'vehiclecontrol' build argument 'cmake_clean_first' from command line to 'False'
[0.349s] Level 5:colcon.colcon_core.verb:set package 'vehiclecontrol' build argument 'cmake_force_configure' from command line to 'False'
[0.349s] Level 5:colcon.colcon_core.verb:set package 'vehiclecontrol' build argument 'ament_cmake_args' from command line to 'None'
[0.349s] Level 5:colcon.colcon_core.verb:set package 'vehiclecontrol' build argument 'catkin_cmake_args' from command line to 'None'
[0.349s] Level 5:colcon.colcon_core.verb:set package 'vehiclecontrol' build argument 'catkin_skip_building_tests' from command line to 'False'
[0.349s] DEBUG:colcon.colcon_core.verb:Building package 'vehiclecontrol' with the following arguments: {'ament_cmake_args': None, 'build_base': '/home/ashy/abaja_ros2_dev/build/vehiclecontrol', 'catkin_cmake_args': None, 'catkin_skip_building_tests': False, 'cmake_args': None, 'cmake_clean_cache': False, 'cmake_clean_first': False, 'cmake_force_configure': False, 'cmake_target': None, 'cmake_target_skip_unavailable': False, 'install_base': '/home/ashy/abaja_ros2_dev/install/vehiclecontrol', 'merge_install': False, 'path': '/home/ashy/abaja_ros2_dev/src/vehiclecontrol', 'symlink_install': False, 'test_result_base': None}
[0.349s] INFO:colcon.colcon_core.executor:Executing jobs using 'parallel' executor
[0.350s] DEBUG:colcon.colcon_parallel_executor.executor.parallel:run_until_complete
[0.351s] INFO:colcon.colcon_ros.task.ament_cmake.build:Building ROS package in '/home/ashy/abaja_ros2_dev/src/aeb' with build type 'ament_cmake'
[0.351s] INFO:colcon.colcon_cmake.task.cmake.build:Building CMake package in '/home/ashy/abaja_ros2_dev/src/aeb'
[0.353s] INFO:colcon.colcon_core.plugin_system:Skipping extension 'colcon_core.shell.bat': Not used on non-Windows systems
[0.353s] INFO:colcon.colcon_core.shell:Skip shell extension 'powershell' for command environment: Not usable outside of PowerShell
[0.353s] DEBUG:colcon.colcon_core.shell:Skip shell extension 'dsv' for command environment
[0.358s] INFO:colcon.colcon_ros.task.ament_cmake.build:Building ROS package in '/home/ashy/abaja_ros2_dev/src/caninterface' with build type 'ament_cmake'
[0.358s] INFO:colcon.colcon_cmake.task.cmake.build:Building CMake package in '/home/ashy/abaja_ros2_dev/src/caninterface'
[0.359s] INFO:colcon.colcon_core.shell:Skip shell extension 'powershell' for command environment: Not usable outside of PowerShell
[0.359s] DEBUG:colcon.colcon_core.shell:Skip shell extension 'dsv' for command environment
[0.365s] INFO:colcon.colcon_ros.task.ament_cmake.build:Building ROS package in '/home/ashy/abaja_ros2_dev/src/feedback' with build type 'ament_cmake'
[0.365s] INFO:colcon.colcon_cmake.task.cmake.build:Building CMake package in '/home/ashy/abaja_ros2_dev/src/feedback'
[0.365s] INFO:colcon.colcon_core.shell:Skip shell extension 'powershell' for command environment: Not usable outside of PowerShell
[0.365s] DEBUG:colcon.colcon_core.shell:Skip shell extension 'dsv' for command environment
[0.370s] INFO:colcon.colcon_ros.task.ament_cmake.build:Building ROS package in '/home/ashy/abaja_ros2_dev/src/inertial_msgs' with build type 'ament_cmake'
[0.371s] INFO:colcon.colcon_cmake.task.cmake.build:Building CMake package in '/home/ashy/abaja_ros2_dev/src/inertial_msgs'
[0.371s] INFO:colcon.colcon_core.shell:Skip shell extension 'powershell' for command environment: Not usable outside of PowerShell
[0.371s] DEBUG:colcon.colcon_core.shell:Skip shell extension 'dsv' for command environment
[0.377s] INFO:colcon.colcon_ros.task.ament_cmake.build:Building ROS package in '/home/ashy/abaja_ros2_dev/src/radar_msgs' with build type 'ament_cmake'
[0.377s] INFO:colcon.colcon_cmake.task.cmake.build:Building CMake package in '/home/ashy/abaja_ros2_dev/src/radar_msgs'
[0.378s] INFO:colcon.colcon_core.shell:Skip shell extension 'powershell' for command environment: Not usable outside of PowerShell
[0.378s] DEBUG:colcon.colcon_core.shell:Skip shell extension 'dsv' for command environment
[0.383s] INFO:colcon.colcon_ros.task.ament_cmake.build:Building ROS package in '/home/ashy/abaja_ros2_dev/src/vehiclecontrol' with build type 'ament_cmake'
[0.383s] INFO:colcon.colcon_cmake.task.cmake.build:Building CMake package in '/home/ashy/abaja_ros2_dev/src/vehiclecontrol'
[0.383s] INFO:colcon.colcon_core.shell:Skip shell extension 'powershell' for command environment: Not usable outside of PowerShell
[0.383s] DEBUG:colcon.colcon_core.shell:Skip shell extension 'dsv' for command environment
[0.395s] DEBUG:colcon.colcon_core.event_handler.log_command:Invoking command in '/home/ashy/abaja_ros2_dev/build/aeb': CMAKE_PREFIX_PATH=/opt/ros/humble /usr/bin/cmake --build /home/ashy/abaja_ros2_dev/build/aeb -- -j16 -l16
[0.399s] DEBUG:colcon.colcon_core.event_handler.log_command:Invoking command in '/home/ashy/abaja_ros2_dev/build/caninterface': CMAKE_PREFIX_PATH=/opt/ros/humble /usr/bin/cmake --build /home/ashy/abaja_ros2_dev/build/caninterface -- -j16 -l16
[0.402s] DEBUG:colcon.colcon_core.event_handler.log_command:Invoking command in '/home/ashy/abaja_ros2_dev/build/feedback': CMAKE_PREFIX_PATH=/opt/ros/humble /usr/bin/cmake --build /home/ashy/abaja_ros2_dev/build/feedback -- -j16 -l16
[0.406s] DEBUG:colcon.colcon_core.event_handler.log_command:Invoking command in '/home/ashy/abaja_ros2_dev/build/inertial_msgs': CMAKE_PREFIX_PATH=/opt/ros/humble /usr/bin/cmake --build /home/ashy/abaja_ros2_dev/build/inertial_msgs -- -j16 -l16
[0.410s] DEBUG:colcon.colcon_core.event_handler.log_command:Invoking command in '/home/ashy/abaja_ros2_dev/build/radar_msgs': CMAKE_PREFIX_PATH=/opt/ros/humble /usr/bin/cmake --build /home/ashy/abaja_ros2_dev/build/radar_msgs -- -j16 -l16
[0.417s] DEBUG:colcon.colcon_core.event_handler.log_command:Invoking command in '/home/ashy/abaja_ros2_dev/build/vehiclecontrol': CMAKE_PREFIX_PATH=/opt/ros/humble /usr/bin/cmake --build /home/ashy/abaja_ros2_dev/build/vehiclecontrol -- -j16 -l16
[0.450s] DEBUG:colcon.colcon_core.event_handler.log_command:Invoked command in '/home/ashy/abaja_ros2_dev/build/aeb' returned '0': CMAKE_PREFIX_PATH=/opt/ros/humble /usr/bin/cmake --build /home/ashy/abaja_ros2_dev/build/aeb -- -j16 -l16
[0.468s] DEBUG:colcon.colcon_core.event_handler.log_command:Invoking command in '/home/ashy/abaja_ros2_dev/build/aeb': CMAKE_PREFIX_PATH=/opt/ros/humble /usr/bin/cmake --install /home/ashy/abaja_ros2_dev/build/aeb
[0.492s] Level 1:colcon.colcon_core.environment:create_environment_scripts_only(aeb)
[0.494s] DEBUG:colcon.colcon_core.event_handler.log_command:Invoked command in '/home/ashy/abaja_ros2_dev/build/aeb' returned '0': CMAKE_PREFIX_PATH=/opt/ros/humble /usr/bin/cmake --install /home/ashy/abaja_ros2_dev/build/aeb
[0.496s] Level 1:colcon.colcon_core.environment:checking '/home/ashy/abaja_ros2_dev/install/aeb' for CMake module files
[0.497s] Level 1:colcon.colcon_core.environment:checking '/home/ashy/abaja_ros2_dev/install/aeb' for CMake config files
[0.498s] Level 1:colcon.colcon_core.shell:create_environment_hook('aeb', 'cmake_prefix_path')
[0.498s] INFO:colcon.colcon_core.shell:Creating environment hook '/home/ashy/abaja_ros2_dev/install/aeb/share/aeb/hook/cmake_prefix_path.ps1'
[0.499s] INFO:colcon.colcon_core.shell:Creating environment descriptor '/home/ashy/abaja_ros2_dev/install/aeb/share/aeb/hook/cmake_prefix_path.dsv'
[0.500s] INFO:colcon.colcon_core.shell:Creating environment hook '/home/ashy/abaja_ros2_dev/install/aeb/share/aeb/hook/cmake_prefix_path.sh'
[0.502s] Level 1:colcon.colcon_core.environment:checking '/home/ashy/abaja_ros2_dev/install/aeb/lib'
[0.503s] Level 1:colcon.colcon_core.environment:checking '/home/ashy/abaja_ros2_dev/install/aeb/bin'
[0.503s] Level 1:colcon.colcon_core.environment:checking '/home/ashy/abaja_ros2_dev/install/aeb/lib/pkgconfig/aeb.pc'
[0.503s] Level 1:colcon.colcon_core.environment:checking '/home/ashy/abaja_ros2_dev/install/aeb/lib/python3.10/site-packages'
[0.503s] Level 1:colcon.colcon_core.environment:checking '/home/ashy/abaja_ros2_dev/install/aeb/bin'
[0.504s] INFO:colcon.colcon_core.shell:Creating package script '/home/ashy/abaja_ros2_dev/install/aeb/share/aeb/package.ps1'
[0.507s] INFO:colcon.colcon_core.shell:Creating package descriptor '/home/ashy/abaja_ros2_dev/install/aeb/share/aeb/package.dsv'
[0.508s] INFO:colcon.colcon_core.shell:Creating package script '/home/ashy/abaja_ros2_dev/install/aeb/share/aeb/package.sh'
[0.509s] INFO:colcon.colcon_core.shell:Creating package script '/home/ashy/abaja_ros2_dev/install/aeb/share/aeb/package.bash'
[0.510s] INFO:colcon.colcon_core.shell:Creating package script '/home/ashy/abaja_ros2_dev/install/aeb/share/aeb/package.zsh'
[0.512s] Level 1:colcon.colcon_core.environment:create_file_with_runtime_dependencies(/home/ashy/abaja_ros2_dev/install/aeb/share/colcon-core/packages/aeb)
[0.514s] Level 1:colcon.colcon_core.environment:create_environment_scripts_only(aeb)
[0.514s] Level 1:colcon.colcon_core.environment:checking '/home/ashy/abaja_ros2_dev/install/aeb' for CMake module files
[0.516s] Level 1:colcon.colcon_core.environment:checking '/home/ashy/abaja_ros2_dev/install/aeb' for CMake config files
[0.516s] Level 1:colcon.colcon_core.shell:create_environment_hook('aeb', 'cmake_prefix_path')
[0.516s] INFO:colcon.colcon_core.shell:Creating environment hook '/home/ashy/abaja_ros2_dev/install/aeb/share/aeb/hook/cmake_prefix_path.ps1'
[0.518s] INFO:colcon.colcon_core.shell:Creating environment descriptor '/home/ashy/abaja_ros2_dev/install/aeb/share/aeb/hook/cmake_prefix_path.dsv'
[0.519s] INFO:colcon.colcon_core.shell:Creating environment hook '/home/ashy/abaja_ros2_dev/install/aeb/share/aeb/hook/cmake_prefix_path.sh'
[0.520s] Level 1:colcon.colcon_core.environment:checking '/home/ashy/abaja_ros2_dev/install/aeb/lib'
[0.521s] Level 1:colcon.colcon_core.environment:checking '/home/ashy/abaja_ros2_dev/install/aeb/bin'
[0.521s] Level 1:colcon.colcon_core.environment:checking '/home/ashy/abaja_ros2_dev/install/aeb/lib/pkgconfig/aeb.pc'
[0.521s] Level 1:colcon.colcon_core.environment:checking '/home/ashy/abaja_ros2_dev/install/aeb/lib/python3.10/site-packages'
[0.522s] Level 1:colcon.colcon_core.environment:checking '/home/ashy/abaja_ros2_dev/install/aeb/bin'
[0.522s] INFO:colcon.colcon_core.shell:Creating package script '/home/ashy/abaja_ros2_dev/install/aeb/share/aeb/package.ps1'
[0.523s] INFO:colcon.colcon_core.shell:Creating package descriptor '/home/ashy/abaja_ros2_dev/install/aeb/share/aeb/package.dsv'
[0.523s] INFO:colcon.colcon_core.shell:Creating package script '/home/ashy/abaja_ros2_dev/install/aeb/share/aeb/package.sh'
[0.526s] INFO:colcon.colcon_core.shell:Creating package script '/home/ashy/abaja_ros2_dev/install/aeb/share/aeb/package.bash'
[0.528s] INFO:colcon.colcon_core.shell:Creating package script '/home/ashy/abaja_ros2_dev/install/aeb/share/aeb/package.zsh'
[0.529s] Level 1:colcon.colcon_core.environment:create_file_with_runtime_dependencies(/home/ashy/abaja_ros2_dev/install/aeb/share/colcon-core/packages/aeb)
[0.847s] DEBUG:colcon.colcon_core.event_handler.log_command:Invoked command in '/home/ashy/abaja_ros2_dev/build/feedback' returned '0': CMAKE_PREFIX_PATH=/opt/ros/humble /usr/bin/cmake --build /home/ashy/abaja_ros2_dev/build/feedback -- -j16 -l16
[0.848s] DEBUG:colcon.colcon_core.event_handler.log_command:Invoking command in '/home/ashy/abaja_ros2_dev/build/feedback': CMAKE_PREFIX_PATH=/opt/ros/humble /usr/bin/cmake --install /home/ashy/abaja_ros2_dev/build/feedback
[0.849s] DEBUG:colcon.colcon_core.event_handler.log_command:Invoked command in '/home/ashy/abaja_ros2_dev/build/radar_msgs' returned '0': CMAKE_PREFIX_PATH=/opt/ros/humble /usr/bin/cmake --build /home/ashy/abaja_ros2_dev/build/radar_msgs -- -j16 -l16
[0.850s] DEBUG:colcon.colcon_core.event_handler.log_command:Invoking command in '/home/ashy/abaja_ros2_dev/build/radar_msgs': CMAKE_PREFIX_PATH=/opt/ros/humble /usr/bin/cmake --install /home/ashy/abaja_ros2_dev/build/radar_msgs
[0.856s] DEBUG:colcon.colcon_core.event_handler.log_command:Invoked command in '/home/ashy/abaja_ros2_dev/build/vehiclecontrol' returned '0': CMAKE_PREFIX_PATH=/opt/ros/humble /usr/bin/cmake --build /home/ashy/abaja_ros2_dev/build/vehiclecontrol -- -j16 -l16
[0.864s] DEBUG:colcon.colcon_core.event_handler.log_command:Invoking command in '/home/ashy/abaja_ros2_dev/build/vehiclecontrol': CMAKE_PREFIX_PATH=/opt/ros/humble /usr/bin/cmake --install /home/ashy/abaja_ros2_dev/build/vehiclecontrol
[0.870s] DEBUG:colcon.colcon_core.event_handler.log_command:Invoked command in '/home/ashy/abaja_ros2_dev/build/inertial_msgs' returned '0': CMAKE_PREFIX_PATH=/opt/ros/humble /usr/bin/cmake --build /home/ashy/abaja_ros2_dev/build/inertial_msgs -- -j16 -l16
[0.871s] DEBUG:colcon.colcon_core.event_handler.log_command:Invoking command in '/home/ashy/abaja_ros2_dev/build/inertial_msgs': CMAKE_PREFIX_PATH=/opt/ros/humble /usr/bin/cmake --install /home/ashy/abaja_ros2_dev/build/inertial_msgs
[0.897s] Level 1:colcon.colcon_core.environment:create_environment_scripts_only(feedback)
[0.897s] Level 1:colcon.colcon_core.environment:checking '/home/ashy/abaja_ros2_dev/install/feedback' for CMake module files
[0.898s] DEBUG:colcon.colcon_core.event_handler.log_command:Invoked command in '/home/ashy/abaja_ros2_dev/build/feedback' returned '0': CMAKE_PREFIX_PATH=/opt/ros/humble /usr/bin/cmake --install /home/ashy/abaja_ros2_dev/build/feedback
[0.898s] Level 1:colcon.colcon_core.environment:checking '/home/ashy/abaja_ros2_dev/install/feedback' for CMake config files
[0.898s] Level 1:colcon.colcon_core.shell:create_environment_hook('feedback', 'cmake_prefix_path')
[0.898s] INFO:colcon.colcon_core.shell:Creating environment hook '/home/ashy/abaja_ros2_dev/install/feedback/share/feedback/hook/cmake_prefix_path.ps1'
[0.899s] INFO:colcon.colcon_core.shell:Creating environment descriptor '/home/ashy/abaja_ros2_dev/install/feedback/share/feedback/hook/cmake_prefix_path.dsv'
[0.899s] INFO:colcon.colcon_core.shell:Creating environment hook '/home/ashy/abaja_ros2_dev/install/feedback/share/feedback/hook/cmake_prefix_path.sh'
[0.899s] Level 1:colcon.colcon_core.environment:checking '/home/ashy/abaja_ros2_dev/install/feedback/lib'
[0.900s] Level 1:colcon.colcon_core.shell:create_environment_hook('feedback', 'ld_library_path_lib')
[0.900s] INFO:colcon.colcon_core.shell:Creating environment hook '/home/ashy/abaja_ros2_dev/install/feedback/share/feedback/hook/ld_library_path_lib.ps1'
[0.900s] INFO:colcon.colcon_core.shell:Creating environment descriptor '/home/ashy/abaja_ros2_dev/install/feedback/share/feedback/hook/ld_library_path_lib.dsv'
[0.900s] INFO:colcon.colcon_core.shell:Creating environment hook '/home/ashy/abaja_ros2_dev/install/feedback/share/feedback/hook/ld_library_path_lib.sh'
[0.901s] Level 1:colcon.colcon_core.environment:checking '/home/ashy/abaja_ros2_dev/install/feedback/bin'
[0.901s] Level 1:colcon.colcon_core.environment:checking '/home/ashy/abaja_ros2_dev/install/feedback/lib/pkgconfig/feedback.pc'
[0.901s] Level 1:colcon.colcon_core.environment:checking '/home/ashy/abaja_ros2_dev/install/feedback/lib/python3.10/site-packages'
[0.901s] Level 1:colcon.colcon_core.environment:checking '/home/ashy/abaja_ros2_dev/install/feedback/bin'
[0.901s] INFO:colcon.colcon_core.shell:Creating package script '/home/ashy/abaja_ros2_dev/install/feedback/share/feedback/package.ps1'
[0.903s] INFO:colcon.colcon_core.shell:Creating package descriptor '/home/ashy/abaja_ros2_dev/install/feedback/share/feedback/package.dsv'
[0.904s] INFO:colcon.colcon_core.shell:Creating package script '/home/ashy/abaja_ros2_dev/install/feedback/share/feedback/package.sh'
[0.904s] INFO:colcon.colcon_core.shell:Creating package script '/home/ashy/abaja_ros2_dev/install/feedback/share/feedback/package.bash'
[0.905s] INFO:colcon.colcon_core.shell:Creating package script '/home/ashy/abaja_ros2_dev/install/feedback/share/feedback/package.zsh'
[0.905s] Level 1:colcon.colcon_core.environment:create_file_with_runtime_dependencies(/home/ashy/abaja_ros2_dev/install/feedback/share/colcon-core/packages/feedback)
[0.905s] Level 1:colcon.colcon_core.environment:create_environment_scripts_only(feedback)
[0.905s] Level 1:colcon.colcon_core.environment:checking '/home/ashy/abaja_ros2_dev/install/feedback' for CMake module files
[0.906s] Level 1:colcon.colcon_core.environment:checking '/home/ashy/abaja_ros2_dev/install/feedback' for CMake config files
[0.906s] Level 1:colcon.colcon_core.shell:create_environment_hook('feedback', 'cmake_prefix_path')
[0.906s] INFO:colcon.colcon_core.shell:Creating environment hook '/home/ashy/abaja_ros2_dev/install/feedback/share/feedback/hook/cmake_prefix_path.ps1'
[0.907s] INFO:colcon.colcon_core.shell:Creating environment descriptor '/home/ashy/abaja_ros2_dev/install/feedback/share/feedback/hook/cmake_prefix_path.dsv'
[0.907s] INFO:colcon.colcon_core.shell:Creating environment hook '/home/ashy/abaja_ros2_dev/install/feedback/share/feedback/hook/cmake_prefix_path.sh'
[0.907s] Level 1:colcon.colcon_core.environment:checking '/home/ashy/abaja_ros2_dev/install/feedback/lib'
[0.907s] Level 1:colcon.colcon_core.shell:create_environment_hook('feedback', 'ld_library_path_lib')
[0.908s] INFO:colcon.colcon_core.shell:Creating environment hook '/home/ashy/abaja_ros2_dev/install/feedback/share/feedback/hook/ld_library_path_lib.ps1'
[0.908s] INFO:colcon.colcon_core.shell:Creating environment descriptor '/home/ashy/abaja_ros2_dev/install/feedback/share/feedback/hook/ld_library_path_lib.dsv'
[0.908s] INFO:colcon.colcon_core.shell:Creating environment hook '/home/ashy/abaja_ros2_dev/install/feedback/share/feedback/hook/ld_library_path_lib.sh'
[0.909s] Level 1:colcon.colcon_core.environment:checking '/home/ashy/abaja_ros2_dev/install/feedback/bin'
[0.909s] Level 1:colcon.colcon_core.environment:checking '/home/ashy/abaja_ros2_dev/install/feedback/lib/pkgconfig/feedback.pc'
[0.909s] Level 1:colcon.colcon_core.environment:checking '/home/ashy/abaja_ros2_dev/install/feedback/lib/python3.10/site-packages'
[0.909s] Level 1:colcon.colcon_core.environment:checking '/home/ashy/abaja_ros2_dev/install/feedback/bin'
[0.909s] INFO:colcon.colcon_core.shell:Creating package script '/home/ashy/abaja_ros2_dev/install/feedback/share/feedback/package.ps1'
[0.911s] INFO:colcon.colcon_core.shell:Creating package descriptor '/home/ashy/abaja_ros2_dev/install/feedback/share/feedback/package.dsv'
[0.912s] INFO:colcon.colcon_core.shell:Creating package script '/home/ashy/abaja_ros2_dev/install/feedback/share/feedback/package.sh'
[0.912s] INFO:colcon.colcon_core.shell:Creating package script '/home/ashy/abaja_ros2_dev/install/feedback/share/feedback/package.bash'
[0.913s] INFO:colcon.colcon_core.shell:Creating package script '/home/ashy/abaja_ros2_dev/install/feedback/share/feedback/package.zsh'
[0.913s] Level 1:colcon.colcon_core.environment:create_file_with_runtime_dependencies(/home/ashy/abaja_ros2_dev/install/feedback/share/colcon-core/packages/feedback)
[0.914s] Level 1:colcon.colcon_core.environment:create_environment_scripts_only(radar_msgs)
[0.914s] Level 1:colcon.colcon_core.environment:checking '/home/ashy/abaja_ros2_dev/install/radar_msgs' for CMake module files
[0.915s] DEBUG:colcon.colcon_core.event_handler.log_command:Invoked command in '/home/ashy/abaja_ros2_dev/build/radar_msgs' returned '0': CMAKE_PREFIX_PATH=/opt/ros/humble /usr/bin/cmake --install /home/ashy/abaja_ros2_dev/build/radar_msgs
[0.915s] Level 1:colcon.colcon_core.environment:checking '/home/ashy/abaja_ros2_dev/install/radar_msgs' for CMake config files
[0.916s] Level 1:colcon.colcon_core.shell:create_environment_hook('radar_msgs', 'cmake_prefix_path')
[0.916s] INFO:colcon.colcon_core.shell:Creating environment hook '/home/ashy/abaja_ros2_dev/install/radar_msgs/share/radar_msgs/hook/cmake_prefix_path.ps1'
[0.916s] INFO:colcon.colcon_core.shell:Creating environment descriptor '/home/ashy/abaja_ros2_dev/install/radar_msgs/share/radar_msgs/hook/cmake_prefix_path.dsv'
[0.916s] INFO:colcon.colcon_core.shell:Creating environment hook '/home/ashy/abaja_ros2_dev/install/radar_msgs/share/radar_msgs/hook/cmake_prefix_path.sh'
[0.917s] Level 1:colcon.colcon_core.environment:checking '/home/ashy/abaja_ros2_dev/install/radar_msgs/lib'
[0.917s] Level 1:colcon.colcon_core.shell:create_environment_hook('radar_msgs', 'ld_library_path_lib')
[0.917s] INFO:colcon.colcon_core.shell:Creating environment hook '/home/ashy/abaja_ros2_dev/install/radar_msgs/share/radar_msgs/hook/ld_library_path_lib.ps1'
[0.917s] INFO:colcon.colcon_core.shell:Creating environment descriptor '/home/ashy/abaja_ros2_dev/install/radar_msgs/share/radar_msgs/hook/ld_library_path_lib.dsv'
[0.918s] INFO:colcon.colcon_core.shell:Creating environment hook '/home/ashy/abaja_ros2_dev/install/radar_msgs/share/radar_msgs/hook/ld_library_path_lib.sh'
[0.918s] Level 1:colcon.colcon_core.environment:checking '/home/ashy/abaja_ros2_dev/install/radar_msgs/bin'
[0.918s] Level 1:colcon.colcon_core.environment:checking '/home/ashy/abaja_ros2_dev/install/radar_msgs/lib/pkgconfig/radar_msgs.pc'
[0.918s] Level 1:colcon.colcon_core.environment:checking '/home/ashy/abaja_ros2_dev/install/radar_msgs/lib/python3.10/site-packages'
[0.918s] Level 1:colcon.colcon_core.environment:checking '/home/ashy/abaja_ros2_dev/install/radar_msgs/bin'
[0.918s] INFO:colcon.colcon_core.shell:Creating package script '/home/ashy/abaja_ros2_dev/install/radar_msgs/share/radar_msgs/package.ps1'
[0.919s] INFO:colcon.colcon_core.shell:Creating package descriptor '/home/ashy/abaja_ros2_dev/install/radar_msgs/share/radar_msgs/package.dsv'
[0.919s] INFO:colcon.colcon_core.shell:Creating package script '/home/ashy/abaja_ros2_dev/install/radar_msgs/share/radar_msgs/package.sh'
[0.919s] INFO:colcon.colcon_core.shell:Creating package script '/home/ashy/abaja_ros2_dev/install/radar_msgs/share/radar_msgs/package.bash'
[0.919s] INFO:colcon.colcon_core.shell:Creating package script '/home/ashy/abaja_ros2_dev/install/radar_msgs/share/radar_msgs/package.zsh'
[0.920s] Level 1:colcon.colcon_core.environment:create_file_with_runtime_dependencies(/home/ashy/abaja_ros2_dev/install/radar_msgs/share/colcon-core/packages/radar_msgs)
[0.920s] Level 1:colcon.colcon_core.environment:create_environment_scripts_only(radar_msgs)
[0.920s] Level 1:colcon.colcon_core.environment:checking '/home/ashy/abaja_ros2_dev/install/radar_msgs' for CMake module files
[0.921s] Level 1:colcon.colcon_core.environment:checking '/home/ashy/abaja_ros2_dev/install/radar_msgs' for CMake config files
[0.921s] Level 1:colcon.colcon_core.shell:create_environment_hook('radar_msgs', 'cmake_prefix_path')
[0.921s] INFO:colcon.colcon_core.shell:Creating environment hook '/home/ashy/abaja_ros2_dev/install/radar_msgs/share/radar_msgs/hook/cmake_prefix_path.ps1'
[0.921s] INFO:colcon.colcon_core.shell:Creating environment descriptor '/home/ashy/abaja_ros2_dev/install/radar_msgs/share/radar_msgs/hook/cmake_prefix_path.dsv'
[0.921s] INFO:colcon.colcon_core.shell:Creating environment hook '/home/ashy/abaja_ros2_dev/install/radar_msgs/share/radar_msgs/hook/cmake_prefix_path.sh'
[0.922s] Level 1:colcon.colcon_core.environment:checking '/home/ashy/abaja_ros2_dev/install/radar_msgs/lib'
[0.922s] Level 1:colcon.colcon_core.shell:create_environment_hook('radar_msgs', 'ld_library_path_lib')
[0.922s] INFO:colcon.colcon_core.shell:Creating environment hook '/home/ashy/abaja_ros2_dev/install/radar_msgs/share/radar_msgs/hook/ld_library_path_lib.ps1'
[0.922s] INFO:colcon.colcon_core.shell:Creating environment descriptor '/home/ashy/abaja_ros2_dev/install/radar_msgs/share/radar_msgs/hook/ld_library_path_lib.dsv'
[0.922s] INFO:colcon.colcon_core.shell:Creating environment hook '/home/ashy/abaja_ros2_dev/install/radar_msgs/share/radar_msgs/hook/ld_library_path_lib.sh'
[0.923s] Level 1:colcon.colcon_core.environment:checking '/home/ashy/abaja_ros2_dev/install/radar_msgs/bin'
[0.923s] Level 1:colcon.colcon_core.environment:checking '/home/ashy/abaja_ros2_dev/install/radar_msgs/lib/pkgconfig/radar_msgs.pc'
[0.923s] Level 1:colcon.colcon_core.environment:checking '/home/ashy/abaja_ros2_dev/install/radar_msgs/lib/python3.10/site-packages'
[0.923s] Level 1:colcon.colcon_core.environment:checking '/home/ashy/abaja_ros2_dev/install/radar_msgs/bin'
[0.923s] INFO:colcon.colcon_core.shell:Creating package script '/home/ashy/abaja_ros2_dev/install/radar_msgs/share/radar_msgs/package.ps1'
[0.923s] INFO:colcon.colcon_core.shell:Creating package descriptor '/home/ashy/abaja_ros2_dev/install/radar_msgs/share/radar_msgs/package.dsv'
[0.924s] INFO:colcon.colcon_core.shell:Creating package script '/home/ashy/abaja_ros2_dev/install/radar_msgs/share/radar_msgs/package.sh'
[0.924s] INFO:colcon.colcon_core.shell:Creating package script '/home/ashy/abaja_ros2_dev/install/radar_msgs/share/radar_msgs/package.bash'
[0.924s] INFO:colcon.colcon_core.shell:Creating package script '/home/ashy/abaja_ros2_dev/install/radar_msgs/share/radar_msgs/package.zsh'
[0.925s] Level 1:colcon.colcon_core.environment:create_file_with_runtime_dependencies(/home/ashy/abaja_ros2_dev/install/radar_msgs/share/colcon-core/packages/radar_msgs)
[0.925s] Level 1:colcon.colcon_core.environment:create_environment_scripts_only(vehiclecontrol)
[0.925s] Level 1:colcon.colcon_core.environment:checking '/home/ashy/abaja_ros2_dev/install/vehiclecontrol' for CMake module files
[0.926s] Level 1:colcon.colcon_core.environment:checking '/home/ashy/abaja_ros2_dev/install/vehiclecontrol' for CMake config files
[0.927s] DEBUG:colcon.colcon_core.event_handler.log_command:Invoked command in '/home/ashy/abaja_ros2_dev/build/vehiclecontrol' returned '0': CMAKE_PREFIX_PATH=/opt/ros/humble /usr/bin/cmake --install /home/ashy/abaja_ros2_dev/build/vehiclecontrol
[0.927s] Level 1:colcon.colcon_core.shell:create_environment_hook('vehiclecontrol', 'cmake_prefix_path')
[0.927s] INFO:colcon.colcon_core.shell:Creating environment hook '/home/ashy/abaja_ros2_dev/install/vehiclecontrol/share/vehiclecontrol/hook/cmake_prefix_path.ps1'
[0.927s] INFO:colcon.colcon_core.shell:Creating environment descriptor '/home/ashy/abaja_ros2_dev/install/vehiclecontrol/share/vehiclecontrol/hook/cmake_prefix_path.dsv'
[0.928s] INFO:colcon.colcon_core.shell:Creating environment hook '/home/ashy/abaja_ros2_dev/install/vehiclecontrol/share/vehiclecontrol/hook/cmake_prefix_path.sh'
[0.928s] Level 1:colcon.colcon_core.environment:checking '/home/ashy/abaja_ros2_dev/install/vehiclecontrol/lib'
[0.928s] Level 1:colcon.colcon_core.shell:create_environment_hook('vehiclecontrol', 'ld_library_path_lib')
[0.928s] INFO:colcon.colcon_core.shell:Creating environment hook '/home/ashy/abaja_ros2_dev/install/vehiclecontrol/share/vehiclecontrol/hook/ld_library_path_lib.ps1'
[0.929s] INFO:colcon.colcon_core.shell:Creating environment descriptor '/home/ashy/abaja_ros2_dev/install/vehiclecontrol/share/vehiclecontrol/hook/ld_library_path_lib.dsv'
[0.929s] INFO:colcon.colcon_core.shell:Creating environment hook '/home/ashy/abaja_ros2_dev/install/vehiclecontrol/share/vehiclecontrol/hook/ld_library_path_lib.sh'
[0.929s] Level 1:colcon.colcon_core.environment:checking '/home/ashy/abaja_ros2_dev/install/vehiclecontrol/bin'
[0.929s] Level 1:colcon.colcon_core.environment:checking '/home/ashy/abaja_ros2_dev/install/vehiclecontrol/lib/pkgconfig/vehiclecontrol.pc'
[0.930s] Level 1:colcon.colcon_core.environment:checking '/home/ashy/abaja_ros2_dev/install/vehiclecontrol/lib/python3.10/site-packages'
[0.930s] Level 1:colcon.colcon_core.environment:checking '/home/ashy/abaja_ros2_dev/install/vehiclecontrol/bin'
[0.930s] INFO:colcon.colcon_core.shell:Creating package script '/home/ashy/abaja_ros2_dev/install/vehiclecontrol/share/vehiclecontrol/package.ps1'
[0.930s] INFO:colcon.colcon_core.shell:Creating package descriptor '/home/ashy/abaja_ros2_dev/install/vehiclecontrol/share/vehiclecontrol/package.dsv'
[0.931s] INFO:colcon.colcon_core.shell:Creating package script '/home/ashy/abaja_ros2_dev/install/vehiclecontrol/share/vehiclecontrol/package.sh'
[0.931s] INFO:colcon.colcon_core.shell:Creating package script '/home/ashy/abaja_ros2_dev/install/vehiclecontrol/share/vehiclecontrol/package.bash'
[0.931s] INFO:colcon.colcon_core.shell:Creating package script '/home/ashy/abaja_ros2_dev/install/vehiclecontrol/share/vehiclecontrol/package.zsh'
[0.932s] Level 1:colcon.colcon_core.environment:create_file_with_runtime_dependencies(/home/ashy/abaja_ros2_dev/install/vehiclecontrol/share/colcon-core/packages/vehiclecontrol)
[0.932s] Level 1:colcon.colcon_core.environment:create_environment_scripts_only(vehiclecontrol)
[0.932s] Level 1:colcon.colcon_core.environment:checking '/home/ashy/abaja_ros2_dev/install/vehiclecontrol' for CMake module files
[0.933s] Level 1:colcon.colcon_core.environment:checking '/home/ashy/abaja_ros2_dev/install/vehiclecontrol' for CMake config files
[0.933s] Level 1:colcon.colcon_core.shell:create_environment_hook('vehiclecontrol', 'cmake_prefix_path')
[0.933s] INFO:colcon.colcon_core.shell:Creating environment hook '/home/ashy/abaja_ros2_dev/install/vehiclecontrol/share/vehiclecontrol/hook/cmake_prefix_path.ps1'
[0.934s] INFO:colcon.colcon_core.shell:Creating environment descriptor '/home/ashy/abaja_ros2_dev/install/vehiclecontrol/share/vehiclecontrol/hook/cmake_prefix_path.dsv'
[0.934s] INFO:colcon.colcon_core.shell:Creating environment hook '/home/ashy/abaja_ros2_dev/install/vehiclecontrol/share/vehiclecontrol/hook/cmake_prefix_path.sh'
[0.934s] Level 1:colcon.colcon_core.environment:checking '/home/ashy/abaja_ros2_dev/install/vehiclecontrol/lib'
[0.934s] Level 1:colcon.colcon_core.shell:create_environment_hook('vehiclecontrol', 'ld_library_path_lib')
[0.935s] INFO:colcon.colcon_core.shell:Creating environment hook '/home/ashy/abaja_ros2_dev/install/vehiclecontrol/share/vehiclecontrol/hook/ld_library_path_lib.ps1'
[0.935s] INFO:colcon.colcon_core.shell:Creating environment descriptor '/home/ashy/abaja_ros2_dev/install/vehiclecontrol/share/vehiclecontrol/hook/ld_library_path_lib.dsv'
[0.935s] INFO:colcon.colcon_core.shell:Creating environment hook '/home/ashy/abaja_ros2_dev/install/vehiclecontrol/share/vehiclecontrol/hook/ld_library_path_lib.sh'
[0.936s] Level 1:colcon.colcon_core.environment:checking '/home/ashy/abaja_ros2_dev/install/vehiclecontrol/bin'
[0.936s] Level 1:colcon.colcon_core.environment:checking '/home/ashy/abaja_ros2_dev/install/vehiclecontrol/lib/pkgconfig/vehiclecontrol.pc'
[0.936s] Level 1:colcon.colcon_core.environment:checking '/home/ashy/abaja_ros2_dev/install/vehiclecontrol/lib/python3.10/site-packages'
[0.936s] Level 1:colcon.colcon_core.environment:checking '/home/ashy/abaja_ros2_dev/install/vehiclecontrol/bin'
[0.937s] INFO:colcon.colcon_core.shell:Creating package script '/home/ashy/abaja_ros2_dev/install/vehiclecontrol/share/vehiclecontrol/package.ps1'
[0.937s] INFO:colcon.colcon_core.shell:Creating package descriptor '/home/ashy/abaja_ros2_dev/install/vehiclecontrol/share/vehiclecontrol/package.dsv'
[0.937s] INFO:colcon.colcon_core.shell:Creating package script '/home/ashy/abaja_ros2_dev/install/vehiclecontrol/share/vehiclecontrol/package.sh'
[0.938s] INFO:colcon.colcon_core.shell:Creating package script '/home/ashy/abaja_ros2_dev/install/vehiclecontrol/share/vehiclecontrol/package.bash'
[0.938s] INFO:colcon.colcon_core.shell:Creating package script '/home/ashy/abaja_ros2_dev/install/vehiclecontrol/share/vehiclecontrol/package.zsh'
[0.938s] Level 1:colcon.colcon_core.environment:create_file_with_runtime_dependencies(/home/ashy/abaja_ros2_dev/install/vehiclecontrol/share/colcon-core/packages/vehiclecontrol)
[0.938s] Level 1:colcon.colcon_core.environment:create_environment_scripts_only(inertial_msgs)
[0.938s] Level 1:colcon.colcon_core.environment:checking '/home/ashy/abaja_ros2_dev/install/inertial_msgs' for CMake module files
[0.939s] DEBUG:colcon.colcon_core.event_handler.log_command:Invoked command in '/home/ashy/abaja_ros2_dev/build/inertial_msgs' returned '0': CMAKE_PREFIX_PATH=/opt/ros/humble /usr/bin/cmake --install /home/ashy/abaja_ros2_dev/build/inertial_msgs
[0.939s] Level 1:colcon.colcon_core.environment:checking '/home/ashy/abaja_ros2_dev/install/inertial_msgs' for CMake config files
[0.940s] Level 1:colcon.colcon_core.shell:create_environment_hook('inertial_msgs', 'cmake_prefix_path')
[0.940s] INFO:colcon.colcon_core.shell:Creating environment hook '/home/ashy/abaja_ros2_dev/install/inertial_msgs/share/inertial_msgs/hook/cmake_prefix_path.ps1'
[0.940s] INFO:colcon.colcon_core.shell:Creating environment descriptor '/home/ashy/abaja_ros2_dev/install/inertial_msgs/share/inertial_msgs/hook/cmake_prefix_path.dsv'
[0.940s] INFO:colcon.colcon_core.shell:Creating environment hook '/home/ashy/abaja_ros2_dev/install/inertial_msgs/share/inertial_msgs/hook/cmake_prefix_path.sh'
[0.941s] Level 1:colcon.colcon_core.environment:checking '/home/ashy/abaja_ros2_dev/install/inertial_msgs/lib'
[0.941s] Level 1:colcon.colcon_core.shell:create_environment_hook('inertial_msgs', 'ld_library_path_lib')
[0.941s] INFO:colcon.colcon_core.shell:Creating environment hook '/home/ashy/abaja_ros2_dev/install/inertial_msgs/share/inertial_msgs/hook/ld_library_path_lib.ps1'
[0.941s] INFO:colcon.colcon_core.shell:Creating environment descriptor '/home/ashy/abaja_ros2_dev/install/inertial_msgs/share/inertial_msgs/hook/ld_library_path_lib.dsv'
[0.942s] INFO:colcon.colcon_core.shell:Creating environment hook '/home/ashy/abaja_ros2_dev/install/inertial_msgs/share/inertial_msgs/hook/ld_library_path_lib.sh'
[0.942s] Level 1:colcon.colcon_core.environment:checking '/home/ashy/abaja_ros2_dev/install/inertial_msgs/bin'
[0.942s] Level 1:colcon.colcon_core.environment:checking '/home/ashy/abaja_ros2_dev/install/inertial_msgs/lib/pkgconfig/inertial_msgs.pc'
[0.942s] Level 1:colcon.colcon_core.environment:checking '/home/ashy/abaja_ros2_dev/install/inertial_msgs/lib/python3.10/site-packages'
[0.942s] Level 1:colcon.colcon_core.environment:checking '/home/ashy/abaja_ros2_dev/install/inertial_msgs/bin'
[0.942s] INFO:colcon.colcon_core.shell:Creating package script '/home/ashy/abaja_ros2_dev/install/inertial_msgs/share/inertial_msgs/package.ps1'
[0.943s] INFO:colcon.colcon_core.shell:Creating package descriptor '/home/ashy/abaja_ros2_dev/install/inertial_msgs/share/inertial_msgs/package.dsv'
[0.943s] INFO:colcon.colcon_core.shell:Creating package script '/home/ashy/abaja_ros2_dev/install/inertial_msgs/share/inertial_msgs/package.sh'
[0.943s] INFO:colcon.colcon_core.shell:Creating package script '/home/ashy/abaja_ros2_dev/install/inertial_msgs/share/inertial_msgs/package.bash'
[0.944s] INFO:colcon.colcon_core.shell:Creating package script '/home/ashy/abaja_ros2_dev/install/inertial_msgs/share/inertial_msgs/package.zsh'
[0.944s] Level 1:colcon.colcon_core.environment:create_file_with_runtime_dependencies(/home/ashy/abaja_ros2_dev/install/inertial_msgs/share/colcon-core/packages/inertial_msgs)
[0.945s] Level 1:colcon.colcon_core.environment:create_environment_scripts_only(inertial_msgs)
[0.945s] Level 1:colcon.colcon_core.environment:checking '/home/ashy/abaja_ros2_dev/install/inertial_msgs' for CMake module files
[0.946s] Level 1:colcon.colcon_core.environment:checking '/home/ashy/abaja_ros2_dev/install/inertial_msgs' for CMake config files
[0.946s] Level 1:colcon.colcon_core.shell:create_environment_hook('inertial_msgs', 'cmake_prefix_path')
[0.946s] INFO:colcon.colcon_core.shell:Creating environment hook '/home/ashy/abaja_ros2_dev/install/inertial_msgs/share/inertial_msgs/hook/cmake_prefix_path.ps1'
[0.947s] INFO:colcon.colcon_core.shell:Creating environment descriptor '/home/ashy/abaja_ros2_dev/install/inertial_msgs/share/inertial_msgs/hook/cmake_prefix_path.dsv'
[0.947s] INFO:colcon.colcon_core.shell:Creating environment hook '/home/ashy/abaja_ros2_dev/install/inertial_msgs/share/inertial_msgs/hook/cmake_prefix_path.sh'
[0.948s] Level 1:colcon.colcon_core.environment:checking '/home/ashy/abaja_ros2_dev/install/inertial_msgs/lib'
[0.948s] Level 1:colcon.colcon_core.shell:create_environment_hook('inertial_msgs', 'ld_library_path_lib')
[0.948s] INFO:colcon.colcon_core.shell:Creating environment hook '/home/ashy/abaja_ros2_dev/install/inertial_msgs/share/inertial_msgs/hook/ld_library_path_lib.ps1'
[0.948s] INFO:colcon.colcon_core.shell:Creating environment descriptor '/home/ashy/abaja_ros2_dev/install/inertial_msgs/share/inertial_msgs/hook/ld_library_path_lib.dsv'
[0.949s] INFO:colcon.colcon_core.shell:Creating environment hook '/home/ashy/abaja_ros2_dev/install/inertial_msgs/share/inertial_msgs/hook/ld_library_path_lib.sh'
[0.949s] Level 1:colcon.colcon_core.environment:checking '/home/ashy/abaja_ros2_dev/install/inertial_msgs/bin'
[0.949s] Level 1:colcon.colcon_core.environment:checking '/home/ashy/abaja_ros2_dev/install/inertial_msgs/lib/pkgconfig/inertial_msgs.pc'
[0.949s] Level 1:colcon.colcon_core.environment:checking '/home/ashy/abaja_ros2_dev/install/inertial_msgs/lib/python3.10/site-packages'
[0.949s] Level 1:colcon.colcon_core.environment:checking '/home/ashy/abaja_ros2_dev/install/inertial_msgs/bin'
[0.949s] INFO:colcon.colcon_core.shell:Creating package script '/home/ashy/abaja_ros2_dev/install/inertial_msgs/share/inertial_msgs/package.ps1'
[0.950s] INFO:colcon.colcon_core.shell:Creating package descriptor '/home/ashy/abaja_ros2_dev/install/inertial_msgs/share/inertial_msgs/package.dsv'
[0.950s] INFO:colcon.colcon_core.shell:Creating package script '/home/ashy/abaja_ros2_dev/install/inertial_msgs/share/inertial_msgs/package.sh'
[0.950s] INFO:colcon.colcon_core.shell:Creating package script '/home/ashy/abaja_ros2_dev/install/inertial_msgs/share/inertial_msgs/package.bash'
[0.950s] INFO:colcon.colcon_core.shell:Creating package script '/home/ashy/abaja_ros2_dev/install/inertial_msgs/share/inertial_msgs/package.zsh'
[0.951s] Level 1:colcon.colcon_core.environment:create_file_with_runtime_dependencies(/home/ashy/abaja_ros2_dev/install/inertial_msgs/share/colcon-core/packages/inertial_msgs)
[0.952s] DEBUG:colcon.colcon_core.event_handler.log_command:Invoked command in '/home/ashy/abaja_ros2_dev/build/caninterface' returned '0': CMAKE_PREFIX_PATH=/opt/ros/humble /usr/bin/cmake --build /home/ashy/abaja_ros2_dev/build/caninterface -- -j16 -l16
[0.953s] DEBUG:colcon.colcon_core.event_handler.log_command:Invoking command in '/home/ashy/abaja_ros2_dev/build/caninterface': CMAKE_PREFIX_PATH=/opt/ros/humble /usr/bin/cmake --install /home/ashy/abaja_ros2_dev/build/caninterface
[0.964s] Level 1:colcon.colcon_core.environment:create_environment_scripts_only(caninterface)
[0.965s] Level 1:colcon.colcon_core.environment:checking '/home/ashy/abaja_ros2_dev/install/caninterface' for CMake module files
[0.965s] DEBUG:colcon.colcon_core.event_handler.log_command:Invoked command in '/home/ashy/abaja_ros2_dev/build/caninterface' returned '0': CMAKE_PREFIX_PATH=/opt/ros/humble /usr/bin/cmake --install /home/ashy/abaja_ros2_dev/build/caninterface
[0.965s] Level 1:colcon.colcon_core.environment:checking '/home/ashy/abaja_ros2_dev/install/caninterface' for CMake config files
[0.966s] Level 1:colcon.colcon_core.shell:create_environment_hook('caninterface', 'cmake_prefix_path')
[0.966s] INFO:colcon.colcon_core.shell:Creating environment hook '/home/ashy/abaja_ros2_dev/install/caninterface/share/caninterface/hook/cmake_prefix_path.ps1'
[0.966s] INFO:colcon.colcon_core.shell:Creating environment descriptor '/home/ashy/abaja_ros2_dev/install/caninterface/share/caninterface/hook/cmake_prefix_path.dsv'
[0.966s] INFO:colcon.colcon_core.shell:Creating environment hook '/home/ashy/abaja_ros2_dev/install/caninterface/share/caninterface/hook/cmake_prefix_path.sh'
[0.967s] Level 1:colcon.colcon_core.environment:checking '/home/ashy/abaja_ros2_dev/install/caninterface/lib'
[0.967s] Level 1:colcon.colcon_core.environment:checking '/home/ashy/abaja_ros2_dev/install/caninterface/bin'
[0.967s] Level 1:colcon.colcon_core.environment:checking '/home/ashy/abaja_ros2_dev/install/caninterface/lib/pkgconfig/caninterface.pc'
[0.967s] Level 1:colcon.colcon_core.environment:checking '/home/ashy/abaja_ros2_dev/install/caninterface/lib/python3.10/site-packages'
[0.968s] Level 1:colcon.colcon_core.environment:checking '/home/ashy/abaja_ros2_dev/install/caninterface/bin'
[0.968s] INFO:colcon.colcon_core.shell:Creating package script '/home/ashy/abaja_ros2_dev/install/caninterface/share/caninterface/package.ps1'
[0.968s] INFO:colcon.colcon_core.shell:Creating package descriptor '/home/ashy/abaja_ros2_dev/install/caninterface/share/caninterface/package.dsv'
[0.969s] INFO:colcon.colcon_core.shell:Creating package script '/home/ashy/abaja_ros2_dev/install/caninterface/share/caninterface/package.sh'
[0.969s] INFO:colcon.colcon_core.shell:Creating package script '/home/ashy/abaja_ros2_dev/install/caninterface/share/caninterface/package.bash'
[0.969s] INFO:colcon.colcon_core.shell:Creating package script '/home/ashy/abaja_ros2_dev/install/caninterface/share/caninterface/package.zsh'
[0.969s] Level 1:colcon.colcon_core.environment:create_file_with_runtime_dependencies(/home/ashy/abaja_ros2_dev/install/caninterface/share/colcon-core/packages/caninterface)
[0.970s] Level 1:colcon.colcon_core.environment:create_environment_scripts_only(caninterface)
[0.970s] Level 1:colcon.colcon_core.environment:checking '/home/ashy/abaja_ros2_dev/install/caninterface' for CMake module files
[0.970s] Level 1:colcon.colcon_core.environment:checking '/home/ashy/abaja_ros2_dev/install/caninterface' for CMake config files
[0.970s] Level 1:colcon.colcon_core.shell:create_environment_hook('caninterface', 'cmake_prefix_path')
[0.970s] INFO:colcon.colcon_core.shell:Creating environment hook '/home/ashy/abaja_ros2_dev/install/caninterface/share/caninterface/hook/cmake_prefix_path.ps1'
[0.971s] INFO:colcon.colcon_core.shell:Creating environment descriptor '/home/ashy/abaja_ros2_dev/install/caninterface/share/caninterface/hook/cmake_prefix_path.dsv'
[0.971s] INFO:colcon.colcon_core.shell:Creating environment hook '/home/ashy/abaja_ros2_dev/install/caninterface/share/caninterface/hook/cmake_prefix_path.sh'
[0.971s] Level 1:colcon.colcon_core.environment:checking '/home/ashy/abaja_ros2_dev/install/caninterface/lib'
[0.971s] Level 1:colcon.colcon_core.environment:checking '/home/ashy/abaja_ros2_dev/install/caninterface/bin'
[0.971s] Level 1:colcon.colcon_core.environment:checking '/home/ashy/abaja_ros2_dev/install/caninterface/lib/pkgconfig/caninterface.pc'
[0.971s] Level 1:colcon.colcon_core.environment:checking '/home/ashy/abaja_ros2_dev/install/caninterface/lib/python3.10/site-packages'
[0.972s] Level 1:colcon.colcon_core.environment:checking '/home/ashy/abaja_ros2_dev/install/caninterface/bin'
[0.972s] INFO:colcon.colcon_core.shell:Creating package script '/home/ashy/abaja_ros2_dev/install/caninterface/share/caninterface/package.ps1'
[0.972s] INFO:colcon.colcon_core.shell:Creating package descriptor '/home/ashy/abaja_ros2_dev/install/caninterface/share/caninterface/package.dsv'
[0.972s] INFO:colcon.colcon_core.shell:Creating package script '/home/ashy/abaja_ros2_dev/install/caninterface/share/caninterface/package.sh'
[0.973s] INFO:colcon.colcon_core.shell:Creating package script '/home/ashy/abaja_ros2_dev/install/caninterface/share/caninterface/package.bash'
[0.973s] INFO:colcon.colcon_core.shell:Creating package script '/home/ashy/abaja_ros2_dev/install/caninterface/share/caninterface/package.zsh'
[0.973s] Level 1:colcon.colcon_core.environment:create_file_with_runtime_dependencies(/home/ashy/abaja_ros2_dev/install/caninterface/share/colcon-core/packages/caninterface)
[0.974s] DEBUG:colcon.colcon_parallel_executor.executor.parallel:closing loop
[0.974s] DEBUG:colcon.colcon_parallel_executor.executor.parallel:loop closed
[0.974s] DEBUG:colcon.colcon_parallel_executor.executor.parallel:run_until_complete finished with '0'
[0.974s] DEBUG:colcon.colcon_core.event_reactor:joining thread
[0.980s] INFO:colcon.colcon_core.plugin_system:Skipping extension 'colcon_notification.desktop_notification.terminal_notifier': Not used on non-Darwin systems
[0.980s] INFO:colcon.colcon_core.plugin_system:Skipping extension 'colcon_notification.desktop_notification.win32': Not used on non-Windows systems
[0.980s] INFO:colcon.colcon_notification.desktop_notification:Sending desktop notification using 'notify2'
[0.988s] DEBUG:colcon.colcon_core.event_reactor:joined thread
[0.989s] INFO:colcon.colcon_core.shell:Creating prefix script '/home/ashy/abaja_ros2_dev/install/local_setup.ps1'
[0.990s] INFO:colcon.colcon_core.shell:Creating prefix util module '/home/ashy/abaja_ros2_dev/install/_local_setup_util_ps1.py'
[0.991s] INFO:colcon.colcon_core.shell:Creating prefix chain script '/home/ashy/abaja_ros2_dev/install/setup.ps1'
[0.991s] INFO:colcon.colcon_core.shell:Creating prefix script '/home/ashy/abaja_ros2_dev/install/local_setup.sh'
[0.992s] INFO:colcon.colcon_core.shell:Creating prefix util module '/home/ashy/abaja_ros2_dev/install/_local_setup_util_sh.py'
[0.992s] INFO:colcon.colcon_core.shell:Creating prefix chain script '/home/ashy/abaja_ros2_dev/install/setup.sh'
[0.993s] INFO:colcon.colcon_core.shell:Creating prefix script '/home/ashy/abaja_ros2_dev/install/local_setup.bash'
[0.993s] INFO:colcon.colcon_core.shell:Creating prefix chain script '/home/ashy/abaja_ros2_dev/install/setup.bash'
[0.994s] INFO:colcon.colcon_core.shell:Creating prefix script '/home/ashy/abaja_ros2_dev/install/local_setup.zsh'
[0.994s] INFO:colcon.colcon_core.shell:Creating prefix chain script '/home/ashy/abaja_ros2_dev/install/setup.zsh'
