[0.042s] Invoking command in '/home/nvidia/ROS2-ABAJA-DEV-main/build/caninterface': CMAKE_PREFIX_PATH=/opt/ros/humble /usr/bin/cmake /home/nvidia/ROS2-ABAJA-DEV-main/src/caninterface -DCMAKE_INSTALL_PREFIX=/home/nvidia/ROS2-ABAJA-DEV-main/install/caninterface
[0.171s] -- The C compiler identification is GNU 11.4.0
[0.294s] -- The CXX compiler identification is GNU 11.4.0
[0.313s] -- Detecting C compiler ABI info
[0.457s] -- Detecting C compiler ABI info - done
[0.473s] -- Check for working C compiler: /usr/bin/cc - skipped
[0.475s] -- Detecting C compile features
[0.477s] -- Detecting C compile features - done
[0.485s] -- Detecting CXX compiler ABI info
[0.664s] -- Detecting CXX compiler ABI info - done
[0.680s] -- Check for working CXX compiler: /usr/bin/c++ - skipped
[0.680s] -- Detecting CXX compile features
[0.682s] -- Detecting CXX compile features - done
[0.690s] -- Found ament_cmake: 1.3.12 (/opt/ros/humble/share/ament_cmake/cmake)
[1.075s] -- Found Python3: /usr/bin/python3 (found version "3.10.12") found components: Interpreter 
[1.286s] -- Found rclcpp: 16.0.14 (/opt/ros/humble/share/rclcpp/cmake)
[1.378s] -- Found rosidl_generator_c: 3.1.7 (/opt/ros/humble/share/rosidl_generator_c/cmake)
[1.386s] -- Found rosidl_adapter: 3.1.7 (/opt/ros/humble/share/rosidl_adapter/cmake)
[1.402s] -- Found rosidl_generator_cpp: 3.1.7 (/opt/ros/humble/share/rosidl_generator_cpp/cmake)
[1.427s] -- Using all available rosidl_typesupport_c: rosidl_typesupport_fastrtps_c;rosidl_typesupport_introspection_c
[1.458s] -- Using all available rosidl_typesupport_cpp: rosidl_typesupport_fastrtps_cpp;rosidl_typesupport_introspection_cpp
[1.558s] -- Found rmw_implementation_cmake: 6.1.2 (/opt/ros/humble/share/rmw_implementation_cmake/cmake)
[1.565s] -- Found rmw_fastrtps_cpp: 6.2.8 (/opt/ros/humble/share/rmw_fastrtps_cpp/cmake)
[1.785s] -- Found OpenSSL: /usr/lib/aarch64-linux-gnu/libcrypto.so (found version "3.0.2")  
[1.845s] -- Found FastRTPS: /opt/ros/humble/include  
[1.933s] -- Using RMW implementation 'rmw_fastrtps_cpp' as default
[1.957s] -- Looking for pthread.h
[2.114s] -- Looking for pthread.h - found
[2.114s] -- Performing Test CMAKE_HAVE_LIBC_PTHREAD
[2.268s] -- Performing Test CMAKE_HAVE_LIBC_PTHREAD - Success
[2.270s] -- Found Threads: TRUE  
[2.398s] -- Found rclpy: 3.3.17 (/opt/ros/humble/share/rclpy/cmake)
[2.402s] -- Found sensor_msgs: 4.9.0 (/opt/ros/humble/share/sensor_msgs/cmake)
[2.476s] -- Found ament_lint_auto: 0.12.14 (/opt/ros/humble/share/ament_lint_auto/cmake)
[2.659s] -- Added test 'flake8' to check Python code syntax and style conventions
[2.661s] -- Added test 'lint_cmake' to check CMake code style
[2.663s] -- Added test 'pep257' to check Python code against some of the docstring style conventions in PEP 257
[2.665s] -- Added test 'xmllint' to check XML markup files
[2.669s] -- Configuring done
[2.681s] -- Generating done
[2.688s] -- Build files have been written to: /home/nvidia/ROS2-ABAJA-DEV-main/build/caninterface
[2.728s] Invoked command in '/home/nvidia/ROS2-ABAJA-DEV-main/build/caninterface' returned '0': CMAKE_PREFIX_PATH=/opt/ros/humble /usr/bin/cmake /home/nvidia/ROS2-ABAJA-DEV-main/src/caninterface -DCMAKE_INSTALL_PREFIX=/home/nvidia/ROS2-ABAJA-DEV-main/install/caninterface
[2.729s] Invoking command in '/home/nvidia/ROS2-ABAJA-DEV-main/build/caninterface': CMAKE_PREFIX_PATH=/opt/ros/humble /usr/bin/cmake --build /home/nvidia/ROS2-ABAJA-DEV-main/build/caninterface -- -j6 -l6
[2.823s] Invoked command in '/home/nvidia/ROS2-ABAJA-DEV-main/build/caninterface' returned '0': CMAKE_PREFIX_PATH=/opt/ros/humble /usr/bin/cmake --build /home/nvidia/ROS2-ABAJA-DEV-main/build/caninterface -- -j6 -l6
[2.843s] Invoking command in '/home/nvidia/ROS2-ABAJA-DEV-main/build/caninterface': CMAKE_PREFIX_PATH=/opt/ros/humble /usr/bin/cmake --install /home/nvidia/ROS2-ABAJA-DEV-main/build/caninterface
[2.914s] -- Install configuration: ""
[2.914s] -- Installing: /home/nvidia/ROS2-ABAJA-DEV-main/install/caninterface/lib/caninterface/radar_node.py
[2.915s] -- Installing: /home/nvidia/ROS2-ABAJA-DEV-main/install/caninterface/share/ament_index/resource_index/package_run_dependencies/caninterface
[2.915s] -- Installing: /home/nvidia/ROS2-ABAJA-DEV-main/install/caninterface/share/ament_index/resource_index/parent_prefix_path/caninterface
[2.915s] -- Installing: /home/nvidia/ROS2-ABAJA-DEV-main/install/caninterface/share/caninterface/environment/ament_prefix_path.sh
[2.915s] -- Installing: /home/nvidia/ROS2-ABAJA-DEV-main/install/caninterface/share/caninterface/environment/ament_prefix_path.dsv
[2.915s] -- Installing: /home/nvidia/ROS2-ABAJA-DEV-main/install/caninterface/share/caninterface/environment/path.sh
[2.915s] -- Installing: /home/nvidia/ROS2-ABAJA-DEV-main/install/caninterface/share/caninterface/environment/path.dsv
[2.916s] -- Installing: /home/nvidia/ROS2-ABAJA-DEV-main/install/caninterface/share/caninterface/local_setup.bash
[2.916s] -- Installing: /home/nvidia/ROS2-ABAJA-DEV-main/install/caninterface/share/caninterface/local_setup.sh
[2.916s] -- Installing: /home/nvidia/ROS2-ABAJA-DEV-main/install/caninterface/share/caninterface/local_setup.zsh
[2.916s] -- Installing: /home/nvidia/ROS2-ABAJA-DEV-main/install/caninterface/share/caninterface/local_setup.dsv
[2.916s] -- Installing: /home/nvidia/ROS2-ABAJA-DEV-main/install/caninterface/share/caninterface/package.dsv
[2.916s] -- Installing: /home/nvidia/ROS2-ABAJA-DEV-main/install/caninterface/share/ament_index/resource_index/packages/caninterface
[2.916s] -- Installing: /home/nvidia/ROS2-ABAJA-DEV-main/install/caninterface/share/caninterface/cmake/caninterfaceConfig.cmake
[2.917s] -- Installing: /home/nvidia/ROS2-ABAJA-DEV-main/install/caninterface/share/caninterface/cmake/caninterfaceConfig-version.cmake
[2.917s] -- Installing: /home/nvidia/ROS2-ABAJA-DEV-main/install/caninterface/share/caninterface/package.xml
[2.918s] Invoked command in '/home/nvidia/ROS2-ABAJA-DEV-main/build/caninterface' returned '0': CMAKE_PREFIX_PATH=/opt/ros/humble /usr/bin/cmake --install /home/nvidia/ROS2-ABAJA-DEV-main/build/caninterface
