[0.179s] DEBUG:colcon:Command line arguments: ['/usr/bin/colcon', 'build']
[0.179s] DEBUG:colcon:Parsed command line arguments: Namespace(log_base=None, log_level=None, verb_name='build', build_base='build', install_base='install', merge_install=False, symlink_install=False, test_result_base=None, continue_on_error=False, executor='parallel', parallel_workers=16, event_handlers=None, ignore_user_meta=False, metas=['./colcon.meta'], base_paths=['.'], packages_ignore=None, packages_ignore_regex=None, paths=None, packages_up_to=None, packages_up_to_regex=None, packages_above=None, packages_above_and_dependencies=None, packages_above_depth=None, packages_select_by_dep=None, packages_skip_by_dep=None, packages_skip_up_to=None, packages_select_build_failed=False, packages_skip_build_finished=False, packages_select_test_failures=False, packages_skip_test_passed=False, packages_select=None, packages_skip=None, packages_select_regex=None, packages_skip_regex=None, packages_start=None, packages_end=None, allow_overriding=[], cmake_args=None, cmake_target=None, cmake_target_skip_unavailable=False, cmake_clean_cache=False, cmake_clean_first=False, cmake_force_configure=False, ament_cmake_args=None, catkin_cmake_args=None, catkin_skip_building_tests=False, mixin_files=None, mixin=None, verb_parser=<colcon_mixin.mixin.mixin_argument.MixinArgumentDecorator object at 0x7818eebd2980>, verb_extension=<colcon_core.verb.build.BuildVerb object at 0x7818eebd2050>, main=<bound method BuildVerb.main of <colcon_core.verb.build.BuildVerb object at 0x7818eebd2050>>, mixin_verb=('build',))
[0.239s] Level 1:colcon.colcon_core.package_discovery:discover_packages(colcon_meta) check parameters
[0.239s] Level 1:colcon.colcon_core.package_discovery:discover_packages(recursive) check parameters
[0.239s] Level 1:colcon.colcon_core.package_discovery:discover_packages(ignore) check parameters
[0.239s] Level 1:colcon.colcon_core.package_discovery:discover_packages(path) check parameters
[0.239s] Level 1:colcon.colcon_core.package_discovery:discover_packages(colcon_meta) discover
[0.239s] Level 1:colcon.colcon_core.package_discovery:discover_packages(recursive) discover
[0.239s] INFO:colcon.colcon_core.package_discovery:Crawling recursively for packages in '/home/ashy/ROS2-ABAJA-DEV'
[0.239s] Level 1:colcon.colcon_core.package_identification:_identify(.) by extensions ['ignore', 'ignore_ament_install']
[0.240s] Level 1:colcon.colcon_core.package_identification:_identify(.) by extension 'ignore'
[0.240s] Level 1:colcon.colcon_core.package_identification:_identify(.) by extension 'ignore_ament_install'
[0.240s] Level 1:colcon.colcon_core.package_identification:_identify(.) by extensions ['colcon_pkg']
[0.240s] Level 1:colcon.colcon_core.package_identification:_identify(.) by extension 'colcon_pkg'
[0.240s] Level 1:colcon.colcon_core.package_identification:_identify(.) by extensions ['colcon_meta']
[0.240s] Level 1:colcon.colcon_core.package_identification:_identify(.) by extension 'colcon_meta'
[0.240s] Level 1:colcon.colcon_core.package_identification:_identify(.) by extensions ['ros']
[0.240s] Level 1:colcon.colcon_core.package_identification:_identify(.) by extension 'ros'
[0.257s] Level 1:colcon.colcon_core.package_identification:_identify(.) by extensions ['cmake', 'python']
[0.257s] Level 1:colcon.colcon_core.package_identification:_identify(.) by extension 'cmake'
[0.257s] Level 1:colcon.colcon_core.package_identification:_identify(.) by extension 'python'
[0.257s] Level 1:colcon.colcon_core.package_identification:_identify(.) by extensions ['python_setup_py']
[0.257s] Level 1:colcon.colcon_core.package_identification:_identify(.) by extension 'python_setup_py'
[0.257s] Level 1:colcon.colcon_core.package_identification:_identify(build) by extensions ['ignore', 'ignore_ament_install']
[0.257s] Level 1:colcon.colcon_core.package_identification:_identify(build) by extension 'ignore'
[0.257s] Level 1:colcon.colcon_core.package_identification:_identify(build) ignored
[0.257s] Level 1:colcon.colcon_core.package_identification:_identify(docker) by extensions ['ignore', 'ignore_ament_install']
[0.257s] Level 1:colcon.colcon_core.package_identification:_identify(docker) by extension 'ignore'
[0.257s] Level 1:colcon.colcon_core.package_identification:_identify(docker) by extension 'ignore_ament_install'
[0.257s] Level 1:colcon.colcon_core.package_identification:_identify(docker) by extensions ['colcon_pkg']
[0.257s] Level 1:colcon.colcon_core.package_identification:_identify(docker) by extension 'colcon_pkg'
[0.257s] Level 1:colcon.colcon_core.package_identification:_identify(docker) by extensions ['colcon_meta']
[0.257s] Level 1:colcon.colcon_core.package_identification:_identify(docker) by extension 'colcon_meta'
[0.258s] Level 1:colcon.colcon_core.package_identification:_identify(docker) by extensions ['ros']
[0.258s] Level 1:colcon.colcon_core.package_identification:_identify(docker) by extension 'ros'
[0.258s] Level 1:colcon.colcon_core.package_identification:_identify(docker) by extensions ['cmake', 'python']
[0.258s] Level 1:colcon.colcon_core.package_identification:_identify(docker) by extension 'cmake'
[0.258s] Level 1:colcon.colcon_core.package_identification:_identify(docker) by extension 'python'
[0.258s] Level 1:colcon.colcon_core.package_identification:_identify(docker) by extensions ['python_setup_py']
[0.258s] Level 1:colcon.colcon_core.package_identification:_identify(docker) by extension 'python_setup_py'
[0.258s] Level 1:colcon.colcon_core.package_identification:_identify(install) by extensions ['ignore', 'ignore_ament_install']
[0.258s] Level 1:colcon.colcon_core.package_identification:_identify(install) by extension 'ignore'
[0.258s] Level 1:colcon.colcon_core.package_identification:_identify(install) ignored
[0.258s] Level 1:colcon.colcon_core.package_identification:_identify(log) by extensions ['ignore', 'ignore_ament_install']
[0.258s] Level 1:colcon.colcon_core.package_identification:_identify(log) by extension 'ignore'
[0.258s] Level 1:colcon.colcon_core.package_identification:_identify(log) ignored
[0.258s] Level 1:colcon.colcon_core.package_identification:_identify(src) by extensions ['ignore', 'ignore_ament_install']
[0.258s] Level 1:colcon.colcon_core.package_identification:_identify(src) by extension 'ignore'
[0.258s] Level 1:colcon.colcon_core.package_identification:_identify(src) by extension 'ignore_ament_install'
[0.258s] Level 1:colcon.colcon_core.package_identification:_identify(src) by extensions ['colcon_pkg']
[0.258s] Level 1:colcon.colcon_core.package_identification:_identify(src) by extension 'colcon_pkg'
[0.258s] Level 1:colcon.colcon_core.package_identification:_identify(src) by extensions ['colcon_meta']
[0.258s] Level 1:colcon.colcon_core.package_identification:_identify(src) by extension 'colcon_meta'
[0.258s] Level 1:colcon.colcon_core.package_identification:_identify(src) by extensions ['ros']
[0.258s] Level 1:colcon.colcon_core.package_identification:_identify(src) by extension 'ros'
[0.259s] Level 1:colcon.colcon_core.package_identification:_identify(src) by extensions ['cmake', 'python']
[0.259s] Level 1:colcon.colcon_core.package_identification:_identify(src) by extension 'cmake'
[0.259s] Level 1:colcon.colcon_core.package_identification:_identify(src) by extension 'python'
[0.259s] Level 1:colcon.colcon_core.package_identification:_identify(src) by extensions ['python_setup_py']
[0.259s] Level 1:colcon.colcon_core.package_identification:_identify(src) by extension 'python_setup_py'
[0.259s] Level 1:colcon.colcon_core.package_identification:_identify(src/aeb) by extensions ['ignore', 'ignore_ament_install']
[0.259s] Level 1:colcon.colcon_core.package_identification:_identify(src/aeb) by extension 'ignore'
[0.259s] Level 1:colcon.colcon_core.package_identification:_identify(src/aeb) by extension 'ignore_ament_install'
[0.259s] Level 1:colcon.colcon_core.package_identification:_identify(src/aeb) by extensions ['colcon_pkg']
[0.259s] Level 1:colcon.colcon_core.package_identification:_identify(src/aeb) by extension 'colcon_pkg'
[0.259s] Level 1:colcon.colcon_core.package_identification:_identify(src/aeb) by extensions ['colcon_meta']
[0.259s] Level 1:colcon.colcon_core.package_identification:_identify(src/aeb) by extension 'colcon_meta'
[0.259s] Level 1:colcon.colcon_core.package_identification:_identify(src/aeb) by extensions ['ros']
[0.259s] Level 1:colcon.colcon_core.package_identification:_identify(src/aeb) by extension 'ros'
[0.263s] DEBUG:colcon.colcon_core.package_identification:Package 'src/aeb' with type 'ros.ament_cmake' and name 'aeb'
[0.263s] Level 1:colcon.colcon_core.package_identification:_identify(src/caninterface) by extensions ['ignore', 'ignore_ament_install']
[0.263s] Level 1:colcon.colcon_core.package_identification:_identify(src/caninterface) by extension 'ignore'
[0.263s] Level 1:colcon.colcon_core.package_identification:_identify(src/caninterface) by extension 'ignore_ament_install'
[0.263s] Level 1:colcon.colcon_core.package_identification:_identify(src/caninterface) by extensions ['colcon_pkg']
[0.263s] Level 1:colcon.colcon_core.package_identification:_identify(src/caninterface) by extension 'colcon_pkg'
[0.263s] Level 1:colcon.colcon_core.package_identification:_identify(src/caninterface) by extensions ['colcon_meta']
[0.263s] Level 1:colcon.colcon_core.package_identification:_identify(src/caninterface) by extension 'colcon_meta'
[0.263s] Level 1:colcon.colcon_core.package_identification:_identify(src/caninterface) by extensions ['ros']
[0.263s] Level 1:colcon.colcon_core.package_identification:_identify(src/caninterface) by extension 'ros'
[0.264s] DEBUG:colcon.colcon_core.package_identification:Package 'src/caninterface' with type 'ros.ament_cmake' and name 'caninterface'
[0.264s] Level 1:colcon.colcon_core.package_identification:_identify(src/feedback) by extensions ['ignore', 'ignore_ament_install']
[0.264s] Level 1:colcon.colcon_core.package_identification:_identify(src/feedback) by extension 'ignore'
[0.264s] Level 1:colcon.colcon_core.package_identification:_identify(src/feedback) by extension 'ignore_ament_install'
[0.264s] Level 1:colcon.colcon_core.package_identification:_identify(src/feedback) by extensions ['colcon_pkg']
[0.264s] Level 1:colcon.colcon_core.package_identification:_identify(src/feedback) by extension 'colcon_pkg'
[0.264s] Level 1:colcon.colcon_core.package_identification:_identify(src/feedback) by extensions ['colcon_meta']
[0.264s] Level 1:colcon.colcon_core.package_identification:_identify(src/feedback) by extension 'colcon_meta'
[0.264s] Level 1:colcon.colcon_core.package_identification:_identify(src/feedback) by extensions ['ros']
[0.264s] Level 1:colcon.colcon_core.package_identification:_identify(src/feedback) by extension 'ros'
[0.265s] DEBUG:colcon.colcon_core.package_identification:Package 'src/feedback' with type 'ros.ament_cmake' and name 'feedback'
[0.265s] Level 1:colcon.colcon_core.package_identification:_identify(src/inertial_msgs) by extensions ['ignore', 'ignore_ament_install']
[0.265s] Level 1:colcon.colcon_core.package_identification:_identify(src/inertial_msgs) by extension 'ignore'
[0.265s] Level 1:colcon.colcon_core.package_identification:_identify(src/inertial_msgs) by extension 'ignore_ament_install'
[0.265s] Level 1:colcon.colcon_core.package_identification:_identify(src/inertial_msgs) by extensions ['colcon_pkg']
[0.265s] Level 1:colcon.colcon_core.package_identification:_identify(src/inertial_msgs) by extension 'colcon_pkg'
[0.265s] Level 1:colcon.colcon_core.package_identification:_identify(src/inertial_msgs) by extensions ['colcon_meta']
[0.265s] Level 1:colcon.colcon_core.package_identification:_identify(src/inertial_msgs) by extension 'colcon_meta'
[0.265s] Level 1:colcon.colcon_core.package_identification:_identify(src/inertial_msgs) by extensions ['ros']
[0.265s] Level 1:colcon.colcon_core.package_identification:_identify(src/inertial_msgs) by extension 'ros'
[0.266s] DEBUG:colcon.colcon_core.package_identification:Package 'src/inertial_msgs' with type 'ros.ament_cmake' and name 'inertial_msgs'
[0.266s] Level 1:colcon.colcon_core.package_identification:_identify(src/radar_msgs) by extensions ['ignore', 'ignore_ament_install']
[0.266s] Level 1:colcon.colcon_core.package_identification:_identify(src/radar_msgs) by extension 'ignore'
[0.266s] Level 1:colcon.colcon_core.package_identification:_identify(src/radar_msgs) by extension 'ignore_ament_install'
[0.266s] Level 1:colcon.colcon_core.package_identification:_identify(src/radar_msgs) by extensions ['colcon_pkg']
[0.266s] Level 1:colcon.colcon_core.package_identification:_identify(src/radar_msgs) by extension 'colcon_pkg'
[0.267s] Level 1:colcon.colcon_core.package_identification:_identify(src/radar_msgs) by extensions ['colcon_meta']
[0.267s] Level 1:colcon.colcon_core.package_identification:_identify(src/radar_msgs) by extension 'colcon_meta'
[0.267s] Level 1:colcon.colcon_core.package_identification:_identify(src/radar_msgs) by extensions ['ros']
[0.267s] Level 1:colcon.colcon_core.package_identification:_identify(src/radar_msgs) by extension 'ros'
[0.267s] DEBUG:colcon.colcon_core.package_identification:Package 'src/radar_msgs' with type 'ros.ament_cmake' and name 'radar_msgs'
[0.267s] Level 1:colcon.colcon_core.package_identification:_identify(src/vehiclecontrol) by extensions ['ignore', 'ignore_ament_install']
[0.267s] Level 1:colcon.colcon_core.package_identification:_identify(src/vehiclecontrol) by extension 'ignore'
[0.268s] Level 1:colcon.colcon_core.package_identification:_identify(src/vehiclecontrol) by extension 'ignore_ament_install'
[0.268s] Level 1:colcon.colcon_core.package_identification:_identify(src/vehiclecontrol) by extensions ['colcon_pkg']
[0.268s] Level 1:colcon.colcon_core.package_identification:_identify(src/vehiclecontrol) by extension 'colcon_pkg'
[0.268s] Level 1:colcon.colcon_core.package_identification:_identify(src/vehiclecontrol) by extensions ['colcon_meta']
[0.268s] Level 1:colcon.colcon_core.package_identification:_identify(src/vehiclecontrol) by extension 'colcon_meta'
[0.268s] Level 1:colcon.colcon_core.package_identification:_identify(src/vehiclecontrol) by extensions ['ros']
[0.268s] Level 1:colcon.colcon_core.package_identification:_identify(src/vehiclecontrol) by extension 'ros'
[0.268s] DEBUG:colcon.colcon_core.package_identification:Package 'src/vehiclecontrol' with type 'ros.ament_cmake' and name 'vehiclecontrol'
[0.268s] Level 1:colcon.colcon_core.package_identification:_identify(verified_algos) by extensions ['ignore', 'ignore_ament_install']
[0.268s] Level 1:colcon.colcon_core.package_identification:_identify(verified_algos) by extension 'ignore'
[0.269s] Level 1:colcon.colcon_core.package_identification:_identify(verified_algos) by extension 'ignore_ament_install'
[0.269s] Level 1:colcon.colcon_core.package_identification:_identify(verified_algos) by extensions ['colcon_pkg']
[0.269s] Level 1:colcon.colcon_core.package_identification:_identify(verified_algos) by extension 'colcon_pkg'
[0.269s] Level 1:colcon.colcon_core.package_identification:_identify(verified_algos) by extensions ['colcon_meta']
[0.269s] Level 1:colcon.colcon_core.package_identification:_identify(verified_algos) by extension 'colcon_meta'
[0.269s] Level 1:colcon.colcon_core.package_identification:_identify(verified_algos) by extensions ['ros']
[0.269s] Level 1:colcon.colcon_core.package_identification:_identify(verified_algos) by extension 'ros'
[0.269s] Level 1:colcon.colcon_core.package_identification:_identify(verified_algos) by extensions ['cmake', 'python']
[0.269s] Level 1:colcon.colcon_core.package_identification:_identify(verified_algos) by extension 'cmake'
[0.269s] Level 1:colcon.colcon_core.package_identification:_identify(verified_algos) by extension 'python'
[0.269s] Level 1:colcon.colcon_core.package_identification:_identify(verified_algos) by extensions ['python_setup_py']
[0.269s] Level 1:colcon.colcon_core.package_identification:_identify(verified_algos) by extension 'python_setup_py'
[0.269s] Level 1:colcon.colcon_core.package_identification:_identify(verified_algos/models) by extensions ['ignore', 'ignore_ament_install']
[0.269s] Level 1:colcon.colcon_core.package_identification:_identify(verified_algos/models) by extension 'ignore'
[0.269s] Level 1:colcon.colcon_core.package_identification:_identify(verified_algos/models) by extension 'ignore_ament_install'
[0.269s] Level 1:colcon.colcon_core.package_identification:_identify(verified_algos/models) by extensions ['colcon_pkg']
[0.269s] Level 1:colcon.colcon_core.package_identification:_identify(verified_algos/models) by extension 'colcon_pkg'
[0.269s] Level 1:colcon.colcon_core.package_identification:_identify(verified_algos/models) by extensions ['colcon_meta']
[0.269s] Level 1:colcon.colcon_core.package_identification:_identify(verified_algos/models) by extension 'colcon_meta'
[0.269s] Level 1:colcon.colcon_core.package_identification:_identify(verified_algos/models) by extensions ['ros']
[0.269s] Level 1:colcon.colcon_core.package_identification:_identify(verified_algos/models) by extension 'ros'
[0.269s] Level 1:colcon.colcon_core.package_identification:_identify(verified_algos/models) by extensions ['cmake', 'python']
[0.269s] Level 1:colcon.colcon_core.package_identification:_identify(verified_algos/models) by extension 'cmake'
[0.269s] Level 1:colcon.colcon_core.package_identification:_identify(verified_algos/models) by extension 'python'
[0.269s] Level 1:colcon.colcon_core.package_identification:_identify(verified_algos/models) by extensions ['python_setup_py']
[0.269s] Level 1:colcon.colcon_core.package_identification:_identify(verified_algos/models) by extension 'python_setup_py'
[0.270s] Level 1:colcon.colcon_core.package_discovery:discover_packages(recursive) using defaults
[0.270s] Level 1:colcon.colcon_core.package_discovery:discover_packages(ignore) discover
[0.270s] Level 1:colcon.colcon_core.package_discovery:discover_packages(ignore) using defaults
[0.270s] Level 1:colcon.colcon_core.package_discovery:discover_packages(path) discover
[0.270s] Level 1:colcon.colcon_core.package_discovery:discover_packages(path) using defaults
[0.297s] Level 1:colcon.colcon_core.package_discovery:discover_packages(prefix_path) check parameters
[0.297s] Level 1:colcon.colcon_core.package_discovery:discover_packages(prefix_path) discover
[0.302s] DEBUG:colcon.colcon_installed_package_information.package_discovery:Found 463 installed packages in /opt/ros/humble
[0.304s] Level 1:colcon.colcon_core.package_discovery:discover_packages(prefix_path) using defaults
[0.395s] Level 5:colcon.colcon_core.verb:set package 'aeb' build argument 'cmake_args' from command line to 'None'
[0.395s] Level 5:colcon.colcon_core.verb:set package 'aeb' build argument 'cmake_target' from command line to 'None'
[0.395s] Level 5:colcon.colcon_core.verb:set package 'aeb' build argument 'cmake_target_skip_unavailable' from command line to 'False'
[0.395s] Level 5:colcon.colcon_core.verb:set package 'aeb' build argument 'cmake_clean_cache' from command line to 'False'
[0.395s] Level 5:colcon.colcon_core.verb:set package 'aeb' build argument 'cmake_clean_first' from command line to 'False'
[0.395s] Level 5:colcon.colcon_core.verb:set package 'aeb' build argument 'cmake_force_configure' from command line to 'False'
[0.395s] Level 5:colcon.colcon_core.verb:set package 'aeb' build argument 'ament_cmake_args' from command line to 'None'
[0.395s] Level 5:colcon.colcon_core.verb:set package 'aeb' build argument 'catkin_cmake_args' from command line to 'None'
[0.395s] Level 5:colcon.colcon_core.verb:set package 'aeb' build argument 'catkin_skip_building_tests' from command line to 'False'
[0.395s] DEBUG:colcon.colcon_core.verb:Building package 'aeb' with the following arguments: {'ament_cmake_args': None, 'build_base': '/home/ashy/ROS2-ABAJA-DEV/build/aeb', 'catkin_cmake_args': None, 'catkin_skip_building_tests': False, 'cmake_args': None, 'cmake_clean_cache': False, 'cmake_clean_first': False, 'cmake_force_configure': False, 'cmake_target': None, 'cmake_target_skip_unavailable': False, 'install_base': '/home/ashy/ROS2-ABAJA-DEV/install/aeb', 'merge_install': False, 'path': '/home/ashy/ROS2-ABAJA-DEV/src/aeb', 'symlink_install': False, 'test_result_base': None}
[0.396s] Level 5:colcon.colcon_core.verb:set package 'caninterface' build argument 'cmake_args' from command line to 'None'
[0.396s] Level 5:colcon.colcon_core.verb:set package 'caninterface' build argument 'cmake_target' from command line to 'None'
[0.396s] Level 5:colcon.colcon_core.verb:set package 'caninterface' build argument 'cmake_target_skip_unavailable' from command line to 'False'
[0.396s] Level 5:colcon.colcon_core.verb:set package 'caninterface' build argument 'cmake_clean_cache' from command line to 'False'
[0.396s] Level 5:colcon.colcon_core.verb:set package 'caninterface' build argument 'cmake_clean_first' from command line to 'False'
[0.396s] Level 5:colcon.colcon_core.verb:set package 'caninterface' build argument 'cmake_force_configure' from command line to 'False'
[0.396s] Level 5:colcon.colcon_core.verb:set package 'caninterface' build argument 'ament_cmake_args' from command line to 'None'
[0.396s] Level 5:colcon.colcon_core.verb:set package 'caninterface' build argument 'catkin_cmake_args' from command line to 'None'
[0.396s] Level 5:colcon.colcon_core.verb:set package 'caninterface' build argument 'catkin_skip_building_tests' from command line to 'False'
[0.396s] DEBUG:colcon.colcon_core.verb:Building package 'caninterface' with the following arguments: {'ament_cmake_args': None, 'build_base': '/home/ashy/ROS2-ABAJA-DEV/build/caninterface', 'catkin_cmake_args': None, 'catkin_skip_building_tests': False, 'cmake_args': None, 'cmake_clean_cache': False, 'cmake_clean_first': False, 'cmake_force_configure': False, 'cmake_target': None, 'cmake_target_skip_unavailable': False, 'install_base': '/home/ashy/ROS2-ABAJA-DEV/install/caninterface', 'merge_install': False, 'path': '/home/ashy/ROS2-ABAJA-DEV/src/caninterface', 'symlink_install': False, 'test_result_base': None}
[0.396s] Level 5:colcon.colcon_core.verb:set package 'feedback' build argument 'cmake_args' from command line to 'None'
[0.396s] Level 5:colcon.colcon_core.verb:set package 'feedback' build argument 'cmake_target' from command line to 'None'
[0.396s] Level 5:colcon.colcon_core.verb:set package 'feedback' build argument 'cmake_target_skip_unavailable' from command line to 'False'
[0.396s] Level 5:colcon.colcon_core.verb:set package 'feedback' build argument 'cmake_clean_cache' from command line to 'False'
[0.396s] Level 5:colcon.colcon_core.verb:set package 'feedback' build argument 'cmake_clean_first' from command line to 'False'
[0.397s] Level 5:colcon.colcon_core.verb:set package 'feedback' build argument 'cmake_force_configure' from command line to 'False'
[0.397s] Level 5:colcon.colcon_core.verb:set package 'feedback' build argument 'ament_cmake_args' from command line to 'None'
[0.397s] Level 5:colcon.colcon_core.verb:set package 'feedback' build argument 'catkin_cmake_args' from command line to 'None'
[0.397s] Level 5:colcon.colcon_core.verb:set package 'feedback' build argument 'catkin_skip_building_tests' from command line to 'False'
[0.397s] DEBUG:colcon.colcon_core.verb:Building package 'feedback' with the following arguments: {'ament_cmake_args': None, 'build_base': '/home/ashy/ROS2-ABAJA-DEV/build/feedback', 'catkin_cmake_args': None, 'catkin_skip_building_tests': False, 'cmake_args': None, 'cmake_clean_cache': False, 'cmake_clean_first': False, 'cmake_force_configure': False, 'cmake_target': None, 'cmake_target_skip_unavailable': False, 'install_base': '/home/ashy/ROS2-ABAJA-DEV/install/feedback', 'merge_install': False, 'path': '/home/ashy/ROS2-ABAJA-DEV/src/feedback', 'symlink_install': False, 'test_result_base': None}
[0.397s] Level 5:colcon.colcon_core.verb:set package 'inertial_msgs' build argument 'cmake_args' from command line to 'None'
[0.397s] Level 5:colcon.colcon_core.verb:set package 'inertial_msgs' build argument 'cmake_target' from command line to 'None'
[0.397s] Level 5:colcon.colcon_core.verb:set package 'inertial_msgs' build argument 'cmake_target_skip_unavailable' from command line to 'False'
[0.397s] Level 5:colcon.colcon_core.verb:set package 'inertial_msgs' build argument 'cmake_clean_cache' from command line to 'False'
[0.397s] Level 5:colcon.colcon_core.verb:set package 'inertial_msgs' build argument 'cmake_clean_first' from command line to 'False'
[0.397s] Level 5:colcon.colcon_core.verb:set package 'inertial_msgs' build argument 'cmake_force_configure' from command line to 'False'
[0.397s] Level 5:colcon.colcon_core.verb:set package 'inertial_msgs' build argument 'ament_cmake_args' from command line to 'None'
[0.397s] Level 5:colcon.colcon_core.verb:set package 'inertial_msgs' build argument 'catkin_cmake_args' from command line to 'None'
[0.397s] Level 5:colcon.colcon_core.verb:set package 'inertial_msgs' build argument 'catkin_skip_building_tests' from command line to 'False'
[0.397s] DEBUG:colcon.colcon_core.verb:Building package 'inertial_msgs' with the following arguments: {'ament_cmake_args': None, 'build_base': '/home/ashy/ROS2-ABAJA-DEV/build/inertial_msgs', 'catkin_cmake_args': None, 'catkin_skip_building_tests': False, 'cmake_args': None, 'cmake_clean_cache': False, 'cmake_clean_first': False, 'cmake_force_configure': False, 'cmake_target': None, 'cmake_target_skip_unavailable': False, 'install_base': '/home/ashy/ROS2-ABAJA-DEV/install/inertial_msgs', 'merge_install': False, 'path': '/home/ashy/ROS2-ABAJA-DEV/src/inertial_msgs', 'symlink_install': False, 'test_result_base': None}
[0.398s] Level 5:colcon.colcon_core.verb:set package 'radar_msgs' build argument 'cmake_args' from command line to 'None'
[0.398s] Level 5:colcon.colcon_core.verb:set package 'radar_msgs' build argument 'cmake_target' from command line to 'None'
[0.398s] Level 5:colcon.colcon_core.verb:set package 'radar_msgs' build argument 'cmake_target_skip_unavailable' from command line to 'False'
[0.398s] Level 5:colcon.colcon_core.verb:set package 'radar_msgs' build argument 'cmake_clean_cache' from command line to 'False'
[0.398s] Level 5:colcon.colcon_core.verb:set package 'radar_msgs' build argument 'cmake_clean_first' from command line to 'False'
[0.398s] Level 5:colcon.colcon_core.verb:set package 'radar_msgs' build argument 'cmake_force_configure' from command line to 'False'
[0.398s] Level 5:colcon.colcon_core.verb:set package 'radar_msgs' build argument 'ament_cmake_args' from command line to 'None'
[0.398s] Level 5:colcon.colcon_core.verb:set package 'radar_msgs' build argument 'catkin_cmake_args' from command line to 'None'
[0.398s] Level 5:colcon.colcon_core.verb:set package 'radar_msgs' build argument 'catkin_skip_building_tests' from command line to 'False'
[0.398s] DEBUG:colcon.colcon_core.verb:Building package 'radar_msgs' with the following arguments: {'ament_cmake_args': None, 'build_base': '/home/ashy/ROS2-ABAJA-DEV/build/radar_msgs', 'catkin_cmake_args': None, 'catkin_skip_building_tests': False, 'cmake_args': None, 'cmake_clean_cache': False, 'cmake_clean_first': False, 'cmake_force_configure': False, 'cmake_target': None, 'cmake_target_skip_unavailable': False, 'install_base': '/home/ashy/ROS2-ABAJA-DEV/install/radar_msgs', 'merge_install': False, 'path': '/home/ashy/ROS2-ABAJA-DEV/src/radar_msgs', 'symlink_install': False, 'test_result_base': None}
[0.399s] Level 5:colcon.colcon_core.verb:set package 'vehiclecontrol' build argument 'cmake_args' from command line to 'None'
[0.399s] Level 5:colcon.colcon_core.verb:set package 'vehiclecontrol' build argument 'cmake_target' from command line to 'None'
[0.399s] Level 5:colcon.colcon_core.verb:set package 'vehiclecontrol' build argument 'cmake_target_skip_unavailable' from command line to 'False'
[0.399s] Level 5:colcon.colcon_core.verb:set package 'vehiclecontrol' build argument 'cmake_clean_cache' from command line to 'False'
[0.399s] Level 5:colcon.colcon_core.verb:set package 'vehiclecontrol' build argument 'cmake_clean_first' from command line to 'False'
[0.399s] Level 5:colcon.colcon_core.verb:set package 'vehiclecontrol' build argument 'cmake_force_configure' from command line to 'False'
[0.399s] Level 5:colcon.colcon_core.verb:set package 'vehiclecontrol' build argument 'ament_cmake_args' from command line to 'None'
[0.399s] Level 5:colcon.colcon_core.verb:set package 'vehiclecontrol' build argument 'catkin_cmake_args' from command line to 'None'
[0.399s] Level 5:colcon.colcon_core.verb:set package 'vehiclecontrol' build argument 'catkin_skip_building_tests' from command line to 'False'
[0.399s] DEBUG:colcon.colcon_core.verb:Building package 'vehiclecontrol' with the following arguments: {'ament_cmake_args': None, 'build_base': '/home/ashy/ROS2-ABAJA-DEV/build/vehiclecontrol', 'catkin_cmake_args': None, 'catkin_skip_building_tests': False, 'cmake_args': None, 'cmake_clean_cache': False, 'cmake_clean_first': False, 'cmake_force_configure': False, 'cmake_target': None, 'cmake_target_skip_unavailable': False, 'install_base': '/home/ashy/ROS2-ABAJA-DEV/install/vehiclecontrol', 'merge_install': False, 'path': '/home/ashy/ROS2-ABAJA-DEV/src/vehiclecontrol', 'symlink_install': False, 'test_result_base': None}
[0.399s] INFO:colcon.colcon_core.executor:Executing jobs using 'parallel' executor
[0.401s] DEBUG:colcon.colcon_parallel_executor.executor.parallel:run_until_complete
[0.401s] INFO:colcon.colcon_ros.task.ament_cmake.build:Building ROS package in '/home/ashy/ROS2-ABAJA-DEV/src/aeb' with build type 'ament_cmake'
[0.401s] INFO:colcon.colcon_cmake.task.cmake.build:Building CMake package in '/home/ashy/ROS2-ABAJA-DEV/src/aeb'
[0.407s] INFO:colcon.colcon_core.plugin_system:Skipping extension 'colcon_core.shell.bat': Not used on non-Windows systems
[0.408s] INFO:colcon.colcon_core.shell:Skip shell extension 'powershell' for command environment: Not usable outside of PowerShell
[0.408s] DEBUG:colcon.colcon_core.shell:Skip shell extension 'dsv' for command environment
[0.415s] INFO:colcon.colcon_ros.task.ament_cmake.build:Building ROS package in '/home/ashy/ROS2-ABAJA-DEV/src/caninterface' with build type 'ament_cmake'
[0.416s] INFO:colcon.colcon_cmake.task.cmake.build:Building CMake package in '/home/ashy/ROS2-ABAJA-DEV/src/caninterface'
[0.416s] INFO:colcon.colcon_core.shell:Skip shell extension 'powershell' for command environment: Not usable outside of PowerShell
[0.416s] DEBUG:colcon.colcon_core.shell:Skip shell extension 'dsv' for command environment
[0.423s] INFO:colcon.colcon_ros.task.ament_cmake.build:Building ROS package in '/home/ashy/ROS2-ABAJA-DEV/src/feedback' with build type 'ament_cmake'
[0.423s] INFO:colcon.colcon_cmake.task.cmake.build:Building CMake package in '/home/ashy/ROS2-ABAJA-DEV/src/feedback'
[0.423s] INFO:colcon.colcon_core.shell:Skip shell extension 'powershell' for command environment: Not usable outside of PowerShell
[0.423s] DEBUG:colcon.colcon_core.shell:Skip shell extension 'dsv' for command environment
[0.429s] INFO:colcon.colcon_ros.task.ament_cmake.build:Building ROS package in '/home/ashy/ROS2-ABAJA-DEV/src/inertial_msgs' with build type 'ament_cmake'
[0.429s] INFO:colcon.colcon_cmake.task.cmake.build:Building CMake package in '/home/ashy/ROS2-ABAJA-DEV/src/inertial_msgs'
[0.430s] INFO:colcon.colcon_core.shell:Skip shell extension 'powershell' for command environment: Not usable outside of PowerShell
[0.430s] DEBUG:colcon.colcon_core.shell:Skip shell extension 'dsv' for command environment
[0.436s] INFO:colcon.colcon_ros.task.ament_cmake.build:Building ROS package in '/home/ashy/ROS2-ABAJA-DEV/src/radar_msgs' with build type 'ament_cmake'
[0.437s] INFO:colcon.colcon_cmake.task.cmake.build:Building CMake package in '/home/ashy/ROS2-ABAJA-DEV/src/radar_msgs'
[0.437s] INFO:colcon.colcon_core.shell:Skip shell extension 'powershell' for command environment: Not usable outside of PowerShell
[0.437s] DEBUG:colcon.colcon_core.shell:Skip shell extension 'dsv' for command environment
[0.443s] INFO:colcon.colcon_ros.task.ament_cmake.build:Building ROS package in '/home/ashy/ROS2-ABAJA-DEV/src/vehiclecontrol' with build type 'ament_cmake'
[0.443s] INFO:colcon.colcon_cmake.task.cmake.build:Building CMake package in '/home/ashy/ROS2-ABAJA-DEV/src/vehiclecontrol'
[0.443s] INFO:colcon.colcon_core.shell:Skip shell extension 'powershell' for command environment: Not usable outside of PowerShell
[0.443s] DEBUG:colcon.colcon_core.shell:Skip shell extension 'dsv' for command environment
[0.453s] DEBUG:colcon.colcon_core.event_handler.log_command:Invoking command in '/home/ashy/ROS2-ABAJA-DEV/build/aeb': CMAKE_PREFIX_PATH=/opt/ros/humble /usr/bin/cmake /home/ashy/ROS2-ABAJA-DEV/src/aeb -DCMAKE_INSTALL_PREFIX=/home/ashy/ROS2-ABAJA-DEV/install/aeb
[0.458s] DEBUG:colcon.colcon_core.event_handler.log_command:Invoking command in '/home/ashy/ROS2-ABAJA-DEV/build/caninterface': CMAKE_PREFIX_PATH=/opt/ros/humble /usr/bin/cmake /home/ashy/ROS2-ABAJA-DEV/src/caninterface -DCMAKE_INSTALL_PREFIX=/home/ashy/ROS2-ABAJA-DEV/install/caninterface
[0.460s] DEBUG:colcon.colcon_core.event_handler.log_command:Invoking command in '/home/ashy/ROS2-ABAJA-DEV/build/feedback': CMAKE_PREFIX_PATH=/opt/ros/humble /usr/bin/cmake /home/ashy/ROS2-ABAJA-DEV/src/feedback -DCMAKE_INSTALL_PREFIX=/home/ashy/ROS2-ABAJA-DEV/install/feedback
[0.462s] DEBUG:colcon.colcon_core.event_handler.log_command:Invoking command in '/home/ashy/ROS2-ABAJA-DEV/build/inertial_msgs': CMAKE_PREFIX_PATH=/opt/ros/humble /usr/bin/cmake /home/ashy/ROS2-ABAJA-DEV/src/inertial_msgs -DCMAKE_INSTALL_PREFIX=/home/ashy/ROS2-ABAJA-DEV/install/inertial_msgs
[0.467s] DEBUG:colcon.colcon_core.event_handler.log_command:Invoking command in '/home/ashy/ROS2-ABAJA-DEV/build/radar_msgs': CMAKE_PREFIX_PATH=/opt/ros/humble /usr/bin/cmake /home/ashy/ROS2-ABAJA-DEV/src/radar_msgs -DCMAKE_INSTALL_PREFIX=/home/ashy/ROS2-ABAJA-DEV/install/radar_msgs
[0.472s] DEBUG:colcon.colcon_core.event_handler.log_command:Invoking command in '/home/ashy/ROS2-ABAJA-DEV/build/vehiclecontrol': CMAKE_PREFIX_PATH=/opt/ros/humble /usr/bin/cmake /home/ashy/ROS2-ABAJA-DEV/src/vehiclecontrol -DCMAKE_INSTALL_PREFIX=/home/ashy/ROS2-ABAJA-DEV/install/vehiclecontrol
[1.874s] DEBUG:colcon.colcon_core.event_handler.log_command:Invoked command in '/home/ashy/ROS2-ABAJA-DEV/build/aeb' returned '0': CMAKE_PREFIX_PATH=/opt/ros/humble /usr/bin/cmake /home/ashy/ROS2-ABAJA-DEV/src/aeb -DCMAKE_INSTALL_PREFIX=/home/ashy/ROS2-ABAJA-DEV/install/aeb
[1.876s] DEBUG:colcon.colcon_core.event_handler.log_command:Invoking command in '/home/ashy/ROS2-ABAJA-DEV/build/aeb': CMAKE_PREFIX_PATH=/opt/ros/humble /usr/bin/cmake --build /home/ashy/ROS2-ABAJA-DEV/build/aeb -- -j16 -l16
[1.876s] DEBUG:colcon.colcon_core.event_handler.log_command:Invoked command in '/home/ashy/ROS2-ABAJA-DEV/build/caninterface' returned '0': CMAKE_PREFIX_PATH=/opt/ros/humble /usr/bin/cmake /home/ashy/ROS2-ABAJA-DEV/src/caninterface -DCMAKE_INSTALL_PREFIX=/home/ashy/ROS2-ABAJA-DEV/install/caninterface
[1.877s] DEBUG:colcon.colcon_core.event_handler.log_command:Invoking command in '/home/ashy/ROS2-ABAJA-DEV/build/caninterface': CMAKE_PREFIX_PATH=/opt/ros/humble /usr/bin/cmake --build /home/ashy/ROS2-ABAJA-DEV/build/caninterface -- -j16 -l16
[1.909s] DEBUG:colcon.colcon_core.event_handler.log_command:Invoked command in '/home/ashy/ROS2-ABAJA-DEV/build/caninterface' returned '0': CMAKE_PREFIX_PATH=/opt/ros/humble /usr/bin/cmake --build /home/ashy/ROS2-ABAJA-DEV/build/caninterface -- -j16 -l16
[1.921s] DEBUG:colcon.colcon_core.event_handler.log_command:Invoking command in '/home/ashy/ROS2-ABAJA-DEV/build/caninterface': CMAKE_PREFIX_PATH=/opt/ros/humble /usr/bin/cmake --install /home/ashy/ROS2-ABAJA-DEV/build/caninterface
[1.921s] DEBUG:colcon.colcon_core.event_handler.log_command:Invoked command in '/home/ashy/ROS2-ABAJA-DEV/build/aeb' returned '0': CMAKE_PREFIX_PATH=/opt/ros/humble /usr/bin/cmake --build /home/ashy/ROS2-ABAJA-DEV/build/aeb -- -j16 -l16
[1.922s] DEBUG:colcon.colcon_core.event_handler.log_command:Invoking command in '/home/ashy/ROS2-ABAJA-DEV/build/aeb': CMAKE_PREFIX_PATH=/opt/ros/humble /usr/bin/cmake --install /home/ashy/ROS2-ABAJA-DEV/build/aeb
[1.931s] Level 1:colcon.colcon_core.environment:create_environment_scripts_only(caninterface)
[1.932s] DEBUG:colcon.colcon_core.event_handler.log_command:Invoked command in '/home/ashy/ROS2-ABAJA-DEV/build/caninterface' returned '0': CMAKE_PREFIX_PATH=/opt/ros/humble /usr/bin/cmake --install /home/ashy/ROS2-ABAJA-DEV/build/caninterface
[1.934s] Level 1:colcon.colcon_core.environment:checking '/home/ashy/ROS2-ABAJA-DEV/install/caninterface' for CMake module files
[1.935s] Level 1:colcon.colcon_core.environment:checking '/home/ashy/ROS2-ABAJA-DEV/install/caninterface' for CMake config files
[1.935s] Level 1:colcon.colcon_core.shell:create_environment_hook('caninterface', 'cmake_prefix_path')
[1.935s] INFO:colcon.colcon_core.shell:Creating environment hook '/home/ashy/ROS2-ABAJA-DEV/install/caninterface/share/caninterface/hook/cmake_prefix_path.ps1'
[1.936s] INFO:colcon.colcon_core.shell:Creating environment descriptor '/home/ashy/ROS2-ABAJA-DEV/install/caninterface/share/caninterface/hook/cmake_prefix_path.dsv'
[1.936s] INFO:colcon.colcon_core.shell:Creating environment hook '/home/ashy/ROS2-ABAJA-DEV/install/caninterface/share/caninterface/hook/cmake_prefix_path.sh'
[1.937s] Level 1:colcon.colcon_core.environment:checking '/home/ashy/ROS2-ABAJA-DEV/install/caninterface/lib'
[1.937s] Level 1:colcon.colcon_core.environment:checking '/home/ashy/ROS2-ABAJA-DEV/install/caninterface/bin'
[1.937s] Level 1:colcon.colcon_core.environment:checking '/home/ashy/ROS2-ABAJA-DEV/install/caninterface/lib/pkgconfig/caninterface.pc'
[1.937s] Level 1:colcon.colcon_core.environment:checking '/home/ashy/ROS2-ABAJA-DEV/install/caninterface/lib/python3.10/site-packages'
[1.937s] Level 1:colcon.colcon_core.environment:checking '/home/ashy/ROS2-ABAJA-DEV/install/caninterface/bin'
[1.938s] INFO:colcon.colcon_core.shell:Creating package script '/home/ashy/ROS2-ABAJA-DEV/install/caninterface/share/caninterface/package.ps1'
[1.938s] INFO:colcon.colcon_core.shell:Creating package descriptor '/home/ashy/ROS2-ABAJA-DEV/install/caninterface/share/caninterface/package.dsv'
[1.939s] INFO:colcon.colcon_core.shell:Creating package script '/home/ashy/ROS2-ABAJA-DEV/install/caninterface/share/caninterface/package.sh'
[1.939s] INFO:colcon.colcon_core.shell:Creating package script '/home/ashy/ROS2-ABAJA-DEV/install/caninterface/share/caninterface/package.bash'
[1.940s] INFO:colcon.colcon_core.shell:Creating package script '/home/ashy/ROS2-ABAJA-DEV/install/caninterface/share/caninterface/package.zsh'
[1.940s] Level 1:colcon.colcon_core.environment:create_file_with_runtime_dependencies(/home/ashy/ROS2-ABAJA-DEV/install/caninterface/share/colcon-core/packages/caninterface)
[1.941s] Level 1:colcon.colcon_core.environment:create_environment_scripts_only(caninterface)
[1.941s] Level 1:colcon.colcon_core.environment:checking '/home/ashy/ROS2-ABAJA-DEV/install/caninterface' for CMake module files
[1.941s] Level 1:colcon.colcon_core.environment:checking '/home/ashy/ROS2-ABAJA-DEV/install/caninterface' for CMake config files
[1.941s] Level 1:colcon.colcon_core.shell:create_environment_hook('caninterface', 'cmake_prefix_path')
[1.942s] INFO:colcon.colcon_core.shell:Creating environment hook '/home/ashy/ROS2-ABAJA-DEV/install/caninterface/share/caninterface/hook/cmake_prefix_path.ps1'
[1.942s] INFO:colcon.colcon_core.shell:Creating environment descriptor '/home/ashy/ROS2-ABAJA-DEV/install/caninterface/share/caninterface/hook/cmake_prefix_path.dsv'
[1.942s] INFO:colcon.colcon_core.shell:Creating environment hook '/home/ashy/ROS2-ABAJA-DEV/install/caninterface/share/caninterface/hook/cmake_prefix_path.sh'
[1.942s] Level 1:colcon.colcon_core.environment:checking '/home/ashy/ROS2-ABAJA-DEV/install/caninterface/lib'
[1.942s] Level 1:colcon.colcon_core.environment:checking '/home/ashy/ROS2-ABAJA-DEV/install/caninterface/bin'
[1.943s] Level 1:colcon.colcon_core.environment:checking '/home/ashy/ROS2-ABAJA-DEV/install/caninterface/lib/pkgconfig/caninterface.pc'
[1.943s] Level 1:colcon.colcon_core.environment:checking '/home/ashy/ROS2-ABAJA-DEV/install/caninterface/lib/python3.10/site-packages'
[1.943s] Level 1:colcon.colcon_core.environment:checking '/home/ashy/ROS2-ABAJA-DEV/install/caninterface/bin'
[1.943s] INFO:colcon.colcon_core.shell:Creating package script '/home/ashy/ROS2-ABAJA-DEV/install/caninterface/share/caninterface/package.ps1'
[1.943s] INFO:colcon.colcon_core.shell:Creating package descriptor '/home/ashy/ROS2-ABAJA-DEV/install/caninterface/share/caninterface/package.dsv'
[1.944s] INFO:colcon.colcon_core.shell:Creating package script '/home/ashy/ROS2-ABAJA-DEV/install/caninterface/share/caninterface/package.sh'
[1.944s] INFO:colcon.colcon_core.shell:Creating package script '/home/ashy/ROS2-ABAJA-DEV/install/caninterface/share/caninterface/package.bash'
[1.944s] INFO:colcon.colcon_core.shell:Creating package script '/home/ashy/ROS2-ABAJA-DEV/install/caninterface/share/caninterface/package.zsh'
[1.944s] Level 1:colcon.colcon_core.environment:create_file_with_runtime_dependencies(/home/ashy/ROS2-ABAJA-DEV/install/caninterface/share/colcon-core/packages/caninterface)
[1.945s] Level 1:colcon.colcon_core.environment:create_environment_scripts_only(aeb)
[1.945s] DEBUG:colcon.colcon_core.event_handler.log_command:Invoked command in '/home/ashy/ROS2-ABAJA-DEV/build/aeb' returned '0': CMAKE_PREFIX_PATH=/opt/ros/humble /usr/bin/cmake --install /home/ashy/ROS2-ABAJA-DEV/build/aeb
[1.946s] Level 1:colcon.colcon_core.environment:checking '/home/ashy/ROS2-ABAJA-DEV/install/aeb' for CMake module files
[1.946s] Level 1:colcon.colcon_core.environment:checking '/home/ashy/ROS2-ABAJA-DEV/install/aeb' for CMake config files
[1.946s] Level 1:colcon.colcon_core.shell:create_environment_hook('aeb', 'cmake_prefix_path')
[1.946s] INFO:colcon.colcon_core.shell:Creating environment hook '/home/ashy/ROS2-ABAJA-DEV/install/aeb/share/aeb/hook/cmake_prefix_path.ps1'
[1.946s] INFO:colcon.colcon_core.shell:Creating environment descriptor '/home/ashy/ROS2-ABAJA-DEV/install/aeb/share/aeb/hook/cmake_prefix_path.dsv'
[1.947s] INFO:colcon.colcon_core.shell:Creating environment hook '/home/ashy/ROS2-ABAJA-DEV/install/aeb/share/aeb/hook/cmake_prefix_path.sh'
[1.947s] Level 1:colcon.colcon_core.environment:checking '/home/ashy/ROS2-ABAJA-DEV/install/aeb/lib'
[1.947s] Level 1:colcon.colcon_core.environment:checking '/home/ashy/ROS2-ABAJA-DEV/install/aeb/bin'
[1.947s] Level 1:colcon.colcon_core.environment:checking '/home/ashy/ROS2-ABAJA-DEV/install/aeb/lib/pkgconfig/aeb.pc'
[1.947s] Level 1:colcon.colcon_core.environment:checking '/home/ashy/ROS2-ABAJA-DEV/install/aeb/lib/python3.10/site-packages'
[1.947s] Level 1:colcon.colcon_core.environment:checking '/home/ashy/ROS2-ABAJA-DEV/install/aeb/bin'
[1.948s] INFO:colcon.colcon_core.shell:Creating package script '/home/ashy/ROS2-ABAJA-DEV/install/aeb/share/aeb/package.ps1'
[1.948s] INFO:colcon.colcon_core.shell:Creating package descriptor '/home/ashy/ROS2-ABAJA-DEV/install/aeb/share/aeb/package.dsv'
[1.948s] INFO:colcon.colcon_core.shell:Creating package script '/home/ashy/ROS2-ABAJA-DEV/install/aeb/share/aeb/package.sh'
[1.948s] INFO:colcon.colcon_core.shell:Creating package script '/home/ashy/ROS2-ABAJA-DEV/install/aeb/share/aeb/package.bash'
[1.948s] INFO:colcon.colcon_core.shell:Creating package script '/home/ashy/ROS2-ABAJA-DEV/install/aeb/share/aeb/package.zsh'
[1.949s] Level 1:colcon.colcon_core.environment:create_file_with_runtime_dependencies(/home/ashy/ROS2-ABAJA-DEV/install/aeb/share/colcon-core/packages/aeb)
[1.949s] Level 1:colcon.colcon_core.environment:create_environment_scripts_only(aeb)
[1.949s] Level 1:colcon.colcon_core.environment:checking '/home/ashy/ROS2-ABAJA-DEV/install/aeb' for CMake module files
[1.949s] Level 1:colcon.colcon_core.environment:checking '/home/ashy/ROS2-ABAJA-DEV/install/aeb' for CMake config files
[1.950s] Level 1:colcon.colcon_core.shell:create_environment_hook('aeb', 'cmake_prefix_path')
[1.950s] INFO:colcon.colcon_core.shell:Creating environment hook '/home/ashy/ROS2-ABAJA-DEV/install/aeb/share/aeb/hook/cmake_prefix_path.ps1'
[1.950s] INFO:colcon.colcon_core.shell:Creating environment descriptor '/home/ashy/ROS2-ABAJA-DEV/install/aeb/share/aeb/hook/cmake_prefix_path.dsv'
[1.950s] INFO:colcon.colcon_core.shell:Creating environment hook '/home/ashy/ROS2-ABAJA-DEV/install/aeb/share/aeb/hook/cmake_prefix_path.sh'
[1.951s] Level 1:colcon.colcon_core.environment:checking '/home/ashy/ROS2-ABAJA-DEV/install/aeb/lib'
[1.951s] Level 1:colcon.colcon_core.environment:checking '/home/ashy/ROS2-ABAJA-DEV/install/aeb/bin'
[1.951s] Level 1:colcon.colcon_core.environment:checking '/home/ashy/ROS2-ABAJA-DEV/install/aeb/lib/pkgconfig/aeb.pc'
[1.951s] Level 1:colcon.colcon_core.environment:checking '/home/ashy/ROS2-ABAJA-DEV/install/aeb/lib/python3.10/site-packages'
[1.951s] Level 1:colcon.colcon_core.environment:checking '/home/ashy/ROS2-ABAJA-DEV/install/aeb/bin'
[1.951s] INFO:colcon.colcon_core.shell:Creating package script '/home/ashy/ROS2-ABAJA-DEV/install/aeb/share/aeb/package.ps1'
[1.951s] INFO:colcon.colcon_core.shell:Creating package descriptor '/home/ashy/ROS2-ABAJA-DEV/install/aeb/share/aeb/package.dsv'
[1.952s] INFO:colcon.colcon_core.shell:Creating package script '/home/ashy/ROS2-ABAJA-DEV/install/aeb/share/aeb/package.sh'
[1.952s] INFO:colcon.colcon_core.shell:Creating package script '/home/ashy/ROS2-ABAJA-DEV/install/aeb/share/aeb/package.bash'
[1.952s] INFO:colcon.colcon_core.shell:Creating package script '/home/ashy/ROS2-ABAJA-DEV/install/aeb/share/aeb/package.zsh'
[1.952s] Level 1:colcon.colcon_core.environment:create_file_with_runtime_dependencies(/home/ashy/ROS2-ABAJA-DEV/install/aeb/share/colcon-core/packages/aeb)
[2.046s] DEBUG:colcon.colcon_core.event_handler.log_command:Invoked command in '/home/ashy/ROS2-ABAJA-DEV/build/feedback' returned '0': CMAKE_PREFIX_PATH=/opt/ros/humble /usr/bin/cmake /home/ashy/ROS2-ABAJA-DEV/src/feedback -DCMAKE_INSTALL_PREFIX=/home/ashy/ROS2-ABAJA-DEV/install/feedback
[2.047s] DEBUG:colcon.colcon_core.event_handler.log_command:Invoking command in '/home/ashy/ROS2-ABAJA-DEV/build/feedback': CMAKE_PREFIX_PATH=/opt/ros/humble /usr/bin/cmake --build /home/ashy/ROS2-ABAJA-DEV/build/feedback -- -j16 -l16
[2.048s] DEBUG:colcon.colcon_core.event_handler.log_command:Invoked command in '/home/ashy/ROS2-ABAJA-DEV/build/vehiclecontrol' returned '0': CMAKE_PREFIX_PATH=/opt/ros/humble /usr/bin/cmake /home/ashy/ROS2-ABAJA-DEV/src/vehiclecontrol -DCMAKE_INSTALL_PREFIX=/home/ashy/ROS2-ABAJA-DEV/install/vehiclecontrol
[2.049s] DEBUG:colcon.colcon_core.event_handler.log_command:Invoking command in '/home/ashy/ROS2-ABAJA-DEV/build/vehiclecontrol': CMAKE_PREFIX_PATH=/opt/ros/humble /usr/bin/cmake --build /home/ashy/ROS2-ABAJA-DEV/build/vehiclecontrol -- -j16 -l16
[2.262s] DEBUG:colcon.colcon_core.event_handler.log_command:Invoked command in '/home/ashy/ROS2-ABAJA-DEV/build/inertial_msgs' returned '0': CMAKE_PREFIX_PATH=/opt/ros/humble /usr/bin/cmake /home/ashy/ROS2-ABAJA-DEV/src/inertial_msgs -DCMAKE_INSTALL_PREFIX=/home/ashy/ROS2-ABAJA-DEV/install/inertial_msgs
[2.263s] DEBUG:colcon.colcon_core.event_handler.log_command:Invoking command in '/home/ashy/ROS2-ABAJA-DEV/build/inertial_msgs': CMAKE_PREFIX_PATH=/opt/ros/humble /usr/bin/cmake --build /home/ashy/ROS2-ABAJA-DEV/build/inertial_msgs -- -j16 -l16
[2.285s] DEBUG:colcon.colcon_core.event_handler.log_command:Invoked command in '/home/ashy/ROS2-ABAJA-DEV/build/radar_msgs' returned '0': CMAKE_PREFIX_PATH=/opt/ros/humble /usr/bin/cmake /home/ashy/ROS2-ABAJA-DEV/src/radar_msgs -DCMAKE_INSTALL_PREFIX=/home/ashy/ROS2-ABAJA-DEV/install/radar_msgs
[2.285s] DEBUG:colcon.colcon_core.event_handler.log_command:Invoking command in '/home/ashy/ROS2-ABAJA-DEV/build/radar_msgs': CMAKE_PREFIX_PATH=/opt/ros/humble /usr/bin/cmake --build /home/ashy/ROS2-ABAJA-DEV/build/radar_msgs -- -j16 -l16
[4.193s] DEBUG:colcon.colcon_core.event_handler.log_command:Invoked command in '/home/ashy/ROS2-ABAJA-DEV/build/vehiclecontrol' returned '0': CMAKE_PREFIX_PATH=/opt/ros/humble /usr/bin/cmake --build /home/ashy/ROS2-ABAJA-DEV/build/vehiclecontrol -- -j16 -l16
[4.195s] DEBUG:colcon.colcon_core.event_handler.log_command:Invoking command in '/home/ashy/ROS2-ABAJA-DEV/build/vehiclecontrol': CMAKE_PREFIX_PATH=/opt/ros/humble /usr/bin/cmake --install /home/ashy/ROS2-ABAJA-DEV/build/vehiclecontrol
[4.210s] DEBUG:colcon.colcon_core.event_handler.log_command:Invoked command in '/home/ashy/ROS2-ABAJA-DEV/build/feedback' returned '0': CMAKE_PREFIX_PATH=/opt/ros/humble /usr/bin/cmake --build /home/ashy/ROS2-ABAJA-DEV/build/feedback -- -j16 -l16
[4.211s] DEBUG:colcon.colcon_core.event_handler.log_command:Invoking command in '/home/ashy/ROS2-ABAJA-DEV/build/feedback': CMAKE_PREFIX_PATH=/opt/ros/humble /usr/bin/cmake --install /home/ashy/ROS2-ABAJA-DEV/build/feedback
[4.252s] Level 1:colcon.colcon_core.environment:create_environment_scripts_only(vehiclecontrol)
[4.252s] Level 1:colcon.colcon_core.environment:checking '/home/ashy/ROS2-ABAJA-DEV/install/vehiclecontrol' for CMake module files
[4.253s] DEBUG:colcon.colcon_core.event_handler.log_command:Invoked command in '/home/ashy/ROS2-ABAJA-DEV/build/vehiclecontrol' returned '0': CMAKE_PREFIX_PATH=/opt/ros/humble /usr/bin/cmake --install /home/ashy/ROS2-ABAJA-DEV/build/vehiclecontrol
[4.253s] Level 1:colcon.colcon_core.environment:checking '/home/ashy/ROS2-ABAJA-DEV/install/vehiclecontrol' for CMake config files
[4.253s] Level 1:colcon.colcon_core.shell:create_environment_hook('vehiclecontrol', 'cmake_prefix_path')
[4.253s] INFO:colcon.colcon_core.shell:Creating environment hook '/home/ashy/ROS2-ABAJA-DEV/install/vehiclecontrol/share/vehiclecontrol/hook/cmake_prefix_path.ps1'
[4.254s] INFO:colcon.colcon_core.shell:Creating environment descriptor '/home/ashy/ROS2-ABAJA-DEV/install/vehiclecontrol/share/vehiclecontrol/hook/cmake_prefix_path.dsv'
[4.254s] INFO:colcon.colcon_core.shell:Creating environment hook '/home/ashy/ROS2-ABAJA-DEV/install/vehiclecontrol/share/vehiclecontrol/hook/cmake_prefix_path.sh'
[4.254s] Level 1:colcon.colcon_core.environment:checking '/home/ashy/ROS2-ABAJA-DEV/install/vehiclecontrol/lib'
[4.254s] Level 1:colcon.colcon_core.shell:create_environment_hook('vehiclecontrol', 'ld_library_path_lib')
[4.255s] INFO:colcon.colcon_core.shell:Creating environment hook '/home/ashy/ROS2-ABAJA-DEV/install/vehiclecontrol/share/vehiclecontrol/hook/ld_library_path_lib.ps1'
[4.255s] INFO:colcon.colcon_core.shell:Creating environment descriptor '/home/ashy/ROS2-ABAJA-DEV/install/vehiclecontrol/share/vehiclecontrol/hook/ld_library_path_lib.dsv'
[4.255s] INFO:colcon.colcon_core.shell:Creating environment hook '/home/ashy/ROS2-ABAJA-DEV/install/vehiclecontrol/share/vehiclecontrol/hook/ld_library_path_lib.sh'
[4.255s] Level 1:colcon.colcon_core.environment:checking '/home/ashy/ROS2-ABAJA-DEV/install/vehiclecontrol/bin'
[4.255s] Level 1:colcon.colcon_core.environment:checking '/home/ashy/ROS2-ABAJA-DEV/install/vehiclecontrol/lib/pkgconfig/vehiclecontrol.pc'
[4.256s] Level 1:colcon.colcon_core.environment:checking '/home/ashy/ROS2-ABAJA-DEV/install/vehiclecontrol/lib/python3.10/site-packages'
[4.256s] Level 1:colcon.colcon_core.environment:checking '/home/ashy/ROS2-ABAJA-DEV/install/vehiclecontrol/bin'
[4.256s] INFO:colcon.colcon_core.shell:Creating package script '/home/ashy/ROS2-ABAJA-DEV/install/vehiclecontrol/share/vehiclecontrol/package.ps1'
[4.257s] INFO:colcon.colcon_core.shell:Creating package descriptor '/home/ashy/ROS2-ABAJA-DEV/install/vehiclecontrol/share/vehiclecontrol/package.dsv'
[4.257s] INFO:colcon.colcon_core.shell:Creating package script '/home/ashy/ROS2-ABAJA-DEV/install/vehiclecontrol/share/vehiclecontrol/package.sh'
[4.257s] INFO:colcon.colcon_core.shell:Creating package script '/home/ashy/ROS2-ABAJA-DEV/install/vehiclecontrol/share/vehiclecontrol/package.bash'
[4.258s] INFO:colcon.colcon_core.shell:Creating package script '/home/ashy/ROS2-ABAJA-DEV/install/vehiclecontrol/share/vehiclecontrol/package.zsh'
[4.258s] Level 1:colcon.colcon_core.environment:create_file_with_runtime_dependencies(/home/ashy/ROS2-ABAJA-DEV/install/vehiclecontrol/share/colcon-core/packages/vehiclecontrol)
[4.258s] Level 1:colcon.colcon_core.environment:create_environment_scripts_only(vehiclecontrol)
[4.258s] Level 1:colcon.colcon_core.environment:checking '/home/ashy/ROS2-ABAJA-DEV/install/vehiclecontrol' for CMake module files
[4.259s] Level 1:colcon.colcon_core.environment:checking '/home/ashy/ROS2-ABAJA-DEV/install/vehiclecontrol' for CMake config files
[4.259s] Level 1:colcon.colcon_core.shell:create_environment_hook('vehiclecontrol', 'cmake_prefix_path')
[4.259s] INFO:colcon.colcon_core.shell:Creating environment hook '/home/ashy/ROS2-ABAJA-DEV/install/vehiclecontrol/share/vehiclecontrol/hook/cmake_prefix_path.ps1'
[4.260s] INFO:colcon.colcon_core.shell:Creating environment descriptor '/home/ashy/ROS2-ABAJA-DEV/install/vehiclecontrol/share/vehiclecontrol/hook/cmake_prefix_path.dsv'
[4.260s] INFO:colcon.colcon_core.shell:Creating environment hook '/home/ashy/ROS2-ABAJA-DEV/install/vehiclecontrol/share/vehiclecontrol/hook/cmake_prefix_path.sh'
[4.261s] Level 1:colcon.colcon_core.environment:checking '/home/ashy/ROS2-ABAJA-DEV/install/vehiclecontrol/lib'
[4.261s] Level 1:colcon.colcon_core.shell:create_environment_hook('vehiclecontrol', 'ld_library_path_lib')
[4.261s] INFO:colcon.colcon_core.shell:Creating environment hook '/home/ashy/ROS2-ABAJA-DEV/install/vehiclecontrol/share/vehiclecontrol/hook/ld_library_path_lib.ps1'
[4.262s] INFO:colcon.colcon_core.shell:Creating environment descriptor '/home/ashy/ROS2-ABAJA-DEV/install/vehiclecontrol/share/vehiclecontrol/hook/ld_library_path_lib.dsv'
[4.262s] INFO:colcon.colcon_core.shell:Creating environment hook '/home/ashy/ROS2-ABAJA-DEV/install/vehiclecontrol/share/vehiclecontrol/hook/ld_library_path_lib.sh'
[4.263s] Level 1:colcon.colcon_core.environment:checking '/home/ashy/ROS2-ABAJA-DEV/install/vehiclecontrol/bin'
[4.263s] Level 1:colcon.colcon_core.environment:checking '/home/ashy/ROS2-ABAJA-DEV/install/vehiclecontrol/lib/pkgconfig/vehiclecontrol.pc'
[4.263s] Level 1:colcon.colcon_core.environment:checking '/home/ashy/ROS2-ABAJA-DEV/install/vehiclecontrol/lib/python3.10/site-packages'
[4.263s] Level 1:colcon.colcon_core.environment:checking '/home/ashy/ROS2-ABAJA-DEV/install/vehiclecontrol/bin'
[4.263s] INFO:colcon.colcon_core.shell:Creating package script '/home/ashy/ROS2-ABAJA-DEV/install/vehiclecontrol/share/vehiclecontrol/package.ps1'
[4.264s] INFO:colcon.colcon_core.shell:Creating package descriptor '/home/ashy/ROS2-ABAJA-DEV/install/vehiclecontrol/share/vehiclecontrol/package.dsv'
[4.265s] INFO:colcon.colcon_core.shell:Creating package script '/home/ashy/ROS2-ABAJA-DEV/install/vehiclecontrol/share/vehiclecontrol/package.sh'
[4.265s] INFO:colcon.colcon_core.shell:Creating package script '/home/ashy/ROS2-ABAJA-DEV/install/vehiclecontrol/share/vehiclecontrol/package.bash'
[4.266s] INFO:colcon.colcon_core.shell:Creating package script '/home/ashy/ROS2-ABAJA-DEV/install/vehiclecontrol/share/vehiclecontrol/package.zsh'
[4.266s] Level 1:colcon.colcon_core.environment:create_file_with_runtime_dependencies(/home/ashy/ROS2-ABAJA-DEV/install/vehiclecontrol/share/colcon-core/packages/vehiclecontrol)
[4.270s] Level 1:colcon.colcon_core.environment:create_environment_scripts_only(feedback)
[4.270s] DEBUG:colcon.colcon_core.event_handler.log_command:Invoked command in '/home/ashy/ROS2-ABAJA-DEV/build/feedback' returned '0': CMAKE_PREFIX_PATH=/opt/ros/humble /usr/bin/cmake --install /home/ashy/ROS2-ABAJA-DEV/build/feedback
[4.270s] Level 1:colcon.colcon_core.environment:checking '/home/ashy/ROS2-ABAJA-DEV/install/feedback' for CMake module files
[4.271s] Level 1:colcon.colcon_core.environment:checking '/home/ashy/ROS2-ABAJA-DEV/install/feedback' for CMake config files
[4.271s] Level 1:colcon.colcon_core.shell:create_environment_hook('feedback', 'cmake_prefix_path')
[4.271s] INFO:colcon.colcon_core.shell:Creating environment hook '/home/ashy/ROS2-ABAJA-DEV/install/feedback/share/feedback/hook/cmake_prefix_path.ps1'
[4.272s] INFO:colcon.colcon_core.shell:Creating environment descriptor '/home/ashy/ROS2-ABAJA-DEV/install/feedback/share/feedback/hook/cmake_prefix_path.dsv'
[4.272s] INFO:colcon.colcon_core.shell:Creating environment hook '/home/ashy/ROS2-ABAJA-DEV/install/feedback/share/feedback/hook/cmake_prefix_path.sh'
[4.272s] Level 1:colcon.colcon_core.environment:checking '/home/ashy/ROS2-ABAJA-DEV/install/feedback/lib'
[4.272s] Level 1:colcon.colcon_core.shell:create_environment_hook('feedback', 'ld_library_path_lib')
[4.272s] INFO:colcon.colcon_core.shell:Creating environment hook '/home/ashy/ROS2-ABAJA-DEV/install/feedback/share/feedback/hook/ld_library_path_lib.ps1'
[4.273s] INFO:colcon.colcon_core.shell:Creating environment descriptor '/home/ashy/ROS2-ABAJA-DEV/install/feedback/share/feedback/hook/ld_library_path_lib.dsv'
[4.273s] INFO:colcon.colcon_core.shell:Creating environment hook '/home/ashy/ROS2-ABAJA-DEV/install/feedback/share/feedback/hook/ld_library_path_lib.sh'
[4.273s] Level 1:colcon.colcon_core.environment:checking '/home/ashy/ROS2-ABAJA-DEV/install/feedback/bin'
[4.273s] Level 1:colcon.colcon_core.environment:checking '/home/ashy/ROS2-ABAJA-DEV/install/feedback/lib/pkgconfig/feedback.pc'
[4.273s] Level 1:colcon.colcon_core.environment:checking '/home/ashy/ROS2-ABAJA-DEV/install/feedback/lib/python3.10/site-packages'
[4.274s] Level 1:colcon.colcon_core.environment:checking '/home/ashy/ROS2-ABAJA-DEV/install/feedback/bin'
[4.274s] INFO:colcon.colcon_core.shell:Creating package script '/home/ashy/ROS2-ABAJA-DEV/install/feedback/share/feedback/package.ps1'
[4.274s] INFO:colcon.colcon_core.shell:Creating package descriptor '/home/ashy/ROS2-ABAJA-DEV/install/feedback/share/feedback/package.dsv'
[4.275s] INFO:colcon.colcon_core.shell:Creating package script '/home/ashy/ROS2-ABAJA-DEV/install/feedback/share/feedback/package.sh'
[4.275s] INFO:colcon.colcon_core.shell:Creating package script '/home/ashy/ROS2-ABAJA-DEV/install/feedback/share/feedback/package.bash'
[4.275s] INFO:colcon.colcon_core.shell:Creating package script '/home/ashy/ROS2-ABAJA-DEV/install/feedback/share/feedback/package.zsh'
[4.276s] Level 1:colcon.colcon_core.environment:create_file_with_runtime_dependencies(/home/ashy/ROS2-ABAJA-DEV/install/feedback/share/colcon-core/packages/feedback)
[4.276s] Level 1:colcon.colcon_core.environment:create_environment_scripts_only(feedback)
[4.276s] Level 1:colcon.colcon_core.environment:checking '/home/ashy/ROS2-ABAJA-DEV/install/feedback' for CMake module files
[4.277s] Level 1:colcon.colcon_core.environment:checking '/home/ashy/ROS2-ABAJA-DEV/install/feedback' for CMake config files
[4.277s] Level 1:colcon.colcon_core.shell:create_environment_hook('feedback', 'cmake_prefix_path')
[4.277s] INFO:colcon.colcon_core.shell:Creating environment hook '/home/ashy/ROS2-ABAJA-DEV/install/feedback/share/feedback/hook/cmake_prefix_path.ps1'
[4.278s] INFO:colcon.colcon_core.shell:Creating environment descriptor '/home/ashy/ROS2-ABAJA-DEV/install/feedback/share/feedback/hook/cmake_prefix_path.dsv'
[4.278s] INFO:colcon.colcon_core.shell:Creating environment hook '/home/ashy/ROS2-ABAJA-DEV/install/feedback/share/feedback/hook/cmake_prefix_path.sh'
[4.278s] Level 1:colcon.colcon_core.environment:checking '/home/ashy/ROS2-ABAJA-DEV/install/feedback/lib'
[4.279s] Level 1:colcon.colcon_core.shell:create_environment_hook('feedback', 'ld_library_path_lib')
[4.279s] INFO:colcon.colcon_core.shell:Creating environment hook '/home/ashy/ROS2-ABAJA-DEV/install/feedback/share/feedback/hook/ld_library_path_lib.ps1'
[4.279s] INFO:colcon.colcon_core.shell:Creating environment descriptor '/home/ashy/ROS2-ABAJA-DEV/install/feedback/share/feedback/hook/ld_library_path_lib.dsv'
[4.279s] INFO:colcon.colcon_core.shell:Creating environment hook '/home/ashy/ROS2-ABAJA-DEV/install/feedback/share/feedback/hook/ld_library_path_lib.sh'
[4.280s] Level 1:colcon.colcon_core.environment:checking '/home/ashy/ROS2-ABAJA-DEV/install/feedback/bin'
[4.280s] Level 1:colcon.colcon_core.environment:checking '/home/ashy/ROS2-ABAJA-DEV/install/feedback/lib/pkgconfig/feedback.pc'
[4.280s] Level 1:colcon.colcon_core.environment:checking '/home/ashy/ROS2-ABAJA-DEV/install/feedback/lib/python3.10/site-packages'
[4.280s] Level 1:colcon.colcon_core.environment:checking '/home/ashy/ROS2-ABAJA-DEV/install/feedback/bin'
[4.280s] INFO:colcon.colcon_core.shell:Creating package script '/home/ashy/ROS2-ABAJA-DEV/install/feedback/share/feedback/package.ps1'
[4.281s] INFO:colcon.colcon_core.shell:Creating package descriptor '/home/ashy/ROS2-ABAJA-DEV/install/feedback/share/feedback/package.dsv'
[4.281s] INFO:colcon.colcon_core.shell:Creating package script '/home/ashy/ROS2-ABAJA-DEV/install/feedback/share/feedback/package.sh'
[4.281s] INFO:colcon.colcon_core.shell:Creating package script '/home/ashy/ROS2-ABAJA-DEV/install/feedback/share/feedback/package.bash'
[4.282s] INFO:colcon.colcon_core.shell:Creating package script '/home/ashy/ROS2-ABAJA-DEV/install/feedback/share/feedback/package.zsh'
[4.282s] Level 1:colcon.colcon_core.environment:create_file_with_runtime_dependencies(/home/ashy/ROS2-ABAJA-DEV/install/feedback/share/colcon-core/packages/feedback)
[4.368s] DEBUG:colcon.colcon_core.event_handler.log_command:Invoked command in '/home/ashy/ROS2-ABAJA-DEV/build/inertial_msgs' returned '0': CMAKE_PREFIX_PATH=/opt/ros/humble /usr/bin/cmake --build /home/ashy/ROS2-ABAJA-DEV/build/inertial_msgs -- -j16 -l16
[4.369s] DEBUG:colcon.colcon_core.event_handler.log_command:Invoking command in '/home/ashy/ROS2-ABAJA-DEV/build/inertial_msgs': CMAKE_PREFIX_PATH=/opt/ros/humble /usr/bin/cmake --install /home/ashy/ROS2-ABAJA-DEV/build/inertial_msgs
[4.419s] Level 1:colcon.colcon_core.environment:create_environment_scripts_only(inertial_msgs)
[4.419s] DEBUG:colcon.colcon_core.event_handler.log_command:Invoked command in '/home/ashy/ROS2-ABAJA-DEV/build/inertial_msgs' returned '0': CMAKE_PREFIX_PATH=/opt/ros/humble /usr/bin/cmake --install /home/ashy/ROS2-ABAJA-DEV/build/inertial_msgs
[4.419s] Level 1:colcon.colcon_core.environment:checking '/home/ashy/ROS2-ABAJA-DEV/install/inertial_msgs' for CMake module files
[4.420s] Level 1:colcon.colcon_core.environment:checking '/home/ashy/ROS2-ABAJA-DEV/install/inertial_msgs' for CMake config files
[4.420s] Level 1:colcon.colcon_core.shell:create_environment_hook('inertial_msgs', 'cmake_prefix_path')
[4.421s] INFO:colcon.colcon_core.shell:Creating environment hook '/home/ashy/ROS2-ABAJA-DEV/install/inertial_msgs/share/inertial_msgs/hook/cmake_prefix_path.ps1'
[4.421s] INFO:colcon.colcon_core.shell:Creating environment descriptor '/home/ashy/ROS2-ABAJA-DEV/install/inertial_msgs/share/inertial_msgs/hook/cmake_prefix_path.dsv'
[4.421s] INFO:colcon.colcon_core.shell:Creating environment hook '/home/ashy/ROS2-ABAJA-DEV/install/inertial_msgs/share/inertial_msgs/hook/cmake_prefix_path.sh'
[4.422s] Level 1:colcon.colcon_core.environment:checking '/home/ashy/ROS2-ABAJA-DEV/install/inertial_msgs/lib'
[4.422s] Level 1:colcon.colcon_core.shell:create_environment_hook('inertial_msgs', 'ld_library_path_lib')
[4.422s] INFO:colcon.colcon_core.shell:Creating environment hook '/home/ashy/ROS2-ABAJA-DEV/install/inertial_msgs/share/inertial_msgs/hook/ld_library_path_lib.ps1'
[4.422s] INFO:colcon.colcon_core.shell:Creating environment descriptor '/home/ashy/ROS2-ABAJA-DEV/install/inertial_msgs/share/inertial_msgs/hook/ld_library_path_lib.dsv'
[4.422s] INFO:colcon.colcon_core.shell:Creating environment hook '/home/ashy/ROS2-ABAJA-DEV/install/inertial_msgs/share/inertial_msgs/hook/ld_library_path_lib.sh'
[4.422s] Level 1:colcon.colcon_core.environment:checking '/home/ashy/ROS2-ABAJA-DEV/install/inertial_msgs/bin'
[4.422s] Level 1:colcon.colcon_core.environment:checking '/home/ashy/ROS2-ABAJA-DEV/install/inertial_msgs/lib/pkgconfig/inertial_msgs.pc'
[4.422s] Level 1:colcon.colcon_core.environment:checking '/home/ashy/ROS2-ABAJA-DEV/install/inertial_msgs/lib/python3.10/site-packages'
[4.423s] Level 1:colcon.colcon_core.environment:checking '/home/ashy/ROS2-ABAJA-DEV/install/inertial_msgs/bin'
[4.423s] INFO:colcon.colcon_core.shell:Creating package script '/home/ashy/ROS2-ABAJA-DEV/install/inertial_msgs/share/inertial_msgs/package.ps1'
[4.423s] INFO:colcon.colcon_core.shell:Creating package descriptor '/home/ashy/ROS2-ABAJA-DEV/install/inertial_msgs/share/inertial_msgs/package.dsv'
[4.424s] INFO:colcon.colcon_core.shell:Creating package script '/home/ashy/ROS2-ABAJA-DEV/install/inertial_msgs/share/inertial_msgs/package.sh'
[4.424s] INFO:colcon.colcon_core.shell:Creating package script '/home/ashy/ROS2-ABAJA-DEV/install/inertial_msgs/share/inertial_msgs/package.bash'
[4.424s] INFO:colcon.colcon_core.shell:Creating package script '/home/ashy/ROS2-ABAJA-DEV/install/inertial_msgs/share/inertial_msgs/package.zsh'
[4.424s] Level 1:colcon.colcon_core.environment:create_file_with_runtime_dependencies(/home/ashy/ROS2-ABAJA-DEV/install/inertial_msgs/share/colcon-core/packages/inertial_msgs)
[4.425s] Level 1:colcon.colcon_core.environment:create_environment_scripts_only(inertial_msgs)
[4.425s] Level 1:colcon.colcon_core.environment:checking '/home/ashy/ROS2-ABAJA-DEV/install/inertial_msgs' for CMake module files
[4.425s] Level 1:colcon.colcon_core.environment:checking '/home/ashy/ROS2-ABAJA-DEV/install/inertial_msgs' for CMake config files
[4.426s] Level 1:colcon.colcon_core.shell:create_environment_hook('inertial_msgs', 'cmake_prefix_path')
[4.426s] INFO:colcon.colcon_core.shell:Creating environment hook '/home/ashy/ROS2-ABAJA-DEV/install/inertial_msgs/share/inertial_msgs/hook/cmake_prefix_path.ps1'
[4.426s] INFO:colcon.colcon_core.shell:Creating environment descriptor '/home/ashy/ROS2-ABAJA-DEV/install/inertial_msgs/share/inertial_msgs/hook/cmake_prefix_path.dsv'
[4.426s] INFO:colcon.colcon_core.shell:Creating environment hook '/home/ashy/ROS2-ABAJA-DEV/install/inertial_msgs/share/inertial_msgs/hook/cmake_prefix_path.sh'
[4.427s] Level 1:colcon.colcon_core.environment:checking '/home/ashy/ROS2-ABAJA-DEV/install/inertial_msgs/lib'
[4.427s] Level 1:colcon.colcon_core.shell:create_environment_hook('inertial_msgs', 'ld_library_path_lib')
[4.427s] INFO:colcon.colcon_core.shell:Creating environment hook '/home/ashy/ROS2-ABAJA-DEV/install/inertial_msgs/share/inertial_msgs/hook/ld_library_path_lib.ps1'
[4.427s] INFO:colcon.colcon_core.shell:Creating environment descriptor '/home/ashy/ROS2-ABAJA-DEV/install/inertial_msgs/share/inertial_msgs/hook/ld_library_path_lib.dsv'
[4.427s] INFO:colcon.colcon_core.shell:Creating environment hook '/home/ashy/ROS2-ABAJA-DEV/install/inertial_msgs/share/inertial_msgs/hook/ld_library_path_lib.sh'
[4.427s] Level 1:colcon.colcon_core.environment:checking '/home/ashy/ROS2-ABAJA-DEV/install/inertial_msgs/bin'
[4.427s] Level 1:colcon.colcon_core.environment:checking '/home/ashy/ROS2-ABAJA-DEV/install/inertial_msgs/lib/pkgconfig/inertial_msgs.pc'
[4.428s] Level 1:colcon.colcon_core.environment:checking '/home/ashy/ROS2-ABAJA-DEV/install/inertial_msgs/lib/python3.10/site-packages'
[4.428s] Level 1:colcon.colcon_core.environment:checking '/home/ashy/ROS2-ABAJA-DEV/install/inertial_msgs/bin'
[4.428s] INFO:colcon.colcon_core.shell:Creating package script '/home/ashy/ROS2-ABAJA-DEV/install/inertial_msgs/share/inertial_msgs/package.ps1'
[4.428s] INFO:colcon.colcon_core.shell:Creating package descriptor '/home/ashy/ROS2-ABAJA-DEV/install/inertial_msgs/share/inertial_msgs/package.dsv'
[4.428s] INFO:colcon.colcon_core.shell:Creating package script '/home/ashy/ROS2-ABAJA-DEV/install/inertial_msgs/share/inertial_msgs/package.sh'
[4.429s] INFO:colcon.colcon_core.shell:Creating package script '/home/ashy/ROS2-ABAJA-DEV/install/inertial_msgs/share/inertial_msgs/package.bash'
[4.429s] INFO:colcon.colcon_core.shell:Creating package script '/home/ashy/ROS2-ABAJA-DEV/install/inertial_msgs/share/inertial_msgs/package.zsh'
[4.429s] Level 1:colcon.colcon_core.environment:create_file_with_runtime_dependencies(/home/ashy/ROS2-ABAJA-DEV/install/inertial_msgs/share/colcon-core/packages/inertial_msgs)
[4.442s] DEBUG:colcon.colcon_core.event_handler.log_command:Invoked command in '/home/ashy/ROS2-ABAJA-DEV/build/radar_msgs' returned '0': CMAKE_PREFIX_PATH=/opt/ros/humble /usr/bin/cmake --build /home/ashy/ROS2-ABAJA-DEV/build/radar_msgs -- -j16 -l16
[4.443s] DEBUG:colcon.colcon_core.event_handler.log_command:Invoking command in '/home/ashy/ROS2-ABAJA-DEV/build/radar_msgs': CMAKE_PREFIX_PATH=/opt/ros/humble /usr/bin/cmake --install /home/ashy/ROS2-ABAJA-DEV/build/radar_msgs
[4.496s] Level 1:colcon.colcon_core.environment:create_environment_scripts_only(radar_msgs)
[4.497s] DEBUG:colcon.colcon_core.event_handler.log_command:Invoked command in '/home/ashy/ROS2-ABAJA-DEV/build/radar_msgs' returned '0': CMAKE_PREFIX_PATH=/opt/ros/humble /usr/bin/cmake --install /home/ashy/ROS2-ABAJA-DEV/build/radar_msgs
[4.497s] Level 1:colcon.colcon_core.environment:checking '/home/ashy/ROS2-ABAJA-DEV/install/radar_msgs' for CMake module files
[4.498s] Level 1:colcon.colcon_core.environment:checking '/home/ashy/ROS2-ABAJA-DEV/install/radar_msgs' for CMake config files
[4.498s] Level 1:colcon.colcon_core.shell:create_environment_hook('radar_msgs', 'cmake_prefix_path')
[4.498s] INFO:colcon.colcon_core.shell:Creating environment hook '/home/ashy/ROS2-ABAJA-DEV/install/radar_msgs/share/radar_msgs/hook/cmake_prefix_path.ps1'
[4.498s] INFO:colcon.colcon_core.shell:Creating environment descriptor '/home/ashy/ROS2-ABAJA-DEV/install/radar_msgs/share/radar_msgs/hook/cmake_prefix_path.dsv'
[4.498s] INFO:colcon.colcon_core.shell:Creating environment hook '/home/ashy/ROS2-ABAJA-DEV/install/radar_msgs/share/radar_msgs/hook/cmake_prefix_path.sh'
[4.499s] Level 1:colcon.colcon_core.environment:checking '/home/ashy/ROS2-ABAJA-DEV/install/radar_msgs/lib'
[4.499s] Level 1:colcon.colcon_core.shell:create_environment_hook('radar_msgs', 'ld_library_path_lib')
[4.499s] INFO:colcon.colcon_core.shell:Creating environment hook '/home/ashy/ROS2-ABAJA-DEV/install/radar_msgs/share/radar_msgs/hook/ld_library_path_lib.ps1'
[4.499s] INFO:colcon.colcon_core.shell:Creating environment descriptor '/home/ashy/ROS2-ABAJA-DEV/install/radar_msgs/share/radar_msgs/hook/ld_library_path_lib.dsv'
[4.499s] INFO:colcon.colcon_core.shell:Creating environment hook '/home/ashy/ROS2-ABAJA-DEV/install/radar_msgs/share/radar_msgs/hook/ld_library_path_lib.sh'
[4.499s] Level 1:colcon.colcon_core.environment:checking '/home/ashy/ROS2-ABAJA-DEV/install/radar_msgs/bin'
[4.499s] Level 1:colcon.colcon_core.environment:checking '/home/ashy/ROS2-ABAJA-DEV/install/radar_msgs/lib/pkgconfig/radar_msgs.pc'
[4.500s] Level 1:colcon.colcon_core.environment:checking '/home/ashy/ROS2-ABAJA-DEV/install/radar_msgs/lib/python3.10/site-packages'
[4.500s] Level 1:colcon.colcon_core.environment:checking '/home/ashy/ROS2-ABAJA-DEV/install/radar_msgs/bin'
[4.500s] INFO:colcon.colcon_core.shell:Creating package script '/home/ashy/ROS2-ABAJA-DEV/install/radar_msgs/share/radar_msgs/package.ps1'
[4.500s] INFO:colcon.colcon_core.shell:Creating package descriptor '/home/ashy/ROS2-ABAJA-DEV/install/radar_msgs/share/radar_msgs/package.dsv'
[4.501s] INFO:colcon.colcon_core.shell:Creating package script '/home/ashy/ROS2-ABAJA-DEV/install/radar_msgs/share/radar_msgs/package.sh'
[4.501s] INFO:colcon.colcon_core.shell:Creating package script '/home/ashy/ROS2-ABAJA-DEV/install/radar_msgs/share/radar_msgs/package.bash'
[4.501s] INFO:colcon.colcon_core.shell:Creating package script '/home/ashy/ROS2-ABAJA-DEV/install/radar_msgs/share/radar_msgs/package.zsh'
[4.501s] Level 1:colcon.colcon_core.environment:create_file_with_runtime_dependencies(/home/ashy/ROS2-ABAJA-DEV/install/radar_msgs/share/colcon-core/packages/radar_msgs)
[4.502s] Level 1:colcon.colcon_core.environment:create_environment_scripts_only(radar_msgs)
[4.502s] Level 1:colcon.colcon_core.environment:checking '/home/ashy/ROS2-ABAJA-DEV/install/radar_msgs' for CMake module files
[4.502s] Level 1:colcon.colcon_core.environment:checking '/home/ashy/ROS2-ABAJA-DEV/install/radar_msgs' for CMake config files
[4.502s] Level 1:colcon.colcon_core.shell:create_environment_hook('radar_msgs', 'cmake_prefix_path')
[4.503s] INFO:colcon.colcon_core.shell:Creating environment hook '/home/ashy/ROS2-ABAJA-DEV/install/radar_msgs/share/radar_msgs/hook/cmake_prefix_path.ps1'
[4.503s] INFO:colcon.colcon_core.shell:Creating environment descriptor '/home/ashy/ROS2-ABAJA-DEV/install/radar_msgs/share/radar_msgs/hook/cmake_prefix_path.dsv'
[4.503s] INFO:colcon.colcon_core.shell:Creating environment hook '/home/ashy/ROS2-ABAJA-DEV/install/radar_msgs/share/radar_msgs/hook/cmake_prefix_path.sh'
[4.503s] Level 1:colcon.colcon_core.environment:checking '/home/ashy/ROS2-ABAJA-DEV/install/radar_msgs/lib'
[4.503s] Level 1:colcon.colcon_core.shell:create_environment_hook('radar_msgs', 'ld_library_path_lib')
[4.503s] INFO:colcon.colcon_core.shell:Creating environment hook '/home/ashy/ROS2-ABAJA-DEV/install/radar_msgs/share/radar_msgs/hook/ld_library_path_lib.ps1'
[4.504s] INFO:colcon.colcon_core.shell:Creating environment descriptor '/home/ashy/ROS2-ABAJA-DEV/install/radar_msgs/share/radar_msgs/hook/ld_library_path_lib.dsv'
[4.504s] INFO:colcon.colcon_core.shell:Creating environment hook '/home/ashy/ROS2-ABAJA-DEV/install/radar_msgs/share/radar_msgs/hook/ld_library_path_lib.sh'
[4.504s] Level 1:colcon.colcon_core.environment:checking '/home/ashy/ROS2-ABAJA-DEV/install/radar_msgs/bin'
[4.504s] Level 1:colcon.colcon_core.environment:checking '/home/ashy/ROS2-ABAJA-DEV/install/radar_msgs/lib/pkgconfig/radar_msgs.pc'
[4.504s] Level 1:colcon.colcon_core.environment:checking '/home/ashy/ROS2-ABAJA-DEV/install/radar_msgs/lib/python3.10/site-packages'
[4.504s] Level 1:colcon.colcon_core.environment:checking '/home/ashy/ROS2-ABAJA-DEV/install/radar_msgs/bin'
[4.504s] INFO:colcon.colcon_core.shell:Creating package script '/home/ashy/ROS2-ABAJA-DEV/install/radar_msgs/share/radar_msgs/package.ps1'
[4.505s] INFO:colcon.colcon_core.shell:Creating package descriptor '/home/ashy/ROS2-ABAJA-DEV/install/radar_msgs/share/radar_msgs/package.dsv'
[4.505s] INFO:colcon.colcon_core.shell:Creating package script '/home/ashy/ROS2-ABAJA-DEV/install/radar_msgs/share/radar_msgs/package.sh'
[4.505s] INFO:colcon.colcon_core.shell:Creating package script '/home/ashy/ROS2-ABAJA-DEV/install/radar_msgs/share/radar_msgs/package.bash'
[4.506s] INFO:colcon.colcon_core.shell:Creating package script '/home/ashy/ROS2-ABAJA-DEV/install/radar_msgs/share/radar_msgs/package.zsh'
[4.506s] Level 1:colcon.colcon_core.environment:create_file_with_runtime_dependencies(/home/ashy/ROS2-ABAJA-DEV/install/radar_msgs/share/colcon-core/packages/radar_msgs)
[4.506s] DEBUG:colcon.colcon_parallel_executor.executor.parallel:closing loop
[4.506s] DEBUG:colcon.colcon_parallel_executor.executor.parallel:loop closed
[4.506s] DEBUG:colcon.colcon_parallel_executor.executor.parallel:run_until_complete finished with '0'
[4.506s] DEBUG:colcon.colcon_core.event_reactor:joining thread
[4.511s] INFO:colcon.colcon_core.plugin_system:Skipping extension 'colcon_notification.desktop_notification.terminal_notifier': Not used on non-Darwin systems
[4.511s] INFO:colcon.colcon_core.plugin_system:Skipping extension 'colcon_notification.desktop_notification.win32': Not used on non-Windows systems
[4.511s] INFO:colcon.colcon_notification.desktop_notification:Sending desktop notification using 'notify2'
[4.520s] DEBUG:colcon.colcon_core.event_reactor:joined thread
[4.520s] INFO:colcon.colcon_core.shell:Creating prefix script '/home/ashy/ROS2-ABAJA-DEV/install/local_setup.ps1'
[4.521s] INFO:colcon.colcon_core.shell:Creating prefix util module '/home/ashy/ROS2-ABAJA-DEV/install/_local_setup_util_ps1.py'
[4.522s] INFO:colcon.colcon_core.shell:Creating prefix chain script '/home/ashy/ROS2-ABAJA-DEV/install/setup.ps1'
[4.523s] INFO:colcon.colcon_core.shell:Creating prefix script '/home/ashy/ROS2-ABAJA-DEV/install/local_setup.sh'
[4.524s] INFO:colcon.colcon_core.shell:Creating prefix util module '/home/ashy/ROS2-ABAJA-DEV/install/_local_setup_util_sh.py'
[4.524s] INFO:colcon.colcon_core.shell:Creating prefix chain script '/home/ashy/ROS2-ABAJA-DEV/install/setup.sh'
[4.525s] INFO:colcon.colcon_core.shell:Creating prefix script '/home/ashy/ROS2-ABAJA-DEV/install/local_setup.bash'
[4.525s] INFO:colcon.colcon_core.shell:Creating prefix chain script '/home/ashy/ROS2-ABAJA-DEV/install/setup.bash'
[4.526s] INFO:colcon.colcon_core.shell:Creating prefix script '/home/ashy/ROS2-ABAJA-DEV/install/local_setup.zsh'
[4.527s] INFO:colcon.colcon_core.shell:Creating prefix chain script '/home/ashy/ROS2-ABAJA-DEV/install/setup.zsh'
