[0.188s] DEBUG:colcon:Command line arguments: ['/usr/bin/colcon', 'build']
[0.188s] DEBUG:colcon:Parsed command line arguments: Namespace(log_base=None, log_level=None, verb_name='build', build_base='build', install_base='install', merge_install=False, symlink_install=False, test_result_base=None, continue_on_error=False, executor='parallel', parallel_workers=16, event_handlers=None, ignore_user_meta=False, metas=['./colcon.meta'], base_paths=['.'], packages_ignore=None, packages_ignore_regex=None, paths=None, packages_up_to=None, packages_up_to_regex=None, packages_above=None, packages_above_and_dependencies=None, packages_above_depth=None, packages_select_by_dep=None, packages_skip_by_dep=None, packages_skip_up_to=None, packages_select_build_failed=False, packages_skip_build_finished=False, packages_select_test_failures=False, packages_skip_test_passed=False, packages_select=None, packages_skip=None, packages_select_regex=None, packages_skip_regex=None, packages_start=None, packages_end=None, allow_overriding=[], cmake_args=None, cmake_target=None, cmake_target_skip_unavailable=False, cmake_clean_cache=False, cmake_clean_first=False, cmake_force_configure=False, ament_cmake_args=None, catkin_cmake_args=None, catkin_skip_building_tests=False, mixin_files=None, mixin=None, verb_parser=<colcon_mixin.mixin.mixin_argument.MixinArgumentDecorator object at 0x7d3fb45de830>, verb_extension=<colcon_core.verb.build.BuildVerb object at 0x7d3fb45dde70>, main=<bound method BuildVerb.main of <colcon_core.verb.build.BuildVerb object at 0x7d3fb45dde70>>, mixin_verb=('build',))
[0.248s] Level 1:colcon.colcon_core.package_discovery:discover_packages(colcon_meta) check parameters
[0.248s] Level 1:colcon.colcon_core.package_discovery:discover_packages(recursive) check parameters
[0.248s] Level 1:colcon.colcon_core.package_discovery:discover_packages(ignore) check parameters
[0.248s] Level 1:colcon.colcon_core.package_discovery:discover_packages(path) check parameters
[0.248s] Level 1:colcon.colcon_core.package_discovery:discover_packages(colcon_meta) discover
[0.248s] Level 1:colcon.colcon_core.package_discovery:discover_packages(recursive) discover
[0.248s] INFO:colcon.colcon_core.package_discovery:Crawling recursively for packages in '/home/ashy/abaja_ros2_dev'
[0.248s] Level 1:colcon.colcon_core.package_identification:_identify(.) by extensions ['ignore', 'ignore_ament_install']
[0.248s] Level 1:colcon.colcon_core.package_identification:_identify(.) by extension 'ignore'
[0.248s] Level 1:colcon.colcon_core.package_identification:_identify(.) by extension 'ignore_ament_install'
[0.248s] Level 1:colcon.colcon_core.package_identification:_identify(.) by extensions ['colcon_pkg']
[0.248s] Level 1:colcon.colcon_core.package_identification:_identify(.) by extension 'colcon_pkg'
[0.249s] Level 1:colcon.colcon_core.package_identification:_identify(.) by extensions ['colcon_meta']
[0.249s] Level 1:colcon.colcon_core.package_identification:_identify(.) by extension 'colcon_meta'
[0.249s] Level 1:colcon.colcon_core.package_identification:_identify(.) by extensions ['ros']
[0.249s] Level 1:colcon.colcon_core.package_identification:_identify(.) by extension 'ros'
[0.266s] Level 1:colcon.colcon_core.package_identification:_identify(.) by extensions ['cmake', 'python']
[0.266s] Level 1:colcon.colcon_core.package_identification:_identify(.) by extension 'cmake'
[0.266s] Level 1:colcon.colcon_core.package_identification:_identify(.) by extension 'python'
[0.266s] Level 1:colcon.colcon_core.package_identification:_identify(.) by extensions ['python_setup_py']
[0.266s] Level 1:colcon.colcon_core.package_identification:_identify(.) by extension 'python_setup_py'
[0.266s] Level 1:colcon.colcon_core.package_identification:_identify(build) by extensions ['ignore', 'ignore_ament_install']
[0.266s] Level 1:colcon.colcon_core.package_identification:_identify(build) by extension 'ignore'
[0.266s] Level 1:colcon.colcon_core.package_identification:_identify(build) ignored
[0.267s] Level 1:colcon.colcon_core.package_identification:_identify(docker) by extensions ['ignore', 'ignore_ament_install']
[0.267s] Level 1:colcon.colcon_core.package_identification:_identify(docker) by extension 'ignore'
[0.267s] Level 1:colcon.colcon_core.package_identification:_identify(docker) by extension 'ignore_ament_install'
[0.267s] Level 1:colcon.colcon_core.package_identification:_identify(docker) by extensions ['colcon_pkg']
[0.267s] Level 1:colcon.colcon_core.package_identification:_identify(docker) by extension 'colcon_pkg'
[0.267s] Level 1:colcon.colcon_core.package_identification:_identify(docker) by extensions ['colcon_meta']
[0.267s] Level 1:colcon.colcon_core.package_identification:_identify(docker) by extension 'colcon_meta'
[0.267s] Level 1:colcon.colcon_core.package_identification:_identify(docker) by extensions ['ros']
[0.267s] Level 1:colcon.colcon_core.package_identification:_identify(docker) by extension 'ros'
[0.267s] Level 1:colcon.colcon_core.package_identification:_identify(docker) by extensions ['cmake', 'python']
[0.267s] Level 1:colcon.colcon_core.package_identification:_identify(docker) by extension 'cmake'
[0.267s] Level 1:colcon.colcon_core.package_identification:_identify(docker) by extension 'python'
[0.267s] Level 1:colcon.colcon_core.package_identification:_identify(docker) by extensions ['python_setup_py']
[0.267s] Level 1:colcon.colcon_core.package_identification:_identify(docker) by extension 'python_setup_py'
[0.267s] Level 1:colcon.colcon_core.package_identification:_identify(install) by extensions ['ignore', 'ignore_ament_install']
[0.267s] Level 1:colcon.colcon_core.package_identification:_identify(install) by extension 'ignore'
[0.267s] Level 1:colcon.colcon_core.package_identification:_identify(install) ignored
[0.267s] Level 1:colcon.colcon_core.package_identification:_identify(log) by extensions ['ignore', 'ignore_ament_install']
[0.267s] Level 1:colcon.colcon_core.package_identification:_identify(log) by extension 'ignore'
[0.267s] Level 1:colcon.colcon_core.package_identification:_identify(log) ignored
[0.267s] Level 1:colcon.colcon_core.package_identification:_identify(src) by extensions ['ignore', 'ignore_ament_install']
[0.268s] Level 1:colcon.colcon_core.package_identification:_identify(src) by extension 'ignore'
[0.268s] Level 1:colcon.colcon_core.package_identification:_identify(src) by extension 'ignore_ament_install'
[0.268s] Level 1:colcon.colcon_core.package_identification:_identify(src) by extensions ['colcon_pkg']
[0.268s] Level 1:colcon.colcon_core.package_identification:_identify(src) by extension 'colcon_pkg'
[0.268s] Level 1:colcon.colcon_core.package_identification:_identify(src) by extensions ['colcon_meta']
[0.268s] Level 1:colcon.colcon_core.package_identification:_identify(src) by extension 'colcon_meta'
[0.268s] Level 1:colcon.colcon_core.package_identification:_identify(src) by extensions ['ros']
[0.268s] Level 1:colcon.colcon_core.package_identification:_identify(src) by extension 'ros'
[0.268s] Level 1:colcon.colcon_core.package_identification:_identify(src) by extensions ['cmake', 'python']
[0.268s] Level 1:colcon.colcon_core.package_identification:_identify(src) by extension 'cmake'
[0.268s] Level 1:colcon.colcon_core.package_identification:_identify(src) by extension 'python'
[0.268s] Level 1:colcon.colcon_core.package_identification:_identify(src) by extensions ['python_setup_py']
[0.268s] Level 1:colcon.colcon_core.package_identification:_identify(src) by extension 'python_setup_py'
[0.268s] Level 1:colcon.colcon_core.package_identification:_identify(src/aeb) by extensions ['ignore', 'ignore_ament_install']
[0.268s] Level 1:colcon.colcon_core.package_identification:_identify(src/aeb) by extension 'ignore'
[0.268s] Level 1:colcon.colcon_core.package_identification:_identify(src/aeb) by extension 'ignore_ament_install'
[0.268s] Level 1:colcon.colcon_core.package_identification:_identify(src/aeb) by extensions ['colcon_pkg']
[0.268s] Level 1:colcon.colcon_core.package_identification:_identify(src/aeb) by extension 'colcon_pkg'
[0.268s] Level 1:colcon.colcon_core.package_identification:_identify(src/aeb) by extensions ['colcon_meta']
[0.268s] Level 1:colcon.colcon_core.package_identification:_identify(src/aeb) by extension 'colcon_meta'
[0.268s] Level 1:colcon.colcon_core.package_identification:_identify(src/aeb) by extensions ['ros']
[0.268s] Level 1:colcon.colcon_core.package_identification:_identify(src/aeb) by extension 'ros'
[0.272s] DEBUG:colcon.colcon_core.package_identification:Package 'src/aeb' with type 'ros.ament_cmake' and name 'aeb'
[0.272s] Level 1:colcon.colcon_core.package_identification:_identify(src/vehiclecontrol) by extensions ['ignore', 'ignore_ament_install']
[0.273s] Level 1:colcon.colcon_core.package_identification:_identify(src/vehiclecontrol) by extension 'ignore'
[0.273s] Level 1:colcon.colcon_core.package_identification:_identify(src/vehiclecontrol) by extension 'ignore_ament_install'
[0.273s] Level 1:colcon.colcon_core.package_identification:_identify(src/vehiclecontrol) by extensions ['colcon_pkg']
[0.273s] Level 1:colcon.colcon_core.package_identification:_identify(src/vehiclecontrol) by extension 'colcon_pkg'
[0.273s] Level 1:colcon.colcon_core.package_identification:_identify(src/vehiclecontrol) by extensions ['colcon_meta']
[0.273s] Level 1:colcon.colcon_core.package_identification:_identify(src/vehiclecontrol) by extension 'colcon_meta'
[0.273s] Level 1:colcon.colcon_core.package_identification:_identify(src/vehiclecontrol) by extensions ['ros']
[0.273s] Level 1:colcon.colcon_core.package_identification:_identify(src/vehiclecontrol) by extension 'ros'
[0.274s] DEBUG:colcon.colcon_core.package_identification:Package 'src/vehiclecontrol' with type 'ros.ament_cmake' and name 'vehiclecontrol'
[0.274s] Level 1:colcon.colcon_core.package_identification:_identify(verified_algos) by extensions ['ignore', 'ignore_ament_install']
[0.274s] Level 1:colcon.colcon_core.package_identification:_identify(verified_algos) by extension 'ignore'
[0.274s] Level 1:colcon.colcon_core.package_identification:_identify(verified_algos) by extension 'ignore_ament_install'
[0.274s] Level 1:colcon.colcon_core.package_identification:_identify(verified_algos) by extensions ['colcon_pkg']
[0.274s] Level 1:colcon.colcon_core.package_identification:_identify(verified_algos) by extension 'colcon_pkg'
[0.274s] Level 1:colcon.colcon_core.package_identification:_identify(verified_algos) by extensions ['colcon_meta']
[0.274s] Level 1:colcon.colcon_core.package_identification:_identify(verified_algos) by extension 'colcon_meta'
[0.274s] Level 1:colcon.colcon_core.package_identification:_identify(verified_algos) by extensions ['ros']
[0.274s] Level 1:colcon.colcon_core.package_identification:_identify(verified_algos) by extension 'ros'
[0.274s] Level 1:colcon.colcon_core.package_identification:_identify(verified_algos) by extensions ['cmake', 'python']
[0.274s] Level 1:colcon.colcon_core.package_identification:_identify(verified_algos) by extension 'cmake'
[0.274s] Level 1:colcon.colcon_core.package_identification:_identify(verified_algos) by extension 'python'
[0.274s] Level 1:colcon.colcon_core.package_identification:_identify(verified_algos) by extensions ['python_setup_py']
[0.274s] Level 1:colcon.colcon_core.package_identification:_identify(verified_algos) by extension 'python_setup_py'
[0.274s] Level 1:colcon.colcon_core.package_identification:_identify(verified_algos/models) by extensions ['ignore', 'ignore_ament_install']
[0.274s] Level 1:colcon.colcon_core.package_identification:_identify(verified_algos/models) by extension 'ignore'
[0.274s] Level 1:colcon.colcon_core.package_identification:_identify(verified_algos/models) by extension 'ignore_ament_install'
[0.274s] Level 1:colcon.colcon_core.package_identification:_identify(verified_algos/models) by extensions ['colcon_pkg']
[0.274s] Level 1:colcon.colcon_core.package_identification:_identify(verified_algos/models) by extension 'colcon_pkg'
[0.274s] Level 1:colcon.colcon_core.package_identification:_identify(verified_algos/models) by extensions ['colcon_meta']
[0.274s] Level 1:colcon.colcon_core.package_identification:_identify(verified_algos/models) by extension 'colcon_meta'
[0.275s] Level 1:colcon.colcon_core.package_identification:_identify(verified_algos/models) by extensions ['ros']
[0.275s] Level 1:colcon.colcon_core.package_identification:_identify(verified_algos/models) by extension 'ros'
[0.275s] Level 1:colcon.colcon_core.package_identification:_identify(verified_algos/models) by extensions ['cmake', 'python']
[0.275s] Level 1:colcon.colcon_core.package_identification:_identify(verified_algos/models) by extension 'cmake'
[0.275s] Level 1:colcon.colcon_core.package_identification:_identify(verified_algos/models) by extension 'python'
[0.275s] Level 1:colcon.colcon_core.package_identification:_identify(verified_algos/models) by extensions ['python_setup_py']
[0.275s] Level 1:colcon.colcon_core.package_identification:_identify(verified_algos/models) by extension 'python_setup_py'
[0.275s] Level 1:colcon.colcon_core.package_discovery:discover_packages(recursive) using defaults
[0.275s] Level 1:colcon.colcon_core.package_discovery:discover_packages(ignore) discover
[0.275s] Level 1:colcon.colcon_core.package_discovery:discover_packages(ignore) using defaults
[0.275s] Level 1:colcon.colcon_core.package_discovery:discover_packages(path) discover
[0.275s] Level 1:colcon.colcon_core.package_discovery:discover_packages(path) using defaults
[0.304s] Level 1:colcon.colcon_core.package_discovery:discover_packages(prefix_path) check parameters
[0.304s] Level 1:colcon.colcon_core.package_discovery:discover_packages(prefix_path) discover
[0.310s] DEBUG:colcon.colcon_installed_package_information.package_discovery:Found 463 installed packages in /opt/ros/humble
[0.313s] Level 1:colcon.colcon_core.package_discovery:discover_packages(prefix_path) using defaults
[0.411s] Level 5:colcon.colcon_core.verb:set package 'aeb' build argument 'cmake_args' from command line to 'None'
[0.412s] Level 5:colcon.colcon_core.verb:set package 'aeb' build argument 'cmake_target' from command line to 'None'
[0.412s] Level 5:colcon.colcon_core.verb:set package 'aeb' build argument 'cmake_target_skip_unavailable' from command line to 'False'
[0.412s] Level 5:colcon.colcon_core.verb:set package 'aeb' build argument 'cmake_clean_cache' from command line to 'False'
[0.412s] Level 5:colcon.colcon_core.verb:set package 'aeb' build argument 'cmake_clean_first' from command line to 'False'
[0.412s] Level 5:colcon.colcon_core.verb:set package 'aeb' build argument 'cmake_force_configure' from command line to 'False'
[0.412s] Level 5:colcon.colcon_core.verb:set package 'aeb' build argument 'ament_cmake_args' from command line to 'None'
[0.412s] Level 5:colcon.colcon_core.verb:set package 'aeb' build argument 'catkin_cmake_args' from command line to 'None'
[0.412s] Level 5:colcon.colcon_core.verb:set package 'aeb' build argument 'catkin_skip_building_tests' from command line to 'False'
[0.412s] DEBUG:colcon.colcon_core.verb:Building package 'aeb' with the following arguments: {'ament_cmake_args': None, 'build_base': '/home/ashy/abaja_ros2_dev/build/aeb', 'catkin_cmake_args': None, 'catkin_skip_building_tests': False, 'cmake_args': None, 'cmake_clean_cache': False, 'cmake_clean_first': False, 'cmake_force_configure': False, 'cmake_target': None, 'cmake_target_skip_unavailable': False, 'install_base': '/home/ashy/abaja_ros2_dev/install/aeb', 'merge_install': False, 'path': '/home/ashy/abaja_ros2_dev/src/aeb', 'symlink_install': False, 'test_result_base': None}
[0.412s] Level 5:colcon.colcon_core.verb:set package 'vehiclecontrol' build argument 'cmake_args' from command line to 'None'
[0.412s] Level 5:colcon.colcon_core.verb:set package 'vehiclecontrol' build argument 'cmake_target' from command line to 'None'
[0.412s] Level 5:colcon.colcon_core.verb:set package 'vehiclecontrol' build argument 'cmake_target_skip_unavailable' from command line to 'False'
[0.413s] Level 5:colcon.colcon_core.verb:set package 'vehiclecontrol' build argument 'cmake_clean_cache' from command line to 'False'
[0.413s] Level 5:colcon.colcon_core.verb:set package 'vehiclecontrol' build argument 'cmake_clean_first' from command line to 'False'
[0.413s] Level 5:colcon.colcon_core.verb:set package 'vehiclecontrol' build argument 'cmake_force_configure' from command line to 'False'
[0.413s] Level 5:colcon.colcon_core.verb:set package 'vehiclecontrol' build argument 'ament_cmake_args' from command line to 'None'
[0.413s] Level 5:colcon.colcon_core.verb:set package 'vehiclecontrol' build argument 'catkin_cmake_args' from command line to 'None'
[0.413s] Level 5:colcon.colcon_core.verb:set package 'vehiclecontrol' build argument 'catkin_skip_building_tests' from command line to 'False'
[0.413s] DEBUG:colcon.colcon_core.verb:Building package 'vehiclecontrol' with the following arguments: {'ament_cmake_args': None, 'build_base': '/home/ashy/abaja_ros2_dev/build/vehiclecontrol', 'catkin_cmake_args': None, 'catkin_skip_building_tests': False, 'cmake_args': None, 'cmake_clean_cache': False, 'cmake_clean_first': False, 'cmake_force_configure': False, 'cmake_target': None, 'cmake_target_skip_unavailable': False, 'install_base': '/home/ashy/abaja_ros2_dev/install/vehiclecontrol', 'merge_install': False, 'path': '/home/ashy/abaja_ros2_dev/src/vehiclecontrol', 'symlink_install': False, 'test_result_base': None}
[0.413s] INFO:colcon.colcon_core.executor:Executing jobs using 'parallel' executor
[0.414s] DEBUG:colcon.colcon_parallel_executor.executor.parallel:run_until_complete
[0.415s] INFO:colcon.colcon_ros.task.ament_cmake.build:Building ROS package in '/home/ashy/abaja_ros2_dev/src/aeb' with build type 'ament_cmake'
[0.415s] INFO:colcon.colcon_cmake.task.cmake.build:Building CMake package in '/home/ashy/abaja_ros2_dev/src/aeb'
[0.419s] INFO:colcon.colcon_core.plugin_system:Skipping extension 'colcon_core.shell.bat': Not used on non-Windows systems
[0.420s] INFO:colcon.colcon_core.shell:Skip shell extension 'powershell' for command environment: Not usable outside of PowerShell
[0.420s] DEBUG:colcon.colcon_core.shell:Skip shell extension 'dsv' for command environment
[0.425s] INFO:colcon.colcon_ros.task.ament_cmake.build:Building ROS package in '/home/ashy/abaja_ros2_dev/src/vehiclecontrol' with build type 'ament_cmake'
[0.425s] INFO:colcon.colcon_cmake.task.cmake.build:Building CMake package in '/home/ashy/abaja_ros2_dev/src/vehiclecontrol'
[0.426s] INFO:colcon.colcon_core.shell:Skip shell extension 'powershell' for command environment: Not usable outside of PowerShell
[0.426s] DEBUG:colcon.colcon_core.shell:Skip shell extension 'dsv' for command environment
[0.434s] DEBUG:colcon.colcon_core.event_handler.log_command:Invoking command in '/home/ashy/abaja_ros2_dev/build/aeb': CMAKE_PREFIX_PATH=/opt/ros/humble /usr/bin/cmake /home/ashy/abaja_ros2_dev/src/aeb -DCMAKE_INSTALL_PREFIX=/home/ashy/abaja_ros2_dev/install/aeb
[0.443s] DEBUG:colcon.colcon_core.event_handler.log_command:Invoking command in '/home/ashy/abaja_ros2_dev/build/vehiclecontrol': CMAKE_PREFIX_PATH=/opt/ros/humble /usr/bin/cmake /home/ashy/abaja_ros2_dev/src/vehiclecontrol -DCMAKE_INSTALL_PREFIX=/home/ashy/abaja_ros2_dev/install/vehiclecontrol
[2.003s] DEBUG:colcon.colcon_core.event_handler.log_command:Invoked command in '/home/ashy/abaja_ros2_dev/build/aeb' returned '0': CMAKE_PREFIX_PATH=/opt/ros/humble /usr/bin/cmake /home/ashy/abaja_ros2_dev/src/aeb -DCMAKE_INSTALL_PREFIX=/home/ashy/abaja_ros2_dev/install/aeb
[2.004s] DEBUG:colcon.colcon_core.event_handler.log_command:Invoking command in '/home/ashy/abaja_ros2_dev/build/aeb': CMAKE_PREFIX_PATH=/opt/ros/humble /usr/bin/cmake --build /home/ashy/abaja_ros2_dev/build/aeb -- -j16 -l16
[2.043s] DEBUG:colcon.colcon_core.event_handler.log_command:Invoked command in '/home/ashy/abaja_ros2_dev/build/aeb' returned '0': CMAKE_PREFIX_PATH=/opt/ros/humble /usr/bin/cmake --build /home/ashy/abaja_ros2_dev/build/aeb -- -j16 -l16
[2.052s] DEBUG:colcon.colcon_core.event_handler.log_command:Invoking command in '/home/ashy/abaja_ros2_dev/build/aeb': CMAKE_PREFIX_PATH=/opt/ros/humble /usr/bin/cmake --install /home/ashy/abaja_ros2_dev/build/aeb
[2.060s] Level 1:colcon.colcon_core.environment:create_environment_scripts_only(aeb)
[2.061s] DEBUG:colcon.colcon_core.event_handler.log_command:Invoked command in '/home/ashy/abaja_ros2_dev/build/aeb' returned '0': CMAKE_PREFIX_PATH=/opt/ros/humble /usr/bin/cmake --install /home/ashy/abaja_ros2_dev/build/aeb
[2.063s] Level 1:colcon.colcon_core.environment:checking '/home/ashy/abaja_ros2_dev/install/aeb' for CMake module files
[2.063s] Level 1:colcon.colcon_core.environment:checking '/home/ashy/abaja_ros2_dev/install/aeb' for CMake config files
[2.064s] Level 1:colcon.colcon_core.shell:create_environment_hook('aeb', 'cmake_prefix_path')
[2.064s] INFO:colcon.colcon_core.shell:Creating environment hook '/home/ashy/abaja_ros2_dev/install/aeb/share/aeb/hook/cmake_prefix_path.ps1'
[2.065s] INFO:colcon.colcon_core.shell:Creating environment descriptor '/home/ashy/abaja_ros2_dev/install/aeb/share/aeb/hook/cmake_prefix_path.dsv'
[2.065s] INFO:colcon.colcon_core.shell:Creating environment hook '/home/ashy/abaja_ros2_dev/install/aeb/share/aeb/hook/cmake_prefix_path.sh'
[2.066s] Level 1:colcon.colcon_core.environment:checking '/home/ashy/abaja_ros2_dev/install/aeb/lib'
[2.066s] Level 1:colcon.colcon_core.environment:checking '/home/ashy/abaja_ros2_dev/install/aeb/bin'
[2.066s] Level 1:colcon.colcon_core.environment:checking '/home/ashy/abaja_ros2_dev/install/aeb/lib/pkgconfig/aeb.pc'
[2.066s] Level 1:colcon.colcon_core.environment:checking '/home/ashy/abaja_ros2_dev/install/aeb/lib/python3.10/site-packages'
[2.066s] Level 1:colcon.colcon_core.environment:checking '/home/ashy/abaja_ros2_dev/install/aeb/bin'
[2.066s] INFO:colcon.colcon_core.shell:Creating package script '/home/ashy/abaja_ros2_dev/install/aeb/share/aeb/package.ps1'
[2.067s] INFO:colcon.colcon_core.shell:Creating package descriptor '/home/ashy/abaja_ros2_dev/install/aeb/share/aeb/package.dsv'
[2.067s] INFO:colcon.colcon_core.shell:Creating package script '/home/ashy/abaja_ros2_dev/install/aeb/share/aeb/package.sh'
[2.068s] INFO:colcon.colcon_core.shell:Creating package script '/home/ashy/abaja_ros2_dev/install/aeb/share/aeb/package.bash'
[2.068s] INFO:colcon.colcon_core.shell:Creating package script '/home/ashy/abaja_ros2_dev/install/aeb/share/aeb/package.zsh'
[2.069s] Level 1:colcon.colcon_core.environment:create_file_with_runtime_dependencies(/home/ashy/abaja_ros2_dev/install/aeb/share/colcon-core/packages/aeb)
[2.069s] Level 1:colcon.colcon_core.environment:create_environment_scripts_only(aeb)
[2.069s] Level 1:colcon.colcon_core.environment:checking '/home/ashy/abaja_ros2_dev/install/aeb' for CMake module files
[2.069s] Level 1:colcon.colcon_core.environment:checking '/home/ashy/abaja_ros2_dev/install/aeb' for CMake config files
[2.069s] Level 1:colcon.colcon_core.shell:create_environment_hook('aeb', 'cmake_prefix_path')
[2.069s] INFO:colcon.colcon_core.shell:Creating environment hook '/home/ashy/abaja_ros2_dev/install/aeb/share/aeb/hook/cmake_prefix_path.ps1'
[2.070s] INFO:colcon.colcon_core.shell:Creating environment descriptor '/home/ashy/abaja_ros2_dev/install/aeb/share/aeb/hook/cmake_prefix_path.dsv'
[2.070s] INFO:colcon.colcon_core.shell:Creating environment hook '/home/ashy/abaja_ros2_dev/install/aeb/share/aeb/hook/cmake_prefix_path.sh'
[2.070s] Level 1:colcon.colcon_core.environment:checking '/home/ashy/abaja_ros2_dev/install/aeb/lib'
[2.070s] Level 1:colcon.colcon_core.environment:checking '/home/ashy/abaja_ros2_dev/install/aeb/bin'
[2.070s] Level 1:colcon.colcon_core.environment:checking '/home/ashy/abaja_ros2_dev/install/aeb/lib/pkgconfig/aeb.pc'
[2.070s] Level 1:colcon.colcon_core.environment:checking '/home/ashy/abaja_ros2_dev/install/aeb/lib/python3.10/site-packages'
[2.070s] Level 1:colcon.colcon_core.environment:checking '/home/ashy/abaja_ros2_dev/install/aeb/bin'
[2.070s] INFO:colcon.colcon_core.shell:Creating package script '/home/ashy/abaja_ros2_dev/install/aeb/share/aeb/package.ps1'
[2.071s] INFO:colcon.colcon_core.shell:Creating package descriptor '/home/ashy/abaja_ros2_dev/install/aeb/share/aeb/package.dsv'
[2.071s] INFO:colcon.colcon_core.shell:Creating package script '/home/ashy/abaja_ros2_dev/install/aeb/share/aeb/package.sh'
[2.071s] INFO:colcon.colcon_core.shell:Creating package script '/home/ashy/abaja_ros2_dev/install/aeb/share/aeb/package.bash'
[2.071s] INFO:colcon.colcon_core.shell:Creating package script '/home/ashy/abaja_ros2_dev/install/aeb/share/aeb/package.zsh'
[2.072s] Level 1:colcon.colcon_core.environment:create_file_with_runtime_dependencies(/home/ashy/abaja_ros2_dev/install/aeb/share/colcon-core/packages/aeb)
[2.131s] DEBUG:colcon.colcon_core.event_handler.log_command:Invoked command in '/home/ashy/abaja_ros2_dev/build/vehiclecontrol' returned '0': CMAKE_PREFIX_PATH=/opt/ros/humble /usr/bin/cmake /home/ashy/abaja_ros2_dev/src/vehiclecontrol -DCMAKE_INSTALL_PREFIX=/home/ashy/abaja_ros2_dev/install/vehiclecontrol
[2.133s] DEBUG:colcon.colcon_core.event_handler.log_command:Invoking command in '/home/ashy/abaja_ros2_dev/build/vehiclecontrol': CMAKE_PREFIX_PATH=/opt/ros/humble /usr/bin/cmake --build /home/ashy/abaja_ros2_dev/build/vehiclecontrol -- -j16 -l16
[3.310s] DEBUG:colcon.colcon_core.event_handler.log_command:Invoked command in '/home/ashy/abaja_ros2_dev/build/vehiclecontrol' returned '0': CMAKE_PREFIX_PATH=/opt/ros/humble /usr/bin/cmake --build /home/ashy/abaja_ros2_dev/build/vehiclecontrol -- -j16 -l16
[3.311s] DEBUG:colcon.colcon_core.event_handler.log_command:Invoking command in '/home/ashy/abaja_ros2_dev/build/vehiclecontrol': CMAKE_PREFIX_PATH=/opt/ros/humble /usr/bin/cmake --install /home/ashy/abaja_ros2_dev/build/vehiclecontrol
[3.366s] Level 1:colcon.colcon_core.environment:create_environment_scripts_only(vehiclecontrol)
[3.366s] Level 1:colcon.colcon_core.environment:checking '/home/ashy/abaja_ros2_dev/install/vehiclecontrol' for CMake module files
[3.366s] DEBUG:colcon.colcon_core.event_handler.log_command:Invoked command in '/home/ashy/abaja_ros2_dev/build/vehiclecontrol' returned '0': CMAKE_PREFIX_PATH=/opt/ros/humble /usr/bin/cmake --install /home/ashy/abaja_ros2_dev/build/vehiclecontrol
[3.367s] Level 1:colcon.colcon_core.environment:checking '/home/ashy/abaja_ros2_dev/install/vehiclecontrol' for CMake config files
[3.367s] Level 1:colcon.colcon_core.shell:create_environment_hook('vehiclecontrol', 'cmake_prefix_path')
[3.367s] INFO:colcon.colcon_core.shell:Creating environment hook '/home/ashy/abaja_ros2_dev/install/vehiclecontrol/share/vehiclecontrol/hook/cmake_prefix_path.ps1'
[3.367s] INFO:colcon.colcon_core.shell:Creating environment descriptor '/home/ashy/abaja_ros2_dev/install/vehiclecontrol/share/vehiclecontrol/hook/cmake_prefix_path.dsv'
[3.368s] INFO:colcon.colcon_core.shell:Creating environment hook '/home/ashy/abaja_ros2_dev/install/vehiclecontrol/share/vehiclecontrol/hook/cmake_prefix_path.sh'
[3.368s] Level 1:colcon.colcon_core.environment:checking '/home/ashy/abaja_ros2_dev/install/vehiclecontrol/lib'
[3.368s] Level 1:colcon.colcon_core.shell:create_environment_hook('vehiclecontrol', 'ld_library_path_lib')
[3.368s] INFO:colcon.colcon_core.shell:Creating environment hook '/home/ashy/abaja_ros2_dev/install/vehiclecontrol/share/vehiclecontrol/hook/ld_library_path_lib.ps1'
[3.368s] INFO:colcon.colcon_core.shell:Creating environment descriptor '/home/ashy/abaja_ros2_dev/install/vehiclecontrol/share/vehiclecontrol/hook/ld_library_path_lib.dsv'
[3.368s] INFO:colcon.colcon_core.shell:Creating environment hook '/home/ashy/abaja_ros2_dev/install/vehiclecontrol/share/vehiclecontrol/hook/ld_library_path_lib.sh'
[3.368s] Level 1:colcon.colcon_core.environment:checking '/home/ashy/abaja_ros2_dev/install/vehiclecontrol/bin'
[3.368s] Level 1:colcon.colcon_core.environment:checking '/home/ashy/abaja_ros2_dev/install/vehiclecontrol/lib/pkgconfig/vehiclecontrol.pc'
[3.369s] Level 1:colcon.colcon_core.environment:checking '/home/ashy/abaja_ros2_dev/install/vehiclecontrol/lib/python3.10/site-packages'
[3.369s] Level 1:colcon.colcon_core.environment:checking '/home/ashy/abaja_ros2_dev/install/vehiclecontrol/bin'
[3.369s] INFO:colcon.colcon_core.shell:Creating package script '/home/ashy/abaja_ros2_dev/install/vehiclecontrol/share/vehiclecontrol/package.ps1'
[3.369s] INFO:colcon.colcon_core.shell:Creating package descriptor '/home/ashy/abaja_ros2_dev/install/vehiclecontrol/share/vehiclecontrol/package.dsv'
[3.369s] INFO:colcon.colcon_core.shell:Creating package script '/home/ashy/abaja_ros2_dev/install/vehiclecontrol/share/vehiclecontrol/package.sh'
[3.370s] INFO:colcon.colcon_core.shell:Creating package script '/home/ashy/abaja_ros2_dev/install/vehiclecontrol/share/vehiclecontrol/package.bash'
[3.370s] INFO:colcon.colcon_core.shell:Creating package script '/home/ashy/abaja_ros2_dev/install/vehiclecontrol/share/vehiclecontrol/package.zsh'
[3.370s] Level 1:colcon.colcon_core.environment:create_file_with_runtime_dependencies(/home/ashy/abaja_ros2_dev/install/vehiclecontrol/share/colcon-core/packages/vehiclecontrol)
[3.370s] Level 1:colcon.colcon_core.environment:create_environment_scripts_only(vehiclecontrol)
[3.370s] Level 1:colcon.colcon_core.environment:checking '/home/ashy/abaja_ros2_dev/install/vehiclecontrol' for CMake module files
[3.371s] Level 1:colcon.colcon_core.environment:checking '/home/ashy/abaja_ros2_dev/install/vehiclecontrol' for CMake config files
[3.371s] Level 1:colcon.colcon_core.shell:create_environment_hook('vehiclecontrol', 'cmake_prefix_path')
[3.371s] INFO:colcon.colcon_core.shell:Creating environment hook '/home/ashy/abaja_ros2_dev/install/vehiclecontrol/share/vehiclecontrol/hook/cmake_prefix_path.ps1'
[3.371s] INFO:colcon.colcon_core.shell:Creating environment descriptor '/home/ashy/abaja_ros2_dev/install/vehiclecontrol/share/vehiclecontrol/hook/cmake_prefix_path.dsv'
[3.371s] INFO:colcon.colcon_core.shell:Creating environment hook '/home/ashy/abaja_ros2_dev/install/vehiclecontrol/share/vehiclecontrol/hook/cmake_prefix_path.sh'
[3.372s] Level 1:colcon.colcon_core.environment:checking '/home/ashy/abaja_ros2_dev/install/vehiclecontrol/lib'
[3.372s] Level 1:colcon.colcon_core.shell:create_environment_hook('vehiclecontrol', 'ld_library_path_lib')
[3.372s] INFO:colcon.colcon_core.shell:Creating environment hook '/home/ashy/abaja_ros2_dev/install/vehiclecontrol/share/vehiclecontrol/hook/ld_library_path_lib.ps1'
[3.372s] INFO:colcon.colcon_core.shell:Creating environment descriptor '/home/ashy/abaja_ros2_dev/install/vehiclecontrol/share/vehiclecontrol/hook/ld_library_path_lib.dsv'
[3.372s] INFO:colcon.colcon_core.shell:Creating environment hook '/home/ashy/abaja_ros2_dev/install/vehiclecontrol/share/vehiclecontrol/hook/ld_library_path_lib.sh'
[3.372s] Level 1:colcon.colcon_core.environment:checking '/home/ashy/abaja_ros2_dev/install/vehiclecontrol/bin'
[3.372s] Level 1:colcon.colcon_core.environment:checking '/home/ashy/abaja_ros2_dev/install/vehiclecontrol/lib/pkgconfig/vehiclecontrol.pc'
[3.373s] Level 1:colcon.colcon_core.environment:checking '/home/ashy/abaja_ros2_dev/install/vehiclecontrol/lib/python3.10/site-packages'
[3.373s] Level 1:colcon.colcon_core.environment:checking '/home/ashy/abaja_ros2_dev/install/vehiclecontrol/bin'
[3.373s] INFO:colcon.colcon_core.shell:Creating package script '/home/ashy/abaja_ros2_dev/install/vehiclecontrol/share/vehiclecontrol/package.ps1'
[3.373s] INFO:colcon.colcon_core.shell:Creating package descriptor '/home/ashy/abaja_ros2_dev/install/vehiclecontrol/share/vehiclecontrol/package.dsv'
[3.373s] INFO:colcon.colcon_core.shell:Creating package script '/home/ashy/abaja_ros2_dev/install/vehiclecontrol/share/vehiclecontrol/package.sh'
[3.374s] INFO:colcon.colcon_core.shell:Creating package script '/home/ashy/abaja_ros2_dev/install/vehiclecontrol/share/vehiclecontrol/package.bash'
[3.374s] INFO:colcon.colcon_core.shell:Creating package script '/home/ashy/abaja_ros2_dev/install/vehiclecontrol/share/vehiclecontrol/package.zsh'
[3.374s] Level 1:colcon.colcon_core.environment:create_file_with_runtime_dependencies(/home/ashy/abaja_ros2_dev/install/vehiclecontrol/share/colcon-core/packages/vehiclecontrol)
[3.374s] DEBUG:colcon.colcon_parallel_executor.executor.parallel:closing loop
[3.374s] DEBUG:colcon.colcon_parallel_executor.executor.parallel:loop closed
[3.374s] DEBUG:colcon.colcon_parallel_executor.executor.parallel:run_until_complete finished with '0'
[3.374s] DEBUG:colcon.colcon_core.event_reactor:joining thread
[3.378s] INFO:colcon.colcon_core.plugin_system:Skipping extension 'colcon_notification.desktop_notification.terminal_notifier': Not used on non-Darwin systems
[3.378s] INFO:colcon.colcon_core.plugin_system:Skipping extension 'colcon_notification.desktop_notification.win32': Not used on non-Windows systems
[3.378s] INFO:colcon.colcon_notification.desktop_notification:Sending desktop notification using 'notify2'
[3.394s] DEBUG:colcon.colcon_core.event_reactor:joined thread
[3.395s] INFO:colcon.colcon_core.shell:Creating prefix script '/home/ashy/abaja_ros2_dev/install/local_setup.ps1'
[3.396s] INFO:colcon.colcon_core.shell:Creating prefix util module '/home/ashy/abaja_ros2_dev/install/_local_setup_util_ps1.py'
[3.396s] INFO:colcon.colcon_core.shell:Creating prefix chain script '/home/ashy/abaja_ros2_dev/install/setup.ps1'
[3.397s] INFO:colcon.colcon_core.shell:Creating prefix script '/home/ashy/abaja_ros2_dev/install/local_setup.sh'
[3.397s] INFO:colcon.colcon_core.shell:Creating prefix util module '/home/ashy/abaja_ros2_dev/install/_local_setup_util_sh.py'
[3.398s] INFO:colcon.colcon_core.shell:Creating prefix chain script '/home/ashy/abaja_ros2_dev/install/setup.sh'
[3.398s] INFO:colcon.colcon_core.shell:Creating prefix script '/home/ashy/abaja_ros2_dev/install/local_setup.bash'
[3.399s] INFO:colcon.colcon_core.shell:Creating prefix chain script '/home/ashy/abaja_ros2_dev/install/setup.bash'
[3.399s] INFO:colcon.colcon_core.shell:Creating prefix script '/home/ashy/abaja_ros2_dev/install/local_setup.zsh'
[3.399s] INFO:colcon.colcon_core.shell:Creating prefix chain script '/home/ashy/abaja_ros2_dev/install/setup.zsh'
