[0.173s] DEBUG:colcon:Command line arguments: ['/usr/bin/colcon', 'build']
[0.173s] DEBUG:colcon:Parsed command line arguments: Namespace(log_base=None, log_level=None, verb_name='build', build_base='build', install_base='install', merge_install=False, symlink_install=False, test_result_base=None, continue_on_error=False, executor='parallel', parallel_workers=16, event_handlers=None, ignore_user_meta=False, metas=['./colcon.meta'], base_paths=['.'], packages_ignore=None, packages_ignore_regex=None, paths=None, packages_up_to=None, packages_up_to_regex=None, packages_above=None, packages_above_and_dependencies=None, packages_above_depth=None, packages_select_by_dep=None, packages_skip_by_dep=None, packages_skip_up_to=None, packages_select_build_failed=False, packages_skip_build_finished=False, packages_select_test_failures=False, packages_skip_test_passed=False, packages_select=None, packages_skip=None, packages_select_regex=None, packages_skip_regex=None, packages_start=None, packages_end=None, allow_overriding=[], cmake_args=None, cmake_target=None, cmake_target_skip_unavailable=False, cmake_clean_cache=False, cmake_clean_first=False, cmake_force_configure=False, ament_cmake_args=None, catkin_cmake_args=None, catkin_skip_building_tests=False, mixin_files=None, mixin=None, verb_parser=<colcon_mixin.mixin.mixin_argument.MixinArgumentDecorator object at 0x752cd5ed6830>, verb_extension=<colcon_core.verb.build.BuildVerb object at 0x752cd5ed5e70>, main=<bound method BuildVerb.main of <colcon_core.verb.build.BuildVerb object at 0x752cd5ed5e70>>, mixin_verb=('build',))
[0.226s] Level 1:colcon.colcon_core.package_discovery:discover_packages(colcon_meta) check parameters
[0.227s] Level 1:colcon.colcon_core.package_discovery:discover_packages(recursive) check parameters
[0.227s] Level 1:colcon.colcon_core.package_discovery:discover_packages(ignore) check parameters
[0.227s] Level 1:colcon.colcon_core.package_discovery:discover_packages(path) check parameters
[0.227s] Level 1:colcon.colcon_core.package_discovery:discover_packages(colcon_meta) discover
[0.227s] Level 1:colcon.colcon_core.package_discovery:discover_packages(recursive) discover
[0.227s] INFO:colcon.colcon_core.package_discovery:Crawling recursively for packages in '/home/ashy/abaja_ros2_dev'
[0.227s] Level 1:colcon.colcon_core.package_identification:_identify(.) by extensions ['ignore', 'ignore_ament_install']
[0.227s] Level 1:colcon.colcon_core.package_identification:_identify(.) by extension 'ignore'
[0.227s] Level 1:colcon.colcon_core.package_identification:_identify(.) by extension 'ignore_ament_install'
[0.227s] Level 1:colcon.colcon_core.package_identification:_identify(.) by extensions ['colcon_pkg']
[0.227s] Level 1:colcon.colcon_core.package_identification:_identify(.) by extension 'colcon_pkg'
[0.227s] Level 1:colcon.colcon_core.package_identification:_identify(.) by extensions ['colcon_meta']
[0.227s] Level 1:colcon.colcon_core.package_identification:_identify(.) by extension 'colcon_meta'
[0.227s] Level 1:colcon.colcon_core.package_identification:_identify(.) by extensions ['ros']
[0.227s] Level 1:colcon.colcon_core.package_identification:_identify(.) by extension 'ros'
[0.246s] Level 1:colcon.colcon_core.package_identification:_identify(.) by extensions ['cmake', 'python']
[0.246s] Level 1:colcon.colcon_core.package_identification:_identify(.) by extension 'cmake'
[0.246s] Level 1:colcon.colcon_core.package_identification:_identify(.) by extension 'python'
[0.246s] Level 1:colcon.colcon_core.package_identification:_identify(.) by extensions ['python_setup_py']
[0.246s] Level 1:colcon.colcon_core.package_identification:_identify(.) by extension 'python_setup_py'
[0.247s] Level 1:colcon.colcon_core.package_identification:_identify(build) by extensions ['ignore', 'ignore_ament_install']
[0.247s] Level 1:colcon.colcon_core.package_identification:_identify(build) by extension 'ignore'
[0.247s] Level 1:colcon.colcon_core.package_identification:_identify(build) ignored
[0.247s] Level 1:colcon.colcon_core.package_identification:_identify(docker) by extensions ['ignore', 'ignore_ament_install']
[0.247s] Level 1:colcon.colcon_core.package_identification:_identify(docker) by extension 'ignore'
[0.247s] Level 1:colcon.colcon_core.package_identification:_identify(docker) by extension 'ignore_ament_install'
[0.247s] Level 1:colcon.colcon_core.package_identification:_identify(docker) by extensions ['colcon_pkg']
[0.247s] Level 1:colcon.colcon_core.package_identification:_identify(docker) by extension 'colcon_pkg'
[0.247s] Level 1:colcon.colcon_core.package_identification:_identify(docker) by extensions ['colcon_meta']
[0.247s] Level 1:colcon.colcon_core.package_identification:_identify(docker) by extension 'colcon_meta'
[0.247s] Level 1:colcon.colcon_core.package_identification:_identify(docker) by extensions ['ros']
[0.247s] Level 1:colcon.colcon_core.package_identification:_identify(docker) by extension 'ros'
[0.247s] Level 1:colcon.colcon_core.package_identification:_identify(docker) by extensions ['cmake', 'python']
[0.247s] Level 1:colcon.colcon_core.package_identification:_identify(docker) by extension 'cmake'
[0.247s] Level 1:colcon.colcon_core.package_identification:_identify(docker) by extension 'python'
[0.247s] Level 1:colcon.colcon_core.package_identification:_identify(docker) by extensions ['python_setup_py']
[0.248s] Level 1:colcon.colcon_core.package_identification:_identify(docker) by extension 'python_setup_py'
[0.248s] Level 1:colcon.colcon_core.package_identification:_identify(install) by extensions ['ignore', 'ignore_ament_install']
[0.248s] Level 1:colcon.colcon_core.package_identification:_identify(install) by extension 'ignore'
[0.248s] Level 1:colcon.colcon_core.package_identification:_identify(install) ignored
[0.248s] Level 1:colcon.colcon_core.package_identification:_identify(log) by extensions ['ignore', 'ignore_ament_install']
[0.248s] Level 1:colcon.colcon_core.package_identification:_identify(log) by extension 'ignore'
[0.248s] Level 1:colcon.colcon_core.package_identification:_identify(log) ignored
[0.248s] Level 1:colcon.colcon_core.package_identification:_identify(src) by extensions ['ignore', 'ignore_ament_install']
[0.248s] Level 1:colcon.colcon_core.package_identification:_identify(src) by extension 'ignore'
[0.248s] Level 1:colcon.colcon_core.package_identification:_identify(src) by extension 'ignore_ament_install'
[0.248s] Level 1:colcon.colcon_core.package_identification:_identify(src) by extensions ['colcon_pkg']
[0.248s] Level 1:colcon.colcon_core.package_identification:_identify(src) by extension 'colcon_pkg'
[0.248s] Level 1:colcon.colcon_core.package_identification:_identify(src) by extensions ['colcon_meta']
[0.248s] Level 1:colcon.colcon_core.package_identification:_identify(src) by extension 'colcon_meta'
[0.248s] Level 1:colcon.colcon_core.package_identification:_identify(src) by extensions ['ros']
[0.248s] Level 1:colcon.colcon_core.package_identification:_identify(src) by extension 'ros'
[0.249s] Level 1:colcon.colcon_core.package_identification:_identify(src) by extensions ['cmake', 'python']
[0.249s] Level 1:colcon.colcon_core.package_identification:_identify(src) by extension 'cmake'
[0.249s] Level 1:colcon.colcon_core.package_identification:_identify(src) by extension 'python'
[0.249s] Level 1:colcon.colcon_core.package_identification:_identify(src) by extensions ['python_setup_py']
[0.249s] Level 1:colcon.colcon_core.package_identification:_identify(src) by extension 'python_setup_py'
[0.249s] Level 1:colcon.colcon_core.package_identification:_identify(src/aeb) by extensions ['ignore', 'ignore_ament_install']
[0.249s] Level 1:colcon.colcon_core.package_identification:_identify(src/aeb) by extension 'ignore'
[0.249s] Level 1:colcon.colcon_core.package_identification:_identify(src/aeb) by extension 'ignore_ament_install'
[0.249s] Level 1:colcon.colcon_core.package_identification:_identify(src/aeb) by extensions ['colcon_pkg']
[0.249s] Level 1:colcon.colcon_core.package_identification:_identify(src/aeb) by extension 'colcon_pkg'
[0.249s] Level 1:colcon.colcon_core.package_identification:_identify(src/aeb) by extensions ['colcon_meta']
[0.249s] Level 1:colcon.colcon_core.package_identification:_identify(src/aeb) by extension 'colcon_meta'
[0.249s] Level 1:colcon.colcon_core.package_identification:_identify(src/aeb) by extensions ['ros']
[0.249s] Level 1:colcon.colcon_core.package_identification:_identify(src/aeb) by extension 'ros'
[0.253s] DEBUG:colcon.colcon_core.package_identification:Package 'src/aeb' with type 'ros.ament_cmake' and name 'aeb'
[0.253s] Level 1:colcon.colcon_core.package_identification:_identify(src/feedback) by extensions ['ignore', 'ignore_ament_install']
[0.253s] Level 1:colcon.colcon_core.package_identification:_identify(src/feedback) by extension 'ignore'
[0.253s] Level 1:colcon.colcon_core.package_identification:_identify(src/feedback) by extension 'ignore_ament_install'
[0.253s] Level 1:colcon.colcon_core.package_identification:_identify(src/feedback) by extensions ['colcon_pkg']
[0.253s] Level 1:colcon.colcon_core.package_identification:_identify(src/feedback) by extension 'colcon_pkg'
[0.253s] Level 1:colcon.colcon_core.package_identification:_identify(src/feedback) by extensions ['colcon_meta']
[0.253s] Level 1:colcon.colcon_core.package_identification:_identify(src/feedback) by extension 'colcon_meta'
[0.253s] Level 1:colcon.colcon_core.package_identification:_identify(src/feedback) by extensions ['ros']
[0.253s] Level 1:colcon.colcon_core.package_identification:_identify(src/feedback) by extension 'ros'
[0.254s] DEBUG:colcon.colcon_core.package_identification:Package 'src/feedback' with type 'ros.ament_cmake' and name 'feedback'
[0.254s] Level 1:colcon.colcon_core.package_identification:_identify(src/inertial_msgs) by extensions ['ignore', 'ignore_ament_install']
[0.254s] Level 1:colcon.colcon_core.package_identification:_identify(src/inertial_msgs) by extension 'ignore'
[0.254s] Level 1:colcon.colcon_core.package_identification:_identify(src/inertial_msgs) by extension 'ignore_ament_install'
[0.254s] Level 1:colcon.colcon_core.package_identification:_identify(src/inertial_msgs) by extensions ['colcon_pkg']
[0.255s] Level 1:colcon.colcon_core.package_identification:_identify(src/inertial_msgs) by extension 'colcon_pkg'
[0.255s] Level 1:colcon.colcon_core.package_identification:_identify(src/inertial_msgs) by extensions ['colcon_meta']
[0.255s] Level 1:colcon.colcon_core.package_identification:_identify(src/inertial_msgs) by extension 'colcon_meta'
[0.255s] Level 1:colcon.colcon_core.package_identification:_identify(src/inertial_msgs) by extensions ['ros']
[0.255s] Level 1:colcon.colcon_core.package_identification:_identify(src/inertial_msgs) by extension 'ros'
[0.255s] DEBUG:colcon.colcon_core.package_identification:Package 'src/inertial_msgs' with type 'ros.ament_cmake' and name 'inertial_msgs'
[0.256s] Level 1:colcon.colcon_core.package_identification:_identify(src/radar_msgs) by extensions ['ignore', 'ignore_ament_install']
[0.256s] Level 1:colcon.colcon_core.package_identification:_identify(src/radar_msgs) by extension 'ignore'
[0.256s] Level 1:colcon.colcon_core.package_identification:_identify(src/radar_msgs) by extension 'ignore_ament_install'
[0.256s] Level 1:colcon.colcon_core.package_identification:_identify(src/radar_msgs) by extensions ['colcon_pkg']
[0.256s] Level 1:colcon.colcon_core.package_identification:_identify(src/radar_msgs) by extension 'colcon_pkg'
[0.256s] Level 1:colcon.colcon_core.package_identification:_identify(src/radar_msgs) by extensions ['colcon_meta']
[0.256s] Level 1:colcon.colcon_core.package_identification:_identify(src/radar_msgs) by extension 'colcon_meta'
[0.256s] Level 1:colcon.colcon_core.package_identification:_identify(src/radar_msgs) by extensions ['ros']
[0.256s] Level 1:colcon.colcon_core.package_identification:_identify(src/radar_msgs) by extension 'ros'
[0.257s] DEBUG:colcon.colcon_core.package_identification:Package 'src/radar_msgs' with type 'ros.ament_cmake' and name 'radar_msgs'
[0.257s] Level 1:colcon.colcon_core.package_identification:_identify(src/vehiclecontrol) by extensions ['ignore', 'ignore_ament_install']
[0.257s] Level 1:colcon.colcon_core.package_identification:_identify(src/vehiclecontrol) by extension 'ignore'
[0.257s] Level 1:colcon.colcon_core.package_identification:_identify(src/vehiclecontrol) by extension 'ignore_ament_install'
[0.257s] Level 1:colcon.colcon_core.package_identification:_identify(src/vehiclecontrol) by extensions ['colcon_pkg']
[0.257s] Level 1:colcon.colcon_core.package_identification:_identify(src/vehiclecontrol) by extension 'colcon_pkg'
[0.257s] Level 1:colcon.colcon_core.package_identification:_identify(src/vehiclecontrol) by extensions ['colcon_meta']
[0.257s] Level 1:colcon.colcon_core.package_identification:_identify(src/vehiclecontrol) by extension 'colcon_meta'
[0.257s] Level 1:colcon.colcon_core.package_identification:_identify(src/vehiclecontrol) by extensions ['ros']
[0.257s] Level 1:colcon.colcon_core.package_identification:_identify(src/vehiclecontrol) by extension 'ros'
[0.258s] DEBUG:colcon.colcon_core.package_identification:Package 'src/vehiclecontrol' with type 'ros.ament_cmake' and name 'vehiclecontrol'
[0.258s] Level 1:colcon.colcon_core.package_identification:_identify(verified_algos) by extensions ['ignore', 'ignore_ament_install']
[0.258s] Level 1:colcon.colcon_core.package_identification:_identify(verified_algos) by extension 'ignore'
[0.258s] Level 1:colcon.colcon_core.package_identification:_identify(verified_algos) by extension 'ignore_ament_install'
[0.258s] Level 1:colcon.colcon_core.package_identification:_identify(verified_algos) by extensions ['colcon_pkg']
[0.258s] Level 1:colcon.colcon_core.package_identification:_identify(verified_algos) by extension 'colcon_pkg'
[0.258s] Level 1:colcon.colcon_core.package_identification:_identify(verified_algos) by extensions ['colcon_meta']
[0.258s] Level 1:colcon.colcon_core.package_identification:_identify(verified_algos) by extension 'colcon_meta'
[0.259s] Level 1:colcon.colcon_core.package_identification:_identify(verified_algos) by extensions ['ros']
[0.259s] Level 1:colcon.colcon_core.package_identification:_identify(verified_algos) by extension 'ros'
[0.259s] Level 1:colcon.colcon_core.package_identification:_identify(verified_algos) by extensions ['cmake', 'python']
[0.259s] Level 1:colcon.colcon_core.package_identification:_identify(verified_algos) by extension 'cmake'
[0.259s] Level 1:colcon.colcon_core.package_identification:_identify(verified_algos) by extension 'python'
[0.259s] Level 1:colcon.colcon_core.package_identification:_identify(verified_algos) by extensions ['python_setup_py']
[0.259s] Level 1:colcon.colcon_core.package_identification:_identify(verified_algos) by extension 'python_setup_py'
[0.259s] Level 1:colcon.colcon_core.package_identification:_identify(verified_algos/models) by extensions ['ignore', 'ignore_ament_install']
[0.259s] Level 1:colcon.colcon_core.package_identification:_identify(verified_algos/models) by extension 'ignore'
[0.259s] Level 1:colcon.colcon_core.package_identification:_identify(verified_algos/models) by extension 'ignore_ament_install'
[0.259s] Level 1:colcon.colcon_core.package_identification:_identify(verified_algos/models) by extensions ['colcon_pkg']
[0.259s] Level 1:colcon.colcon_core.package_identification:_identify(verified_algos/models) by extension 'colcon_pkg'
[0.259s] Level 1:colcon.colcon_core.package_identification:_identify(verified_algos/models) by extensions ['colcon_meta']
[0.259s] Level 1:colcon.colcon_core.package_identification:_identify(verified_algos/models) by extension 'colcon_meta'
[0.259s] Level 1:colcon.colcon_core.package_identification:_identify(verified_algos/models) by extensions ['ros']
[0.259s] Level 1:colcon.colcon_core.package_identification:_identify(verified_algos/models) by extension 'ros'
[0.259s] Level 1:colcon.colcon_core.package_identification:_identify(verified_algos/models) by extensions ['cmake', 'python']
[0.259s] Level 1:colcon.colcon_core.package_identification:_identify(verified_algos/models) by extension 'cmake'
[0.259s] Level 1:colcon.colcon_core.package_identification:_identify(verified_algos/models) by extension 'python'
[0.259s] Level 1:colcon.colcon_core.package_identification:_identify(verified_algos/models) by extensions ['python_setup_py']
[0.259s] Level 1:colcon.colcon_core.package_identification:_identify(verified_algos/models) by extension 'python_setup_py'
[0.260s] Level 1:colcon.colcon_core.package_discovery:discover_packages(recursive) using defaults
[0.260s] Level 1:colcon.colcon_core.package_discovery:discover_packages(ignore) discover
[0.260s] Level 1:colcon.colcon_core.package_discovery:discover_packages(ignore) using defaults
[0.260s] Level 1:colcon.colcon_core.package_discovery:discover_packages(path) discover
[0.260s] Level 1:colcon.colcon_core.package_discovery:discover_packages(path) using defaults
[0.285s] Level 1:colcon.colcon_core.package_discovery:discover_packages(prefix_path) check parameters
[0.285s] Level 1:colcon.colcon_core.package_discovery:discover_packages(prefix_path) discover
[0.290s] DEBUG:colcon.colcon_installed_package_information.package_discovery:Found 463 installed packages in /opt/ros/humble
[0.293s] Level 1:colcon.colcon_core.package_discovery:discover_packages(prefix_path) using defaults
[0.358s] Level 5:colcon.colcon_core.verb:set package 'aeb' build argument 'cmake_args' from command line to 'None'
[0.358s] Level 5:colcon.colcon_core.verb:set package 'aeb' build argument 'cmake_target' from command line to 'None'
[0.359s] Level 5:colcon.colcon_core.verb:set package 'aeb' build argument 'cmake_target_skip_unavailable' from command line to 'False'
[0.359s] Level 5:colcon.colcon_core.verb:set package 'aeb' build argument 'cmake_clean_cache' from command line to 'False'
[0.359s] Level 5:colcon.colcon_core.verb:set package 'aeb' build argument 'cmake_clean_first' from command line to 'False'
[0.359s] Level 5:colcon.colcon_core.verb:set package 'aeb' build argument 'cmake_force_configure' from command line to 'False'
[0.359s] Level 5:colcon.colcon_core.verb:set package 'aeb' build argument 'ament_cmake_args' from command line to 'None'
[0.359s] Level 5:colcon.colcon_core.verb:set package 'aeb' build argument 'catkin_cmake_args' from command line to 'None'
[0.359s] Level 5:colcon.colcon_core.verb:set package 'aeb' build argument 'catkin_skip_building_tests' from command line to 'False'
[0.359s] DEBUG:colcon.colcon_core.verb:Building package 'aeb' with the following arguments: {'ament_cmake_args': None, 'build_base': '/home/ashy/abaja_ros2_dev/build/aeb', 'catkin_cmake_args': None, 'catkin_skip_building_tests': False, 'cmake_args': None, 'cmake_clean_cache': False, 'cmake_clean_first': False, 'cmake_force_configure': False, 'cmake_target': None, 'cmake_target_skip_unavailable': False, 'install_base': '/home/ashy/abaja_ros2_dev/install/aeb', 'merge_install': False, 'path': '/home/ashy/abaja_ros2_dev/src/aeb', 'symlink_install': False, 'test_result_base': None}
[0.359s] Level 5:colcon.colcon_core.verb:set package 'feedback' build argument 'cmake_args' from command line to 'None'
[0.359s] Level 5:colcon.colcon_core.verb:set package 'feedback' build argument 'cmake_target' from command line to 'None'
[0.359s] Level 5:colcon.colcon_core.verb:set package 'feedback' build argument 'cmake_target_skip_unavailable' from command line to 'False'
[0.359s] Level 5:colcon.colcon_core.verb:set package 'feedback' build argument 'cmake_clean_cache' from command line to 'False'
[0.359s] Level 5:colcon.colcon_core.verb:set package 'feedback' build argument 'cmake_clean_first' from command line to 'False'
[0.359s] Level 5:colcon.colcon_core.verb:set package 'feedback' build argument 'cmake_force_configure' from command line to 'False'
[0.359s] Level 5:colcon.colcon_core.verb:set package 'feedback' build argument 'ament_cmake_args' from command line to 'None'
[0.359s] Level 5:colcon.colcon_core.verb:set package 'feedback' build argument 'catkin_cmake_args' from command line to 'None'
[0.359s] Level 5:colcon.colcon_core.verb:set package 'feedback' build argument 'catkin_skip_building_tests' from command line to 'False'
[0.359s] DEBUG:colcon.colcon_core.verb:Building package 'feedback' with the following arguments: {'ament_cmake_args': None, 'build_base': '/home/ashy/abaja_ros2_dev/build/feedback', 'catkin_cmake_args': None, 'catkin_skip_building_tests': False, 'cmake_args': None, 'cmake_clean_cache': False, 'cmake_clean_first': False, 'cmake_force_configure': False, 'cmake_target': None, 'cmake_target_skip_unavailable': False, 'install_base': '/home/ashy/abaja_ros2_dev/install/feedback', 'merge_install': False, 'path': '/home/ashy/abaja_ros2_dev/src/feedback', 'symlink_install': False, 'test_result_base': None}
[0.360s] Level 5:colcon.colcon_core.verb:set package 'inertial_msgs' build argument 'cmake_args' from command line to 'None'
[0.360s] Level 5:colcon.colcon_core.verb:set package 'inertial_msgs' build argument 'cmake_target' from command line to 'None'
[0.360s] Level 5:colcon.colcon_core.verb:set package 'inertial_msgs' build argument 'cmake_target_skip_unavailable' from command line to 'False'
[0.360s] Level 5:colcon.colcon_core.verb:set package 'inertial_msgs' build argument 'cmake_clean_cache' from command line to 'False'
[0.360s] Level 5:colcon.colcon_core.verb:set package 'inertial_msgs' build argument 'cmake_clean_first' from command line to 'False'
[0.360s] Level 5:colcon.colcon_core.verb:set package 'inertial_msgs' build argument 'cmake_force_configure' from command line to 'False'
[0.360s] Level 5:colcon.colcon_core.verb:set package 'inertial_msgs' build argument 'ament_cmake_args' from command line to 'None'
[0.360s] Level 5:colcon.colcon_core.verb:set package 'inertial_msgs' build argument 'catkin_cmake_args' from command line to 'None'
[0.360s] Level 5:colcon.colcon_core.verb:set package 'inertial_msgs' build argument 'catkin_skip_building_tests' from command line to 'False'
[0.360s] DEBUG:colcon.colcon_core.verb:Building package 'inertial_msgs' with the following arguments: {'ament_cmake_args': None, 'build_base': '/home/ashy/abaja_ros2_dev/build/inertial_msgs', 'catkin_cmake_args': None, 'catkin_skip_building_tests': False, 'cmake_args': None, 'cmake_clean_cache': False, 'cmake_clean_first': False, 'cmake_force_configure': False, 'cmake_target': None, 'cmake_target_skip_unavailable': False, 'install_base': '/home/ashy/abaja_ros2_dev/install/inertial_msgs', 'merge_install': False, 'path': '/home/ashy/abaja_ros2_dev/src/inertial_msgs', 'symlink_install': False, 'test_result_base': None}
[0.360s] Level 5:colcon.colcon_core.verb:set package 'radar_msgs' build argument 'cmake_args' from command line to 'None'
[0.360s] Level 5:colcon.colcon_core.verb:set package 'radar_msgs' build argument 'cmake_target' from command line to 'None'
[0.360s] Level 5:colcon.colcon_core.verb:set package 'radar_msgs' build argument 'cmake_target_skip_unavailable' from command line to 'False'
[0.360s] Level 5:colcon.colcon_core.verb:set package 'radar_msgs' build argument 'cmake_clean_cache' from command line to 'False'
[0.360s] Level 5:colcon.colcon_core.verb:set package 'radar_msgs' build argument 'cmake_clean_first' from command line to 'False'
[0.360s] Level 5:colcon.colcon_core.verb:set package 'radar_msgs' build argument 'cmake_force_configure' from command line to 'False'
[0.360s] Level 5:colcon.colcon_core.verb:set package 'radar_msgs' build argument 'ament_cmake_args' from command line to 'None'
[0.360s] Level 5:colcon.colcon_core.verb:set package 'radar_msgs' build argument 'catkin_cmake_args' from command line to 'None'
[0.360s] Level 5:colcon.colcon_core.verb:set package 'radar_msgs' build argument 'catkin_skip_building_tests' from command line to 'False'
[0.360s] DEBUG:colcon.colcon_core.verb:Building package 'radar_msgs' with the following arguments: {'ament_cmake_args': None, 'build_base': '/home/ashy/abaja_ros2_dev/build/radar_msgs', 'catkin_cmake_args': None, 'catkin_skip_building_tests': False, 'cmake_args': None, 'cmake_clean_cache': False, 'cmake_clean_first': False, 'cmake_force_configure': False, 'cmake_target': None, 'cmake_target_skip_unavailable': False, 'install_base': '/home/ashy/abaja_ros2_dev/install/radar_msgs', 'merge_install': False, 'path': '/home/ashy/abaja_ros2_dev/src/radar_msgs', 'symlink_install': False, 'test_result_base': None}
[0.361s] Level 5:colcon.colcon_core.verb:set package 'vehiclecontrol' build argument 'cmake_args' from command line to 'None'
[0.361s] Level 5:colcon.colcon_core.verb:set package 'vehiclecontrol' build argument 'cmake_target' from command line to 'None'
[0.361s] Level 5:colcon.colcon_core.verb:set package 'vehiclecontrol' build argument 'cmake_target_skip_unavailable' from command line to 'False'
[0.361s] Level 5:colcon.colcon_core.verb:set package 'vehiclecontrol' build argument 'cmake_clean_cache' from command line to 'False'
[0.361s] Level 5:colcon.colcon_core.verb:set package 'vehiclecontrol' build argument 'cmake_clean_first' from command line to 'False'
[0.361s] Level 5:colcon.colcon_core.verb:set package 'vehiclecontrol' build argument 'cmake_force_configure' from command line to 'False'
[0.361s] Level 5:colcon.colcon_core.verb:set package 'vehiclecontrol' build argument 'ament_cmake_args' from command line to 'None'
[0.361s] Level 5:colcon.colcon_core.verb:set package 'vehiclecontrol' build argument 'catkin_cmake_args' from command line to 'None'
[0.361s] Level 5:colcon.colcon_core.verb:set package 'vehiclecontrol' build argument 'catkin_skip_building_tests' from command line to 'False'
[0.361s] DEBUG:colcon.colcon_core.verb:Building package 'vehiclecontrol' with the following arguments: {'ament_cmake_args': None, 'build_base': '/home/ashy/abaja_ros2_dev/build/vehiclecontrol', 'catkin_cmake_args': None, 'catkin_skip_building_tests': False, 'cmake_args': None, 'cmake_clean_cache': False, 'cmake_clean_first': False, 'cmake_force_configure': False, 'cmake_target': None, 'cmake_target_skip_unavailable': False, 'install_base': '/home/ashy/abaja_ros2_dev/install/vehiclecontrol', 'merge_install': False, 'path': '/home/ashy/abaja_ros2_dev/src/vehiclecontrol', 'symlink_install': False, 'test_result_base': None}
[0.361s] INFO:colcon.colcon_core.executor:Executing jobs using 'parallel' executor
[0.362s] DEBUG:colcon.colcon_parallel_executor.executor.parallel:run_until_complete
[0.363s] INFO:colcon.colcon_ros.task.ament_cmake.build:Building ROS package in '/home/ashy/abaja_ros2_dev/src/aeb' with build type 'ament_cmake'
[0.363s] INFO:colcon.colcon_cmake.task.cmake.build:Building CMake package in '/home/ashy/abaja_ros2_dev/src/aeb'
[0.365s] INFO:colcon.colcon_core.plugin_system:Skipping extension 'colcon_core.shell.bat': Not used on non-Windows systems
[0.365s] INFO:colcon.colcon_core.shell:Skip shell extension 'powershell' for command environment: Not usable outside of PowerShell
[0.365s] DEBUG:colcon.colcon_core.shell:Skip shell extension 'dsv' for command environment
[0.370s] INFO:colcon.colcon_ros.task.ament_cmake.build:Building ROS package in '/home/ashy/abaja_ros2_dev/src/feedback' with build type 'ament_cmake'
[0.370s] INFO:colcon.colcon_cmake.task.cmake.build:Building CMake package in '/home/ashy/abaja_ros2_dev/src/feedback'
[0.371s] INFO:colcon.colcon_core.shell:Skip shell extension 'powershell' for command environment: Not usable outside of PowerShell
[0.371s] DEBUG:colcon.colcon_core.shell:Skip shell extension 'dsv' for command environment
[0.375s] INFO:colcon.colcon_ros.task.ament_cmake.build:Building ROS package in '/home/ashy/abaja_ros2_dev/src/inertial_msgs' with build type 'ament_cmake'
[0.376s] INFO:colcon.colcon_cmake.task.cmake.build:Building CMake package in '/home/ashy/abaja_ros2_dev/src/inertial_msgs'
[0.376s] INFO:colcon.colcon_core.shell:Skip shell extension 'powershell' for command environment: Not usable outside of PowerShell
[0.376s] DEBUG:colcon.colcon_core.shell:Skip shell extension 'dsv' for command environment
[0.381s] INFO:colcon.colcon_ros.task.ament_cmake.build:Building ROS package in '/home/ashy/abaja_ros2_dev/src/radar_msgs' with build type 'ament_cmake'
[0.381s] INFO:colcon.colcon_cmake.task.cmake.build:Building CMake package in '/home/ashy/abaja_ros2_dev/src/radar_msgs'
[0.382s] INFO:colcon.colcon_core.shell:Skip shell extension 'powershell' for command environment: Not usable outside of PowerShell
[0.382s] DEBUG:colcon.colcon_core.shell:Skip shell extension 'dsv' for command environment
[0.387s] INFO:colcon.colcon_ros.task.ament_cmake.build:Building ROS package in '/home/ashy/abaja_ros2_dev/src/vehiclecontrol' with build type 'ament_cmake'
[0.387s] INFO:colcon.colcon_cmake.task.cmake.build:Building CMake package in '/home/ashy/abaja_ros2_dev/src/vehiclecontrol'
[0.388s] INFO:colcon.colcon_core.shell:Skip shell extension 'powershell' for command environment: Not usable outside of PowerShell
[0.388s] DEBUG:colcon.colcon_core.shell:Skip shell extension 'dsv' for command environment
[0.399s] DEBUG:colcon.colcon_core.event_handler.log_command:Invoking command in '/home/ashy/abaja_ros2_dev/build/aeb': CMAKE_PREFIX_PATH=/opt/ros/humble /usr/bin/cmake --build /home/ashy/abaja_ros2_dev/build/aeb -- -j16 -l16
[0.402s] DEBUG:colcon.colcon_core.event_handler.log_command:Invoking command in '/home/ashy/abaja_ros2_dev/build/feedback': CMAKE_PREFIX_PATH=/opt/ros/humble /usr/bin/cmake /home/ashy/abaja_ros2_dev/src/feedback -DCMAKE_INSTALL_PREFIX=/home/ashy/abaja_ros2_dev/install/feedback
[0.404s] DEBUG:colcon.colcon_core.event_handler.log_command:Invoking command in '/home/ashy/abaja_ros2_dev/build/inertial_msgs': CMAKE_PREFIX_PATH=/opt/ros/humble /usr/bin/cmake /home/ashy/abaja_ros2_dev/src/inertial_msgs -DCMAKE_INSTALL_PREFIX=/home/ashy/abaja_ros2_dev/install/inertial_msgs
[0.408s] DEBUG:colcon.colcon_core.event_handler.log_command:Invoking command in '/home/ashy/abaja_ros2_dev/build/radar_msgs': CMAKE_PREFIX_PATH=/opt/ros/humble /usr/bin/cmake /home/ashy/abaja_ros2_dev/src/radar_msgs -DCMAKE_INSTALL_PREFIX=/home/ashy/abaja_ros2_dev/install/radar_msgs
[0.419s] DEBUG:colcon.colcon_core.event_handler.log_command:Invoking command in '/home/ashy/abaja_ros2_dev/build/vehiclecontrol': CMAKE_PREFIX_PATH=/opt/ros/humble /usr/bin/cmake --build /home/ashy/abaja_ros2_dev/build/vehiclecontrol -- -j16 -l16
[0.455s] DEBUG:colcon.colcon_core.event_handler.log_command:Invoked command in '/home/ashy/abaja_ros2_dev/build/aeb' returned '0': CMAKE_PREFIX_PATH=/opt/ros/humble /usr/bin/cmake --build /home/ashy/abaja_ros2_dev/build/aeb -- -j16 -l16
[0.470s] DEBUG:colcon.colcon_core.event_handler.log_command:Invoking command in '/home/ashy/abaja_ros2_dev/build/aeb': CMAKE_PREFIX_PATH=/opt/ros/humble /usr/bin/cmake --install /home/ashy/abaja_ros2_dev/build/aeb
[0.485s] Level 1:colcon.colcon_core.environment:create_environment_scripts_only(aeb)
[0.487s] DEBUG:colcon.colcon_core.event_handler.log_command:Invoked command in '/home/ashy/abaja_ros2_dev/build/aeb' returned '0': CMAKE_PREFIX_PATH=/opt/ros/humble /usr/bin/cmake --install /home/ashy/abaja_ros2_dev/build/aeb
[0.489s] Level 1:colcon.colcon_core.environment:checking '/home/ashy/abaja_ros2_dev/install/aeb' for CMake module files
[0.490s] Level 1:colcon.colcon_core.environment:checking '/home/ashy/abaja_ros2_dev/install/aeb' for CMake config files
[0.490s] Level 1:colcon.colcon_core.shell:create_environment_hook('aeb', 'cmake_prefix_path')
[0.491s] INFO:colcon.colcon_core.shell:Creating environment hook '/home/ashy/abaja_ros2_dev/install/aeb/share/aeb/hook/cmake_prefix_path.ps1'
[0.493s] INFO:colcon.colcon_core.shell:Creating environment descriptor '/home/ashy/abaja_ros2_dev/install/aeb/share/aeb/hook/cmake_prefix_path.dsv'
[0.493s] INFO:colcon.colcon_core.shell:Creating environment hook '/home/ashy/abaja_ros2_dev/install/aeb/share/aeb/hook/cmake_prefix_path.sh'
[0.495s] Level 1:colcon.colcon_core.environment:checking '/home/ashy/abaja_ros2_dev/install/aeb/lib'
[0.495s] Level 1:colcon.colcon_core.environment:checking '/home/ashy/abaja_ros2_dev/install/aeb/bin'
[0.495s] Level 1:colcon.colcon_core.environment:checking '/home/ashy/abaja_ros2_dev/install/aeb/lib/pkgconfig/aeb.pc'
[0.496s] Level 1:colcon.colcon_core.environment:checking '/home/ashy/abaja_ros2_dev/install/aeb/lib/python3.10/site-packages'
[0.496s] Level 1:colcon.colcon_core.environment:checking '/home/ashy/abaja_ros2_dev/install/aeb/bin'
[0.497s] INFO:colcon.colcon_core.shell:Creating package script '/home/ashy/abaja_ros2_dev/install/aeb/share/aeb/package.ps1'
[0.498s] INFO:colcon.colcon_core.shell:Creating package descriptor '/home/ashy/abaja_ros2_dev/install/aeb/share/aeb/package.dsv'
[0.499s] INFO:colcon.colcon_core.shell:Creating package script '/home/ashy/abaja_ros2_dev/install/aeb/share/aeb/package.sh'
[0.500s] INFO:colcon.colcon_core.shell:Creating package script '/home/ashy/abaja_ros2_dev/install/aeb/share/aeb/package.bash'
[0.501s] INFO:colcon.colcon_core.shell:Creating package script '/home/ashy/abaja_ros2_dev/install/aeb/share/aeb/package.zsh'
[0.502s] Level 1:colcon.colcon_core.environment:create_file_with_runtime_dependencies(/home/ashy/abaja_ros2_dev/install/aeb/share/colcon-core/packages/aeb)
[0.503s] Level 1:colcon.colcon_core.environment:create_environment_scripts_only(aeb)
[0.503s] Level 1:colcon.colcon_core.environment:checking '/home/ashy/abaja_ros2_dev/install/aeb' for CMake module files
[0.504s] Level 1:colcon.colcon_core.environment:checking '/home/ashy/abaja_ros2_dev/install/aeb' for CMake config files
[0.504s] Level 1:colcon.colcon_core.shell:create_environment_hook('aeb', 'cmake_prefix_path')
[0.504s] INFO:colcon.colcon_core.shell:Creating environment hook '/home/ashy/abaja_ros2_dev/install/aeb/share/aeb/hook/cmake_prefix_path.ps1'
[0.505s] INFO:colcon.colcon_core.shell:Creating environment descriptor '/home/ashy/abaja_ros2_dev/install/aeb/share/aeb/hook/cmake_prefix_path.dsv'
[0.506s] INFO:colcon.colcon_core.shell:Creating environment hook '/home/ashy/abaja_ros2_dev/install/aeb/share/aeb/hook/cmake_prefix_path.sh'
[0.506s] Level 1:colcon.colcon_core.environment:checking '/home/ashy/abaja_ros2_dev/install/aeb/lib'
[0.506s] Level 1:colcon.colcon_core.environment:checking '/home/ashy/abaja_ros2_dev/install/aeb/bin'
[0.506s] Level 1:colcon.colcon_core.environment:checking '/home/ashy/abaja_ros2_dev/install/aeb/lib/pkgconfig/aeb.pc'
[0.507s] Level 1:colcon.colcon_core.environment:checking '/home/ashy/abaja_ros2_dev/install/aeb/lib/python3.10/site-packages'
[0.507s] Level 1:colcon.colcon_core.environment:checking '/home/ashy/abaja_ros2_dev/install/aeb/bin'
[0.507s] INFO:colcon.colcon_core.shell:Creating package script '/home/ashy/abaja_ros2_dev/install/aeb/share/aeb/package.ps1'
[0.508s] INFO:colcon.colcon_core.shell:Creating package descriptor '/home/ashy/abaja_ros2_dev/install/aeb/share/aeb/package.dsv'
[0.508s] INFO:colcon.colcon_core.shell:Creating package script '/home/ashy/abaja_ros2_dev/install/aeb/share/aeb/package.sh'
[0.509s] INFO:colcon.colcon_core.shell:Creating package script '/home/ashy/abaja_ros2_dev/install/aeb/share/aeb/package.bash'
[0.509s] INFO:colcon.colcon_core.shell:Creating package script '/home/ashy/abaja_ros2_dev/install/aeb/share/aeb/package.zsh'
[0.510s] Level 1:colcon.colcon_core.environment:create_file_with_runtime_dependencies(/home/ashy/abaja_ros2_dev/install/aeb/share/colcon-core/packages/aeb)
[0.839s] DEBUG:colcon.colcon_core.event_handler.log_command:Invoked command in '/home/ashy/abaja_ros2_dev/build/vehiclecontrol' returned '0': CMAKE_PREFIX_PATH=/opt/ros/humble /usr/bin/cmake --build /home/ashy/abaja_ros2_dev/build/vehiclecontrol -- -j16 -l16
[0.841s] DEBUG:colcon.colcon_core.event_handler.log_command:Invoking command in '/home/ashy/abaja_ros2_dev/build/vehiclecontrol': CMAKE_PREFIX_PATH=/opt/ros/humble /usr/bin/cmake --install /home/ashy/abaja_ros2_dev/build/vehiclecontrol
[0.890s] Level 1:colcon.colcon_core.environment:create_environment_scripts_only(vehiclecontrol)
[0.890s] Level 1:colcon.colcon_core.environment:checking '/home/ashy/abaja_ros2_dev/install/vehiclecontrol' for CMake module files
[0.891s] DEBUG:colcon.colcon_core.event_handler.log_command:Invoked command in '/home/ashy/abaja_ros2_dev/build/vehiclecontrol' returned '0': CMAKE_PREFIX_PATH=/opt/ros/humble /usr/bin/cmake --install /home/ashy/abaja_ros2_dev/build/vehiclecontrol
[0.891s] Level 1:colcon.colcon_core.environment:checking '/home/ashy/abaja_ros2_dev/install/vehiclecontrol' for CMake config files
[0.892s] Level 1:colcon.colcon_core.shell:create_environment_hook('vehiclecontrol', 'cmake_prefix_path')
[0.892s] INFO:colcon.colcon_core.shell:Creating environment hook '/home/ashy/abaja_ros2_dev/install/vehiclecontrol/share/vehiclecontrol/hook/cmake_prefix_path.ps1'
[0.892s] INFO:colcon.colcon_core.shell:Creating environment descriptor '/home/ashy/abaja_ros2_dev/install/vehiclecontrol/share/vehiclecontrol/hook/cmake_prefix_path.dsv'
[0.892s] INFO:colcon.colcon_core.shell:Creating environment hook '/home/ashy/abaja_ros2_dev/install/vehiclecontrol/share/vehiclecontrol/hook/cmake_prefix_path.sh'
[0.893s] Level 1:colcon.colcon_core.environment:checking '/home/ashy/abaja_ros2_dev/install/vehiclecontrol/lib'
[0.893s] Level 1:colcon.colcon_core.shell:create_environment_hook('vehiclecontrol', 'ld_library_path_lib')
[0.893s] INFO:colcon.colcon_core.shell:Creating environment hook '/home/ashy/abaja_ros2_dev/install/vehiclecontrol/share/vehiclecontrol/hook/ld_library_path_lib.ps1'
[0.893s] INFO:colcon.colcon_core.shell:Creating environment descriptor '/home/ashy/abaja_ros2_dev/install/vehiclecontrol/share/vehiclecontrol/hook/ld_library_path_lib.dsv'
[0.894s] INFO:colcon.colcon_core.shell:Creating environment hook '/home/ashy/abaja_ros2_dev/install/vehiclecontrol/share/vehiclecontrol/hook/ld_library_path_lib.sh'
[0.894s] Level 1:colcon.colcon_core.environment:checking '/home/ashy/abaja_ros2_dev/install/vehiclecontrol/bin'
[0.894s] Level 1:colcon.colcon_core.environment:checking '/home/ashy/abaja_ros2_dev/install/vehiclecontrol/lib/pkgconfig/vehiclecontrol.pc'
[0.894s] Level 1:colcon.colcon_core.environment:checking '/home/ashy/abaja_ros2_dev/install/vehiclecontrol/lib/python3.10/site-packages'
[0.894s] Level 1:colcon.colcon_core.environment:checking '/home/ashy/abaja_ros2_dev/install/vehiclecontrol/bin'
[0.894s] INFO:colcon.colcon_core.shell:Creating package script '/home/ashy/abaja_ros2_dev/install/vehiclecontrol/share/vehiclecontrol/package.ps1'
[0.895s] INFO:colcon.colcon_core.shell:Creating package descriptor '/home/ashy/abaja_ros2_dev/install/vehiclecontrol/share/vehiclecontrol/package.dsv'
[0.895s] INFO:colcon.colcon_core.shell:Creating package script '/home/ashy/abaja_ros2_dev/install/vehiclecontrol/share/vehiclecontrol/package.sh'
[0.895s] INFO:colcon.colcon_core.shell:Creating package script '/home/ashy/abaja_ros2_dev/install/vehiclecontrol/share/vehiclecontrol/package.bash'
[0.896s] INFO:colcon.colcon_core.shell:Creating package script '/home/ashy/abaja_ros2_dev/install/vehiclecontrol/share/vehiclecontrol/package.zsh'
[0.896s] Level 1:colcon.colcon_core.environment:create_file_with_runtime_dependencies(/home/ashy/abaja_ros2_dev/install/vehiclecontrol/share/colcon-core/packages/vehiclecontrol)
[0.896s] Level 1:colcon.colcon_core.environment:create_environment_scripts_only(vehiclecontrol)
[0.896s] Level 1:colcon.colcon_core.environment:checking '/home/ashy/abaja_ros2_dev/install/vehiclecontrol' for CMake module files
[0.897s] Level 1:colcon.colcon_core.environment:checking '/home/ashy/abaja_ros2_dev/install/vehiclecontrol' for CMake config files
[0.897s] Level 1:colcon.colcon_core.shell:create_environment_hook('vehiclecontrol', 'cmake_prefix_path')
[0.897s] INFO:colcon.colcon_core.shell:Creating environment hook '/home/ashy/abaja_ros2_dev/install/vehiclecontrol/share/vehiclecontrol/hook/cmake_prefix_path.ps1'
[0.898s] INFO:colcon.colcon_core.shell:Creating environment descriptor '/home/ashy/abaja_ros2_dev/install/vehiclecontrol/share/vehiclecontrol/hook/cmake_prefix_path.dsv'
[0.898s] INFO:colcon.colcon_core.shell:Creating environment hook '/home/ashy/abaja_ros2_dev/install/vehiclecontrol/share/vehiclecontrol/hook/cmake_prefix_path.sh'
[0.898s] Level 1:colcon.colcon_core.environment:checking '/home/ashy/abaja_ros2_dev/install/vehiclecontrol/lib'
[0.898s] Level 1:colcon.colcon_core.shell:create_environment_hook('vehiclecontrol', 'ld_library_path_lib')
[0.899s] INFO:colcon.colcon_core.shell:Creating environment hook '/home/ashy/abaja_ros2_dev/install/vehiclecontrol/share/vehiclecontrol/hook/ld_library_path_lib.ps1'
[0.899s] INFO:colcon.colcon_core.shell:Creating environment descriptor '/home/ashy/abaja_ros2_dev/install/vehiclecontrol/share/vehiclecontrol/hook/ld_library_path_lib.dsv'
[0.899s] INFO:colcon.colcon_core.shell:Creating environment hook '/home/ashy/abaja_ros2_dev/install/vehiclecontrol/share/vehiclecontrol/hook/ld_library_path_lib.sh'
[0.899s] Level 1:colcon.colcon_core.environment:checking '/home/ashy/abaja_ros2_dev/install/vehiclecontrol/bin'
[0.899s] Level 1:colcon.colcon_core.environment:checking '/home/ashy/abaja_ros2_dev/install/vehiclecontrol/lib/pkgconfig/vehiclecontrol.pc'
[0.899s] Level 1:colcon.colcon_core.environment:checking '/home/ashy/abaja_ros2_dev/install/vehiclecontrol/lib/python3.10/site-packages'
[0.900s] Level 1:colcon.colcon_core.environment:checking '/home/ashy/abaja_ros2_dev/install/vehiclecontrol/bin'
[0.900s] INFO:colcon.colcon_core.shell:Creating package script '/home/ashy/abaja_ros2_dev/install/vehiclecontrol/share/vehiclecontrol/package.ps1'
[0.900s] INFO:colcon.colcon_core.shell:Creating package descriptor '/home/ashy/abaja_ros2_dev/install/vehiclecontrol/share/vehiclecontrol/package.dsv'
[0.900s] INFO:colcon.colcon_core.shell:Creating package script '/home/ashy/abaja_ros2_dev/install/vehiclecontrol/share/vehiclecontrol/package.sh'
[0.901s] INFO:colcon.colcon_core.shell:Creating package script '/home/ashy/abaja_ros2_dev/install/vehiclecontrol/share/vehiclecontrol/package.bash'
[0.901s] INFO:colcon.colcon_core.shell:Creating package script '/home/ashy/abaja_ros2_dev/install/vehiclecontrol/share/vehiclecontrol/package.zsh'
[0.901s] Level 1:colcon.colcon_core.environment:create_file_with_runtime_dependencies(/home/ashy/abaja_ros2_dev/install/vehiclecontrol/share/colcon-core/packages/vehiclecontrol)
[1.750s] DEBUG:colcon.colcon_core.event_handler.log_command:Invoked command in '/home/ashy/abaja_ros2_dev/build/feedback' returned '0': CMAKE_PREFIX_PATH=/opt/ros/humble /usr/bin/cmake /home/ashy/abaja_ros2_dev/src/feedback -DCMAKE_INSTALL_PREFIX=/home/ashy/abaja_ros2_dev/install/feedback
[1.751s] DEBUG:colcon.colcon_core.event_handler.log_command:Invoking command in '/home/ashy/abaja_ros2_dev/build/feedback': CMAKE_PREFIX_PATH=/opt/ros/humble /usr/bin/cmake --build /home/ashy/abaja_ros2_dev/build/feedback -- -j16 -l16
[1.927s] DEBUG:colcon.colcon_core.event_handler.log_command:Invoked command in '/home/ashy/abaja_ros2_dev/build/inertial_msgs' returned '0': CMAKE_PREFIX_PATH=/opt/ros/humble /usr/bin/cmake /home/ashy/abaja_ros2_dev/src/inertial_msgs -DCMAKE_INSTALL_PREFIX=/home/ashy/abaja_ros2_dev/install/inertial_msgs
[1.928s] DEBUG:colcon.colcon_core.event_handler.log_command:Invoking command in '/home/ashy/abaja_ros2_dev/build/inertial_msgs': CMAKE_PREFIX_PATH=/opt/ros/humble /usr/bin/cmake --build /home/ashy/abaja_ros2_dev/build/inertial_msgs -- -j16 -l16
[1.941s] DEBUG:colcon.colcon_core.event_handler.log_command:Invoked command in '/home/ashy/abaja_ros2_dev/build/radar_msgs' returned '0': CMAKE_PREFIX_PATH=/opt/ros/humble /usr/bin/cmake /home/ashy/abaja_ros2_dev/src/radar_msgs -DCMAKE_INSTALL_PREFIX=/home/ashy/abaja_ros2_dev/install/radar_msgs
[1.942s] DEBUG:colcon.colcon_core.event_handler.log_command:Invoking command in '/home/ashy/abaja_ros2_dev/build/radar_msgs': CMAKE_PREFIX_PATH=/opt/ros/humble /usr/bin/cmake --build /home/ashy/abaja_ros2_dev/build/radar_msgs -- -j16 -l16
[3.555s] DEBUG:colcon.colcon_core.event_handler.log_command:Invoked command in '/home/ashy/abaja_ros2_dev/build/feedback' returned '0': CMAKE_PREFIX_PATH=/opt/ros/humble /usr/bin/cmake --build /home/ashy/abaja_ros2_dev/build/feedback -- -j16 -l16
[3.557s] DEBUG:colcon.colcon_core.event_handler.log_command:Invoking command in '/home/ashy/abaja_ros2_dev/build/feedback': CMAKE_PREFIX_PATH=/opt/ros/humble /usr/bin/cmake --install /home/ashy/abaja_ros2_dev/build/feedback
[3.610s] Level 1:colcon.colcon_core.environment:create_environment_scripts_only(feedback)
[3.611s] Level 1:colcon.colcon_core.environment:checking '/home/ashy/abaja_ros2_dev/install/feedback' for CMake module files
[3.611s] DEBUG:colcon.colcon_core.event_handler.log_command:Invoked command in '/home/ashy/abaja_ros2_dev/build/feedback' returned '0': CMAKE_PREFIX_PATH=/opt/ros/humble /usr/bin/cmake --install /home/ashy/abaja_ros2_dev/build/feedback
[3.612s] Level 1:colcon.colcon_core.environment:checking '/home/ashy/abaja_ros2_dev/install/feedback' for CMake config files
[3.612s] Level 1:colcon.colcon_core.shell:create_environment_hook('feedback', 'cmake_prefix_path')
[3.612s] INFO:colcon.colcon_core.shell:Creating environment hook '/home/ashy/abaja_ros2_dev/install/feedback/share/feedback/hook/cmake_prefix_path.ps1'
[3.612s] INFO:colcon.colcon_core.shell:Creating environment descriptor '/home/ashy/abaja_ros2_dev/install/feedback/share/feedback/hook/cmake_prefix_path.dsv'
[3.612s] INFO:colcon.colcon_core.shell:Creating environment hook '/home/ashy/abaja_ros2_dev/install/feedback/share/feedback/hook/cmake_prefix_path.sh'
[3.613s] Level 1:colcon.colcon_core.environment:checking '/home/ashy/abaja_ros2_dev/install/feedback/lib'
[3.613s] Level 1:colcon.colcon_core.shell:create_environment_hook('feedback', 'ld_library_path_lib')
[3.613s] INFO:colcon.colcon_core.shell:Creating environment hook '/home/ashy/abaja_ros2_dev/install/feedback/share/feedback/hook/ld_library_path_lib.ps1'
[3.613s] INFO:colcon.colcon_core.shell:Creating environment descriptor '/home/ashy/abaja_ros2_dev/install/feedback/share/feedback/hook/ld_library_path_lib.dsv'
[3.613s] INFO:colcon.colcon_core.shell:Creating environment hook '/home/ashy/abaja_ros2_dev/install/feedback/share/feedback/hook/ld_library_path_lib.sh'
[3.614s] Level 1:colcon.colcon_core.environment:checking '/home/ashy/abaja_ros2_dev/install/feedback/bin'
[3.614s] Level 1:colcon.colcon_core.environment:checking '/home/ashy/abaja_ros2_dev/install/feedback/lib/pkgconfig/feedback.pc'
[3.614s] Level 1:colcon.colcon_core.environment:checking '/home/ashy/abaja_ros2_dev/install/feedback/lib/python3.10/site-packages'
[3.614s] Level 1:colcon.colcon_core.environment:checking '/home/ashy/abaja_ros2_dev/install/feedback/bin'
[3.614s] INFO:colcon.colcon_core.shell:Creating package script '/home/ashy/abaja_ros2_dev/install/feedback/share/feedback/package.ps1'
[3.614s] INFO:colcon.colcon_core.shell:Creating package descriptor '/home/ashy/abaja_ros2_dev/install/feedback/share/feedback/package.dsv'
[3.615s] INFO:colcon.colcon_core.shell:Creating package script '/home/ashy/abaja_ros2_dev/install/feedback/share/feedback/package.sh'
[3.615s] INFO:colcon.colcon_core.shell:Creating package script '/home/ashy/abaja_ros2_dev/install/feedback/share/feedback/package.bash'
[3.615s] INFO:colcon.colcon_core.shell:Creating package script '/home/ashy/abaja_ros2_dev/install/feedback/share/feedback/package.zsh'
[3.615s] Level 1:colcon.colcon_core.environment:create_file_with_runtime_dependencies(/home/ashy/abaja_ros2_dev/install/feedback/share/colcon-core/packages/feedback)
[3.615s] Level 1:colcon.colcon_core.environment:create_environment_scripts_only(feedback)
[3.616s] Level 1:colcon.colcon_core.environment:checking '/home/ashy/abaja_ros2_dev/install/feedback' for CMake module files
[3.616s] Level 1:colcon.colcon_core.environment:checking '/home/ashy/abaja_ros2_dev/install/feedback' for CMake config files
[3.616s] Level 1:colcon.colcon_core.shell:create_environment_hook('feedback', 'cmake_prefix_path')
[3.616s] INFO:colcon.colcon_core.shell:Creating environment hook '/home/ashy/abaja_ros2_dev/install/feedback/share/feedback/hook/cmake_prefix_path.ps1'
[3.616s] INFO:colcon.colcon_core.shell:Creating environment descriptor '/home/ashy/abaja_ros2_dev/install/feedback/share/feedback/hook/cmake_prefix_path.dsv'
[3.617s] INFO:colcon.colcon_core.shell:Creating environment hook '/home/ashy/abaja_ros2_dev/install/feedback/share/feedback/hook/cmake_prefix_path.sh'
[3.617s] Level 1:colcon.colcon_core.environment:checking '/home/ashy/abaja_ros2_dev/install/feedback/lib'
[3.617s] Level 1:colcon.colcon_core.shell:create_environment_hook('feedback', 'ld_library_path_lib')
[3.617s] INFO:colcon.colcon_core.shell:Creating environment hook '/home/ashy/abaja_ros2_dev/install/feedback/share/feedback/hook/ld_library_path_lib.ps1'
[3.617s] INFO:colcon.colcon_core.shell:Creating environment descriptor '/home/ashy/abaja_ros2_dev/install/feedback/share/feedback/hook/ld_library_path_lib.dsv'
[3.618s] INFO:colcon.colcon_core.shell:Creating environment hook '/home/ashy/abaja_ros2_dev/install/feedback/share/feedback/hook/ld_library_path_lib.sh'
[3.618s] Level 1:colcon.colcon_core.environment:checking '/home/ashy/abaja_ros2_dev/install/feedback/bin'
[3.618s] Level 1:colcon.colcon_core.environment:checking '/home/ashy/abaja_ros2_dev/install/feedback/lib/pkgconfig/feedback.pc'
[3.618s] Level 1:colcon.colcon_core.environment:checking '/home/ashy/abaja_ros2_dev/install/feedback/lib/python3.10/site-packages'
[3.618s] Level 1:colcon.colcon_core.environment:checking '/home/ashy/abaja_ros2_dev/install/feedback/bin'
[3.618s] INFO:colcon.colcon_core.shell:Creating package script '/home/ashy/abaja_ros2_dev/install/feedback/share/feedback/package.ps1'
[3.619s] INFO:colcon.colcon_core.shell:Creating package descriptor '/home/ashy/abaja_ros2_dev/install/feedback/share/feedback/package.dsv'
[3.619s] INFO:colcon.colcon_core.shell:Creating package script '/home/ashy/abaja_ros2_dev/install/feedback/share/feedback/package.sh'
[3.619s] INFO:colcon.colcon_core.shell:Creating package script '/home/ashy/abaja_ros2_dev/install/feedback/share/feedback/package.bash'
[3.619s] INFO:colcon.colcon_core.shell:Creating package script '/home/ashy/abaja_ros2_dev/install/feedback/share/feedback/package.zsh'
[3.620s] Level 1:colcon.colcon_core.environment:create_file_with_runtime_dependencies(/home/ashy/abaja_ros2_dev/install/feedback/share/colcon-core/packages/feedback)
[3.767s] DEBUG:colcon.colcon_core.event_handler.log_command:Invoked command in '/home/ashy/abaja_ros2_dev/build/inertial_msgs' returned '0': CMAKE_PREFIX_PATH=/opt/ros/humble /usr/bin/cmake --build /home/ashy/abaja_ros2_dev/build/inertial_msgs -- -j16 -l16
[3.768s] DEBUG:colcon.colcon_core.event_handler.log_command:Invoking command in '/home/ashy/abaja_ros2_dev/build/inertial_msgs': CMAKE_PREFIX_PATH=/opt/ros/humble /usr/bin/cmake --install /home/ashy/abaja_ros2_dev/build/inertial_msgs
[3.783s] DEBUG:colcon.colcon_core.event_handler.log_command:Invoked command in '/home/ashy/abaja_ros2_dev/build/radar_msgs' returned '0': CMAKE_PREFIX_PATH=/opt/ros/humble /usr/bin/cmake --build /home/ashy/abaja_ros2_dev/build/radar_msgs -- -j16 -l16
[3.785s] DEBUG:colcon.colcon_core.event_handler.log_command:Invoking command in '/home/ashy/abaja_ros2_dev/build/radar_msgs': CMAKE_PREFIX_PATH=/opt/ros/humble /usr/bin/cmake --install /home/ashy/abaja_ros2_dev/build/radar_msgs
[3.819s] Level 1:colcon.colcon_core.environment:create_environment_scripts_only(inertial_msgs)
[3.819s] Level 1:colcon.colcon_core.environment:checking '/home/ashy/abaja_ros2_dev/install/inertial_msgs' for CMake module files
[3.819s] DEBUG:colcon.colcon_core.event_handler.log_command:Invoked command in '/home/ashy/abaja_ros2_dev/build/inertial_msgs' returned '0': CMAKE_PREFIX_PATH=/opt/ros/humble /usr/bin/cmake --install /home/ashy/abaja_ros2_dev/build/inertial_msgs
[3.820s] Level 1:colcon.colcon_core.environment:checking '/home/ashy/abaja_ros2_dev/install/inertial_msgs' for CMake config files
[3.820s] Level 1:colcon.colcon_core.shell:create_environment_hook('inertial_msgs', 'cmake_prefix_path')
[3.820s] INFO:colcon.colcon_core.shell:Creating environment hook '/home/ashy/abaja_ros2_dev/install/inertial_msgs/share/inertial_msgs/hook/cmake_prefix_path.ps1'
[3.820s] INFO:colcon.colcon_core.shell:Creating environment descriptor '/home/ashy/abaja_ros2_dev/install/inertial_msgs/share/inertial_msgs/hook/cmake_prefix_path.dsv'
[3.821s] INFO:colcon.colcon_core.shell:Creating environment hook '/home/ashy/abaja_ros2_dev/install/inertial_msgs/share/inertial_msgs/hook/cmake_prefix_path.sh'
[3.821s] Level 1:colcon.colcon_core.environment:checking '/home/ashy/abaja_ros2_dev/install/inertial_msgs/lib'
[3.821s] Level 1:colcon.colcon_core.shell:create_environment_hook('inertial_msgs', 'ld_library_path_lib')
[3.821s] INFO:colcon.colcon_core.shell:Creating environment hook '/home/ashy/abaja_ros2_dev/install/inertial_msgs/share/inertial_msgs/hook/ld_library_path_lib.ps1'
[3.821s] INFO:colcon.colcon_core.shell:Creating environment descriptor '/home/ashy/abaja_ros2_dev/install/inertial_msgs/share/inertial_msgs/hook/ld_library_path_lib.dsv'
[3.821s] INFO:colcon.colcon_core.shell:Creating environment hook '/home/ashy/abaja_ros2_dev/install/inertial_msgs/share/inertial_msgs/hook/ld_library_path_lib.sh'
[3.822s] Level 1:colcon.colcon_core.environment:checking '/home/ashy/abaja_ros2_dev/install/inertial_msgs/bin'
[3.822s] Level 1:colcon.colcon_core.environment:checking '/home/ashy/abaja_ros2_dev/install/inertial_msgs/lib/pkgconfig/inertial_msgs.pc'
[3.822s] Level 1:colcon.colcon_core.environment:checking '/home/ashy/abaja_ros2_dev/install/inertial_msgs/lib/python3.10/site-packages'
[3.822s] Level 1:colcon.colcon_core.environment:checking '/home/ashy/abaja_ros2_dev/install/inertial_msgs/bin'
[3.823s] INFO:colcon.colcon_core.shell:Creating package script '/home/ashy/abaja_ros2_dev/install/inertial_msgs/share/inertial_msgs/package.ps1'
[3.823s] INFO:colcon.colcon_core.shell:Creating package descriptor '/home/ashy/abaja_ros2_dev/install/inertial_msgs/share/inertial_msgs/package.dsv'
[3.823s] INFO:colcon.colcon_core.shell:Creating package script '/home/ashy/abaja_ros2_dev/install/inertial_msgs/share/inertial_msgs/package.sh'
[3.823s] INFO:colcon.colcon_core.shell:Creating package script '/home/ashy/abaja_ros2_dev/install/inertial_msgs/share/inertial_msgs/package.bash'
[3.824s] INFO:colcon.colcon_core.shell:Creating package script '/home/ashy/abaja_ros2_dev/install/inertial_msgs/share/inertial_msgs/package.zsh'
[3.824s] Level 1:colcon.colcon_core.environment:create_file_with_runtime_dependencies(/home/ashy/abaja_ros2_dev/install/inertial_msgs/share/colcon-core/packages/inertial_msgs)
[3.824s] Level 1:colcon.colcon_core.environment:create_environment_scripts_only(inertial_msgs)
[3.824s] Level 1:colcon.colcon_core.environment:checking '/home/ashy/abaja_ros2_dev/install/inertial_msgs' for CMake module files
[3.825s] Level 1:colcon.colcon_core.environment:checking '/home/ashy/abaja_ros2_dev/install/inertial_msgs' for CMake config files
[3.825s] Level 1:colcon.colcon_core.shell:create_environment_hook('inertial_msgs', 'cmake_prefix_path')
[3.825s] INFO:colcon.colcon_core.shell:Creating environment hook '/home/ashy/abaja_ros2_dev/install/inertial_msgs/share/inertial_msgs/hook/cmake_prefix_path.ps1'
[3.826s] INFO:colcon.colcon_core.shell:Creating environment descriptor '/home/ashy/abaja_ros2_dev/install/inertial_msgs/share/inertial_msgs/hook/cmake_prefix_path.dsv'
[3.826s] INFO:colcon.colcon_core.shell:Creating environment hook '/home/ashy/abaja_ros2_dev/install/inertial_msgs/share/inertial_msgs/hook/cmake_prefix_path.sh'
[3.826s] Level 1:colcon.colcon_core.environment:checking '/home/ashy/abaja_ros2_dev/install/inertial_msgs/lib'
[3.826s] Level 1:colcon.colcon_core.shell:create_environment_hook('inertial_msgs', 'ld_library_path_lib')
[3.826s] INFO:colcon.colcon_core.shell:Creating environment hook '/home/ashy/abaja_ros2_dev/install/inertial_msgs/share/inertial_msgs/hook/ld_library_path_lib.ps1'
[3.827s] INFO:colcon.colcon_core.shell:Creating environment descriptor '/home/ashy/abaja_ros2_dev/install/inertial_msgs/share/inertial_msgs/hook/ld_library_path_lib.dsv'
[3.827s] INFO:colcon.colcon_core.shell:Creating environment hook '/home/ashy/abaja_ros2_dev/install/inertial_msgs/share/inertial_msgs/hook/ld_library_path_lib.sh'
[3.827s] Level 1:colcon.colcon_core.environment:checking '/home/ashy/abaja_ros2_dev/install/inertial_msgs/bin'
[3.827s] Level 1:colcon.colcon_core.environment:checking '/home/ashy/abaja_ros2_dev/install/inertial_msgs/lib/pkgconfig/inertial_msgs.pc'
[3.827s] Level 1:colcon.colcon_core.environment:checking '/home/ashy/abaja_ros2_dev/install/inertial_msgs/lib/python3.10/site-packages'
[3.827s] Level 1:colcon.colcon_core.environment:checking '/home/ashy/abaja_ros2_dev/install/inertial_msgs/bin'
[3.828s] INFO:colcon.colcon_core.shell:Creating package script '/home/ashy/abaja_ros2_dev/install/inertial_msgs/share/inertial_msgs/package.ps1'
[3.828s] INFO:colcon.colcon_core.shell:Creating package descriptor '/home/ashy/abaja_ros2_dev/install/inertial_msgs/share/inertial_msgs/package.dsv'
[3.828s] INFO:colcon.colcon_core.shell:Creating package script '/home/ashy/abaja_ros2_dev/install/inertial_msgs/share/inertial_msgs/package.sh'
[3.829s] INFO:colcon.colcon_core.shell:Creating package script '/home/ashy/abaja_ros2_dev/install/inertial_msgs/share/inertial_msgs/package.bash'
[3.829s] INFO:colcon.colcon_core.shell:Creating package script '/home/ashy/abaja_ros2_dev/install/inertial_msgs/share/inertial_msgs/package.zsh'
[3.829s] Level 1:colcon.colcon_core.environment:create_file_with_runtime_dependencies(/home/ashy/abaja_ros2_dev/install/inertial_msgs/share/colcon-core/packages/inertial_msgs)
[3.836s] Level 1:colcon.colcon_core.environment:create_environment_scripts_only(radar_msgs)
[3.837s] Level 1:colcon.colcon_core.environment:checking '/home/ashy/abaja_ros2_dev/install/radar_msgs' for CMake module files
[3.837s] DEBUG:colcon.colcon_core.event_handler.log_command:Invoked command in '/home/ashy/abaja_ros2_dev/build/radar_msgs' returned '0': CMAKE_PREFIX_PATH=/opt/ros/humble /usr/bin/cmake --install /home/ashy/abaja_ros2_dev/build/radar_msgs
[3.837s] Level 1:colcon.colcon_core.environment:checking '/home/ashy/abaja_ros2_dev/install/radar_msgs' for CMake config files
[3.838s] Level 1:colcon.colcon_core.shell:create_environment_hook('radar_msgs', 'cmake_prefix_path')
[3.838s] INFO:colcon.colcon_core.shell:Creating environment hook '/home/ashy/abaja_ros2_dev/install/radar_msgs/share/radar_msgs/hook/cmake_prefix_path.ps1'
[3.838s] INFO:colcon.colcon_core.shell:Creating environment descriptor '/home/ashy/abaja_ros2_dev/install/radar_msgs/share/radar_msgs/hook/cmake_prefix_path.dsv'
[3.838s] INFO:colcon.colcon_core.shell:Creating environment hook '/home/ashy/abaja_ros2_dev/install/radar_msgs/share/radar_msgs/hook/cmake_prefix_path.sh'
[3.839s] Level 1:colcon.colcon_core.environment:checking '/home/ashy/abaja_ros2_dev/install/radar_msgs/lib'
[3.839s] Level 1:colcon.colcon_core.shell:create_environment_hook('radar_msgs', 'ld_library_path_lib')
[3.839s] INFO:colcon.colcon_core.shell:Creating environment hook '/home/ashy/abaja_ros2_dev/install/radar_msgs/share/radar_msgs/hook/ld_library_path_lib.ps1'
[3.840s] INFO:colcon.colcon_core.shell:Creating environment descriptor '/home/ashy/abaja_ros2_dev/install/radar_msgs/share/radar_msgs/hook/ld_library_path_lib.dsv'
[3.840s] INFO:colcon.colcon_core.shell:Creating environment hook '/home/ashy/abaja_ros2_dev/install/radar_msgs/share/radar_msgs/hook/ld_library_path_lib.sh'
[3.840s] Level 1:colcon.colcon_core.environment:checking '/home/ashy/abaja_ros2_dev/install/radar_msgs/bin'
[3.840s] Level 1:colcon.colcon_core.environment:checking '/home/ashy/abaja_ros2_dev/install/radar_msgs/lib/pkgconfig/radar_msgs.pc'
[3.840s] Level 1:colcon.colcon_core.environment:checking '/home/ashy/abaja_ros2_dev/install/radar_msgs/lib/python3.10/site-packages'
[3.841s] Level 1:colcon.colcon_core.environment:checking '/home/ashy/abaja_ros2_dev/install/radar_msgs/bin'
[3.841s] INFO:colcon.colcon_core.shell:Creating package script '/home/ashy/abaja_ros2_dev/install/radar_msgs/share/radar_msgs/package.ps1'
[3.841s] INFO:colcon.colcon_core.shell:Creating package descriptor '/home/ashy/abaja_ros2_dev/install/radar_msgs/share/radar_msgs/package.dsv'
[3.841s] INFO:colcon.colcon_core.shell:Creating package script '/home/ashy/abaja_ros2_dev/install/radar_msgs/share/radar_msgs/package.sh'
[3.842s] INFO:colcon.colcon_core.shell:Creating package script '/home/ashy/abaja_ros2_dev/install/radar_msgs/share/radar_msgs/package.bash'
[3.842s] INFO:colcon.colcon_core.shell:Creating package script '/home/ashy/abaja_ros2_dev/install/radar_msgs/share/radar_msgs/package.zsh'
[3.842s] Level 1:colcon.colcon_core.environment:create_file_with_runtime_dependencies(/home/ashy/abaja_ros2_dev/install/radar_msgs/share/colcon-core/packages/radar_msgs)
[3.843s] Level 1:colcon.colcon_core.environment:create_environment_scripts_only(radar_msgs)
[3.843s] Level 1:colcon.colcon_core.environment:checking '/home/ashy/abaja_ros2_dev/install/radar_msgs' for CMake module files
[3.843s] Level 1:colcon.colcon_core.environment:checking '/home/ashy/abaja_ros2_dev/install/radar_msgs' for CMake config files
[3.843s] Level 1:colcon.colcon_core.shell:create_environment_hook('radar_msgs', 'cmake_prefix_path')
[3.844s] INFO:colcon.colcon_core.shell:Creating environment hook '/home/ashy/abaja_ros2_dev/install/radar_msgs/share/radar_msgs/hook/cmake_prefix_path.ps1'
[3.844s] INFO:colcon.colcon_core.shell:Creating environment descriptor '/home/ashy/abaja_ros2_dev/install/radar_msgs/share/radar_msgs/hook/cmake_prefix_path.dsv'
[3.844s] INFO:colcon.colcon_core.shell:Creating environment hook '/home/ashy/abaja_ros2_dev/install/radar_msgs/share/radar_msgs/hook/cmake_prefix_path.sh'
[3.845s] Level 1:colcon.colcon_core.environment:checking '/home/ashy/abaja_ros2_dev/install/radar_msgs/lib'
[3.845s] Level 1:colcon.colcon_core.shell:create_environment_hook('radar_msgs', 'ld_library_path_lib')
[3.845s] INFO:colcon.colcon_core.shell:Creating environment hook '/home/ashy/abaja_ros2_dev/install/radar_msgs/share/radar_msgs/hook/ld_library_path_lib.ps1'
[3.845s] INFO:colcon.colcon_core.shell:Creating environment descriptor '/home/ashy/abaja_ros2_dev/install/radar_msgs/share/radar_msgs/hook/ld_library_path_lib.dsv'
[3.845s] INFO:colcon.colcon_core.shell:Creating environment hook '/home/ashy/abaja_ros2_dev/install/radar_msgs/share/radar_msgs/hook/ld_library_path_lib.sh'
[3.846s] Level 1:colcon.colcon_core.environment:checking '/home/ashy/abaja_ros2_dev/install/radar_msgs/bin'
[3.846s] Level 1:colcon.colcon_core.environment:checking '/home/ashy/abaja_ros2_dev/install/radar_msgs/lib/pkgconfig/radar_msgs.pc'
[3.846s] Level 1:colcon.colcon_core.environment:checking '/home/ashy/abaja_ros2_dev/install/radar_msgs/lib/python3.10/site-packages'
[3.846s] Level 1:colcon.colcon_core.environment:checking '/home/ashy/abaja_ros2_dev/install/radar_msgs/bin'
[3.846s] INFO:colcon.colcon_core.shell:Creating package script '/home/ashy/abaja_ros2_dev/install/radar_msgs/share/radar_msgs/package.ps1'
[3.847s] INFO:colcon.colcon_core.shell:Creating package descriptor '/home/ashy/abaja_ros2_dev/install/radar_msgs/share/radar_msgs/package.dsv'
[3.847s] INFO:colcon.colcon_core.shell:Creating package script '/home/ashy/abaja_ros2_dev/install/radar_msgs/share/radar_msgs/package.sh'
[3.848s] INFO:colcon.colcon_core.shell:Creating package script '/home/ashy/abaja_ros2_dev/install/radar_msgs/share/radar_msgs/package.bash'
[3.848s] INFO:colcon.colcon_core.shell:Creating package script '/home/ashy/abaja_ros2_dev/install/radar_msgs/share/radar_msgs/package.zsh'
[3.848s] Level 1:colcon.colcon_core.environment:create_file_with_runtime_dependencies(/home/ashy/abaja_ros2_dev/install/radar_msgs/share/colcon-core/packages/radar_msgs)
[3.848s] DEBUG:colcon.colcon_parallel_executor.executor.parallel:closing loop
[3.849s] DEBUG:colcon.colcon_parallel_executor.executor.parallel:loop closed
[3.849s] DEBUG:colcon.colcon_parallel_executor.executor.parallel:run_until_complete finished with '0'
[3.849s] DEBUG:colcon.colcon_core.event_reactor:joining thread
[3.856s] INFO:colcon.colcon_core.plugin_system:Skipping extension 'colcon_notification.desktop_notification.terminal_notifier': Not used on non-Darwin systems
[3.856s] INFO:colcon.colcon_core.plugin_system:Skipping extension 'colcon_notification.desktop_notification.win32': Not used on non-Windows systems
[3.856s] INFO:colcon.colcon_notification.desktop_notification:Sending desktop notification using 'notify2'
[3.864s] DEBUG:colcon.colcon_core.event_reactor:joined thread
[3.865s] INFO:colcon.colcon_core.shell:Creating prefix script '/home/ashy/abaja_ros2_dev/install/local_setup.ps1'
[3.866s] INFO:colcon.colcon_core.shell:Creating prefix util module '/home/ashy/abaja_ros2_dev/install/_local_setup_util_ps1.py'
[3.867s] INFO:colcon.colcon_core.shell:Creating prefix chain script '/home/ashy/abaja_ros2_dev/install/setup.ps1'
[3.868s] INFO:colcon.colcon_core.shell:Creating prefix script '/home/ashy/abaja_ros2_dev/install/local_setup.sh'
[3.868s] INFO:colcon.colcon_core.shell:Creating prefix util module '/home/ashy/abaja_ros2_dev/install/_local_setup_util_sh.py'
[3.868s] INFO:colcon.colcon_core.shell:Creating prefix chain script '/home/ashy/abaja_ros2_dev/install/setup.sh'
[3.869s] INFO:colcon.colcon_core.shell:Creating prefix script '/home/ashy/abaja_ros2_dev/install/local_setup.bash'
[3.869s] INFO:colcon.colcon_core.shell:Creating prefix chain script '/home/ashy/abaja_ros2_dev/install/setup.bash'
[3.870s] INFO:colcon.colcon_core.shell:Creating prefix script '/home/ashy/abaja_ros2_dev/install/local_setup.zsh'
[3.870s] INFO:colcon.colcon_core.shell:Creating prefix chain script '/home/ashy/abaja_ros2_dev/install/setup.zsh'
