[0.028s] Invoking command in '/home/ashy/abaja_ros2_dev/build/inertial_msgs': CMAKE_PREFIX_PATH=/opt/ros/humble /usr/bin/cmake /home/ashy/abaja_ros2_dev/src/inertial_msgs -DCMAKE_INSTALL_PREFIX=/home/ashy/abaja_ros2_dev/install/inertial_msgs
[0.095s] -- The C compiler identification is GNU 11.4.0
[0.168s] -- The CXX compiler identification is GNU 11.4.0
[0.176s] -- Detecting C compiler ABI info
[0.249s] -- Detecting C compiler ABI info - done
[0.255s] -- Check for working C compiler: /usr/bin/cc - skipped
[0.255s] -- Detecting C compile features
[0.256s] -- Detecting C compile features - done
[0.258s] -- Detecting CXX compiler ABI info
[0.338s] -- Detecting CXX compiler ABI info - done
[0.344s] -- Check for working CXX compiler: /usr/bin/c++ - skipped
[0.344s] -- Detecting CXX compile features
[0.344s] -- Detecting CXX compile features - done
[0.347s] -- Found ament_cmake: 1.3.11 (/opt/ros/humble/share/ament_cmake/cmake)
[0.643s] -- Found Python3: /usr/bin/python3 (found version "3.10.12") found components: Interpreter 
[0.714s] -- Found rosidl_default_generators: 1.2.0 (/opt/ros/humble/share/rosidl_default_generators/cmake)
[0.716s] -- Using all available rosidl_typesupport_c: rosidl_typesupport_fastrtps_c;rosidl_typesupport_introspection_c
[0.721s] -- Found rosidl_adapter: 3.1.6 (/opt/ros/humble/share/rosidl_adapter/cmake)
[0.749s] -- Using all available rosidl_typesupport_cpp: rosidl_typesupport_fastrtps_cpp;rosidl_typesupport_introspection_cpp
[0.771s] -- Found geometry_msgs: 4.9.0 (/opt/ros/humble/share/geometry_msgs/cmake)
[0.990s] -- Found ament_cmake_ros: 0.10.0 (/opt/ros/humble/share/ament_cmake_ros/cmake)
[1.171s] -- Using all available rosidl_typesupport_c: rosidl_typesupport_fastrtps_c;rosidl_typesupport_introspection_c
[1.407s] -- Using all available rosidl_typesupport_cpp: rosidl_typesupport_fastrtps_cpp;rosidl_typesupport_introspection_cpp
[1.422s] -- Found PythonInterp: /usr/bin/python3 (found suitable version "3.10.12", minimum required is "3.6") 
[1.424s] -- Found python_cmake_module: 0.10.0 (/opt/ros/humble/share/python_cmake_module/cmake)
[1.444s] -- Found PythonLibs: /usr/lib/x86_64-linux-gnu/libpython3.10.so (found suitable version "3.10.12", minimum required is "3.5") 
[1.444s] -- Using PYTHON_EXECUTABLE: /usr/bin/python3
[1.444s] -- Using PYTHON_INCLUDE_DIRS: /usr/include/python3.10
[1.444s] -- Using PYTHON_LIBRARIES: /usr/lib/x86_64-linux-gnu/libpython3.10.so
[1.459s] -- Found PythonExtra: .so  
[1.507s] -- Configuring done
[1.535s] -- Generating done
[1.542s] -- Build files have been written to: /home/ashy/abaja_ros2_dev/build/inertial_msgs
[1.551s] Invoked command in '/home/ashy/abaja_ros2_dev/build/inertial_msgs' returned '0': CMAKE_PREFIX_PATH=/opt/ros/humble /usr/bin/cmake /home/ashy/abaja_ros2_dev/src/inertial_msgs -DCMAKE_INSTALL_PREFIX=/home/ashy/abaja_ros2_dev/install/inertial_msgs
[1.552s] Invoking command in '/home/ashy/abaja_ros2_dev/build/inertial_msgs': CMAKE_PREFIX_PATH=/opt/ros/humble /usr/bin/cmake --build /home/ashy/abaja_ros2_dev/build/inertial_msgs -- -j16 -l16
[1.586s] [  3%] [34m[1mGenerating C code for ROS interfaces[0m
[1.593s] [  6%] [34m[1mGenerating C++ code for ROS interfaces[0m
[1.603s] [  6%] Built target ament_cmake_python_copy_inertial_msgs
[1.832s] running egg_info
[1.857s] creating inertial_msgs.egg-info
[1.857s] writing inertial_msgs.egg-info/PKG-INFO
[1.857s] writing dependency_links to inertial_msgs.egg-info/dependency_links.txt
[1.857s] writing top-level names to inertial_msgs.egg-info/top_level.txt
[1.857s] writing manifest file 'inertial_msgs.egg-info/SOURCES.txt'
[1.880s] [  6%] Built target inertial_msgs__cpp
[1.887s] [  9%] [32mBuilding C object CMakeFiles/inertial_msgs__rosidl_generator_c.dir/rosidl_generator_c/inertial_msgs/msg/detail/pose__functions.c.o[0m
[1.895s] [ 12%] [34m[1mGenerating C++ introspection for ROS interfaces[0m
[1.896s] [ 16%] [34m[1mGenerating C++ type support for eProsima Fast-RTPS[0m
[1.897s] [ 19%] [34m[1mGenerating C++ type support dispatch for ROS interfaces[0m
[1.936s] reading manifest file 'inertial_msgs.egg-info/SOURCES.txt'
[1.936s] writing manifest file 'inertial_msgs.egg-info/SOURCES.txt'
[1.977s] [ 22%] [32m[1mLinking C shared library libinertial_msgs__rosidl_generator_c.so[0m
[2.006s] [ 22%] Built target ament_cmake_python_build_inertial_msgs_egg
[2.042s] [ 22%] Built target inertial_msgs__rosidl_generator_c
[2.056s] [ 25%] [34m[1mGenerating C type support for eProsima Fast-RTPS[0m
[2.065s] [ 29%] [34m[1mGenerating C type support dispatch for ROS interfaces[0m
[2.065s] [ 32%] [34m[1mGenerating C introspection for ROS interfaces[0m
[2.195s] [ 35%] [32mBuilding CXX object CMakeFiles/inertial_msgs__rosidl_typesupport_cpp.dir/rosidl_typesupport_cpp/inertial_msgs/msg/pose__type_support.cpp.o[0m
[2.295s] [ 38%] [32mBuilding CXX object CMakeFiles/inertial_msgs__rosidl_typesupport_introspection_cpp.dir/rosidl_typesupport_introspection_cpp/inertial_msgs/msg/detail/pose__type_support.cpp.o[0m
[2.309s] [ 41%] [32mBuilding CXX object CMakeFiles/inertial_msgs__rosidl_typesupport_fastrtps_cpp.dir/rosidl_typesupport_fastrtps_cpp/inertial_msgs/msg/detail/dds_fastrtps/pose__type_support.cpp.o[0m
[2.428s] [ 45%] [32mBuilding CXX object CMakeFiles/inertial_msgs__rosidl_typesupport_c.dir/rosidl_typesupport_c/inertial_msgs/msg/pose__type_support.cpp.o[0m
[2.469s] [ 48%] [32mBuilding CXX object CMakeFiles/inertial_msgs__rosidl_typesupport_fastrtps_c.dir/rosidl_typesupport_fastrtps_c/inertial_msgs/msg/detail/pose__type_support_c.cpp.o[0m
[2.480s] [ 51%] [32m[1mLinking CXX shared library libinertial_msgs__rosidl_typesupport_c.so[0m
[2.493s] [ 54%] [32mBuilding C object CMakeFiles/inertial_msgs__rosidl_typesupport_introspection_c.dir/rosidl_typesupport_introspection_c/inertial_msgs/msg/detail/pose__type_support.c.o[0m
[2.558s] [ 54%] Built target inertial_msgs__rosidl_typesupport_c
[2.563s] [ 58%] [32m[1mLinking C shared library libinertial_msgs__rosidl_typesupport_introspection_c.so[0m
[2.602s] [ 61%] [32m[1mLinking CXX shared library libinertial_msgs__rosidl_typesupport_cpp.so[0m
[2.613s] [ 61%] Built target inertial_msgs__rosidl_typesupport_introspection_c
[2.664s] [ 61%] Built target inertial_msgs__rosidl_typesupport_cpp
[2.711s] [ 64%] [32m[1mLinking CXX shared library libinertial_msgs__rosidl_typesupport_introspection_cpp.so[0m
[2.731s] [ 67%] [32m[1mLinking CXX shared library libinertial_msgs__rosidl_typesupport_fastrtps_cpp.so[0m
[2.779s] [ 67%] Built target inertial_msgs__rosidl_typesupport_introspection_cpp
[2.798s] [ 67%] Built target inertial_msgs__rosidl_typesupport_fastrtps_cpp
[2.800s] [ 70%] [32m[1mLinking CXX shared library libinertial_msgs__rosidl_typesupport_fastrtps_c.so[0m
[2.866s] [ 70%] Built target inertial_msgs__rosidl_typesupport_fastrtps_c
[2.885s] [ 70%] Built target inertial_msgs
[2.904s] [ 74%] [34m[1mGenerating Python code for ROS interfaces[0m
[3.139s] [ 74%] Built target inertial_msgs__py
[3.154s] [ 77%] [32mBuilding C object CMakeFiles/inertial_msgs__rosidl_generator_py.dir/rosidl_generator_py/inertial_msgs/msg/_pose_s.c.o[0m
[3.227s] [ 80%] [32m[1mLinking C shared library rosidl_generator_py/inertial_msgs/libinertial_msgs__rosidl_generator_py.so[0m
[3.263s] [ 80%] Built target inertial_msgs__rosidl_generator_py
[3.280s] [ 87%] [32mBuilding C object CMakeFiles/inertial_msgs__rosidl_typesupport_fastrtps_c__pyext.dir/rosidl_generator_py/inertial_msgs/_inertial_msgs_s.ep.rosidl_typesupport_fastrtps_c.c.o[0m
[3.280s] [ 87%] [32mBuilding C object CMakeFiles/inertial_msgs__rosidl_typesupport_introspection_c__pyext.dir/rosidl_generator_py/inertial_msgs/_inertial_msgs_s.ep.rosidl_typesupport_introspection_c.c.o[0m
[3.281s] [ 90%] [32mBuilding C object CMakeFiles/inertial_msgs__rosidl_typesupport_c__pyext.dir/rosidl_generator_py/inertial_msgs/_inertial_msgs_s.ep.rosidl_typesupport_c.c.o[0m
[3.351s] [ 96%] [32m[1mLinking C shared library rosidl_generator_py/inertial_msgs/inertial_msgs_s__rosidl_typesupport_fastrtps_c.cpython-310-x86_64-linux-gnu.so[0m
[3.351s] [ 96%] [32m[1mLinking C shared library rosidl_generator_py/inertial_msgs/inertial_msgs_s__rosidl_typesupport_c.cpython-310-x86_64-linux-gnu.so[0m
[3.351s] [100%] [32m[1mLinking C shared library rosidl_generator_py/inertial_msgs/inertial_msgs_s__rosidl_typesupport_introspection_c.cpython-310-x86_64-linux-gnu.so[0m
[3.381s] [100%] Built target inertial_msgs__rosidl_typesupport_introspection_c__pyext
[3.381s] [100%] Built target inertial_msgs__rosidl_typesupport_fastrtps_c__pyext
[3.381s] [100%] Built target inertial_msgs__rosidl_typesupport_c__pyext
[3.391s] Invoked command in '/home/ashy/abaja_ros2_dev/build/inertial_msgs' returned '0': CMAKE_PREFIX_PATH=/opt/ros/humble /usr/bin/cmake --build /home/ashy/abaja_ros2_dev/build/inertial_msgs -- -j16 -l16
[3.392s] Invoking command in '/home/ashy/abaja_ros2_dev/build/inertial_msgs': CMAKE_PREFIX_PATH=/opt/ros/humble /usr/bin/cmake --install /home/ashy/abaja_ros2_dev/build/inertial_msgs
[3.396s] -- Install configuration: ""
[3.397s] -- Installing: /home/ashy/abaja_ros2_dev/install/inertial_msgs/share/ament_index/resource_index/rosidl_interfaces/inertial_msgs
[3.397s] -- Installing: /home/ashy/abaja_ros2_dev/install/inertial_msgs/include/inertial_msgs/inertial_msgs
[3.397s] -- Installing: /home/ashy/abaja_ros2_dev/install/inertial_msgs/include/inertial_msgs/inertial_msgs/msg
[3.397s] -- Installing: /home/ashy/abaja_ros2_dev/install/inertial_msgs/include/inertial_msgs/inertial_msgs/msg/detail
[3.397s] -- Installing: /home/ashy/abaja_ros2_dev/install/inertial_msgs/include/inertial_msgs/inertial_msgs/msg/detail/pose__functions.c
[3.397s] -- Installing: /home/ashy/abaja_ros2_dev/install/inertial_msgs/include/inertial_msgs/inertial_msgs/msg/detail/pose__functions.h
[3.397s] -- Installing: /home/ashy/abaja_ros2_dev/install/inertial_msgs/include/inertial_msgs/inertial_msgs/msg/detail/pose__type_support.h
[3.397s] -- Installing: /home/ashy/abaja_ros2_dev/install/inertial_msgs/include/inertial_msgs/inertial_msgs/msg/detail/pose__struct.h
[3.398s] -- Installing: /home/ashy/abaja_ros2_dev/install/inertial_msgs/include/inertial_msgs/inertial_msgs/msg/pose.h
[3.398s] -- Installing: /home/ashy/abaja_ros2_dev/install/inertial_msgs/include/inertial_msgs/inertial_msgs/msg/rosidl_generator_c__visibility_control.h
[3.398s] -- Installing: /home/ashy/abaja_ros2_dev/install/inertial_msgs/share/inertial_msgs/environment/library_path.sh
[3.398s] -- Installing: /home/ashy/abaja_ros2_dev/install/inertial_msgs/share/inertial_msgs/environment/library_path.dsv
[3.398s] -- Installing: /home/ashy/abaja_ros2_dev/install/inertial_msgs/lib/libinertial_msgs__rosidl_generator_c.so
[3.398s] -- Set runtime path of "/home/ashy/abaja_ros2_dev/install/inertial_msgs/lib/libinertial_msgs__rosidl_generator_c.so" to ""
[3.399s] -- Up-to-date: /home/ashy/abaja_ros2_dev/install/inertial_msgs/include/inertial_msgs/inertial_msgs
[3.399s] -- Up-to-date: /home/ashy/abaja_ros2_dev/install/inertial_msgs/include/inertial_msgs/inertial_msgs/msg
[3.399s] -- Up-to-date: /home/ashy/abaja_ros2_dev/install/inertial_msgs/include/inertial_msgs/inertial_msgs/msg/detail
[3.399s] -- Installing: /home/ashy/abaja_ros2_dev/install/inertial_msgs/include/inertial_msgs/inertial_msgs/msg/detail/pose__rosidl_typesupport_fastrtps_c.h
[3.399s] -- Installing: /home/ashy/abaja_ros2_dev/install/inertial_msgs/include/inertial_msgs/inertial_msgs/msg/rosidl_typesupport_fastrtps_c__visibility_control.h
[3.399s] -- Installing: /home/ashy/abaja_ros2_dev/install/inertial_msgs/lib/libinertial_msgs__rosidl_typesupport_fastrtps_c.so
[3.399s] -- Set runtime path of "/home/ashy/abaja_ros2_dev/install/inertial_msgs/lib/libinertial_msgs__rosidl_typesupport_fastrtps_c.so" to ""
[3.399s] -- Up-to-date: /home/ashy/abaja_ros2_dev/install/inertial_msgs/include/inertial_msgs/inertial_msgs
[3.399s] -- Up-to-date: /home/ashy/abaja_ros2_dev/install/inertial_msgs/include/inertial_msgs/inertial_msgs/msg
[3.399s] -- Up-to-date: /home/ashy/abaja_ros2_dev/install/inertial_msgs/include/inertial_msgs/inertial_msgs/msg/detail
[3.399s] -- Installing: /home/ashy/abaja_ros2_dev/install/inertial_msgs/include/inertial_msgs/inertial_msgs/msg/detail/pose__type_support.c
[3.399s] -- Installing: /home/ashy/abaja_ros2_dev/install/inertial_msgs/include/inertial_msgs/inertial_msgs/msg/detail/pose__rosidl_typesupport_introspection_c.h
[3.399s] -- Installing: /home/ashy/abaja_ros2_dev/install/inertial_msgs/include/inertial_msgs/inertial_msgs/msg/rosidl_typesupport_introspection_c__visibility_control.h
[3.399s] -- Installing: /home/ashy/abaja_ros2_dev/install/inertial_msgs/lib/libinertial_msgs__rosidl_typesupport_introspection_c.so
[3.400s] -- Set runtime path of "/home/ashy/abaja_ros2_dev/install/inertial_msgs/lib/libinertial_msgs__rosidl_typesupport_introspection_c.so" to ""
[3.400s] -- Installing: /home/ashy/abaja_ros2_dev/install/inertial_msgs/lib/libinertial_msgs__rosidl_typesupport_c.so
[3.400s] -- Set runtime path of "/home/ashy/abaja_ros2_dev/install/inertial_msgs/lib/libinertial_msgs__rosidl_typesupport_c.so" to ""
[3.400s] -- Up-to-date: /home/ashy/abaja_ros2_dev/install/inertial_msgs/include/inertial_msgs/inertial_msgs
[3.400s] -- Up-to-date: /home/ashy/abaja_ros2_dev/install/inertial_msgs/include/inertial_msgs/inertial_msgs/msg
[3.400s] -- Installing: /home/ashy/abaja_ros2_dev/install/inertial_msgs/include/inertial_msgs/inertial_msgs/msg/rosidl_generator_cpp__visibility_control.hpp
[3.401s] -- Up-to-date: /home/ashy/abaja_ros2_dev/install/inertial_msgs/include/inertial_msgs/inertial_msgs/msg/detail
[3.401s] -- Installing: /home/ashy/abaja_ros2_dev/install/inertial_msgs/include/inertial_msgs/inertial_msgs/msg/detail/pose__type_support.hpp
[3.401s] -- Installing: /home/ashy/abaja_ros2_dev/install/inertial_msgs/include/inertial_msgs/inertial_msgs/msg/detail/pose__traits.hpp
[3.401s] -- Installing: /home/ashy/abaja_ros2_dev/install/inertial_msgs/include/inertial_msgs/inertial_msgs/msg/detail/pose__builder.hpp
[3.401s] -- Installing: /home/ashy/abaja_ros2_dev/install/inertial_msgs/include/inertial_msgs/inertial_msgs/msg/detail/pose__struct.hpp
[3.401s] -- Installing: /home/ashy/abaja_ros2_dev/install/inertial_msgs/include/inertial_msgs/inertial_msgs/msg/pose.hpp
[3.401s] -- Up-to-date: /home/ashy/abaja_ros2_dev/install/inertial_msgs/include/inertial_msgs/inertial_msgs
[3.401s] -- Up-to-date: /home/ashy/abaja_ros2_dev/install/inertial_msgs/include/inertial_msgs/inertial_msgs/msg
[3.401s] -- Up-to-date: /home/ashy/abaja_ros2_dev/install/inertial_msgs/include/inertial_msgs/inertial_msgs/msg/detail
[3.402s] -- Installing: /home/ashy/abaja_ros2_dev/install/inertial_msgs/include/inertial_msgs/inertial_msgs/msg/detail/dds_fastrtps
[3.402s] -- Installing: /home/ashy/abaja_ros2_dev/install/inertial_msgs/include/inertial_msgs/inertial_msgs/msg/detail/pose__rosidl_typesupport_fastrtps_cpp.hpp
[3.402s] -- Installing: /home/ashy/abaja_ros2_dev/install/inertial_msgs/include/inertial_msgs/inertial_msgs/msg/rosidl_typesupport_fastrtps_cpp__visibility_control.h
[3.402s] -- Installing: /home/ashy/abaja_ros2_dev/install/inertial_msgs/lib/libinertial_msgs__rosidl_typesupport_fastrtps_cpp.so
[3.402s] -- Set runtime path of "/home/ashy/abaja_ros2_dev/install/inertial_msgs/lib/libinertial_msgs__rosidl_typesupport_fastrtps_cpp.so" to ""
[3.402s] -- Up-to-date: /home/ashy/abaja_ros2_dev/install/inertial_msgs/include/inertial_msgs/inertial_msgs
[3.402s] -- Up-to-date: /home/ashy/abaja_ros2_dev/install/inertial_msgs/include/inertial_msgs/inertial_msgs/msg
[3.402s] -- Up-to-date: /home/ashy/abaja_ros2_dev/install/inertial_msgs/include/inertial_msgs/inertial_msgs/msg/detail
[3.402s] -- Installing: /home/ashy/abaja_ros2_dev/install/inertial_msgs/include/inertial_msgs/inertial_msgs/msg/detail/pose__rosidl_typesupport_introspection_cpp.hpp
[3.402s] -- Installing: /home/ashy/abaja_ros2_dev/install/inertial_msgs/include/inertial_msgs/inertial_msgs/msg/detail/pose__type_support.cpp
[3.402s] -- Installing: /home/ashy/abaja_ros2_dev/install/inertial_msgs/lib/libinertial_msgs__rosidl_typesupport_introspection_cpp.so
[3.403s] -- Set runtime path of "/home/ashy/abaja_ros2_dev/install/inertial_msgs/lib/libinertial_msgs__rosidl_typesupport_introspection_cpp.so" to ""
[3.403s] -- Installing: /home/ashy/abaja_ros2_dev/install/inertial_msgs/lib/libinertial_msgs__rosidl_typesupport_cpp.so
[3.403s] -- Set runtime path of "/home/ashy/abaja_ros2_dev/install/inertial_msgs/lib/libinertial_msgs__rosidl_typesupport_cpp.so" to ""
[3.403s] -- Installing: /home/ashy/abaja_ros2_dev/install/inertial_msgs/share/inertial_msgs/environment/pythonpath.sh
[3.403s] -- Installing: /home/ashy/abaja_ros2_dev/install/inertial_msgs/share/inertial_msgs/environment/pythonpath.dsv
[3.403s] -- Installing: /home/ashy/abaja_ros2_dev/install/inertial_msgs/local/lib/python3.10/dist-packages/inertial_msgs-0.0.0-py3.10.egg-info
[3.404s] -- Installing: /home/ashy/abaja_ros2_dev/install/inertial_msgs/local/lib/python3.10/dist-packages/inertial_msgs-0.0.0-py3.10.egg-info/top_level.txt
[3.404s] -- Installing: /home/ashy/abaja_ros2_dev/install/inertial_msgs/local/lib/python3.10/dist-packages/inertial_msgs-0.0.0-py3.10.egg-info/PKG-INFO
[3.404s] -- Installing: /home/ashy/abaja_ros2_dev/install/inertial_msgs/local/lib/python3.10/dist-packages/inertial_msgs-0.0.0-py3.10.egg-info/dependency_links.txt
[3.404s] -- Installing: /home/ashy/abaja_ros2_dev/install/inertial_msgs/local/lib/python3.10/dist-packages/inertial_msgs-0.0.0-py3.10.egg-info/SOURCES.txt
[3.404s] -- Installing: /home/ashy/abaja_ros2_dev/install/inertial_msgs/local/lib/python3.10/dist-packages/inertial_msgs
[3.404s] -- Installing: /home/ashy/abaja_ros2_dev/install/inertial_msgs/local/lib/python3.10/dist-packages/inertial_msgs/inertial_msgs_s__rosidl_typesupport_c.cpython-310-x86_64-linux-gnu.so
[3.405s] -- Installing: /home/ashy/abaja_ros2_dev/install/inertial_msgs/local/lib/python3.10/dist-packages/inertial_msgs/inertial_msgs_s__rosidl_typesupport_fastrtps_c.cpython-310-x86_64-linux-gnu.so
[3.405s] -- Installing: /home/ashy/abaja_ros2_dev/install/inertial_msgs/local/lib/python3.10/dist-packages/inertial_msgs/libinertial_msgs__rosidl_generator_py.so
[3.405s] -- Installing: /home/ashy/abaja_ros2_dev/install/inertial_msgs/local/lib/python3.10/dist-packages/inertial_msgs/_inertial_msgs_s.ep.rosidl_typesupport_introspection_c.c
[3.405s] -- Installing: /home/ashy/abaja_ros2_dev/install/inertial_msgs/local/lib/python3.10/dist-packages/inertial_msgs/__init__.py
[3.405s] -- Installing: /home/ashy/abaja_ros2_dev/install/inertial_msgs/local/lib/python3.10/dist-packages/inertial_msgs/_inertial_msgs_s.ep.rosidl_typesupport_fastrtps_c.c
[3.405s] -- Installing: /home/ashy/abaja_ros2_dev/install/inertial_msgs/local/lib/python3.10/dist-packages/inertial_msgs/inertial_msgs_s__rosidl_typesupport_introspection_c.cpython-310-x86_64-linux-gnu.so
[3.405s] -- Installing: /home/ashy/abaja_ros2_dev/install/inertial_msgs/local/lib/python3.10/dist-packages/inertial_msgs/msg
[3.406s] -- Installing: /home/ashy/abaja_ros2_dev/install/inertial_msgs/local/lib/python3.10/dist-packages/inertial_msgs/msg/_pose.py
[3.406s] -- Installing: /home/ashy/abaja_ros2_dev/install/inertial_msgs/local/lib/python3.10/dist-packages/inertial_msgs/msg/__init__.py
[3.406s] -- Installing: /home/ashy/abaja_ros2_dev/install/inertial_msgs/local/lib/python3.10/dist-packages/inertial_msgs/msg/_pose_s.c
[3.406s] -- Installing: /home/ashy/abaja_ros2_dev/install/inertial_msgs/local/lib/python3.10/dist-packages/inertial_msgs/_inertial_msgs_s.ep.rosidl_typesupport_c.c
[3.430s] Listing '/home/ashy/abaja_ros2_dev/install/inertial_msgs/local/lib/python3.10/dist-packages/inertial_msgs'...
[3.430s] Compiling '/home/ashy/abaja_ros2_dev/install/inertial_msgs/local/lib/python3.10/dist-packages/inertial_msgs/__init__.py'...
[3.430s] Listing '/home/ashy/abaja_ros2_dev/install/inertial_msgs/local/lib/python3.10/dist-packages/inertial_msgs/msg'...
[3.430s] Compiling '/home/ashy/abaja_ros2_dev/install/inertial_msgs/local/lib/python3.10/dist-packages/inertial_msgs/msg/__init__.py'...
[3.430s] Compiling '/home/ashy/abaja_ros2_dev/install/inertial_msgs/local/lib/python3.10/dist-packages/inertial_msgs/msg/_pose.py'...
[3.434s] -- Installing: /home/ashy/abaja_ros2_dev/install/inertial_msgs/local/lib/python3.10/dist-packages/inertial_msgs/inertial_msgs_s__rosidl_typesupport_fastrtps_c.cpython-310-x86_64-linux-gnu.so
[3.435s] -- Set runtime path of "/home/ashy/abaja_ros2_dev/install/inertial_msgs/local/lib/python3.10/dist-packages/inertial_msgs/inertial_msgs_s__rosidl_typesupport_fastrtps_c.cpython-310-x86_64-linux-gnu.so" to ""
[3.435s] -- Installing: /home/ashy/abaja_ros2_dev/install/inertial_msgs/local/lib/python3.10/dist-packages/inertial_msgs/inertial_msgs_s__rosidl_typesupport_introspection_c.cpython-310-x86_64-linux-gnu.so
[3.435s] -- Set runtime path of "/home/ashy/abaja_ros2_dev/install/inertial_msgs/local/lib/python3.10/dist-packages/inertial_msgs/inertial_msgs_s__rosidl_typesupport_introspection_c.cpython-310-x86_64-linux-gnu.so" to ""
[3.435s] -- Installing: /home/ashy/abaja_ros2_dev/install/inertial_msgs/local/lib/python3.10/dist-packages/inertial_msgs/inertial_msgs_s__rosidl_typesupport_c.cpython-310-x86_64-linux-gnu.so
[3.436s] -- Set runtime path of "/home/ashy/abaja_ros2_dev/install/inertial_msgs/local/lib/python3.10/dist-packages/inertial_msgs/inertial_msgs_s__rosidl_typesupport_c.cpython-310-x86_64-linux-gnu.so" to ""
[3.436s] -- Installing: /home/ashy/abaja_ros2_dev/install/inertial_msgs/lib/libinertial_msgs__rosidl_generator_py.so
[3.436s] -- Set runtime path of "/home/ashy/abaja_ros2_dev/install/inertial_msgs/lib/libinertial_msgs__rosidl_generator_py.so" to ""
[3.436s] -- Installing: /home/ashy/abaja_ros2_dev/install/inertial_msgs/share/inertial_msgs/msg/Pose.idl
[3.436s] -- Installing: /home/ashy/abaja_ros2_dev/install/inertial_msgs/share/inertial_msgs/msg/Pose.msg
[3.436s] -- Installing: /home/ashy/abaja_ros2_dev/install/inertial_msgs/share/ament_index/resource_index/package_run_dependencies/inertial_msgs
[3.436s] -- Installing: /home/ashy/abaja_ros2_dev/install/inertial_msgs/share/ament_index/resource_index/parent_prefix_path/inertial_msgs
[3.436s] -- Installing: /home/ashy/abaja_ros2_dev/install/inertial_msgs/share/inertial_msgs/environment/ament_prefix_path.sh
[3.437s] -- Installing: /home/ashy/abaja_ros2_dev/install/inertial_msgs/share/inertial_msgs/environment/ament_prefix_path.dsv
[3.437s] -- Installing: /home/ashy/abaja_ros2_dev/install/inertial_msgs/share/inertial_msgs/environment/path.sh
[3.437s] -- Installing: /home/ashy/abaja_ros2_dev/install/inertial_msgs/share/inertial_msgs/environment/path.dsv
[3.437s] -- Installing: /home/ashy/abaja_ros2_dev/install/inertial_msgs/share/inertial_msgs/local_setup.bash
[3.437s] -- Installing: /home/ashy/abaja_ros2_dev/install/inertial_msgs/share/inertial_msgs/local_setup.sh
[3.437s] -- Installing: /home/ashy/abaja_ros2_dev/install/inertial_msgs/share/inertial_msgs/local_setup.zsh
[3.437s] -- Installing: /home/ashy/abaja_ros2_dev/install/inertial_msgs/share/inertial_msgs/local_setup.dsv
[3.437s] -- Installing: /home/ashy/abaja_ros2_dev/install/inertial_msgs/share/inertial_msgs/package.dsv
[3.437s] -- Installing: /home/ashy/abaja_ros2_dev/install/inertial_msgs/share/ament_index/resource_index/packages/inertial_msgs
[3.438s] -- Installing: /home/ashy/abaja_ros2_dev/install/inertial_msgs/share/inertial_msgs/cmake/export_inertial_msgs__rosidl_generator_cExport.cmake
[3.438s] -- Installing: /home/ashy/abaja_ros2_dev/install/inertial_msgs/share/inertial_msgs/cmake/export_inertial_msgs__rosidl_generator_cExport-noconfig.cmake
[3.438s] -- Installing: /home/ashy/abaja_ros2_dev/install/inertial_msgs/share/inertial_msgs/cmake/export_inertial_msgs__rosidl_typesupport_fastrtps_cExport.cmake
[3.438s] -- Installing: /home/ashy/abaja_ros2_dev/install/inertial_msgs/share/inertial_msgs/cmake/export_inertial_msgs__rosidl_typesupport_fastrtps_cExport-noconfig.cmake
[3.438s] -- Installing: /home/ashy/abaja_ros2_dev/install/inertial_msgs/share/inertial_msgs/cmake/inertial_msgs__rosidl_typesupport_introspection_cExport.cmake
[3.438s] -- Installing: /home/ashy/abaja_ros2_dev/install/inertial_msgs/share/inertial_msgs/cmake/inertial_msgs__rosidl_typesupport_introspection_cExport-noconfig.cmake
[3.438s] -- Installing: /home/ashy/abaja_ros2_dev/install/inertial_msgs/share/inertial_msgs/cmake/inertial_msgs__rosidl_typesupport_cExport.cmake
[3.438s] -- Installing: /home/ashy/abaja_ros2_dev/install/inertial_msgs/share/inertial_msgs/cmake/inertial_msgs__rosidl_typesupport_cExport-noconfig.cmake
[3.439s] -- Installing: /home/ashy/abaja_ros2_dev/install/inertial_msgs/share/inertial_msgs/cmake/export_inertial_msgs__rosidl_generator_cppExport.cmake
[3.439s] -- Installing: /home/ashy/abaja_ros2_dev/install/inertial_msgs/share/inertial_msgs/cmake/export_inertial_msgs__rosidl_typesupport_fastrtps_cppExport.cmake
[3.439s] -- Installing: /home/ashy/abaja_ros2_dev/install/inertial_msgs/share/inertial_msgs/cmake/export_inertial_msgs__rosidl_typesupport_fastrtps_cppExport-noconfig.cmake
[3.439s] -- Installing: /home/ashy/abaja_ros2_dev/install/inertial_msgs/share/inertial_msgs/cmake/inertial_msgs__rosidl_typesupport_introspection_cppExport.cmake
[3.439s] -- Installing: /home/ashy/abaja_ros2_dev/install/inertial_msgs/share/inertial_msgs/cmake/inertial_msgs__rosidl_typesupport_introspection_cppExport-noconfig.cmake
[3.439s] -- Installing: /home/ashy/abaja_ros2_dev/install/inertial_msgs/share/inertial_msgs/cmake/inertial_msgs__rosidl_typesupport_cppExport.cmake
[3.439s] -- Installing: /home/ashy/abaja_ros2_dev/install/inertial_msgs/share/inertial_msgs/cmake/inertial_msgs__rosidl_typesupport_cppExport-noconfig.cmake
[3.439s] -- Installing: /home/ashy/abaja_ros2_dev/install/inertial_msgs/share/inertial_msgs/cmake/export_inertial_msgs__rosidl_generator_pyExport.cmake
[3.440s] -- Installing: /home/ashy/abaja_ros2_dev/install/inertial_msgs/share/inertial_msgs/cmake/export_inertial_msgs__rosidl_generator_pyExport-noconfig.cmake
[3.440s] -- Installing: /home/ashy/abaja_ros2_dev/install/inertial_msgs/share/inertial_msgs/cmake/rosidl_cmake-extras.cmake
[3.440s] -- Installing: /home/ashy/abaja_ros2_dev/install/inertial_msgs/share/inertial_msgs/cmake/ament_cmake_export_dependencies-extras.cmake
[3.440s] -- Installing: /home/ashy/abaja_ros2_dev/install/inertial_msgs/share/inertial_msgs/cmake/ament_cmake_export_include_directories-extras.cmake
[3.440s] -- Installing: /home/ashy/abaja_ros2_dev/install/inertial_msgs/share/inertial_msgs/cmake/ament_cmake_export_libraries-extras.cmake
[3.440s] -- Installing: /home/ashy/abaja_ros2_dev/install/inertial_msgs/share/inertial_msgs/cmake/ament_cmake_export_targets-extras.cmake
[3.440s] -- Installing: /home/ashy/abaja_ros2_dev/install/inertial_msgs/share/inertial_msgs/cmake/rosidl_cmake_export_typesupport_targets-extras.cmake
[3.440s] -- Installing: /home/ashy/abaja_ros2_dev/install/inertial_msgs/share/inertial_msgs/cmake/rosidl_cmake_export_typesupport_libraries-extras.cmake
[3.440s] -- Installing: /home/ashy/abaja_ros2_dev/install/inertial_msgs/share/inertial_msgs/cmake/inertial_msgsConfig.cmake
[3.441s] -- Installing: /home/ashy/abaja_ros2_dev/install/inertial_msgs/share/inertial_msgs/cmake/inertial_msgsConfig-version.cmake
[3.441s] -- Installing: /home/ashy/abaja_ros2_dev/install/inertial_msgs/share/inertial_msgs/package.xml
[3.443s] Invoked command in '/home/ashy/abaja_ros2_dev/build/inertial_msgs' returned '0': CMAKE_PREFIX_PATH=/opt/ros/humble /usr/bin/cmake --install /home/ashy/abaja_ros2_dev/build/inertial_msgs
