[0.048s] Invoking command in '/home/ashy/abaja_ros2_dev/build/feedback': CMAKE_PREFIX_PATH=/opt/ros/humble /usr/bin/cmake --build /home/ashy/abaja_ros2_dev/build/feedback -- -j16 -l16
[0.109s] [35m[1mConsolidate compiler generated dependencies of target feedback__rosidl_generator_c[0m
[0.130s] [ 12%] Built target feedback__cpp
[0.131s] [ 12%] Built target feedback__rosidl_generator_c
[0.147s] [35m[1mConsolidate compiler generated dependencies of target feedback__rosidl_typesupport_introspection_cpp[0m
[0.147s] [35m[1mConsolidate compiler generated dependencies of target feedback__rosidl_typesupport_cpp[0m
[0.149s] [35m[1mConsolidate compiler generated dependencies of target feedback__rosidl_typesupport_fastrtps_cpp[0m
[0.150s] [ 12%] Built target ament_cmake_python_copy_feedback
[0.200s] [ 22%] Built target feedback__rosidl_typesupport_introspection_cpp
[0.200s] [35m[1mConsolidate compiler generated dependencies of target feedback__rosidl_typesupport_fastrtps_c[0m
[0.200s] [35m[1mConsolidate compiler generated dependencies of target feedback__rosidl_typesupport_introspection_c[0m
[0.200s] [35m[1mConsolidate compiler generated dependencies of target feedback__rosidl_typesupport_c[0m
[0.208s] [ 32%] Built target feedback__rosidl_typesupport_fastrtps_cpp
[0.214s] [ 41%] Built target feedback__rosidl_typesupport_cpp
[0.230s] [ 51%] Built target feedback__rosidl_typesupport_introspection_c
[0.241s] [ 61%] Built target feedback__rosidl_typesupport_c
[0.247s] [ 70%] Built target feedback__rosidl_typesupport_fastrtps_c
[0.293s] [ 70%] Built target feedback
[0.325s] [ 74%] Built target feedback__py
[0.341s] [35m[1mConsolidate compiler generated dependencies of target feedback__rosidl_generator_py[0m
[0.364s] [ 80%] Built target feedback__rosidl_generator_py
[0.387s] [35m[1mConsolidate compiler generated dependencies of target feedback__rosidl_typesupport_c__pyext[0m
[0.387s] [35m[1mConsolidate compiler generated dependencies of target feedback__rosidl_typesupport_fastrtps_c__pyext[0m
[0.387s] [35m[1mConsolidate compiler generated dependencies of target feedback__rosidl_typesupport_introspection_c__pyext[0m
[0.405s] [ 87%] Built target feedback__rosidl_typesupport_fastrtps_c__pyext
[0.407s] [ 96%] Built target feedback__rosidl_typesupport_c__pyext
[0.407s] [100%] Built target feedback__rosidl_typesupport_introspection_c__pyext
[0.520s] running egg_info
[0.539s] writing feedback.egg-info/PKG-INFO
[0.539s] writing dependency_links to feedback.egg-info/dependency_links.txt
[0.540s] writing top-level names to feedback.egg-info/top_level.txt
[0.593s] reading manifest file 'feedback.egg-info/SOURCES.txt'
[0.594s] writing manifest file 'feedback.egg-info/SOURCES.txt'
[0.633s] [100%] Built target ament_cmake_python_build_feedback_egg
[0.646s] Invoked command in '/home/ashy/abaja_ros2_dev/build/feedback' returned '0': CMAKE_PREFIX_PATH=/opt/ros/humble /usr/bin/cmake --build /home/ashy/abaja_ros2_dev/build/feedback -- -j16 -l16
[0.647s] Invoking command in '/home/ashy/abaja_ros2_dev/build/feedback': CMAKE_PREFIX_PATH=/opt/ros/humble /usr/bin/cmake --install /home/ashy/abaja_ros2_dev/build/feedback
[0.654s] -- Install configuration: ""
[0.654s] -- Up-to-date: /home/ashy/abaja_ros2_dev/install/feedback/share/ament_index/resource_index/rosidl_interfaces/feedback
[0.654s] -- Up-to-date: /home/ashy/abaja_ros2_dev/install/feedback/include/feedback/feedback
[0.654s] -- Up-to-date: /home/ashy/abaja_ros2_dev/install/feedback/include/feedback/feedback/msg
[0.654s] -- Up-to-date: /home/ashy/abaja_ros2_dev/install/feedback/include/feedback/feedback/msg/detail
[0.654s] -- Up-to-date: /home/ashy/abaja_ros2_dev/install/feedback/include/feedback/feedback/msg/detail/velocity__type_support.h
[0.655s] -- Up-to-date: /home/ashy/abaja_ros2_dev/install/feedback/include/feedback/feedback/msg/detail/velocity__struct.h
[0.655s] -- Up-to-date: /home/ashy/abaja_ros2_dev/install/feedback/include/feedback/feedback/msg/detail/velocity__functions.h
[0.655s] -- Up-to-date: /home/ashy/abaja_ros2_dev/install/feedback/include/feedback/feedback/msg/detail/velocity__functions.c
[0.655s] -- Up-to-date: /home/ashy/abaja_ros2_dev/install/feedback/include/feedback/feedback/msg/velocity.h
[0.655s] -- Up-to-date: /home/ashy/abaja_ros2_dev/install/feedback/include/feedback/feedback/msg/rosidl_generator_c__visibility_control.h
[0.655s] -- Up-to-date: /home/ashy/abaja_ros2_dev/install/feedback/share/feedback/environment/library_path.sh
[0.655s] -- Up-to-date: /home/ashy/abaja_ros2_dev/install/feedback/share/feedback/environment/library_path.dsv
[0.655s] -- Up-to-date: /home/ashy/abaja_ros2_dev/install/feedback/lib/libfeedback__rosidl_generator_c.so
[0.655s] -- Up-to-date: /home/ashy/abaja_ros2_dev/install/feedback/include/feedback/feedback
[0.655s] -- Up-to-date: /home/ashy/abaja_ros2_dev/install/feedback/include/feedback/feedback/msg
[0.655s] -- Up-to-date: /home/ashy/abaja_ros2_dev/install/feedback/include/feedback/feedback/msg/detail
[0.655s] -- Up-to-date: /home/ashy/abaja_ros2_dev/install/feedback/include/feedback/feedback/msg/detail/velocity__rosidl_typesupport_fastrtps_c.h
[0.656s] -- Up-to-date: /home/ashy/abaja_ros2_dev/install/feedback/include/feedback/feedback/msg/rosidl_typesupport_fastrtps_c__visibility_control.h
[0.656s] -- Up-to-date: /home/ashy/abaja_ros2_dev/install/feedback/lib/libfeedback__rosidl_typesupport_fastrtps_c.so
[0.656s] -- Up-to-date: /home/ashy/abaja_ros2_dev/install/feedback/include/feedback/feedback
[0.656s] -- Up-to-date: /home/ashy/abaja_ros2_dev/install/feedback/include/feedback/feedback/msg
[0.656s] -- Up-to-date: /home/ashy/abaja_ros2_dev/install/feedback/include/feedback/feedback/msg/detail
[0.656s] -- Up-to-date: /home/ashy/abaja_ros2_dev/install/feedback/include/feedback/feedback/msg/detail/velocity__type_support.c
[0.656s] -- Up-to-date: /home/ashy/abaja_ros2_dev/install/feedback/include/feedback/feedback/msg/detail/velocity__rosidl_typesupport_introspection_c.h
[0.656s] -- Up-to-date: /home/ashy/abaja_ros2_dev/install/feedback/include/feedback/feedback/msg/rosidl_typesupport_introspection_c__visibility_control.h
[0.658s] -- Up-to-date: /home/ashy/abaja_ros2_dev/install/feedback/lib/libfeedback__rosidl_typesupport_introspection_c.so
[0.658s] -- Up-to-date: /home/ashy/abaja_ros2_dev/install/feedback/lib/libfeedback__rosidl_typesupport_c.so
[0.658s] -- Up-to-date: /home/ashy/abaja_ros2_dev/install/feedback/include/feedback/feedback
[0.658s] -- Up-to-date: /home/ashy/abaja_ros2_dev/install/feedback/include/feedback/feedback/msg
[0.658s] -- Up-to-date: /home/ashy/abaja_ros2_dev/install/feedback/include/feedback/feedback/msg/rosidl_generator_cpp__visibility_control.hpp
[0.658s] -- Up-to-date: /home/ashy/abaja_ros2_dev/install/feedback/include/feedback/feedback/msg/detail
[0.658s] -- Up-to-date: /home/ashy/abaja_ros2_dev/install/feedback/include/feedback/feedback/msg/detail/velocity__builder.hpp
[0.658s] -- Up-to-date: /home/ashy/abaja_ros2_dev/install/feedback/include/feedback/feedback/msg/detail/velocity__type_support.hpp
[0.658s] -- Up-to-date: /home/ashy/abaja_ros2_dev/install/feedback/include/feedback/feedback/msg/detail/velocity__traits.hpp
[0.658s] -- Up-to-date: /home/ashy/abaja_ros2_dev/install/feedback/include/feedback/feedback/msg/detail/velocity__struct.hpp
[0.658s] -- Up-to-date: /home/ashy/abaja_ros2_dev/install/feedback/include/feedback/feedback/msg/velocity.hpp
[0.658s] -- Up-to-date: /home/ashy/abaja_ros2_dev/install/feedback/include/feedback/feedback
[0.658s] -- Up-to-date: /home/ashy/abaja_ros2_dev/install/feedback/include/feedback/feedback/msg
[0.659s] -- Up-to-date: /home/ashy/abaja_ros2_dev/install/feedback/include/feedback/feedback/msg/detail
[0.659s] -- Up-to-date: /home/ashy/abaja_ros2_dev/install/feedback/include/feedback/feedback/msg/detail/dds_fastrtps
[0.659s] -- Up-to-date: /home/ashy/abaja_ros2_dev/install/feedback/include/feedback/feedback/msg/detail/velocity__rosidl_typesupport_fastrtps_cpp.hpp
[0.659s] -- Up-to-date: /home/ashy/abaja_ros2_dev/install/feedback/include/feedback/feedback/msg/rosidl_typesupport_fastrtps_cpp__visibility_control.h
[0.660s] -- Up-to-date: /home/ashy/abaja_ros2_dev/install/feedback/lib/libfeedback__rosidl_typesupport_fastrtps_cpp.so
[0.661s] -- Up-to-date: /home/ashy/abaja_ros2_dev/install/feedback/include/feedback/feedback
[0.661s] -- Up-to-date: /home/ashy/abaja_ros2_dev/install/feedback/include/feedback/feedback/msg
[0.661s] -- Up-to-date: /home/ashy/abaja_ros2_dev/install/feedback/include/feedback/feedback/msg/detail
[0.662s] -- Up-to-date: /home/ashy/abaja_ros2_dev/install/feedback/include/feedback/feedback/msg/detail/velocity__type_support.cpp
[0.662s] -- Up-to-date: /home/ashy/abaja_ros2_dev/install/feedback/include/feedback/feedback/msg/detail/velocity__rosidl_typesupport_introspection_cpp.hpp
[0.662s] -- Up-to-date: /home/ashy/abaja_ros2_dev/install/feedback/lib/libfeedback__rosidl_typesupport_introspection_cpp.so
[0.663s] -- Up-to-date: /home/ashy/abaja_ros2_dev/install/feedback/lib/libfeedback__rosidl_typesupport_cpp.so
[0.663s] -- Up-to-date: /home/ashy/abaja_ros2_dev/install/feedback/share/feedback/environment/pythonpath.sh
[0.663s] -- Up-to-date: /home/ashy/abaja_ros2_dev/install/feedback/share/feedback/environment/pythonpath.dsv
[0.664s] -- Up-to-date: /home/ashy/abaja_ros2_dev/install/feedback/local/lib/python3.10/dist-packages/feedback-0.0.0-py3.10.egg-info
[0.664s] -- Installing: /home/ashy/abaja_ros2_dev/install/feedback/local/lib/python3.10/dist-packages/feedback-0.0.0-py3.10.egg-info/top_level.txt
[0.664s] -- Installing: /home/ashy/abaja_ros2_dev/install/feedback/local/lib/python3.10/dist-packages/feedback-0.0.0-py3.10.egg-info/PKG-INFO
[0.664s] -- Installing: /home/ashy/abaja_ros2_dev/install/feedback/local/lib/python3.10/dist-packages/feedback-0.0.0-py3.10.egg-info/dependency_links.txt
[0.664s] -- Installing: /home/ashy/abaja_ros2_dev/install/feedback/local/lib/python3.10/dist-packages/feedback-0.0.0-py3.10.egg-info/SOURCES.txt
[0.664s] -- Up-to-date: /home/ashy/abaja_ros2_dev/install/feedback/local/lib/python3.10/dist-packages/feedback
[0.664s] -- Up-to-date: /home/ashy/abaja_ros2_dev/install/feedback/local/lib/python3.10/dist-packages/feedback/_feedback_s.ep.rosidl_typesupport_fastrtps_c.c
[0.664s] -- Up-to-date: /home/ashy/abaja_ros2_dev/install/feedback/local/lib/python3.10/dist-packages/feedback/feedback_s__rosidl_typesupport_introspection_c.cpython-310-x86_64-linux-gnu.so
[0.665s] -- Up-to-date: /home/ashy/abaja_ros2_dev/install/feedback/local/lib/python3.10/dist-packages/feedback/_feedback_s.ep.rosidl_typesupport_c.c
[0.665s] -- Up-to-date: /home/ashy/abaja_ros2_dev/install/feedback/local/lib/python3.10/dist-packages/feedback/__init__.py
[0.665s] -- Up-to-date: /home/ashy/abaja_ros2_dev/install/feedback/local/lib/python3.10/dist-packages/feedback/feedback_s__rosidl_typesupport_c.cpython-310-x86_64-linux-gnu.so
[0.665s] -- Up-to-date: /home/ashy/abaja_ros2_dev/install/feedback/local/lib/python3.10/dist-packages/feedback/libfeedback__rosidl_generator_py.so
[0.665s] -- Up-to-date: /home/ashy/abaja_ros2_dev/install/feedback/local/lib/python3.10/dist-packages/feedback/msg
[0.665s] -- Up-to-date: /home/ashy/abaja_ros2_dev/install/feedback/local/lib/python3.10/dist-packages/feedback/msg/__init__.py
[0.665s] -- Up-to-date: /home/ashy/abaja_ros2_dev/install/feedback/local/lib/python3.10/dist-packages/feedback/msg/_velocity_s.c
[0.665s] -- Up-to-date: /home/ashy/abaja_ros2_dev/install/feedback/local/lib/python3.10/dist-packages/feedback/msg/_velocity.py
[0.665s] -- Up-to-date: /home/ashy/abaja_ros2_dev/install/feedback/local/lib/python3.10/dist-packages/feedback/_feedback_s.ep.rosidl_typesupport_introspection_c.c
[0.665s] -- Up-to-date: /home/ashy/abaja_ros2_dev/install/feedback/local/lib/python3.10/dist-packages/feedback/feedback_s__rosidl_typesupport_fastrtps_c.cpython-310-x86_64-linux-gnu.so
[0.685s] Listing '/home/ashy/abaja_ros2_dev/install/feedback/local/lib/python3.10/dist-packages/feedback'...
[0.685s] Listing '/home/ashy/abaja_ros2_dev/install/feedback/local/lib/python3.10/dist-packages/feedback/msg'...
[0.689s] -- Up-to-date: /home/ashy/abaja_ros2_dev/install/feedback/local/lib/python3.10/dist-packages/feedback/feedback_s__rosidl_typesupport_fastrtps_c.cpython-310-x86_64-linux-gnu.so
[0.689s] -- Up-to-date: /home/ashy/abaja_ros2_dev/install/feedback/local/lib/python3.10/dist-packages/feedback/feedback_s__rosidl_typesupport_introspection_c.cpython-310-x86_64-linux-gnu.so
[0.690s] -- Up-to-date: /home/ashy/abaja_ros2_dev/install/feedback/local/lib/python3.10/dist-packages/feedback/feedback_s__rosidl_typesupport_c.cpython-310-x86_64-linux-gnu.so
[0.690s] -- Up-to-date: /home/ashy/abaja_ros2_dev/install/feedback/lib/libfeedback__rosidl_generator_py.so
[0.690s] -- Up-to-date: /home/ashy/abaja_ros2_dev/install/feedback/share/feedback/msg/Velocity.idl
[0.690s] -- Up-to-date: /home/ashy/abaja_ros2_dev/install/feedback/share/feedback/msg/Velocity.msg
[0.690s] -- Up-to-date: /home/ashy/abaja_ros2_dev/install/feedback/share/ament_index/resource_index/package_run_dependencies/feedback
[0.690s] -- Up-to-date: /home/ashy/abaja_ros2_dev/install/feedback/share/ament_index/resource_index/parent_prefix_path/feedback
[0.690s] -- Up-to-date: /home/ashy/abaja_ros2_dev/install/feedback/share/feedback/environment/ament_prefix_path.sh
[0.690s] -- Up-to-date: /home/ashy/abaja_ros2_dev/install/feedback/share/feedback/environment/ament_prefix_path.dsv
[0.690s] -- Up-to-date: /home/ashy/abaja_ros2_dev/install/feedback/share/feedback/environment/path.sh
[0.690s] -- Up-to-date: /home/ashy/abaja_ros2_dev/install/feedback/share/feedback/environment/path.dsv
[0.690s] -- Up-to-date: /home/ashy/abaja_ros2_dev/install/feedback/share/feedback/local_setup.bash
[0.691s] -- Up-to-date: /home/ashy/abaja_ros2_dev/install/feedback/share/feedback/local_setup.sh
[0.691s] -- Up-to-date: /home/ashy/abaja_ros2_dev/install/feedback/share/feedback/local_setup.zsh
[0.691s] -- Up-to-date: /home/ashy/abaja_ros2_dev/install/feedback/share/feedback/local_setup.dsv
[0.691s] -- Installing: /home/ashy/abaja_ros2_dev/install/feedback/share/feedback/package.dsv
[0.691s] -- Up-to-date: /home/ashy/abaja_ros2_dev/install/feedback/share/ament_index/resource_index/packages/feedback
[0.691s] -- Up-to-date: /home/ashy/abaja_ros2_dev/install/feedback/share/feedback/cmake/export_feedback__rosidl_generator_cExport.cmake
[0.691s] -- Up-to-date: /home/ashy/abaja_ros2_dev/install/feedback/share/feedback/cmake/export_feedback__rosidl_generator_cExport-noconfig.cmake
[0.691s] -- Up-to-date: /home/ashy/abaja_ros2_dev/install/feedback/share/feedback/cmake/export_feedback__rosidl_typesupport_fastrtps_cExport.cmake
[0.691s] -- Up-to-date: /home/ashy/abaja_ros2_dev/install/feedback/share/feedback/cmake/export_feedback__rosidl_typesupport_fastrtps_cExport-noconfig.cmake
[0.691s] -- Up-to-date: /home/ashy/abaja_ros2_dev/install/feedback/share/feedback/cmake/feedback__rosidl_typesupport_introspection_cExport.cmake
[0.691s] -- Up-to-date: /home/ashy/abaja_ros2_dev/install/feedback/share/feedback/cmake/feedback__rosidl_typesupport_introspection_cExport-noconfig.cmake
[0.691s] -- Up-to-date: /home/ashy/abaja_ros2_dev/install/feedback/share/feedback/cmake/feedback__rosidl_typesupport_cExport.cmake
[0.691s] -- Up-to-date: /home/ashy/abaja_ros2_dev/install/feedback/share/feedback/cmake/feedback__rosidl_typesupport_cExport-noconfig.cmake
[0.691s] -- Up-to-date: /home/ashy/abaja_ros2_dev/install/feedback/share/feedback/cmake/export_feedback__rosidl_generator_cppExport.cmake
[0.692s] -- Up-to-date: /home/ashy/abaja_ros2_dev/install/feedback/share/feedback/cmake/export_feedback__rosidl_typesupport_fastrtps_cppExport.cmake
[0.692s] -- Up-to-date: /home/ashy/abaja_ros2_dev/install/feedback/share/feedback/cmake/export_feedback__rosidl_typesupport_fastrtps_cppExport-noconfig.cmake
[0.692s] -- Up-to-date: /home/ashy/abaja_ros2_dev/install/feedback/share/feedback/cmake/feedback__rosidl_typesupport_introspection_cppExport.cmake
[0.692s] -- Up-to-date: /home/ashy/abaja_ros2_dev/install/feedback/share/feedback/cmake/feedback__rosidl_typesupport_introspection_cppExport-noconfig.cmake
[0.692s] -- Up-to-date: /home/ashy/abaja_ros2_dev/install/feedback/share/feedback/cmake/feedback__rosidl_typesupport_cppExport.cmake
[0.692s] -- Up-to-date: /home/ashy/abaja_ros2_dev/install/feedback/share/feedback/cmake/feedback__rosidl_typesupport_cppExport-noconfig.cmake
[0.692s] -- Up-to-date: /home/ashy/abaja_ros2_dev/install/feedback/share/feedback/cmake/export_feedback__rosidl_generator_pyExport.cmake
[0.692s] -- Up-to-date: /home/ashy/abaja_ros2_dev/install/feedback/share/feedback/cmake/export_feedback__rosidl_generator_pyExport-noconfig.cmake
[0.692s] -- Up-to-date: /home/ashy/abaja_ros2_dev/install/feedback/share/feedback/cmake/rosidl_cmake-extras.cmake
[0.692s] -- Up-to-date: /home/ashy/abaja_ros2_dev/install/feedback/share/feedback/cmake/ament_cmake_export_dependencies-extras.cmake
[0.692s] -- Up-to-date: /home/ashy/abaja_ros2_dev/install/feedback/share/feedback/cmake/ament_cmake_export_include_directories-extras.cmake
[0.692s] -- Up-to-date: /home/ashy/abaja_ros2_dev/install/feedback/share/feedback/cmake/ament_cmake_export_libraries-extras.cmake
[0.692s] -- Up-to-date: /home/ashy/abaja_ros2_dev/install/feedback/share/feedback/cmake/ament_cmake_export_targets-extras.cmake
[0.692s] -- Up-to-date: /home/ashy/abaja_ros2_dev/install/feedback/share/feedback/cmake/rosidl_cmake_export_typesupport_targets-extras.cmake
[0.693s] -- Up-to-date: /home/ashy/abaja_ros2_dev/install/feedback/share/feedback/cmake/rosidl_cmake_export_typesupport_libraries-extras.cmake
[0.693s] -- Up-to-date: /home/ashy/abaja_ros2_dev/install/feedback/share/feedback/cmake/feedbackConfig.cmake
[0.693s] -- Up-to-date: /home/ashy/abaja_ros2_dev/install/feedback/share/feedback/cmake/feedbackConfig-version.cmake
[0.693s] -- Up-to-date: /home/ashy/abaja_ros2_dev/install/feedback/share/feedback/package.xml
[0.696s] Invoked command in '/home/ashy/abaja_ros2_dev/build/feedback' returned '0': CMAKE_PREFIX_PATH=/opt/ros/humble /usr/bin/cmake --install /home/ashy/abaja_ros2_dev/build/feedback
