[0.026s] Invoking command in '/home/ashy/abaja_ros2_dev/build/radar_msgs': CMAKE_PREFIX_PATH=/opt/ros/humble /usr/bin/cmake /home/ashy/abaja_ros2_dev/src/radar_msgs -DCMAKE_INSTALL_PREFIX=/home/ashy/abaja_ros2_dev/install/radar_msgs
[0.091s] -- The C compiler identification is GNU 11.4.0
[0.164s] -- The CXX compiler identification is GNU 11.4.0
[0.171s] -- Detecting C compiler ABI info
[0.246s] -- Detecting C compiler ABI info - done
[0.252s] -- Check for working C compiler: /usr/bin/cc - skipped
[0.252s] -- Detecting C compile features
[0.252s] -- Detecting C compile features - done
[0.255s] -- Detecting CXX compiler ABI info
[0.331s] -- Detecting CXX compiler ABI info - done
[0.337s] -- Check for working CXX compiler: /usr/bin/c++ - skipped
[0.337s] -- Detecting CXX compile features
[0.337s] -- Detecting CXX compile features - done
[0.340s] -- Found ament_cmake: 1.3.11 (/opt/ros/humble/share/ament_cmake/cmake)
[0.638s] -- Found Python3: /usr/bin/python3 (found version "3.10.12") found components: Interpreter 
[0.709s] -- Found rosidl_default_generators: 1.2.0 (/opt/ros/humble/share/rosidl_default_generators/cmake)
[0.711s] -- Using all available rosidl_typesupport_c: rosidl_typesupport_fastrtps_c;rosidl_typesupport_introspection_c
[0.717s] -- Found rosidl_adapter: 3.1.6 (/opt/ros/humble/share/rosidl_adapter/cmake)
[0.745s] -- Using all available rosidl_typesupport_cpp: rosidl_typesupport_fastrtps_cpp;rosidl_typesupport_introspection_cpp
[0.768s] -- Found std_msgs: 4.9.0 (/opt/ros/humble/share/std_msgs/cmake)
[0.784s] -- Found geometry_msgs: 4.9.0 (/opt/ros/humble/share/geometry_msgs/cmake)
[0.795s] -- Found unique_identifier_msgs: 2.2.1 (/opt/ros/humble/share/unique_identifier_msgs/cmake)
[0.997s] -- Found ament_cmake_ros: 0.10.0 (/opt/ros/humble/share/ament_cmake_ros/cmake)
[1.177s] -- Using all available rosidl_typesupport_c: rosidl_typesupport_fastrtps_c;rosidl_typesupport_introspection_c
[1.407s] -- Using all available rosidl_typesupport_cpp: rosidl_typesupport_fastrtps_cpp;rosidl_typesupport_introspection_cpp
[1.422s] -- Found PythonInterp: /usr/bin/python3 (found suitable version "3.10.12", minimum required is "3.6") 
[1.423s] -- Found python_cmake_module: 0.10.0 (/opt/ros/humble/share/python_cmake_module/cmake)
[1.442s] -- Found PythonLibs: /usr/lib/x86_64-linux-gnu/libpython3.10.so (found suitable version "3.10.12", minimum required is "3.5") 
[1.442s] -- Using PYTHON_EXECUTABLE: /usr/bin/python3
[1.442s] -- Using PYTHON_INCLUDE_DIRS: /usr/include/python3.10
[1.442s] -- Using PYTHON_LIBRARIES: /usr/lib/x86_64-linux-gnu/libpython3.10.so
[1.460s] -- Found PythonExtra: .so  
[1.511s] -- Configuring done
[1.545s] -- Generating done
[1.553s] -- Build files have been written to: /home/ashy/abaja_ros2_dev/build/radar_msgs
[1.559s] Invoked command in '/home/ashy/abaja_ros2_dev/build/radar_msgs' returned '0': CMAKE_PREFIX_PATH=/opt/ros/humble /usr/bin/cmake /home/ashy/abaja_ros2_dev/src/radar_msgs -DCMAKE_INSTALL_PREFIX=/home/ashy/abaja_ros2_dev/install/radar_msgs
[1.560s] Invoking command in '/home/ashy/abaja_ros2_dev/build/radar_msgs': CMAKE_PREFIX_PATH=/opt/ros/humble /usr/bin/cmake --build /home/ashy/abaja_ros2_dev/build/radar_msgs -- -j16 -l16
[1.596s] [  2%] [34m[1mGenerating C code for ROS interfaces[0m
[1.608s] [  5%] [34m[1mGenerating C++ code for ROS interfaces[0m
[1.617s] [  5%] Built target ament_cmake_python_copy_radar_msgs
[1.892s] running egg_info
[1.913s] [  5%] Built target radar_msgs__cpp
[1.917s] creating radar_msgs.egg-info
[1.917s] writing radar_msgs.egg-info/PKG-INFO
[1.918s] writing dependency_links to radar_msgs.egg-info/dependency_links.txt
[1.918s] writing top-level names to radar_msgs.egg-info/top_level.txt
[1.918s] writing manifest file 'radar_msgs.egg-info/SOURCES.txt'
[1.926s] [  7%] [34m[1mGenerating C++ type support dispatch for ROS interfaces[0m
[1.933s] [ 10%] [34m[1mGenerating C++ introspection for ROS interfaces[0m
[1.933s] [ 12%] [34m[1mGenerating C++ type support for eProsima Fast-RTPS[0m
[1.980s] [ 15%] [32mBuilding C object CMakeFiles/radar_msgs__rosidl_generator_c.dir/rosidl_generator_c/radar_msgs/msg/detail/radar_track__functions.c.o[0m
[1.983s] [ 17%] [32mBuilding C object CMakeFiles/radar_msgs__rosidl_generator_c.dir/rosidl_generator_c/radar_msgs/msg/detail/radar_track_list__functions.c.o[0m
[1.995s] reading manifest file 'radar_msgs.egg-info/SOURCES.txt'
[1.996s] writing manifest file 'radar_msgs.egg-info/SOURCES.txt'
[2.049s] [ 20%] [32m[1mLinking C shared library libradar_msgs__rosidl_generator_c.so[0m
[2.052s] [ 20%] Built target ament_cmake_python_build_radar_msgs_egg
[2.111s] [ 20%] Built target radar_msgs__rosidl_generator_c
[2.131s] [ 23%] [34m[1mGenerating C type support for eProsima Fast-RTPS[0m
[2.133s] [ 25%] [34m[1mGenerating C introspection for ROS interfaces[0m
[2.147s] [ 28%] [34m[1mGenerating C type support dispatch for ROS interfaces[0m
[2.255s] [ 30%] [32mBuilding CXX object CMakeFiles/radar_msgs__rosidl_typesupport_introspection_cpp.dir/rosidl_typesupport_introspection_cpp/radar_msgs/msg/detail/radar_track_list__type_support.cpp.o[0m
[2.262s] [ 33%] [32mBuilding CXX object CMakeFiles/radar_msgs__rosidl_typesupport_introspection_cpp.dir/rosidl_typesupport_introspection_cpp/radar_msgs/msg/detail/radar_track__type_support.cpp.o[0m
[2.283s] [ 35%] [32mBuilding CXX object CMakeFiles/radar_msgs__rosidl_typesupport_cpp.dir/rosidl_typesupport_cpp/radar_msgs/msg/radar_track__type_support.cpp.o[0m
[2.297s] [ 38%] [32mBuilding CXX object CMakeFiles/radar_msgs__rosidl_typesupport_cpp.dir/rosidl_typesupport_cpp/radar_msgs/msg/radar_track_list__type_support.cpp.o[0m
[2.326s] [ 41%] [32mBuilding CXX object CMakeFiles/radar_msgs__rosidl_typesupport_fastrtps_cpp.dir/rosidl_typesupport_fastrtps_cpp/radar_msgs/msg/detail/dds_fastrtps/radar_track__type_support.cpp.o[0m
[2.339s] [ 43%] [32mBuilding CXX object CMakeFiles/radar_msgs__rosidl_typesupport_fastrtps_cpp.dir/rosidl_typesupport_fastrtps_cpp/radar_msgs/msg/detail/dds_fastrtps/radar_track_list__type_support.cpp.o[0m
[2.509s] [ 46%] [32mBuilding C object CMakeFiles/radar_msgs__rosidl_typesupport_introspection_c.dir/rosidl_typesupport_introspection_c/radar_msgs/msg/detail/radar_track__type_support.c.o[0m
[2.516s] [ 48%] [32mBuilding C object CMakeFiles/radar_msgs__rosidl_typesupport_introspection_c.dir/rosidl_typesupport_introspection_c/radar_msgs/msg/detail/radar_track_list__type_support.c.o[0m
[2.529s] [ 51%] [32mBuilding CXX object CMakeFiles/radar_msgs__rosidl_typesupport_fastrtps_c.dir/rosidl_typesupport_fastrtps_c/radar_msgs/msg/detail/radar_track__type_support_c.cpp.o[0m
[2.531s] [ 53%] [32mBuilding CXX object CMakeFiles/radar_msgs__rosidl_typesupport_c.dir/rosidl_typesupport_c/radar_msgs/msg/radar_track__type_support.cpp.o[0m
[2.541s] [ 56%] [32mBuilding CXX object CMakeFiles/radar_msgs__rosidl_typesupport_c.dir/rosidl_typesupport_c/radar_msgs/msg/radar_track_list__type_support.cpp.o[0m
[2.541s] [ 58%] [32mBuilding CXX object CMakeFiles/radar_msgs__rosidl_typesupport_fastrtps_c.dir/rosidl_typesupport_fastrtps_c/radar_msgs/msg/detail/radar_track_list__type_support_c.cpp.o[0m
[2.585s] [ 61%] [32m[1mLinking C shared library libradar_msgs__rosidl_typesupport_introspection_c.so[0m
[2.586s] [ 64%] [32m[1mLinking CXX shared library libradar_msgs__rosidl_typesupport_c.so[0m
[2.622s] [ 66%] [32m[1mLinking CXX shared library libradar_msgs__rosidl_typesupport_cpp.so[0m
[2.636s] [ 66%] Built target radar_msgs__rosidl_typesupport_introspection_c
[2.646s] [ 66%] Built target radar_msgs__rosidl_typesupport_c
[2.680s] [ 66%] Built target radar_msgs__rosidl_typesupport_cpp
[2.720s] [ 69%] [32m[1mLinking CXX shared library libradar_msgs__rosidl_typesupport_introspection_cpp.so[0m
[2.792s] [ 69%] Built target radar_msgs__rosidl_typesupport_introspection_cpp
[2.805s] [ 71%] [32m[1mLinking CXX shared library libradar_msgs__rosidl_typesupport_fastrtps_cpp.so[0m
[2.835s] [ 74%] [32m[1mLinking CXX shared library libradar_msgs__rosidl_typesupport_fastrtps_c.so[0m
[2.863s] [ 74%] Built target radar_msgs__rosidl_typesupport_fastrtps_cpp
[2.891s] [ 74%] Built target radar_msgs__rosidl_typesupport_fastrtps_c
[2.912s] [ 74%] Built target radar_msgs
[2.930s] [ 76%] [34m[1mGenerating Python code for ROS interfaces[0m
[3.148s] [ 76%] Built target radar_msgs__py
[3.163s] [ 79%] [32mBuilding C object CMakeFiles/radar_msgs__rosidl_generator_py.dir/rosidl_generator_py/radar_msgs/msg/_radar_track_s.c.o[0m
[3.163s] [ 82%] [32mBuilding C object CMakeFiles/radar_msgs__rosidl_generator_py.dir/rosidl_generator_py/radar_msgs/msg/_radar_track_list_s.c.o[0m
[3.236s] [ 84%] [32m[1mLinking C shared library rosidl_generator_py/radar_msgs/libradar_msgs__rosidl_generator_py.so[0m
[3.271s] [ 84%] Built target radar_msgs__rosidl_generator_py
[3.287s] [ 89%] [32mBuilding C object CMakeFiles/radar_msgs__rosidl_typesupport_introspection_c__pyext.dir/rosidl_generator_py/radar_msgs/_radar_msgs_s.ep.rosidl_typesupport_introspection_c.c.o[0m
[3.287s] [ 89%] [32mBuilding C object CMakeFiles/radar_msgs__rosidl_typesupport_fastrtps_c__pyext.dir/rosidl_generator_py/radar_msgs/_radar_msgs_s.ep.rosidl_typesupport_fastrtps_c.c.o[0m
[3.288s] [ 92%] [32mBuilding C object CMakeFiles/radar_msgs__rosidl_typesupport_c__pyext.dir/rosidl_generator_py/radar_msgs/_radar_msgs_s.ep.rosidl_typesupport_c.c.o[0m
[3.360s] [100%] [32m[1mLinking C shared library rosidl_generator_py/radar_msgs/radar_msgs_s__rosidl_typesupport_introspection_c.cpython-310-x86_64-linux-gnu.so[0m
[3.360s] [100%] [32m[1mLinking C shared library rosidl_generator_py/radar_msgs/radar_msgs_s__rosidl_typesupport_fastrtps_c.cpython-310-x86_64-linux-gnu.so[0m
[3.360s] [100%] [32m[1mLinking C shared library rosidl_generator_py/radar_msgs/radar_msgs_s__rosidl_typesupport_c.cpython-310-x86_64-linux-gnu.so[0m
[3.390s] [100%] Built target radar_msgs__rosidl_typesupport_fastrtps_c__pyext
[3.390s] [100%] Built target radar_msgs__rosidl_typesupport_c__pyext
[3.390s] [100%] Built target radar_msgs__rosidl_typesupport_introspection_c__pyext
[3.401s] Invoked command in '/home/ashy/abaja_ros2_dev/build/radar_msgs' returned '0': CMAKE_PREFIX_PATH=/opt/ros/humble /usr/bin/cmake --build /home/ashy/abaja_ros2_dev/build/radar_msgs -- -j16 -l16
[3.403s] Invoking command in '/home/ashy/abaja_ros2_dev/build/radar_msgs': CMAKE_PREFIX_PATH=/opt/ros/humble /usr/bin/cmake --install /home/ashy/abaja_ros2_dev/build/radar_msgs
[3.411s] -- Install configuration: ""
[3.411s] -- Installing: /home/ashy/abaja_ros2_dev/install/radar_msgs/share/ament_index/resource_index/rosidl_interfaces/radar_msgs
[3.411s] -- Installing: /home/ashy/abaja_ros2_dev/install/radar_msgs/include/radar_msgs/radar_msgs
[3.411s] -- Installing: /home/ashy/abaja_ros2_dev/install/radar_msgs/include/radar_msgs/radar_msgs/msg
[3.411s] -- Installing: /home/ashy/abaja_ros2_dev/install/radar_msgs/include/radar_msgs/radar_msgs/msg/detail
[3.411s] -- Installing: /home/ashy/abaja_ros2_dev/install/radar_msgs/include/radar_msgs/radar_msgs/msg/detail/radar_track_list__struct.h
[3.411s] -- Installing: /home/ashy/abaja_ros2_dev/install/radar_msgs/include/radar_msgs/radar_msgs/msg/detail/radar_track__struct.h
[3.412s] -- Installing: /home/ashy/abaja_ros2_dev/install/radar_msgs/include/radar_msgs/radar_msgs/msg/detail/radar_track_list__functions.h
[3.412s] -- Installing: /home/ashy/abaja_ros2_dev/install/radar_msgs/include/radar_msgs/radar_msgs/msg/detail/radar_track_list__type_support.h
[3.412s] -- Installing: /home/ashy/abaja_ros2_dev/install/radar_msgs/include/radar_msgs/radar_msgs/msg/detail/radar_track__functions.h
[3.412s] -- Installing: /home/ashy/abaja_ros2_dev/install/radar_msgs/include/radar_msgs/radar_msgs/msg/detail/radar_track__functions.c
[3.412s] -- Installing: /home/ashy/abaja_ros2_dev/install/radar_msgs/include/radar_msgs/radar_msgs/msg/detail/radar_track__type_support.h
[3.412s] -- Installing: /home/ashy/abaja_ros2_dev/install/radar_msgs/include/radar_msgs/radar_msgs/msg/detail/radar_track_list__functions.c
[3.412s] -- Installing: /home/ashy/abaja_ros2_dev/install/radar_msgs/include/radar_msgs/radar_msgs/msg/radar_track.h
[3.412s] -- Installing: /home/ashy/abaja_ros2_dev/install/radar_msgs/include/radar_msgs/radar_msgs/msg/rosidl_generator_c__visibility_control.h
[3.412s] -- Installing: /home/ashy/abaja_ros2_dev/install/radar_msgs/include/radar_msgs/radar_msgs/msg/radar_track_list.h
[3.412s] -- Installing: /home/ashy/abaja_ros2_dev/install/radar_msgs/share/radar_msgs/environment/library_path.sh
[3.413s] -- Installing: /home/ashy/abaja_ros2_dev/install/radar_msgs/share/radar_msgs/environment/library_path.dsv
[3.413s] -- Installing: /home/ashy/abaja_ros2_dev/install/radar_msgs/lib/libradar_msgs__rosidl_generator_c.so
[3.413s] -- Set runtime path of "/home/ashy/abaja_ros2_dev/install/radar_msgs/lib/libradar_msgs__rosidl_generator_c.so" to ""
[3.413s] -- Up-to-date: /home/ashy/abaja_ros2_dev/install/radar_msgs/include/radar_msgs/radar_msgs
[3.413s] -- Up-to-date: /home/ashy/abaja_ros2_dev/install/radar_msgs/include/radar_msgs/radar_msgs/msg
[3.413s] -- Up-to-date: /home/ashy/abaja_ros2_dev/install/radar_msgs/include/radar_msgs/radar_msgs/msg/detail
[3.413s] -- Installing: /home/ashy/abaja_ros2_dev/install/radar_msgs/include/radar_msgs/radar_msgs/msg/detail/radar_track__rosidl_typesupport_fastrtps_c.h
[3.413s] -- Installing: /home/ashy/abaja_ros2_dev/install/radar_msgs/include/radar_msgs/radar_msgs/msg/detail/radar_track_list__rosidl_typesupport_fastrtps_c.h
[3.413s] -- Installing: /home/ashy/abaja_ros2_dev/install/radar_msgs/include/radar_msgs/radar_msgs/msg/rosidl_typesupport_fastrtps_c__visibility_control.h
[3.413s] -- Installing: /home/ashy/abaja_ros2_dev/install/radar_msgs/lib/libradar_msgs__rosidl_typesupport_fastrtps_c.so
[3.414s] -- Set runtime path of "/home/ashy/abaja_ros2_dev/install/radar_msgs/lib/libradar_msgs__rosidl_typesupport_fastrtps_c.so" to ""
[3.414s] -- Up-to-date: /home/ashy/abaja_ros2_dev/install/radar_msgs/include/radar_msgs/radar_msgs
[3.414s] -- Up-to-date: /home/ashy/abaja_ros2_dev/install/radar_msgs/include/radar_msgs/radar_msgs/msg
[3.414s] -- Up-to-date: /home/ashy/abaja_ros2_dev/install/radar_msgs/include/radar_msgs/radar_msgs/msg/detail
[3.414s] -- Installing: /home/ashy/abaja_ros2_dev/install/radar_msgs/include/radar_msgs/radar_msgs/msg/detail/radar_track__rosidl_typesupport_introspection_c.h
[3.414s] -- Installing: /home/ashy/abaja_ros2_dev/install/radar_msgs/include/radar_msgs/radar_msgs/msg/detail/radar_track__type_support.c
[3.414s] -- Installing: /home/ashy/abaja_ros2_dev/install/radar_msgs/include/radar_msgs/radar_msgs/msg/detail/radar_track_list__rosidl_typesupport_introspection_c.h
[3.414s] -- Installing: /home/ashy/abaja_ros2_dev/install/radar_msgs/include/radar_msgs/radar_msgs/msg/detail/radar_track_list__type_support.c
[3.414s] -- Installing: /home/ashy/abaja_ros2_dev/install/radar_msgs/include/radar_msgs/radar_msgs/msg/rosidl_typesupport_introspection_c__visibility_control.h
[3.414s] -- Installing: /home/ashy/abaja_ros2_dev/install/radar_msgs/lib/libradar_msgs__rosidl_typesupport_introspection_c.so
[3.415s] -- Set runtime path of "/home/ashy/abaja_ros2_dev/install/radar_msgs/lib/libradar_msgs__rosidl_typesupport_introspection_c.so" to ""
[3.415s] -- Installing: /home/ashy/abaja_ros2_dev/install/radar_msgs/lib/libradar_msgs__rosidl_typesupport_c.so
[3.415s] -- Set runtime path of "/home/ashy/abaja_ros2_dev/install/radar_msgs/lib/libradar_msgs__rosidl_typesupport_c.so" to ""
[3.415s] -- Up-to-date: /home/ashy/abaja_ros2_dev/install/radar_msgs/include/radar_msgs/radar_msgs
[3.415s] -- Up-to-date: /home/ashy/abaja_ros2_dev/install/radar_msgs/include/radar_msgs/radar_msgs/msg
[3.415s] -- Installing: /home/ashy/abaja_ros2_dev/install/radar_msgs/include/radar_msgs/radar_msgs/msg/rosidl_generator_cpp__visibility_control.hpp
[3.415s] -- Up-to-date: /home/ashy/abaja_ros2_dev/install/radar_msgs/include/radar_msgs/radar_msgs/msg/detail
[3.415s] -- Installing: /home/ashy/abaja_ros2_dev/install/radar_msgs/include/radar_msgs/radar_msgs/msg/detail/radar_track__builder.hpp
[3.415s] -- Installing: /home/ashy/abaja_ros2_dev/install/radar_msgs/include/radar_msgs/radar_msgs/msg/detail/radar_track__type_support.hpp
[3.415s] -- Installing: /home/ashy/abaja_ros2_dev/install/radar_msgs/include/radar_msgs/radar_msgs/msg/detail/radar_track_list__builder.hpp
[3.415s] -- Installing: /home/ashy/abaja_ros2_dev/install/radar_msgs/include/radar_msgs/radar_msgs/msg/detail/radar_track_list__traits.hpp
[3.416s] -- Installing: /home/ashy/abaja_ros2_dev/install/radar_msgs/include/radar_msgs/radar_msgs/msg/detail/radar_track_list__type_support.hpp
[3.416s] -- Installing: /home/ashy/abaja_ros2_dev/install/radar_msgs/include/radar_msgs/radar_msgs/msg/detail/radar_track_list__struct.hpp
[3.416s] -- Installing: /home/ashy/abaja_ros2_dev/install/radar_msgs/include/radar_msgs/radar_msgs/msg/detail/radar_track__traits.hpp
[3.416s] -- Installing: /home/ashy/abaja_ros2_dev/install/radar_msgs/include/radar_msgs/radar_msgs/msg/detail/radar_track__struct.hpp
[3.416s] -- Installing: /home/ashy/abaja_ros2_dev/install/radar_msgs/include/radar_msgs/radar_msgs/msg/radar_track.hpp
[3.416s] -- Installing: /home/ashy/abaja_ros2_dev/install/radar_msgs/include/radar_msgs/radar_msgs/msg/radar_track_list.hpp
[3.416s] -- Up-to-date: /home/ashy/abaja_ros2_dev/install/radar_msgs/include/radar_msgs/radar_msgs
[3.416s] -- Up-to-date: /home/ashy/abaja_ros2_dev/install/radar_msgs/include/radar_msgs/radar_msgs/msg
[3.416s] -- Up-to-date: /home/ashy/abaja_ros2_dev/install/radar_msgs/include/radar_msgs/radar_msgs/msg/detail
[3.416s] -- Installing: /home/ashy/abaja_ros2_dev/install/radar_msgs/include/radar_msgs/radar_msgs/msg/detail/radar_track_list__rosidl_typesupport_fastrtps_cpp.hpp
[3.416s] -- Installing: /home/ashy/abaja_ros2_dev/install/radar_msgs/include/radar_msgs/radar_msgs/msg/detail/dds_fastrtps
[3.417s] -- Installing: /home/ashy/abaja_ros2_dev/install/radar_msgs/include/radar_msgs/radar_msgs/msg/detail/radar_track__rosidl_typesupport_fastrtps_cpp.hpp
[3.417s] -- Installing: /home/ashy/abaja_ros2_dev/install/radar_msgs/include/radar_msgs/radar_msgs/msg/rosidl_typesupport_fastrtps_cpp__visibility_control.h
[3.417s] -- Installing: /home/ashy/abaja_ros2_dev/install/radar_msgs/lib/libradar_msgs__rosidl_typesupport_fastrtps_cpp.so
[3.417s] -- Set runtime path of "/home/ashy/abaja_ros2_dev/install/radar_msgs/lib/libradar_msgs__rosidl_typesupport_fastrtps_cpp.so" to ""
[3.417s] -- Up-to-date: /home/ashy/abaja_ros2_dev/install/radar_msgs/include/radar_msgs/radar_msgs
[3.417s] -- Up-to-date: /home/ashy/abaja_ros2_dev/install/radar_msgs/include/radar_msgs/radar_msgs/msg
[3.417s] -- Up-to-date: /home/ashy/abaja_ros2_dev/install/radar_msgs/include/radar_msgs/radar_msgs/msg/detail
[3.417s] -- Installing: /home/ashy/abaja_ros2_dev/install/radar_msgs/include/radar_msgs/radar_msgs/msg/detail/radar_track__type_support.cpp
[3.417s] -- Installing: /home/ashy/abaja_ros2_dev/install/radar_msgs/include/radar_msgs/radar_msgs/msg/detail/radar_track_list__type_support.cpp
[3.417s] -- Installing: /home/ashy/abaja_ros2_dev/install/radar_msgs/include/radar_msgs/radar_msgs/msg/detail/radar_track_list__rosidl_typesupport_introspection_cpp.hpp
[3.418s] -- Installing: /home/ashy/abaja_ros2_dev/install/radar_msgs/include/radar_msgs/radar_msgs/msg/detail/radar_track__rosidl_typesupport_introspection_cpp.hpp
[3.418s] -- Installing: /home/ashy/abaja_ros2_dev/install/radar_msgs/lib/libradar_msgs__rosidl_typesupport_introspection_cpp.so
[3.418s] -- Set runtime path of "/home/ashy/abaja_ros2_dev/install/radar_msgs/lib/libradar_msgs__rosidl_typesupport_introspection_cpp.so" to ""
[3.418s] -- Installing: /home/ashy/abaja_ros2_dev/install/radar_msgs/lib/libradar_msgs__rosidl_typesupport_cpp.so
[3.418s] -- Set runtime path of "/home/ashy/abaja_ros2_dev/install/radar_msgs/lib/libradar_msgs__rosidl_typesupport_cpp.so" to ""
[3.418s] -- Installing: /home/ashy/abaja_ros2_dev/install/radar_msgs/share/radar_msgs/environment/pythonpath.sh
[3.418s] -- Installing: /home/ashy/abaja_ros2_dev/install/radar_msgs/share/radar_msgs/environment/pythonpath.dsv
[3.419s] -- Installing: /home/ashy/abaja_ros2_dev/install/radar_msgs/local/lib/python3.10/dist-packages/radar_msgs-0.0.1-py3.10.egg-info
[3.419s] -- Installing: /home/ashy/abaja_ros2_dev/install/radar_msgs/local/lib/python3.10/dist-packages/radar_msgs-0.0.1-py3.10.egg-info/top_level.txt
[3.419s] -- Installing: /home/ashy/abaja_ros2_dev/install/radar_msgs/local/lib/python3.10/dist-packages/radar_msgs-0.0.1-py3.10.egg-info/PKG-INFO
[3.419s] -- Installing: /home/ashy/abaja_ros2_dev/install/radar_msgs/local/lib/python3.10/dist-packages/radar_msgs-0.0.1-py3.10.egg-info/dependency_links.txt
[3.419s] -- Installing: /home/ashy/abaja_ros2_dev/install/radar_msgs/local/lib/python3.10/dist-packages/radar_msgs-0.0.1-py3.10.egg-info/SOURCES.txt
[3.419s] -- Installing: /home/ashy/abaja_ros2_dev/install/radar_msgs/local/lib/python3.10/dist-packages/radar_msgs
[3.419s] -- Installing: /home/ashy/abaja_ros2_dev/install/radar_msgs/local/lib/python3.10/dist-packages/radar_msgs/__init__.py
[3.419s] -- Installing: /home/ashy/abaja_ros2_dev/install/radar_msgs/local/lib/python3.10/dist-packages/radar_msgs/_radar_msgs_s.ep.rosidl_typesupport_introspection_c.c
[3.419s] -- Installing: /home/ashy/abaja_ros2_dev/install/radar_msgs/local/lib/python3.10/dist-packages/radar_msgs/_radar_msgs_s.ep.rosidl_typesupport_c.c
[3.419s] -- Installing: /home/ashy/abaja_ros2_dev/install/radar_msgs/local/lib/python3.10/dist-packages/radar_msgs/radar_msgs_s__rosidl_typesupport_c.cpython-310-x86_64-linux-gnu.so
[3.420s] -- Installing: /home/ashy/abaja_ros2_dev/install/radar_msgs/local/lib/python3.10/dist-packages/radar_msgs/libradar_msgs__rosidl_generator_py.so
[3.420s] -- Installing: /home/ashy/abaja_ros2_dev/install/radar_msgs/local/lib/python3.10/dist-packages/radar_msgs/_radar_msgs_s.ep.rosidl_typesupport_fastrtps_c.c
[3.420s] -- Installing: /home/ashy/abaja_ros2_dev/install/radar_msgs/local/lib/python3.10/dist-packages/radar_msgs/radar_msgs_s__rosidl_typesupport_introspection_c.cpython-310-x86_64-linux-gnu.so
[3.420s] -- Installing: /home/ashy/abaja_ros2_dev/install/radar_msgs/local/lib/python3.10/dist-packages/radar_msgs/radar_msgs_s__rosidl_typesupport_fastrtps_c.cpython-310-x86_64-linux-gnu.so
[3.420s] -- Installing: /home/ashy/abaja_ros2_dev/install/radar_msgs/local/lib/python3.10/dist-packages/radar_msgs/msg
[3.420s] -- Installing: /home/ashy/abaja_ros2_dev/install/radar_msgs/local/lib/python3.10/dist-packages/radar_msgs/msg/_radar_track.py
[3.420s] -- Installing: /home/ashy/abaja_ros2_dev/install/radar_msgs/local/lib/python3.10/dist-packages/radar_msgs/msg/_radar_track_list.py
[3.420s] -- Installing: /home/ashy/abaja_ros2_dev/install/radar_msgs/local/lib/python3.10/dist-packages/radar_msgs/msg/__init__.py
[3.421s] -- Installing: /home/ashy/abaja_ros2_dev/install/radar_msgs/local/lib/python3.10/dist-packages/radar_msgs/msg/_radar_track_s.c
[3.421s] -- Installing: /home/ashy/abaja_ros2_dev/install/radar_msgs/local/lib/python3.10/dist-packages/radar_msgs/msg/_radar_track_list_s.c
[3.443s] Listing '/home/ashy/abaja_ros2_dev/install/radar_msgs/local/lib/python3.10/dist-packages/radar_msgs'...
[3.444s] Compiling '/home/ashy/abaja_ros2_dev/install/radar_msgs/local/lib/python3.10/dist-packages/radar_msgs/__init__.py'...
[3.444s] Listing '/home/ashy/abaja_ros2_dev/install/radar_msgs/local/lib/python3.10/dist-packages/radar_msgs/msg'...
[3.444s] Compiling '/home/ashy/abaja_ros2_dev/install/radar_msgs/local/lib/python3.10/dist-packages/radar_msgs/msg/__init__.py'...
[3.444s] Compiling '/home/ashy/abaja_ros2_dev/install/radar_msgs/local/lib/python3.10/dist-packages/radar_msgs/msg/_radar_track.py'...
[3.444s] Compiling '/home/ashy/abaja_ros2_dev/install/radar_msgs/local/lib/python3.10/dist-packages/radar_msgs/msg/_radar_track_list.py'...
[3.447s] -- Installing: /home/ashy/abaja_ros2_dev/install/radar_msgs/local/lib/python3.10/dist-packages/radar_msgs/radar_msgs_s__rosidl_typesupport_fastrtps_c.cpython-310-x86_64-linux-gnu.so
[3.447s] -- Set runtime path of "/home/ashy/abaja_ros2_dev/install/radar_msgs/local/lib/python3.10/dist-packages/radar_msgs/radar_msgs_s__rosidl_typesupport_fastrtps_c.cpython-310-x86_64-linux-gnu.so" to ""
[3.447s] -- Installing: /home/ashy/abaja_ros2_dev/install/radar_msgs/local/lib/python3.10/dist-packages/radar_msgs/radar_msgs_s__rosidl_typesupport_introspection_c.cpython-310-x86_64-linux-gnu.so
[3.448s] -- Set runtime path of "/home/ashy/abaja_ros2_dev/install/radar_msgs/local/lib/python3.10/dist-packages/radar_msgs/radar_msgs_s__rosidl_typesupport_introspection_c.cpython-310-x86_64-linux-gnu.so" to ""
[3.448s] -- Installing: /home/ashy/abaja_ros2_dev/install/radar_msgs/local/lib/python3.10/dist-packages/radar_msgs/radar_msgs_s__rosidl_typesupport_c.cpython-310-x86_64-linux-gnu.so
[3.448s] -- Set runtime path of "/home/ashy/abaja_ros2_dev/install/radar_msgs/local/lib/python3.10/dist-packages/radar_msgs/radar_msgs_s__rosidl_typesupport_c.cpython-310-x86_64-linux-gnu.so" to ""
[3.448s] -- Installing: /home/ashy/abaja_ros2_dev/install/radar_msgs/lib/libradar_msgs__rosidl_generator_py.so
[3.448s] -- Set runtime path of "/home/ashy/abaja_ros2_dev/install/radar_msgs/lib/libradar_msgs__rosidl_generator_py.so" to ""
[3.448s] -- Installing: /home/ashy/abaja_ros2_dev/install/radar_msgs/share/radar_msgs/msg/RadarTrack.idl
[3.449s] -- Installing: /home/ashy/abaja_ros2_dev/install/radar_msgs/share/radar_msgs/msg/RadarTrackList.idl
[3.449s] -- Installing: /home/ashy/abaja_ros2_dev/install/radar_msgs/share/radar_msgs/msg/RadarTrack.msg
[3.449s] -- Installing: /home/ashy/abaja_ros2_dev/install/radar_msgs/share/radar_msgs/msg/RadarTrackList.msg
[3.449s] -- Installing: /home/ashy/abaja_ros2_dev/install/radar_msgs/share/ament_index/resource_index/package_run_dependencies/radar_msgs
[3.449s] -- Installing: /home/ashy/abaja_ros2_dev/install/radar_msgs/share/ament_index/resource_index/parent_prefix_path/radar_msgs
[3.449s] -- Installing: /home/ashy/abaja_ros2_dev/install/radar_msgs/share/radar_msgs/environment/ament_prefix_path.sh
[3.449s] -- Installing: /home/ashy/abaja_ros2_dev/install/radar_msgs/share/radar_msgs/environment/ament_prefix_path.dsv
[3.449s] -- Installing: /home/ashy/abaja_ros2_dev/install/radar_msgs/share/radar_msgs/environment/path.sh
[3.449s] -- Installing: /home/ashy/abaja_ros2_dev/install/radar_msgs/share/radar_msgs/environment/path.dsv
[3.449s] -- Installing: /home/ashy/abaja_ros2_dev/install/radar_msgs/share/radar_msgs/local_setup.bash
[3.450s] -- Installing: /home/ashy/abaja_ros2_dev/install/radar_msgs/share/radar_msgs/local_setup.sh
[3.450s] -- Installing: /home/ashy/abaja_ros2_dev/install/radar_msgs/share/radar_msgs/local_setup.zsh
[3.450s] -- Installing: /home/ashy/abaja_ros2_dev/install/radar_msgs/share/radar_msgs/local_setup.dsv
[3.450s] -- Installing: /home/ashy/abaja_ros2_dev/install/radar_msgs/share/radar_msgs/package.dsv
[3.450s] -- Installing: /home/ashy/abaja_ros2_dev/install/radar_msgs/share/ament_index/resource_index/packages/radar_msgs
[3.450s] -- Installing: /home/ashy/abaja_ros2_dev/install/radar_msgs/share/radar_msgs/cmake/export_radar_msgs__rosidl_generator_cExport.cmake
[3.450s] -- Installing: /home/ashy/abaja_ros2_dev/install/radar_msgs/share/radar_msgs/cmake/export_radar_msgs__rosidl_generator_cExport-noconfig.cmake
[3.450s] -- Installing: /home/ashy/abaja_ros2_dev/install/radar_msgs/share/radar_msgs/cmake/export_radar_msgs__rosidl_typesupport_fastrtps_cExport.cmake
[3.450s] -- Installing: /home/ashy/abaja_ros2_dev/install/radar_msgs/share/radar_msgs/cmake/export_radar_msgs__rosidl_typesupport_fastrtps_cExport-noconfig.cmake
[3.451s] -- Installing: /home/ashy/abaja_ros2_dev/install/radar_msgs/share/radar_msgs/cmake/radar_msgs__rosidl_typesupport_introspection_cExport.cmake
[3.451s] -- Installing: /home/ashy/abaja_ros2_dev/install/radar_msgs/share/radar_msgs/cmake/radar_msgs__rosidl_typesupport_introspection_cExport-noconfig.cmake
[3.451s] -- Installing: /home/ashy/abaja_ros2_dev/install/radar_msgs/share/radar_msgs/cmake/radar_msgs__rosidl_typesupport_cExport.cmake
[3.451s] -- Installing: /home/ashy/abaja_ros2_dev/install/radar_msgs/share/radar_msgs/cmake/radar_msgs__rosidl_typesupport_cExport-noconfig.cmake
[3.451s] -- Installing: /home/ashy/abaja_ros2_dev/install/radar_msgs/share/radar_msgs/cmake/export_radar_msgs__rosidl_generator_cppExport.cmake
[3.451s] -- Installing: /home/ashy/abaja_ros2_dev/install/radar_msgs/share/radar_msgs/cmake/export_radar_msgs__rosidl_typesupport_fastrtps_cppExport.cmake
[3.451s] -- Installing: /home/ashy/abaja_ros2_dev/install/radar_msgs/share/radar_msgs/cmake/export_radar_msgs__rosidl_typesupport_fastrtps_cppExport-noconfig.cmake
[3.451s] -- Installing: /home/ashy/abaja_ros2_dev/install/radar_msgs/share/radar_msgs/cmake/radar_msgs__rosidl_typesupport_introspection_cppExport.cmake
[3.452s] -- Installing: /home/ashy/abaja_ros2_dev/install/radar_msgs/share/radar_msgs/cmake/radar_msgs__rosidl_typesupport_introspection_cppExport-noconfig.cmake
[3.452s] -- Installing: /home/ashy/abaja_ros2_dev/install/radar_msgs/share/radar_msgs/cmake/radar_msgs__rosidl_typesupport_cppExport.cmake
[3.452s] -- Installing: /home/ashy/abaja_ros2_dev/install/radar_msgs/share/radar_msgs/cmake/radar_msgs__rosidl_typesupport_cppExport-noconfig.cmake
[3.452s] -- Installing: /home/ashy/abaja_ros2_dev/install/radar_msgs/share/radar_msgs/cmake/export_radar_msgs__rosidl_generator_pyExport.cmake
[3.452s] -- Installing: /home/ashy/abaja_ros2_dev/install/radar_msgs/share/radar_msgs/cmake/export_radar_msgs__rosidl_generator_pyExport-noconfig.cmake
[3.452s] -- Installing: /home/ashy/abaja_ros2_dev/install/radar_msgs/share/radar_msgs/cmake/rosidl_cmake-extras.cmake
[3.452s] -- Installing: /home/ashy/abaja_ros2_dev/install/radar_msgs/share/radar_msgs/cmake/ament_cmake_export_dependencies-extras.cmake
[3.452s] -- Installing: /home/ashy/abaja_ros2_dev/install/radar_msgs/share/radar_msgs/cmake/ament_cmake_export_include_directories-extras.cmake
[3.452s] -- Installing: /home/ashy/abaja_ros2_dev/install/radar_msgs/share/radar_msgs/cmake/ament_cmake_export_libraries-extras.cmake
[3.453s] -- Installing: /home/ashy/abaja_ros2_dev/install/radar_msgs/share/radar_msgs/cmake/ament_cmake_export_targets-extras.cmake
[3.453s] -- Installing: /home/ashy/abaja_ros2_dev/install/radar_msgs/share/radar_msgs/cmake/rosidl_cmake_export_typesupport_targets-extras.cmake
[3.453s] -- Installing: /home/ashy/abaja_ros2_dev/install/radar_msgs/share/radar_msgs/cmake/rosidl_cmake_export_typesupport_libraries-extras.cmake
[3.453s] -- Installing: /home/ashy/abaja_ros2_dev/install/radar_msgs/share/radar_msgs/cmake/radar_msgsConfig.cmake
[3.453s] -- Installing: /home/ashy/abaja_ros2_dev/install/radar_msgs/share/radar_msgs/cmake/radar_msgsConfig-version.cmake
[3.453s] -- Installing: /home/ashy/abaja_ros2_dev/install/radar_msgs/share/radar_msgs/package.xml
[3.455s] Invoked command in '/home/ashy/abaja_ros2_dev/build/radar_msgs' returned '0': CMAKE_PREFIX_PATH=/opt/ros/humble /usr/bin/cmake --install /home/ashy/abaja_ros2_dev/build/radar_msgs
