[0.037s] Invoking command in '/home/nvidia/ROS2-ABAJA-DEV-main/build/inertial_msgs': CMAKE_PREFIX_PATH=/opt/ros/humble /usr/bin/cmake /home/nvidia/ROS2-ABAJA-DEV-main/src/inertial_msgs -DCMAKE_INSTALL_PREFIX=/home/nvidia/ROS2-ABAJA-DEV-main/install/inertial_msgs
[0.190s] -- The C compiler identification is GNU 11.4.0
[0.315s] -- The CXX compiler identification is GNU 11.4.0
[0.331s] -- Detecting C compiler ABI info
[0.482s] -- Detecting C compiler ABI info - done
[0.505s] -- Check for working C compiler: /usr/bin/cc - skipped
[0.506s] -- Detecting C compile features
[0.508s] -- Detecting C compile features - done
[0.515s] -- Detecting CXX compiler ABI info
[0.706s] -- Detecting CXX compiler ABI info - done
[0.725s] -- Check for working CXX compiler: /usr/bin/c++ - skipped
[0.727s] -- Detecting CXX compile features
[0.728s] -- Detecting CXX compile features - done
[0.734s] -- Found ament_cmake: 1.3.12 (/opt/ros/humble/share/ament_cmake/cmake)
[1.130s] -- Found Python3: /usr/bin/python3 (found version "3.10.12") found components: Interpreter 
[1.343s] -- Found rosidl_default_generators: 1.2.0 (/opt/ros/humble/share/rosidl_default_generators/cmake)
[1.348s] -- Using all available rosidl_typesupport_c: rosidl_typesupport_fastrtps_c;rosidl_typesupport_introspection_c
[1.359s] -- Found rosidl_adapter: 3.1.7 (/opt/ros/humble/share/rosidl_adapter/cmake)
[1.440s] -- Using all available rosidl_typesupport_cpp: rosidl_typesupport_fastrtps_cpp;rosidl_typesupport_introspection_cpp
[1.511s] -- Found geometry_msgs: 4.9.0 (/opt/ros/humble/share/geometry_msgs/cmake)
[2.358s] -- Found ament_cmake_ros: 0.10.0 (/opt/ros/humble/share/ament_cmake_ros/cmake)
[2.939s] -- Using all available rosidl_typesupport_c: rosidl_typesupport_fastrtps_c;rosidl_typesupport_introspection_c
[3.748s] -- Using all available rosidl_typesupport_cpp: rosidl_typesupport_fastrtps_cpp;rosidl_typesupport_introspection_cpp
[3.856s] -- Found PythonInterp: /usr/bin/python3 (found suitable version "3.10.12", minimum required is "3.6") 
[3.858s] -- Found python_cmake_module: 0.10.0 (/opt/ros/humble/share/python_cmake_module/cmake)
[3.979s] -- Found PythonLibs: /usr/lib/aarch64-linux-gnu/libpython3.10.so (found suitable version "3.10.12", minimum required is "3.5") 
[3.979s] -- Using PYTHON_EXECUTABLE: /usr/bin/python3
[3.979s] -- Using PYTHON_INCLUDE_DIRS: /usr/include/python3.10
[3.980s] -- Using PYTHON_LIBRARIES: /usr/lib/aarch64-linux-gnu/libpython3.10.so
[4.091s] -- Found PythonExtra: .so  
[4.231s] -- Configuring done
[4.308s] -- Generating done
[4.336s] -- Build files have been written to: /home/nvidia/ROS2-ABAJA-DEV-main/build/inertial_msgs
[4.368s] Invoked command in '/home/nvidia/ROS2-ABAJA-DEV-main/build/inertial_msgs' returned '0': CMAKE_PREFIX_PATH=/opt/ros/humble /usr/bin/cmake /home/nvidia/ROS2-ABAJA-DEV-main/src/inertial_msgs -DCMAKE_INSTALL_PREFIX=/home/nvidia/ROS2-ABAJA-DEV-main/install/inertial_msgs
[4.381s] Invoking command in '/home/nvidia/ROS2-ABAJA-DEV-main/build/inertial_msgs': CMAKE_PREFIX_PATH=/opt/ros/humble /usr/bin/cmake --build /home/nvidia/ROS2-ABAJA-DEV-main/build/inertial_msgs -- -j6 -l6
[4.566s] [  3%] [34m[1mGenerating C code for ROS interfaces[0m
[4.648s] [  6%] [34m[1mGenerating C++ code for ROS interfaces[0m
[4.711s] [  6%] Built target ament_cmake_python_copy_inertial_msgs
[6.711s] [  6%] Built target inertial_msgs__cpp
[6.748s] running egg_info
[6.750s] creating inertial_msgs.egg-info
[6.750s] writing inertial_msgs.egg-info/PKG-INFO
[6.751s] writing dependency_links to inertial_msgs.egg-info/dependency_links.txt
[6.752s] writing top-level names to inertial_msgs.egg-info/top_level.txt
[6.777s] writing manifest file 'inertial_msgs.egg-info/SOURCES.txt'
[6.796s] reading manifest file 'inertial_msgs.egg-info/SOURCES.txt'
[6.810s] writing manifest file 'inertial_msgs.egg-info/SOURCES.txt'
[6.827s] [  9%] [34m[1mGenerating C++ type support dispatch for ROS interfaces[0m
[6.827s] [ 12%] [34m[1mGenerating C++ introspection for ROS interfaces[0m
[6.859s] [ 16%] [34m[1mGenerating C++ type support for eProsima Fast-RTPS[0m
[7.115s] [ 19%] [32mBuilding C object CMakeFiles/inertial_msgs__rosidl_generator_c.dir/rosidl_generator_c/inertial_msgs/msg/detail/pose__functions.c.o[0m
[7.244s] [ 19%] Built target ament_cmake_python_build_inertial_msgs_egg
[7.611s] [ 22%] [32m[1mLinking C shared library libinertial_msgs__rosidl_generator_c.so[0m
[7.891s] [ 22%] Built target inertial_msgs__rosidl_generator_c
[7.987s] [ 25%] [34m[1mGenerating C type support for eProsima Fast-RTPS[0m
[8.005s] [ 29%] [34m[1mGenerating C introspection for ROS interfaces[0m
[8.031s] [ 32%] [34m[1mGenerating C type support dispatch for ROS interfaces[0m
[8.736s] [ 35%] [32mBuilding CXX object CMakeFiles/inertial_msgs__rosidl_typesupport_cpp.dir/rosidl_typesupport_cpp/inertial_msgs/msg/pose__type_support.cpp.o[0m
[9.096s] [ 38%] [32mBuilding CXX object CMakeFiles/inertial_msgs__rosidl_typesupport_introspection_cpp.dir/rosidl_typesupport_introspection_cpp/inertial_msgs/msg/detail/pose__type_support.cpp.o[0m
[9.655s] [ 41%] [32mBuilding CXX object CMakeFiles/inertial_msgs__rosidl_typesupport_fastrtps_cpp.dir/rosidl_typesupport_fastrtps_cpp/inertial_msgs/msg/detail/dds_fastrtps/pose__type_support.cpp.o[0m
[10.073s] [ 45%] [32mBuilding CXX object CMakeFiles/inertial_msgs__rosidl_typesupport_fastrtps_c.dir/rosidl_typesupport_fastrtps_c/inertial_msgs/msg/detail/pose__type_support_c.cpp.o[0m
[10.103s] [ 48%] [32mBuilding CXX object CMakeFiles/inertial_msgs__rosidl_typesupport_c.dir/rosidl_typesupport_c/inertial_msgs/msg/pose__type_support.cpp.o[0m
[10.105s] [ 51%] [32mBuilding C object CMakeFiles/inertial_msgs__rosidl_typesupport_introspection_c.dir/rosidl_typesupport_introspection_c/inertial_msgs/msg/detail/pose__type_support.c.o[0m
[10.240s] [ 54%] [32m[1mLinking CXX shared library libinertial_msgs__rosidl_typesupport_c.so[0m
[10.270s] [ 58%] [32m[1mLinking C shared library libinertial_msgs__rosidl_typesupport_introspection_c.so[0m
[10.451s] [ 58%] Built target inertial_msgs__rosidl_typesupport_introspection_c
[10.465s] [ 58%] Built target inertial_msgs__rosidl_typesupport_c
[10.466s] [ 61%] [32m[1mLinking CXX shared library libinertial_msgs__rosidl_typesupport_cpp.so[0m
[10.713s] [ 61%] Built target inertial_msgs__rosidl_typesupport_cpp
[11.221s] [ 64%] [32m[1mLinking CXX shared library libinertial_msgs__rosidl_typesupport_introspection_cpp.so[0m
[11.535s] [ 64%] Built target inertial_msgs__rosidl_typesupport_introspection_cpp
[11.656s] [ 67%] [32m[1mLinking CXX shared library libinertial_msgs__rosidl_typesupport_fastrtps_cpp.so[0m
[11.894s] [ 70%] [32m[1mLinking CXX shared library libinertial_msgs__rosidl_typesupport_fastrtps_c.so[0m
[11.991s] [ 70%] Built target inertial_msgs__rosidl_typesupport_fastrtps_cpp
[12.140s] [ 70%] Built target inertial_msgs__rosidl_typesupport_fastrtps_c
[12.187s] [ 70%] Built target inertial_msgs
[12.231s] [ 74%] [34m[1mGenerating Python code for ROS interfaces[0m
[13.239s] [ 74%] Built target inertial_msgs__py
[13.284s] [ 77%] [32mBuilding C object CMakeFiles/inertial_msgs__rosidl_generator_py.dir/rosidl_generator_py/inertial_msgs/msg/_pose_s.c.o[0m
[13.509s] [ 80%] [32m[1mLinking C shared library rosidl_generator_py/inertial_msgs/libinertial_msgs__rosidl_generator_py.so[0m
[13.591s] [ 80%] Built target inertial_msgs__rosidl_generator_py
[13.631s] [ 87%] [32mBuilding C object CMakeFiles/inertial_msgs__rosidl_typesupport_introspection_c__pyext.dir/rosidl_generator_py/inertial_msgs/_inertial_msgs_s.ep.rosidl_typesupport_introspection_c.c.o[0m
[13.631s] [ 87%] [32mBuilding C object CMakeFiles/inertial_msgs__rosidl_typesupport_c__pyext.dir/rosidl_generator_py/inertial_msgs/_inertial_msgs_s.ep.rosidl_typesupport_c.c.o[0m
[13.634s] [ 90%] [32mBuilding C object CMakeFiles/inertial_msgs__rosidl_typesupport_fastrtps_c__pyext.dir/rosidl_generator_py/inertial_msgs/_inertial_msgs_s.ep.rosidl_typesupport_fastrtps_c.c.o[0m
[13.846s] [100%] [32m[1mLinking C shared library rosidl_generator_py/inertial_msgs/inertial_msgs_s__rosidl_typesupport_fastrtps_c.cpython-310-aarch64-linux-gnu.so[0m
[13.847s] [100%] [32m[1mLinking C shared library rosidl_generator_py/inertial_msgs/inertial_msgs_s__rosidl_typesupport_c.cpython-310-aarch64-linux-gnu.so[0m
[13.847s] [100%] [32m[1mLinking C shared library rosidl_generator_py/inertial_msgs/inertial_msgs_s__rosidl_typesupport_introspection_c.cpython-310-aarch64-linux-gnu.so[0m
[13.934s] [100%] Built target inertial_msgs__rosidl_typesupport_c__pyext
[13.934s] [100%] Built target inertial_msgs__rosidl_typesupport_fastrtps_c__pyext
[13.939s] [100%] Built target inertial_msgs__rosidl_typesupport_introspection_c__pyext
[13.964s] Invoked command in '/home/nvidia/ROS2-ABAJA-DEV-main/build/inertial_msgs' returned '0': CMAKE_PREFIX_PATH=/opt/ros/humble /usr/bin/cmake --build /home/nvidia/ROS2-ABAJA-DEV-main/build/inertial_msgs -- -j6 -l6
[13.967s] Invoking command in '/home/nvidia/ROS2-ABAJA-DEV-main/build/inertial_msgs': CMAKE_PREFIX_PATH=/opt/ros/humble /usr/bin/cmake --install /home/nvidia/ROS2-ABAJA-DEV-main/build/inertial_msgs
[13.984s] -- Install configuration: ""
[13.985s] -- Installing: /home/nvidia/ROS2-ABAJA-DEV-main/install/inertial_msgs/share/ament_index/resource_index/rosidl_interfaces/inertial_msgs
[13.985s] -- Installing: /home/nvidia/ROS2-ABAJA-DEV-main/install/inertial_msgs/include/inertial_msgs/inertial_msgs
[13.986s] -- Installing: /home/nvidia/ROS2-ABAJA-DEV-main/install/inertial_msgs/include/inertial_msgs/inertial_msgs/msg
[13.986s] -- Installing: /home/nvidia/ROS2-ABAJA-DEV-main/install/inertial_msgs/include/inertial_msgs/inertial_msgs/msg/rosidl_generator_c__visibility_control.h
[13.986s] -- Installing: /home/nvidia/ROS2-ABAJA-DEV-main/install/inertial_msgs/include/inertial_msgs/inertial_msgs/msg/pose.h
[13.986s] -- Installing: /home/nvidia/ROS2-ABAJA-DEV-main/install/inertial_msgs/include/inertial_msgs/inertial_msgs/msg/detail
[13.986s] -- Installing: /home/nvidia/ROS2-ABAJA-DEV-main/install/inertial_msgs/include/inertial_msgs/inertial_msgs/msg/detail/pose__struct.h
[13.986s] -- Installing: /home/nvidia/ROS2-ABAJA-DEV-main/install/inertial_msgs/include/inertial_msgs/inertial_msgs/msg/detail/pose__functions.c
[13.987s] -- Installing: /home/nvidia/ROS2-ABAJA-DEV-main/install/inertial_msgs/include/inertial_msgs/inertial_msgs/msg/detail/pose__type_support.h
[13.987s] -- Installing: /home/nvidia/ROS2-ABAJA-DEV-main/install/inertial_msgs/include/inertial_msgs/inertial_msgs/msg/detail/pose__functions.h
[13.988s] -- Installing: /home/nvidia/ROS2-ABAJA-DEV-main/install/inertial_msgs/share/inertial_msgs/environment/library_path.sh
[13.988s] -- Installing: /home/nvidia/ROS2-ABAJA-DEV-main/install/inertial_msgs/share/inertial_msgs/environment/library_path.dsv
[13.988s] -- Installing: /home/nvidia/ROS2-ABAJA-DEV-main/install/inertial_msgs/lib/libinertial_msgs__rosidl_generator_c.so
[13.989s] -- Set runtime path of "/home/nvidia/ROS2-ABAJA-DEV-main/install/inertial_msgs/lib/libinertial_msgs__rosidl_generator_c.so" to ""
[13.989s] -- Up-to-date: /home/nvidia/ROS2-ABAJA-DEV-main/install/inertial_msgs/include/inertial_msgs/inertial_msgs
[13.989s] -- Up-to-date: /home/nvidia/ROS2-ABAJA-DEV-main/install/inertial_msgs/include/inertial_msgs/inertial_msgs/msg
[13.989s] -- Installing: /home/nvidia/ROS2-ABAJA-DEV-main/install/inertial_msgs/include/inertial_msgs/inertial_msgs/msg/rosidl_typesupport_fastrtps_c__visibility_control.h
[13.990s] -- Up-to-date: /home/nvidia/ROS2-ABAJA-DEV-main/install/inertial_msgs/include/inertial_msgs/inertial_msgs/msg/detail
[13.990s] -- Installing: /home/nvidia/ROS2-ABAJA-DEV-main/install/inertial_msgs/include/inertial_msgs/inertial_msgs/msg/detail/pose__rosidl_typesupport_fastrtps_c.h
[13.990s] -- Installing: /home/nvidia/ROS2-ABAJA-DEV-main/install/inertial_msgs/lib/libinertial_msgs__rosidl_typesupport_fastrtps_c.so
[13.990s] -- Set runtime path of "/home/nvidia/ROS2-ABAJA-DEV-main/install/inertial_msgs/lib/libinertial_msgs__rosidl_typesupport_fastrtps_c.so" to ""
[13.991s] -- Up-to-date: /home/nvidia/ROS2-ABAJA-DEV-main/install/inertial_msgs/include/inertial_msgs/inertial_msgs
[13.991s] -- Up-to-date: /home/nvidia/ROS2-ABAJA-DEV-main/install/inertial_msgs/include/inertial_msgs/inertial_msgs/msg
[13.991s] -- Installing: /home/nvidia/ROS2-ABAJA-DEV-main/install/inertial_msgs/include/inertial_msgs/inertial_msgs/msg/rosidl_typesupport_introspection_c__visibility_control.h
[13.991s] -- Up-to-date: /home/nvidia/ROS2-ABAJA-DEV-main/install/inertial_msgs/include/inertial_msgs/inertial_msgs/msg/detail
[13.991s] -- Installing: /home/nvidia/ROS2-ABAJA-DEV-main/install/inertial_msgs/include/inertial_msgs/inertial_msgs/msg/detail/pose__type_support.c
[13.991s] -- Installing: /home/nvidia/ROS2-ABAJA-DEV-main/install/inertial_msgs/include/inertial_msgs/inertial_msgs/msg/detail/pose__rosidl_typesupport_introspection_c.h
[13.992s] -- Installing: /home/nvidia/ROS2-ABAJA-DEV-main/install/inertial_msgs/lib/libinertial_msgs__rosidl_typesupport_introspection_c.so
[13.992s] -- Set runtime path of "/home/nvidia/ROS2-ABAJA-DEV-main/install/inertial_msgs/lib/libinertial_msgs__rosidl_typesupport_introspection_c.so" to ""
[13.993s] -- Installing: /home/nvidia/ROS2-ABAJA-DEV-main/install/inertial_msgs/lib/libinertial_msgs__rosidl_typesupport_c.so
[13.993s] -- Set runtime path of "/home/nvidia/ROS2-ABAJA-DEV-main/install/inertial_msgs/lib/libinertial_msgs__rosidl_typesupport_c.so" to ""
[13.993s] -- Up-to-date: /home/nvidia/ROS2-ABAJA-DEV-main/install/inertial_msgs/include/inertial_msgs/inertial_msgs
[13.993s] -- Up-to-date: /home/nvidia/ROS2-ABAJA-DEV-main/install/inertial_msgs/include/inertial_msgs/inertial_msgs/msg
[13.994s] -- Installing: /home/nvidia/ROS2-ABAJA-DEV-main/install/inertial_msgs/include/inertial_msgs/inertial_msgs/msg/pose.hpp
[13.994s] -- Installing: /home/nvidia/ROS2-ABAJA-DEV-main/install/inertial_msgs/include/inertial_msgs/inertial_msgs/msg/rosidl_generator_cpp__visibility_control.hpp
[13.994s] -- Up-to-date: /home/nvidia/ROS2-ABAJA-DEV-main/install/inertial_msgs/include/inertial_msgs/inertial_msgs/msg/detail
[13.994s] -- Installing: /home/nvidia/ROS2-ABAJA-DEV-main/install/inertial_msgs/include/inertial_msgs/inertial_msgs/msg/detail/pose__struct.hpp
[13.994s] -- Installing: /home/nvidia/ROS2-ABAJA-DEV-main/install/inertial_msgs/include/inertial_msgs/inertial_msgs/msg/detail/pose__builder.hpp
[13.994s] -- Installing: /home/nvidia/ROS2-ABAJA-DEV-main/install/inertial_msgs/include/inertial_msgs/inertial_msgs/msg/detail/pose__traits.hpp
[13.995s] -- Installing: /home/nvidia/ROS2-ABAJA-DEV-main/install/inertial_msgs/include/inertial_msgs/inertial_msgs/msg/detail/pose__type_support.hpp
[13.995s] -- Up-to-date: /home/nvidia/ROS2-ABAJA-DEV-main/install/inertial_msgs/include/inertial_msgs/inertial_msgs
[13.995s] -- Up-to-date: /home/nvidia/ROS2-ABAJA-DEV-main/install/inertial_msgs/include/inertial_msgs/inertial_msgs/msg
[13.995s] -- Installing: /home/nvidia/ROS2-ABAJA-DEV-main/install/inertial_msgs/include/inertial_msgs/inertial_msgs/msg/rosidl_typesupport_fastrtps_cpp__visibility_control.h
[13.995s] -- Up-to-date: /home/nvidia/ROS2-ABAJA-DEV-main/install/inertial_msgs/include/inertial_msgs/inertial_msgs/msg/detail
[13.995s] -- Installing: /home/nvidia/ROS2-ABAJA-DEV-main/install/inertial_msgs/include/inertial_msgs/inertial_msgs/msg/detail/dds_fastrtps
[13.996s] -- Installing: /home/nvidia/ROS2-ABAJA-DEV-main/install/inertial_msgs/include/inertial_msgs/inertial_msgs/msg/detail/pose__rosidl_typesupport_fastrtps_cpp.hpp
[13.996s] -- Installing: /home/nvidia/ROS2-ABAJA-DEV-main/install/inertial_msgs/lib/libinertial_msgs__rosidl_typesupport_fastrtps_cpp.so
[13.996s] -- Set runtime path of "/home/nvidia/ROS2-ABAJA-DEV-main/install/inertial_msgs/lib/libinertial_msgs__rosidl_typesupport_fastrtps_cpp.so" to ""
[13.997s] -- Up-to-date: /home/nvidia/ROS2-ABAJA-DEV-main/install/inertial_msgs/include/inertial_msgs/inertial_msgs
[13.997s] -- Up-to-date: /home/nvidia/ROS2-ABAJA-DEV-main/install/inertial_msgs/include/inertial_msgs/inertial_msgs/msg
[13.997s] -- Up-to-date: /home/nvidia/ROS2-ABAJA-DEV-main/install/inertial_msgs/include/inertial_msgs/inertial_msgs/msg/detail
[13.997s] -- Installing: /home/nvidia/ROS2-ABAJA-DEV-main/install/inertial_msgs/include/inertial_msgs/inertial_msgs/msg/detail/pose__rosidl_typesupport_introspection_cpp.hpp
[13.997s] -- Installing: /home/nvidia/ROS2-ABAJA-DEV-main/install/inertial_msgs/include/inertial_msgs/inertial_msgs/msg/detail/pose__type_support.cpp
[13.997s] -- Installing: /home/nvidia/ROS2-ABAJA-DEV-main/install/inertial_msgs/lib/libinertial_msgs__rosidl_typesupport_introspection_cpp.so
[13.998s] -- Set runtime path of "/home/nvidia/ROS2-ABAJA-DEV-main/install/inertial_msgs/lib/libinertial_msgs__rosidl_typesupport_introspection_cpp.so" to ""
[13.998s] -- Installing: /home/nvidia/ROS2-ABAJA-DEV-main/install/inertial_msgs/lib/libinertial_msgs__rosidl_typesupport_cpp.so
[13.998s] -- Set runtime path of "/home/nvidia/ROS2-ABAJA-DEV-main/install/inertial_msgs/lib/libinertial_msgs__rosidl_typesupport_cpp.so" to ""
[13.998s] -- Installing: /home/nvidia/ROS2-ABAJA-DEV-main/install/inertial_msgs/share/inertial_msgs/environment/pythonpath.sh
[13.999s] -- Installing: /home/nvidia/ROS2-ABAJA-DEV-main/install/inertial_msgs/share/inertial_msgs/environment/pythonpath.dsv
[13.999s] -- Installing: /home/nvidia/ROS2-ABAJA-DEV-main/install/inertial_msgs/local/lib/python3.10/dist-packages/inertial_msgs-0.0.0-py3.10.egg-info
[13.999s] -- Installing: /home/nvidia/ROS2-ABAJA-DEV-main/install/inertial_msgs/local/lib/python3.10/dist-packages/inertial_msgs-0.0.0-py3.10.egg-info/dependency_links.txt
[14.000s] -- Installing: /home/nvidia/ROS2-ABAJA-DEV-main/install/inertial_msgs/local/lib/python3.10/dist-packages/inertial_msgs-0.0.0-py3.10.egg-info/SOURCES.txt
[14.000s] -- Installing: /home/nvidia/ROS2-ABAJA-DEV-main/install/inertial_msgs/local/lib/python3.10/dist-packages/inertial_msgs-0.0.0-py3.10.egg-info/top_level.txt
[14.000s] -- Installing: /home/nvidia/ROS2-ABAJA-DEV-main/install/inertial_msgs/local/lib/python3.10/dist-packages/inertial_msgs-0.0.0-py3.10.egg-info/PKG-INFO
[14.000s] -- Installing: /home/nvidia/ROS2-ABAJA-DEV-main/install/inertial_msgs/local/lib/python3.10/dist-packages/inertial_msgs
[14.000s] -- Installing: /home/nvidia/ROS2-ABAJA-DEV-main/install/inertial_msgs/local/lib/python3.10/dist-packages/inertial_msgs/_inertial_msgs_s.ep.rosidl_typesupport_introspection_c.c
[14.001s] -- Installing: /home/nvidia/ROS2-ABAJA-DEV-main/install/inertial_msgs/local/lib/python3.10/dist-packages/inertial_msgs/__init__.py
[14.001s] -- Installing: /home/nvidia/ROS2-ABAJA-DEV-main/install/inertial_msgs/local/lib/python3.10/dist-packages/inertial_msgs/msg
[14.001s] -- Installing: /home/nvidia/ROS2-ABAJA-DEV-main/install/inertial_msgs/local/lib/python3.10/dist-packages/inertial_msgs/msg/_pose_s.c
[14.001s] -- Installing: /home/nvidia/ROS2-ABAJA-DEV-main/install/inertial_msgs/local/lib/python3.10/dist-packages/inertial_msgs/msg/__init__.py
[14.002s] -- Installing: /home/nvidia/ROS2-ABAJA-DEV-main/install/inertial_msgs/local/lib/python3.10/dist-packages/inertial_msgs/msg/_pose.py
[14.002s] -- Installing: /home/nvidia/ROS2-ABAJA-DEV-main/install/inertial_msgs/local/lib/python3.10/dist-packages/inertial_msgs/inertial_msgs_s__rosidl_typesupport_fastrtps_c.cpython-310-aarch64-linux-gnu.so
[14.002s] -- Installing: /home/nvidia/ROS2-ABAJA-DEV-main/install/inertial_msgs/local/lib/python3.10/dist-packages/inertial_msgs/libinertial_msgs__rosidl_generator_py.so
[14.003s] -- Installing: /home/nvidia/ROS2-ABAJA-DEV-main/install/inertial_msgs/local/lib/python3.10/dist-packages/inertial_msgs/_inertial_msgs_s.ep.rosidl_typesupport_c.c
[14.003s] -- Installing: /home/nvidia/ROS2-ABAJA-DEV-main/install/inertial_msgs/local/lib/python3.10/dist-packages/inertial_msgs/inertial_msgs_s__rosidl_typesupport_c.cpython-310-aarch64-linux-gnu.so
[14.003s] -- Installing: /home/nvidia/ROS2-ABAJA-DEV-main/install/inertial_msgs/local/lib/python3.10/dist-packages/inertial_msgs/_inertial_msgs_s.ep.rosidl_typesupport_fastrtps_c.c
[14.003s] -- Installing: /home/nvidia/ROS2-ABAJA-DEV-main/install/inertial_msgs/local/lib/python3.10/dist-packages/inertial_msgs/inertial_msgs_s__rosidl_typesupport_introspection_c.cpython-310-aarch64-linux-gnu.so
[14.083s] Listing '/home/nvidia/ROS2-ABAJA-DEV-main/install/inertial_msgs/local/lib/python3.10/dist-packages/inertial_msgs'...
[14.083s] Compiling '/home/nvidia/ROS2-ABAJA-DEV-main/install/inertial_msgs/local/lib/python3.10/dist-packages/inertial_msgs/__init__.py'...
[14.083s] Listing '/home/nvidia/ROS2-ABAJA-DEV-main/install/inertial_msgs/local/lib/python3.10/dist-packages/inertial_msgs/msg'...
[14.083s] Compiling '/home/nvidia/ROS2-ABAJA-DEV-main/install/inertial_msgs/local/lib/python3.10/dist-packages/inertial_msgs/msg/__init__.py'...
[14.084s] Compiling '/home/nvidia/ROS2-ABAJA-DEV-main/install/inertial_msgs/local/lib/python3.10/dist-packages/inertial_msgs/msg/_pose.py'...
[14.098s] -- Installing: /home/nvidia/ROS2-ABAJA-DEV-main/install/inertial_msgs/local/lib/python3.10/dist-packages/inertial_msgs/inertial_msgs_s__rosidl_typesupport_fastrtps_c.cpython-310-aarch64-linux-gnu.so
[14.099s] -- Set runtime path of "/home/nvidia/ROS2-ABAJA-DEV-main/install/inertial_msgs/local/lib/python3.10/dist-packages/inertial_msgs/inertial_msgs_s__rosidl_typesupport_fastrtps_c.cpython-310-aarch64-linux-gnu.so" to ""
[14.099s] -- Installing: /home/nvidia/ROS2-ABAJA-DEV-main/install/inertial_msgs/local/lib/python3.10/dist-packages/inertial_msgs/inertial_msgs_s__rosidl_typesupport_introspection_c.cpython-310-aarch64-linux-gnu.so
[14.099s] -- Set runtime path of "/home/nvidia/ROS2-ABAJA-DEV-main/install/inertial_msgs/local/lib/python3.10/dist-packages/inertial_msgs/inertial_msgs_s__rosidl_typesupport_introspection_c.cpython-310-aarch64-linux-gnu.so" to ""
[14.100s] -- Installing: /home/nvidia/ROS2-ABAJA-DEV-main/install/inertial_msgs/local/lib/python3.10/dist-packages/inertial_msgs/inertial_msgs_s__rosidl_typesupport_c.cpython-310-aarch64-linux-gnu.so
[14.100s] -- Set runtime path of "/home/nvidia/ROS2-ABAJA-DEV-main/install/inertial_msgs/local/lib/python3.10/dist-packages/inertial_msgs/inertial_msgs_s__rosidl_typesupport_c.cpython-310-aarch64-linux-gnu.so" to ""
[14.101s] -- Installing: /home/nvidia/ROS2-ABAJA-DEV-main/install/inertial_msgs/lib/libinertial_msgs__rosidl_generator_py.so
[14.101s] -- Set runtime path of "/home/nvidia/ROS2-ABAJA-DEV-main/install/inertial_msgs/lib/libinertial_msgs__rosidl_generator_py.so" to ""
[14.101s] -- Installing: /home/nvidia/ROS2-ABAJA-DEV-main/install/inertial_msgs/share/inertial_msgs/msg/Pose.idl
[14.102s] -- Installing: /home/nvidia/ROS2-ABAJA-DEV-main/install/inertial_msgs/share/inertial_msgs/msg/Pose.msg
[14.102s] -- Installing: /home/nvidia/ROS2-ABAJA-DEV-main/install/inertial_msgs/share/ament_index/resource_index/package_run_dependencies/inertial_msgs
[14.103s] -- Installing: /home/nvidia/ROS2-ABAJA-DEV-main/install/inertial_msgs/share/ament_index/resource_index/parent_prefix_path/inertial_msgs
[14.103s] -- Installing: /home/nvidia/ROS2-ABAJA-DEV-main/install/inertial_msgs/share/inertial_msgs/environment/ament_prefix_path.sh
[14.103s] -- Installing: /home/nvidia/ROS2-ABAJA-DEV-main/install/inertial_msgs/share/inertial_msgs/environment/ament_prefix_path.dsv
[14.103s] -- Installing: /home/nvidia/ROS2-ABAJA-DEV-main/install/inertial_msgs/share/inertial_msgs/environment/path.sh
[14.104s] -- Installing: /home/nvidia/ROS2-ABAJA-DEV-main/install/inertial_msgs/share/inertial_msgs/environment/path.dsv
[14.104s] -- Installing: /home/nvidia/ROS2-ABAJA-DEV-main/install/inertial_msgs/share/inertial_msgs/local_setup.bash
[14.104s] -- Installing: /home/nvidia/ROS2-ABAJA-DEV-main/install/inertial_msgs/share/inertial_msgs/local_setup.sh
[14.105s] -- Installing: /home/nvidia/ROS2-ABAJA-DEV-main/install/inertial_msgs/share/inertial_msgs/local_setup.zsh
[14.105s] -- Installing: /home/nvidia/ROS2-ABAJA-DEV-main/install/inertial_msgs/share/inertial_msgs/local_setup.dsv
[14.105s] -- Installing: /home/nvidia/ROS2-ABAJA-DEV-main/install/inertial_msgs/share/inertial_msgs/package.dsv
[14.105s] -- Installing: /home/nvidia/ROS2-ABAJA-DEV-main/install/inertial_msgs/share/ament_index/resource_index/packages/inertial_msgs
[14.106s] -- Installing: /home/nvidia/ROS2-ABAJA-DEV-main/install/inertial_msgs/share/inertial_msgs/cmake/export_inertial_msgs__rosidl_generator_cExport.cmake
[14.106s] -- Installing: /home/nvidia/ROS2-ABAJA-DEV-main/install/inertial_msgs/share/inertial_msgs/cmake/export_inertial_msgs__rosidl_generator_cExport-noconfig.cmake
[14.106s] -- Installing: /home/nvidia/ROS2-ABAJA-DEV-main/install/inertial_msgs/share/inertial_msgs/cmake/export_inertial_msgs__rosidl_typesupport_fastrtps_cExport.cmake
[14.107s] -- Installing: /home/nvidia/ROS2-ABAJA-DEV-main/install/inertial_msgs/share/inertial_msgs/cmake/export_inertial_msgs__rosidl_typesupport_fastrtps_cExport-noconfig.cmake
[14.107s] -- Installing: /home/nvidia/ROS2-ABAJA-DEV-main/install/inertial_msgs/share/inertial_msgs/cmake/inertial_msgs__rosidl_typesupport_introspection_cExport.cmake
[14.107s] -- Installing: /home/nvidia/ROS2-ABAJA-DEV-main/install/inertial_msgs/share/inertial_msgs/cmake/inertial_msgs__rosidl_typesupport_introspection_cExport-noconfig.cmake
[14.108s] -- Installing: /home/nvidia/ROS2-ABAJA-DEV-main/install/inertial_msgs/share/inertial_msgs/cmake/inertial_msgs__rosidl_typesupport_cExport.cmake
[14.108s] -- Installing: /home/nvidia/ROS2-ABAJA-DEV-main/install/inertial_msgs/share/inertial_msgs/cmake/inertial_msgs__rosidl_typesupport_cExport-noconfig.cmake
[14.108s] -- Installing: /home/nvidia/ROS2-ABAJA-DEV-main/install/inertial_msgs/share/inertial_msgs/cmake/export_inertial_msgs__rosidl_generator_cppExport.cmake
[14.109s] -- Installing: /home/nvidia/ROS2-ABAJA-DEV-main/install/inertial_msgs/share/inertial_msgs/cmake/export_inertial_msgs__rosidl_typesupport_fastrtps_cppExport.cmake
[14.109s] -- Installing: /home/nvidia/ROS2-ABAJA-DEV-main/install/inertial_msgs/share/inertial_msgs/cmake/export_inertial_msgs__rosidl_typesupport_fastrtps_cppExport-noconfig.cmake
[14.109s] -- Installing: /home/nvidia/ROS2-ABAJA-DEV-main/install/inertial_msgs/share/inertial_msgs/cmake/inertial_msgs__rosidl_typesupport_introspection_cppExport.cmake
[14.110s] -- Installing: /home/nvidia/ROS2-ABAJA-DEV-main/install/inertial_msgs/share/inertial_msgs/cmake/inertial_msgs__rosidl_typesupport_introspection_cppExport-noconfig.cmake
[14.110s] -- Installing: /home/nvidia/ROS2-ABAJA-DEV-main/install/inertial_msgs/share/inertial_msgs/cmake/inertial_msgs__rosidl_typesupport_cppExport.cmake
[14.110s] -- Installing: /home/nvidia/ROS2-ABAJA-DEV-main/install/inertial_msgs/share/inertial_msgs/cmake/inertial_msgs__rosidl_typesupport_cppExport-noconfig.cmake
[14.110s] -- Installing: /home/nvidia/ROS2-ABAJA-DEV-main/install/inertial_msgs/share/inertial_msgs/cmake/export_inertial_msgs__rosidl_generator_pyExport.cmake
[14.111s] -- Installing: /home/nvidia/ROS2-ABAJA-DEV-main/install/inertial_msgs/share/inertial_msgs/cmake/export_inertial_msgs__rosidl_generator_pyExport-noconfig.cmake
[14.111s] -- Installing: /home/nvidia/ROS2-ABAJA-DEV-main/install/inertial_msgs/share/inertial_msgs/cmake/rosidl_cmake-extras.cmake
[14.111s] -- Installing: /home/nvidia/ROS2-ABAJA-DEV-main/install/inertial_msgs/share/inertial_msgs/cmake/ament_cmake_export_dependencies-extras.cmake
[14.112s] -- Installing: /home/nvidia/ROS2-ABAJA-DEV-main/install/inertial_msgs/share/inertial_msgs/cmake/ament_cmake_export_include_directories-extras.cmake
[14.112s] -- Installing: /home/nvidia/ROS2-ABAJA-DEV-main/install/inertial_msgs/share/inertial_msgs/cmake/ament_cmake_export_libraries-extras.cmake
[14.112s] -- Installing: /home/nvidia/ROS2-ABAJA-DEV-main/install/inertial_msgs/share/inertial_msgs/cmake/ament_cmake_export_targets-extras.cmake
[14.112s] -- Installing: /home/nvidia/ROS2-ABAJA-DEV-main/install/inertial_msgs/share/inertial_msgs/cmake/rosidl_cmake_export_typesupport_targets-extras.cmake
[14.113s] -- Installing: /home/nvidia/ROS2-ABAJA-DEV-main/install/inertial_msgs/share/inertial_msgs/cmake/rosidl_cmake_export_typesupport_libraries-extras.cmake
[14.113s] -- Installing: /home/nvidia/ROS2-ABAJA-DEV-main/install/inertial_msgs/share/inertial_msgs/cmake/inertial_msgsConfig.cmake
[14.113s] -- Installing: /home/nvidia/ROS2-ABAJA-DEV-main/install/inertial_msgs/share/inertial_msgs/cmake/inertial_msgsConfig-version.cmake
[14.114s] -- Installing: /home/nvidia/ROS2-ABAJA-DEV-main/install/inertial_msgs/share/inertial_msgs/package.xml
[14.120s] Invoked command in '/home/nvidia/ROS2-ABAJA-DEV-main/build/inertial_msgs' returned '0': CMAKE_PREFIX_PATH=/opt/ros/humble /usr/bin/cmake --install /home/nvidia/ROS2-ABAJA-DEV-main/build/inertial_msgs
