-- The C compiler identification is GNU 11.4.0
-- The CXX compiler identification is GNU 11.4.0
-- Detecting C compiler ABI info
-- Detecting C compiler ABI info - done
-- Check for working C compiler: /usr/bin/cc - skipped
-- Detecting C compile features
-- Detecting C compile features - done
-- Detecting CXX compiler ABI info
-- Detecting CXX compiler ABI info - done
-- Check for working CXX compiler: /usr/bin/c++ - skipped
-- Detecting CXX compile features
-- Detecting CXX compile features - done
-- Found ament_cmake: 1.3.12 (/opt/ros/humble/share/ament_cmake/cmake)
-- Found Python3: /usr/bin/python3 (found version "3.10.12") found components: Interpreter 
-- Found rosidl_default_generators: 1.2.0 (/opt/ros/humble/share/rosidl_default_generators/cmake)
-- Using all available rosidl_typesupport_c: rosidl_typesupport_fastrtps_c;rosidl_typesupport_introspection_c
-- Found rosidl_adapter: 3.1.7 (/opt/ros/humble/share/rosidl_adapter/cmake)
-- Using all available rosidl_typesupport_cpp: rosidl_typesupport_fastrtps_cpp;rosidl_typesupport_introspection_cpp
-- Found builtin_interfaces: 1.2.2 (/opt/ros/humble/share/builtin_interfaces/cmake)
-- Found ament_cmake_ros: 0.10.0 (/opt/ros/humble/share/ament_cmake_ros/cmake)
-- Using all available rosidl_typesupport_c: rosidl_typesupport_fastrtps_c;rosidl_typesupport_introspection_c
-- Using all available rosidl_typesupport_cpp: rosidl_typesupport_fastrtps_cpp;rosidl_typesupport_introspection_cpp
-- Found PythonInterp: /usr/bin/python3 (found suitable version "3.10.12", minimum required is "3.6") 
-- Found python_cmake_module: 0.10.0 (/opt/ros/humble/share/python_cmake_module/cmake)
-- Found PythonLibs: /usr/lib/aarch64-linux-gnu/libpython3.10.so (found suitable version "3.10.12", minimum required is "3.5") 
-- Using PYTHON_EXECUTABLE: /usr/bin/python3
-- Using PYTHON_INCLUDE_DIRS: /usr/include/python3.10
-- Using PYTHON_LIBRARIES: /usr/lib/aarch64-linux-gnu/libpython3.10.so
-- Found PythonExtra: .so  
-- Configuring done
-- Generating done
-- Build files have been written to: /home/nvidia/ROS2-ABAJA-DEV-main/build/vehiclecontrol
[  3%] [34m[1mGenerating C code for ROS interfaces[0m
[  6%] [34m[1mGenerating C++ code for ROS interfaces[0m
[  6%] Built target ament_cmake_python_copy_vehiclecontrol
running egg_info
creating vehiclecontrol.egg-info
writing vehiclecontrol.egg-info/PKG-INFO
writing dependency_links to vehiclecontrol.egg-info/dependency_links.txt
writing top-level names to vehiclecontrol.egg-info/top_level.txt
writing manifest file 'vehiclecontrol.egg-info/SOURCES.txt'
reading manifest file 'vehiclecontrol.egg-info/SOURCES.txt'
writing manifest file 'vehiclecontrol.egg-info/SOURCES.txt'
[  6%] Built target vehiclecontrol__cpp
[  6%] Built target ament_cmake_python_build_vehiclecontrol_egg
[  9%] [34m[1mGenerating C++ type support dispatch for ROS interfaces[0m
[ 12%] [34m[1mGenerating C++ introspection for ROS interfaces[0m
[ 16%] [34m[1mGenerating C++ type support for eProsima Fast-RTPS[0m
[ 19%] [32mBuilding C object CMakeFiles/vehiclecontrol__rosidl_generator_c.dir/rosidl_generator_c/vehiclecontrol/msg/detail/control__functions.c.o[0m
[ 22%] [32m[1mLinking C shared library libvehiclecontrol__rosidl_generator_c.so[0m
[ 22%] Built target vehiclecontrol__rosidl_generator_c
[ 25%] [34m[1mGenerating C type support for eProsima Fast-RTPS[0m
[ 29%] [34m[1mGenerating C introspection for ROS interfaces[0m
[ 32%] [34m[1mGenerating C type support dispatch for ROS interfaces[0m
[ 35%] [32mBuilding CXX object CMakeFiles/vehiclecontrol__rosidl_typesupport_fastrtps_cpp.dir/rosidl_typesupport_fastrtps_cpp/vehiclecontrol/msg/detail/dds_fastrtps/control__type_support.cpp.o[0m
[ 38%] [32mBuilding CXX object CMakeFiles/vehiclecontrol__rosidl_typesupport_introspection_cpp.dir/rosidl_typesupport_introspection_cpp/vehiclecontrol/msg/detail/control__type_support.cpp.o[0m
[ 41%] [32mBuilding CXX object CMakeFiles/vehiclecontrol__rosidl_typesupport_cpp.dir/rosidl_typesupport_cpp/vehiclecontrol/msg/control__type_support.cpp.o[0m
[ 45%] [32mBuilding C object CMakeFiles/vehiclecontrol__rosidl_typesupport_introspection_c.dir/rosidl_typesupport_introspection_c/vehiclecontrol/msg/detail/control__type_support.c.o[0m
[ 48%] [32mBuilding CXX object CMakeFiles/vehiclecontrol__rosidl_typesupport_c.dir/rosidl_typesupport_c/vehiclecontrol/msg/control__type_support.cpp.o[0m
[ 51%] [32m[1mLinking CXX shared library libvehiclecontrol__rosidl_typesupport_c.so[0m
[ 54%] [32mBuilding CXX object CMakeFiles/vehiclecontrol__rosidl_typesupport_fastrtps_c.dir/rosidl_typesupport_fastrtps_c/vehiclecontrol/msg/detail/control__type_support_c.cpp.o[0m
[ 58%] [32m[1mLinking C shared library libvehiclecontrol__rosidl_typesupport_introspection_c.so[0m
[ 58%] Built target vehiclecontrol__rosidl_typesupport_introspection_c
[ 58%] Built target vehiclecontrol__rosidl_typesupport_c
[ 61%] [32m[1mLinking CXX shared library libvehiclecontrol__rosidl_typesupport_cpp.so[0m
[ 61%] Built target vehiclecontrol__rosidl_typesupport_cpp
[ 64%] [32m[1mLinking CXX shared library libvehiclecontrol__rosidl_typesupport_introspection_cpp.so[0m
[ 64%] Built target vehiclecontrol__rosidl_typesupport_introspection_cpp
[ 67%] [32m[1mLinking CXX shared library libvehiclecontrol__rosidl_typesupport_fastrtps_cpp.so[0m
[ 67%] Built target vehiclecontrol__rosidl_typesupport_fastrtps_cpp
[ 70%] [32m[1mLinking CXX shared library libvehiclecontrol__rosidl_typesupport_fastrtps_c.so[0m
[ 70%] Built target vehiclecontrol__rosidl_typesupport_fastrtps_c
[ 70%] Built target vehiclecontrol
[ 74%] [34m[1mGenerating Python code for ROS interfaces[0m
[ 74%] Built target vehiclecontrol__py
[ 77%] [32mBuilding C object CMakeFiles/vehiclecontrol__rosidl_generator_py.dir/rosidl_generator_py/vehiclecontrol/msg/_control_s.c.o[0m
[ 80%] [32m[1mLinking C shared library rosidl_generator_py/vehiclecontrol/libvehiclecontrol__rosidl_generator_py.so[0m
[ 80%] Built target vehiclecontrol__rosidl_generator_py
[ 83%] [32mBuilding C object CMakeFiles/vehiclecontrol__rosidl_typesupport_fastrtps_c__pyext.dir/rosidl_generator_py/vehiclecontrol/_vehiclecontrol_s.ep.rosidl_typesupport_fastrtps_c.c.o[0m
[ 87%] [32mBuilding C object CMakeFiles/vehiclecontrol__rosidl_typesupport_introspection_c__pyext.dir/rosidl_generator_py/vehiclecontrol/_vehiclecontrol_s.ep.rosidl_typesupport_introspection_c.c.o[0m
[ 90%] [32mBuilding C object CMakeFiles/vehiclecontrol__rosidl_typesupport_c__pyext.dir/rosidl_generator_py/vehiclecontrol/_vehiclecontrol_s.ep.rosidl_typesupport_c.c.o[0m
[ 93%] [32m[1mLinking C shared library rosidl_generator_py/vehiclecontrol/vehiclecontrol_s__rosidl_typesupport_fastrtps_c.cpython-310-aarch64-linux-gnu.so[0m
[ 96%] [32m[1mLinking C shared library rosidl_generator_py/vehiclecontrol/vehiclecontrol_s__rosidl_typesupport_introspection_c.cpython-310-aarch64-linux-gnu.so[0m
[100%] [32m[1mLinking C shared library rosidl_generator_py/vehiclecontrol/vehiclecontrol_s__rosidl_typesupport_c.cpython-310-aarch64-linux-gnu.so[0m
[100%] Built target vehiclecontrol__rosidl_typesupport_fastrtps_c__pyext
[100%] Built target vehiclecontrol__rosidl_typesupport_introspection_c__pyext
[100%] Built target vehiclecontrol__rosidl_typesupport_c__pyext
-- Install configuration: ""
-- Installing: /home/nvidia/ROS2-ABAJA-DEV-main/install/vehiclecontrol/share/ament_index/resource_index/rosidl_interfaces/vehiclecontrol
-- Installing: /home/nvidia/ROS2-ABAJA-DEV-main/install/vehiclecontrol/include/vehiclecontrol/vehiclecontrol
-- Installing: /home/nvidia/ROS2-ABAJA-DEV-main/install/vehiclecontrol/include/vehiclecontrol/vehiclecontrol/msg
-- Installing: /home/nvidia/ROS2-ABAJA-DEV-main/install/vehiclecontrol/include/vehiclecontrol/vehiclecontrol/msg/rosidl_generator_c__visibility_control.h
-- Installing: /home/nvidia/ROS2-ABAJA-DEV-main/install/vehiclecontrol/include/vehiclecontrol/vehiclecontrol/msg/detail
-- Installing: /home/nvidia/ROS2-ABAJA-DEV-main/install/vehiclecontrol/include/vehiclecontrol/vehiclecontrol/msg/detail/control__struct.h
-- Installing: /home/nvidia/ROS2-ABAJA-DEV-main/install/vehiclecontrol/include/vehiclecontrol/vehiclecontrol/msg/detail/control__functions.h
-- Installing: /home/nvidia/ROS2-ABAJA-DEV-main/install/vehiclecontrol/include/vehiclecontrol/vehiclecontrol/msg/detail/control__type_support.h
-- Installing: /home/nvidia/ROS2-ABAJA-DEV-main/install/vehiclecontrol/include/vehiclecontrol/vehiclecontrol/msg/detail/control__functions.c
-- Installing: /home/nvidia/ROS2-ABAJA-DEV-main/install/vehiclecontrol/include/vehiclecontrol/vehiclecontrol/msg/control.h
-- Installing: /home/nvidia/ROS2-ABAJA-DEV-main/install/vehiclecontrol/share/vehiclecontrol/environment/library_path.sh
-- Installing: /home/nvidia/ROS2-ABAJA-DEV-main/install/vehiclecontrol/share/vehiclecontrol/environment/library_path.dsv
-- Installing: /home/nvidia/ROS2-ABAJA-DEV-main/install/vehiclecontrol/lib/libvehiclecontrol__rosidl_generator_c.so
-- Set runtime path of "/home/nvidia/ROS2-ABAJA-DEV-main/install/vehiclecontrol/lib/libvehiclecontrol__rosidl_generator_c.so" to ""
-- Up-to-date: /home/nvidia/ROS2-ABAJA-DEV-main/install/vehiclecontrol/include/vehiclecontrol/vehiclecontrol
-- Up-to-date: /home/nvidia/ROS2-ABAJA-DEV-main/install/vehiclecontrol/include/vehiclecontrol/vehiclecontrol/msg
-- Installing: /home/nvidia/ROS2-ABAJA-DEV-main/install/vehiclecontrol/include/vehiclecontrol/vehiclecontrol/msg/rosidl_typesupport_fastrtps_c__visibility_control.h
-- Up-to-date: /home/nvidia/ROS2-ABAJA-DEV-main/install/vehiclecontrol/include/vehiclecontrol/vehiclecontrol/msg/detail
-- Installing: /home/nvidia/ROS2-ABAJA-DEV-main/install/vehiclecontrol/include/vehiclecontrol/vehiclecontrol/msg/detail/control__rosidl_typesupport_fastrtps_c.h
-- Installing: /home/nvidia/ROS2-ABAJA-DEV-main/install/vehiclecontrol/lib/libvehiclecontrol__rosidl_typesupport_fastrtps_c.so
-- Set runtime path of "/home/nvidia/ROS2-ABAJA-DEV-main/install/vehiclecontrol/lib/libvehiclecontrol__rosidl_typesupport_fastrtps_c.so" to ""
-- Up-to-date: /home/nvidia/ROS2-ABAJA-DEV-main/install/vehiclecontrol/include/vehiclecontrol/vehiclecontrol
-- Up-to-date: /home/nvidia/ROS2-ABAJA-DEV-main/install/vehiclecontrol/include/vehiclecontrol/vehiclecontrol/msg
-- Installing: /home/nvidia/ROS2-ABAJA-DEV-main/install/vehiclecontrol/include/vehiclecontrol/vehiclecontrol/msg/rosidl_typesupport_introspection_c__visibility_control.h
-- Up-to-date: /home/nvidia/ROS2-ABAJA-DEV-main/install/vehiclecontrol/include/vehiclecontrol/vehiclecontrol/msg/detail
-- Installing: /home/nvidia/ROS2-ABAJA-DEV-main/install/vehiclecontrol/include/vehiclecontrol/vehiclecontrol/msg/detail/control__type_support.c
-- Installing: /home/nvidia/ROS2-ABAJA-DEV-main/install/vehiclecontrol/include/vehiclecontrol/vehiclecontrol/msg/detail/control__rosidl_typesupport_introspection_c.h
-- Installing: /home/nvidia/ROS2-ABAJA-DEV-main/install/vehiclecontrol/lib/libvehiclecontrol__rosidl_typesupport_introspection_c.so
-- Set runtime path of "/home/nvidia/ROS2-ABAJA-DEV-main/install/vehiclecontrol/lib/libvehiclecontrol__rosidl_typesupport_introspection_c.so" to ""
-- Installing: /home/nvidia/ROS2-ABAJA-DEV-main/install/vehiclecontrol/lib/libvehiclecontrol__rosidl_typesupport_c.so
-- Set runtime path of "/home/nvidia/ROS2-ABAJA-DEV-main/install/vehiclecontrol/lib/libvehiclecontrol__rosidl_typesupport_c.so" to ""
-- Up-to-date: /home/nvidia/ROS2-ABAJA-DEV-main/install/vehiclecontrol/include/vehiclecontrol/vehiclecontrol
-- Up-to-date: /home/nvidia/ROS2-ABAJA-DEV-main/install/vehiclecontrol/include/vehiclecontrol/vehiclecontrol/msg
-- Installing: /home/nvidia/ROS2-ABAJA-DEV-main/install/vehiclecontrol/include/vehiclecontrol/vehiclecontrol/msg/rosidl_generator_cpp__visibility_control.hpp
-- Installing: /home/nvidia/ROS2-ABAJA-DEV-main/install/vehiclecontrol/include/vehiclecontrol/vehiclecontrol/msg/control.hpp
-- Up-to-date: /home/nvidia/ROS2-ABAJA-DEV-main/install/vehiclecontrol/include/vehiclecontrol/vehiclecontrol/msg/detail
-- Installing: /home/nvidia/ROS2-ABAJA-DEV-main/install/vehiclecontrol/include/vehiclecontrol/vehiclecontrol/msg/detail/control__traits.hpp
-- Installing: /home/nvidia/ROS2-ABAJA-DEV-main/install/vehiclecontrol/include/vehiclecontrol/vehiclecontrol/msg/detail/control__type_support.hpp
-- Installing: /home/nvidia/ROS2-ABAJA-DEV-main/install/vehiclecontrol/include/vehiclecontrol/vehiclecontrol/msg/detail/control__struct.hpp
-- Installing: /home/nvidia/ROS2-ABAJA-DEV-main/install/vehiclecontrol/include/vehiclecontrol/vehiclecontrol/msg/detail/control__builder.hpp
-- Up-to-date: /home/nvidia/ROS2-ABAJA-DEV-main/install/vehiclecontrol/include/vehiclecontrol/vehiclecontrol
-- Up-to-date: /home/nvidia/ROS2-ABAJA-DEV-main/install/vehiclecontrol/include/vehiclecontrol/vehiclecontrol/msg
-- Installing: /home/nvidia/ROS2-ABAJA-DEV-main/install/vehiclecontrol/include/vehiclecontrol/vehiclecontrol/msg/rosidl_typesupport_fastrtps_cpp__visibility_control.h
-- Up-to-date: /home/nvidia/ROS2-ABAJA-DEV-main/install/vehiclecontrol/include/vehiclecontrol/vehiclecontrol/msg/detail
-- Installing: /home/nvidia/ROS2-ABAJA-DEV-main/install/vehiclecontrol/include/vehiclecontrol/vehiclecontrol/msg/detail/dds_fastrtps
-- Installing: /home/nvidia/ROS2-ABAJA-DEV-main/install/vehiclecontrol/include/vehiclecontrol/vehiclecontrol/msg/detail/control__rosidl_typesupport_fastrtps_cpp.hpp
-- Installing: /home/nvidia/ROS2-ABAJA-DEV-main/install/vehiclecontrol/lib/libvehiclecontrol__rosidl_typesupport_fastrtps_cpp.so
-- Set runtime path of "/home/nvidia/ROS2-ABAJA-DEV-main/install/vehiclecontrol/lib/libvehiclecontrol__rosidl_typesupport_fastrtps_cpp.so" to ""
-- Up-to-date: /home/nvidia/ROS2-ABAJA-DEV-main/install/vehiclecontrol/include/vehiclecontrol/vehiclecontrol
-- Up-to-date: /home/nvidia/ROS2-ABAJA-DEV-main/install/vehiclecontrol/include/vehiclecontrol/vehiclecontrol/msg
-- Up-to-date: /home/nvidia/ROS2-ABAJA-DEV-main/install/vehiclecontrol/include/vehiclecontrol/vehiclecontrol/msg/detail
-- Installing: /home/nvidia/ROS2-ABAJA-DEV-main/install/vehiclecontrol/include/vehiclecontrol/vehiclecontrol/msg/detail/control__rosidl_typesupport_introspection_cpp.hpp
-- Installing: /home/nvidia/ROS2-ABAJA-DEV-main/install/vehiclecontrol/include/vehiclecontrol/vehiclecontrol/msg/detail/control__type_support.cpp
-- Installing: /home/nvidia/ROS2-ABAJA-DEV-main/install/vehiclecontrol/lib/libvehiclecontrol__rosidl_typesupport_introspection_cpp.so
-- Set runtime path of "/home/nvidia/ROS2-ABAJA-DEV-main/install/vehiclecontrol/lib/libvehiclecontrol__rosidl_typesupport_introspection_cpp.so" to ""
-- Installing: /home/nvidia/ROS2-ABAJA-DEV-main/install/vehiclecontrol/lib/libvehiclecontrol__rosidl_typesupport_cpp.so
-- Set runtime path of "/home/nvidia/ROS2-ABAJA-DEV-main/install/vehiclecontrol/lib/libvehiclecontrol__rosidl_typesupport_cpp.so" to ""
-- Installing: /home/nvidia/ROS2-ABAJA-DEV-main/install/vehiclecontrol/share/vehiclecontrol/environment/pythonpath.sh
-- Installing: /home/nvidia/ROS2-ABAJA-DEV-main/install/vehiclecontrol/share/vehiclecontrol/environment/pythonpath.dsv
-- Installing: /home/nvidia/ROS2-ABAJA-DEV-main/install/vehiclecontrol/local/lib/python3.10/dist-packages/vehiclecontrol-0.0.0-py3.10.egg-info
-- Installing: /home/nvidia/ROS2-ABAJA-DEV-main/install/vehiclecontrol/local/lib/python3.10/dist-packages/vehiclecontrol-0.0.0-py3.10.egg-info/dependency_links.txt
-- Installing: /home/nvidia/ROS2-ABAJA-DEV-main/install/vehiclecontrol/local/lib/python3.10/dist-packages/vehiclecontrol-0.0.0-py3.10.egg-info/SOURCES.txt
-- Installing: /home/nvidia/ROS2-ABAJA-DEV-main/install/vehiclecontrol/local/lib/python3.10/dist-packages/vehiclecontrol-0.0.0-py3.10.egg-info/top_level.txt
-- Installing: /home/nvidia/ROS2-ABAJA-DEV-main/install/vehiclecontrol/local/lib/python3.10/dist-packages/vehiclecontrol-0.0.0-py3.10.egg-info/PKG-INFO
-- Installing: /home/nvidia/ROS2-ABAJA-DEV-main/install/vehiclecontrol/local/lib/python3.10/dist-packages/vehiclecontrol
-- Installing: /home/nvidia/ROS2-ABAJA-DEV-main/install/vehiclecontrol/local/lib/python3.10/dist-packages/vehiclecontrol/_vehiclecontrol_s.ep.rosidl_typesupport_c.c
-- Installing: /home/nvidia/ROS2-ABAJA-DEV-main/install/vehiclecontrol/local/lib/python3.10/dist-packages/vehiclecontrol/_vehiclecontrol_s.ep.rosidl_typesupport_introspection_c.c
-- Installing: /home/nvidia/ROS2-ABAJA-DEV-main/install/vehiclecontrol/local/lib/python3.10/dist-packages/vehiclecontrol/__init__.py
-- Installing: /home/nvidia/ROS2-ABAJA-DEV-main/install/vehiclecontrol/local/lib/python3.10/dist-packages/vehiclecontrol/vehiclecontrol_s__rosidl_typesupport_fastrtps_c.cpython-310-aarch64-linux-gnu.so
-- Installing: /home/nvidia/ROS2-ABAJA-DEV-main/install/vehiclecontrol/local/lib/python3.10/dist-packages/vehiclecontrol/msg
-- Installing: /home/nvidia/ROS2-ABAJA-DEV-main/install/vehiclecontrol/local/lib/python3.10/dist-packages/vehiclecontrol/msg/__init__.py
-- Installing: /home/nvidia/ROS2-ABAJA-DEV-main/install/vehiclecontrol/local/lib/python3.10/dist-packages/vehiclecontrol/msg/_control.py
-- Installing: /home/nvidia/ROS2-ABAJA-DEV-main/install/vehiclecontrol/local/lib/python3.10/dist-packages/vehiclecontrol/msg/_control_s.c
-- Installing: /home/nvidia/ROS2-ABAJA-DEV-main/install/vehiclecontrol/local/lib/python3.10/dist-packages/vehiclecontrol/vehiclecontrol_s__rosidl_typesupport_introspection_c.cpython-310-aarch64-linux-gnu.so
-- Installing: /home/nvidia/ROS2-ABAJA-DEV-main/install/vehiclecontrol/local/lib/python3.10/dist-packages/vehiclecontrol/libvehiclecontrol__rosidl_generator_py.so
-- Installing: /home/nvidia/ROS2-ABAJA-DEV-main/install/vehiclecontrol/local/lib/python3.10/dist-packages/vehiclecontrol/vehiclecontrol_s__rosidl_typesupport_c.cpython-310-aarch64-linux-gnu.so
-- Installing: /home/nvidia/ROS2-ABAJA-DEV-main/install/vehiclecontrol/local/lib/python3.10/dist-packages/vehiclecontrol/_vehiclecontrol_s.ep.rosidl_typesupport_fastrtps_c.c
Listing '/home/nvidia/ROS2-ABAJA-DEV-main/install/vehiclecontrol/local/lib/python3.10/dist-packages/vehiclecontrol'...
Compiling '/home/nvidia/ROS2-ABAJA-DEV-main/install/vehiclecontrol/local/lib/python3.10/dist-packages/vehiclecontrol/__init__.py'...
Listing '/home/nvidia/ROS2-ABAJA-DEV-main/install/vehiclecontrol/local/lib/python3.10/dist-packages/vehiclecontrol/msg'...
Compiling '/home/nvidia/ROS2-ABAJA-DEV-main/install/vehiclecontrol/local/lib/python3.10/dist-packages/vehiclecontrol/msg/__init__.py'...
Compiling '/home/nvidia/ROS2-ABAJA-DEV-main/install/vehiclecontrol/local/lib/python3.10/dist-packages/vehiclecontrol/msg/_control.py'...
-- Installing: /home/nvidia/ROS2-ABAJA-DEV-main/install/vehiclecontrol/local/lib/python3.10/dist-packages/vehiclecontrol/vehiclecontrol_s__rosidl_typesupport_fastrtps_c.cpython-310-aarch64-linux-gnu.so
-- Set runtime path of "/home/nvidia/ROS2-ABAJA-DEV-main/install/vehiclecontrol/local/lib/python3.10/dist-packages/vehiclecontrol/vehiclecontrol_s__rosidl_typesupport_fastrtps_c.cpython-310-aarch64-linux-gnu.so" to ""
-- Installing: /home/nvidia/ROS2-ABAJA-DEV-main/install/vehiclecontrol/local/lib/python3.10/dist-packages/vehiclecontrol/vehiclecontrol_s__rosidl_typesupport_introspection_c.cpython-310-aarch64-linux-gnu.so
-- Set runtime path of "/home/nvidia/ROS2-ABAJA-DEV-main/install/vehiclecontrol/local/lib/python3.10/dist-packages/vehiclecontrol/vehiclecontrol_s__rosidl_typesupport_introspection_c.cpython-310-aarch64-linux-gnu.so" to ""
-- Installing: /home/nvidia/ROS2-ABAJA-DEV-main/install/vehiclecontrol/local/lib/python3.10/dist-packages/vehiclecontrol/vehiclecontrol_s__rosidl_typesupport_c.cpython-310-aarch64-linux-gnu.so
-- Set runtime path of "/home/nvidia/ROS2-ABAJA-DEV-main/install/vehiclecontrol/local/lib/python3.10/dist-packages/vehiclecontrol/vehiclecontrol_s__rosidl_typesupport_c.cpython-310-aarch64-linux-gnu.so" to ""
-- Installing: /home/nvidia/ROS2-ABAJA-DEV-main/install/vehiclecontrol/lib/libvehiclecontrol__rosidl_generator_py.so
-- Set runtime path of "/home/nvidia/ROS2-ABAJA-DEV-main/install/vehiclecontrol/lib/libvehiclecontrol__rosidl_generator_py.so" to ""
-- Installing: /home/nvidia/ROS2-ABAJA-DEV-main/install/vehiclecontrol/share/vehiclecontrol/msg/Control.idl
-- Installing: /home/nvidia/ROS2-ABAJA-DEV-main/install/vehiclecontrol/share/vehiclecontrol/msg/Control.msg
-- Installing: /home/nvidia/ROS2-ABAJA-DEV-main/install/vehiclecontrol/share/ament_index/resource_index/package_run_dependencies/vehiclecontrol
-- Installing: /home/nvidia/ROS2-ABAJA-DEV-main/install/vehiclecontrol/share/ament_index/resource_index/parent_prefix_path/vehiclecontrol
-- Installing: /home/nvidia/ROS2-ABAJA-DEV-main/install/vehiclecontrol/share/vehiclecontrol/environment/ament_prefix_path.sh
-- Installing: /home/nvidia/ROS2-ABAJA-DEV-main/install/vehiclecontrol/share/vehiclecontrol/environment/ament_prefix_path.dsv
-- Installing: /home/nvidia/ROS2-ABAJA-DEV-main/install/vehiclecontrol/share/vehiclecontrol/environment/path.sh
-- Installing: /home/nvidia/ROS2-ABAJA-DEV-main/install/vehiclecontrol/share/vehiclecontrol/environment/path.dsv
-- Installing: /home/nvidia/ROS2-ABAJA-DEV-main/install/vehiclecontrol/share/vehiclecontrol/local_setup.bash
-- Installing: /home/nvidia/ROS2-ABAJA-DEV-main/install/vehiclecontrol/share/vehiclecontrol/local_setup.sh
-- Installing: /home/nvidia/ROS2-ABAJA-DEV-main/install/vehiclecontrol/share/vehiclecontrol/local_setup.zsh
-- Installing: /home/nvidia/ROS2-ABAJA-DEV-main/install/vehiclecontrol/share/vehiclecontrol/local_setup.dsv
-- Installing: /home/nvidia/ROS2-ABAJA-DEV-main/install/vehiclecontrol/share/vehiclecontrol/package.dsv
-- Installing: /home/nvidia/ROS2-ABAJA-DEV-main/install/vehiclecontrol/share/ament_index/resource_index/packages/vehiclecontrol
-- Installing: /home/nvidia/ROS2-ABAJA-DEV-main/install/vehiclecontrol/share/vehiclecontrol/cmake/export_vehiclecontrol__rosidl_generator_cExport.cmake
-- Installing: /home/nvidia/ROS2-ABAJA-DEV-main/install/vehiclecontrol/share/vehiclecontrol/cmake/export_vehiclecontrol__rosidl_generator_cExport-noconfig.cmake
-- Installing: /home/nvidia/ROS2-ABAJA-DEV-main/install/vehiclecontrol/share/vehiclecontrol/cmake/export_vehiclecontrol__rosidl_typesupport_fastrtps_cExport.cmake
-- Installing: /home/nvidia/ROS2-ABAJA-DEV-main/install/vehiclecontrol/share/vehiclecontrol/cmake/export_vehiclecontrol__rosidl_typesupport_fastrtps_cExport-noconfig.cmake
-- Installing: /home/nvidia/ROS2-ABAJA-DEV-main/install/vehiclecontrol/share/vehiclecontrol/cmake/vehiclecontrol__rosidl_typesupport_introspection_cExport.cmake
-- Installing: /home/nvidia/ROS2-ABAJA-DEV-main/install/vehiclecontrol/share/vehiclecontrol/cmake/vehiclecontrol__rosidl_typesupport_introspection_cExport-noconfig.cmake
-- Installing: /home/nvidia/ROS2-ABAJA-DEV-main/install/vehiclecontrol/share/vehiclecontrol/cmake/vehiclecontrol__rosidl_typesupport_cExport.cmake
-- Installing: /home/nvidia/ROS2-ABAJA-DEV-main/install/vehiclecontrol/share/vehiclecontrol/cmake/vehiclecontrol__rosidl_typesupport_cExport-noconfig.cmake
-- Installing: /home/nvidia/ROS2-ABAJA-DEV-main/install/vehiclecontrol/share/vehiclecontrol/cmake/export_vehiclecontrol__rosidl_generator_cppExport.cmake
-- Installing: /home/nvidia/ROS2-ABAJA-DEV-main/install/vehiclecontrol/share/vehiclecontrol/cmake/export_vehiclecontrol__rosidl_typesupport_fastrtps_cppExport.cmake
-- Installing: /home/nvidia/ROS2-ABAJA-DEV-main/install/vehiclecontrol/share/vehiclecontrol/cmake/export_vehiclecontrol__rosidl_typesupport_fastrtps_cppExport-noconfig.cmake
-- Installing: /home/nvidia/ROS2-ABAJA-DEV-main/install/vehiclecontrol/share/vehiclecontrol/cmake/vehiclecontrol__rosidl_typesupport_introspection_cppExport.cmake
-- Installing: /home/nvidia/ROS2-ABAJA-DEV-main/install/vehiclecontrol/share/vehiclecontrol/cmake/vehiclecontrol__rosidl_typesupport_introspection_cppExport-noconfig.cmake
-- Installing: /home/nvidia/ROS2-ABAJA-DEV-main/install/vehiclecontrol/share/vehiclecontrol/cmake/vehiclecontrol__rosidl_typesupport_cppExport.cmake
-- Installing: /home/nvidia/ROS2-ABAJA-DEV-main/install/vehiclecontrol/share/vehiclecontrol/cmake/vehiclecontrol__rosidl_typesupport_cppExport-noconfig.cmake
-- Installing: /home/nvidia/ROS2-ABAJA-DEV-main/install/vehiclecontrol/share/vehiclecontrol/cmake/export_vehiclecontrol__rosidl_generator_pyExport.cmake
-- Installing: /home/nvidia/ROS2-ABAJA-DEV-main/install/vehiclecontrol/share/vehiclecontrol/cmake/export_vehiclecontrol__rosidl_generator_pyExport-noconfig.cmake
-- Installing: /home/nvidia/ROS2-ABAJA-DEV-main/install/vehiclecontrol/share/vehiclecontrol/cmake/rosidl_cmake-extras.cmake
-- Installing: /home/nvidia/ROS2-ABAJA-DEV-main/install/vehiclecontrol/share/vehiclecontrol/cmake/ament_cmake_export_dependencies-extras.cmake
-- Installing: /home/nvidia/ROS2-ABAJA-DEV-main/install/vehiclecontrol/share/vehiclecontrol/cmake/ament_cmake_export_include_directories-extras.cmake
-- Installing: /home/nvidia/ROS2-ABAJA-DEV-main/install/vehiclecontrol/share/vehiclecontrol/cmake/ament_cmake_export_libraries-extras.cmake
-- Installing: /home/nvidia/ROS2-ABAJA-DEV-main/install/vehiclecontrol/share/vehiclecontrol/cmake/ament_cmake_export_targets-extras.cmake
-- Installing: /home/nvidia/ROS2-ABAJA-DEV-main/install/vehiclecontrol/share/vehiclecontrol/cmake/rosidl_cmake_export_typesupport_targets-extras.cmake
-- Installing: /home/nvidia/ROS2-ABAJA-DEV-main/install/vehiclecontrol/share/vehiclecontrol/cmake/rosidl_cmake_export_typesupport_libraries-extras.cmake
-- Installing: /home/nvidia/ROS2-ABAJA-DEV-main/install/vehiclecontrol/share/vehiclecontrol/cmake/vehiclecontrolConfig.cmake
-- Installing: /home/nvidia/ROS2-ABAJA-DEV-main/install/vehiclecontrol/share/vehiclecontrol/cmake/vehiclecontrolConfig-version.cmake
-- Installing: /home/nvidia/ROS2-ABAJA-DEV-main/install/vehiclecontrol/share/vehiclecontrol/package.xml
