[0.037s] Invoking command in '/home/nvidia/ROS2-ABAJA-DEV-main/build/vehiclecontrol': CMAKE_PREFIX_PATH=/opt/ros/humble /usr/bin/cmake /home/nvidia/ROS2-ABAJA-DEV-main/src/vehiclecontrol -DCMAKE_INSTALL_PREFIX=/home/nvidia/ROS2-ABAJA-DEV-main/install/vehiclecontrol
[2.696s] -- The C compiler identification is GNU 11.4.0
[2.696s] -- The CXX compiler identification is GNU 11.4.0
[2.697s] -- Detecting C compiler ABI info
[2.697s] -- Detecting C compiler ABI info - done
[2.697s] -- Check for working C compiler: /usr/bin/cc - skipped
[2.697s] -- Detecting C compile features
[2.697s] -- Detecting C compile features - done
[2.697s] -- Detecting CXX compiler ABI info
[2.697s] -- Detecting CXX compiler ABI info - done
[2.698s] -- Check for working CXX compiler: /usr/bin/c++ - skipped
[2.698s] -- Detecting CXX compile features
[2.698s] -- Detecting CXX compile features - done
[2.698s] -- Found ament_cmake: 1.3.12 (/opt/ros/humble/share/ament_cmake/cmake)
[2.698s] -- Found Python3: /usr/bin/python3 (found version "3.10.12") found components: Interpreter 
[2.698s] -- Found rosidl_default_generators: 1.2.0 (/opt/ros/humble/share/rosidl_default_generators/cmake)
[2.698s] -- Using all available rosidl_typesupport_c: rosidl_typesupport_fastrtps_c;rosidl_typesupport_introspection_c
[2.699s] -- Found rosidl_adapter: 3.1.7 (/opt/ros/humble/share/rosidl_adapter/cmake)
[2.699s] -- Using all available rosidl_typesupport_cpp: rosidl_typesupport_fastrtps_cpp;rosidl_typesupport_introspection_cpp
[2.699s] -- Found builtin_interfaces: 1.2.2 (/opt/ros/humble/share/builtin_interfaces/cmake)
[2.699s] -- Found ament_cmake_ros: 0.10.0 (/opt/ros/humble/share/ament_cmake_ros/cmake)
[2.699s] -- Using all available rosidl_typesupport_c: rosidl_typesupport_fastrtps_c;rosidl_typesupport_introspection_c
[3.129s] -- Using all available rosidl_typesupport_cpp: rosidl_typesupport_fastrtps_cpp;rosidl_typesupport_introspection_cpp
[3.183s] -- Found PythonInterp: /usr/bin/python3 (found suitable version "3.10.12", minimum required is "3.6") 
[3.187s] -- Found python_cmake_module: 0.10.0 (/opt/ros/humble/share/python_cmake_module/cmake)
[3.249s] -- Found PythonLibs: /usr/lib/aarch64-linux-gnu/libpython3.10.so (found suitable version "3.10.12", minimum required is "3.5") 
[3.249s] -- Using PYTHON_EXECUTABLE: /usr/bin/python3
[3.249s] -- Using PYTHON_INCLUDE_DIRS: /usr/include/python3.10
[3.249s] -- Using PYTHON_LIBRARIES: /usr/lib/aarch64-linux-gnu/libpython3.10.so
[3.301s] -- Found PythonExtra: .so  
[3.391s] -- Configuring done
[3.461s] -- Generating done
[3.486s] -- Build files have been written to: /home/nvidia/ROS2-ABAJA-DEV-main/build/vehiclecontrol
[3.508s] Invoked command in '/home/nvidia/ROS2-ABAJA-DEV-main/build/vehiclecontrol' returned '0': CMAKE_PREFIX_PATH=/opt/ros/humble /usr/bin/cmake /home/nvidia/ROS2-ABAJA-DEV-main/src/vehiclecontrol -DCMAKE_INSTALL_PREFIX=/home/nvidia/ROS2-ABAJA-DEV-main/install/vehiclecontrol
[3.509s] Invoking command in '/home/nvidia/ROS2-ABAJA-DEV-main/build/vehiclecontrol': CMAKE_PREFIX_PATH=/opt/ros/humble /usr/bin/cmake --build /home/nvidia/ROS2-ABAJA-DEV-main/build/vehiclecontrol -- -j6 -l6
[3.587s] [  3%] [34m[1mGenerating C code for ROS interfaces[0m
[3.608s] [  6%] [34m[1mGenerating C++ code for ROS interfaces[0m
[3.633s] [  6%] Built target ament_cmake_python_copy_vehiclecontrol
[4.339s] running egg_info
[4.340s] creating vehiclecontrol.egg-info
[4.341s] writing vehiclecontrol.egg-info/PKG-INFO
[4.342s] writing dependency_links to vehiclecontrol.egg-info/dependency_links.txt
[4.343s] writing top-level names to vehiclecontrol.egg-info/top_level.txt
[4.343s] writing manifest file 'vehiclecontrol.egg-info/SOURCES.txt'
[4.350s] reading manifest file 'vehiclecontrol.egg-info/SOURCES.txt'
[4.351s] writing manifest file 'vehiclecontrol.egg-info/SOURCES.txt'
[4.467s] [  6%] Built target vehiclecontrol__cpp
[4.470s] [  6%] Built target ament_cmake_python_build_vehiclecontrol_egg
[4.504s] [  9%] [34m[1mGenerating C++ type support dispatch for ROS interfaces[0m
[4.513s] [ 12%] [34m[1mGenerating C++ introspection for ROS interfaces[0m
[4.523s] [ 16%] [34m[1mGenerating C++ type support for eProsima Fast-RTPS[0m
[4.554s] [ 19%] [32mBuilding C object CMakeFiles/vehiclecontrol__rosidl_generator_c.dir/rosidl_generator_c/vehiclecontrol/msg/detail/control__functions.c.o[0m
[4.719s] [ 22%] [32m[1mLinking C shared library libvehiclecontrol__rosidl_generator_c.so[0m
[4.849s] [ 22%] Built target vehiclecontrol__rosidl_generator_c
[4.919s] [ 25%] [34m[1mGenerating C type support for eProsima Fast-RTPS[0m
[4.928s] [ 29%] [34m[1mGenerating C introspection for ROS interfaces[0m
[4.937s] [ 32%] [34m[1mGenerating C type support dispatch for ROS interfaces[0m
[5.591s] [ 35%] [32mBuilding CXX object CMakeFiles/vehiclecontrol__rosidl_typesupport_fastrtps_cpp.dir/rosidl_typesupport_fastrtps_cpp/vehiclecontrol/msg/detail/dds_fastrtps/control__type_support.cpp.o[0m
[5.675s] [ 38%] [32mBuilding CXX object CMakeFiles/vehiclecontrol__rosidl_typesupport_introspection_cpp.dir/rosidl_typesupport_introspection_cpp/vehiclecontrol/msg/detail/control__type_support.cpp.o[0m
[5.983s] [ 41%] [32mBuilding CXX object CMakeFiles/vehiclecontrol__rosidl_typesupport_cpp.dir/rosidl_typesupport_cpp/vehiclecontrol/msg/control__type_support.cpp.o[0m
[6.654s] [ 45%] [32mBuilding C object CMakeFiles/vehiclecontrol__rosidl_typesupport_introspection_c.dir/rosidl_typesupport_introspection_c/vehiclecontrol/msg/detail/control__type_support.c.o[0m
[6.675s] [ 48%] [32mBuilding CXX object CMakeFiles/vehiclecontrol__rosidl_typesupport_c.dir/rosidl_typesupport_c/vehiclecontrol/msg/control__type_support.cpp.o[0m
[6.867s] [ 51%] [32m[1mLinking CXX shared library libvehiclecontrol__rosidl_typesupport_c.so[0m
[6.934s] [ 54%] [32mBuilding CXX object CMakeFiles/vehiclecontrol__rosidl_typesupport_fastrtps_c.dir/rosidl_typesupport_fastrtps_c/vehiclecontrol/msg/detail/control__type_support_c.cpp.o[0m
[6.957s] [ 58%] [32m[1mLinking C shared library libvehiclecontrol__rosidl_typesupport_introspection_c.so[0m
[7.067s] [ 58%] Built target vehiclecontrol__rosidl_typesupport_introspection_c
[7.211s] [ 58%] Built target vehiclecontrol__rosidl_typesupport_c
[8.201s] [ 61%] [32m[1mLinking CXX shared library libvehiclecontrol__rosidl_typesupport_cpp.so[0m
[8.475s] [ 61%] Built target vehiclecontrol__rosidl_typesupport_cpp
[8.572s] [ 64%] [32m[1mLinking CXX shared library libvehiclecontrol__rosidl_typesupport_introspection_cpp.so[0m
[8.899s] [ 64%] Built target vehiclecontrol__rosidl_typesupport_introspection_cpp
[8.917s] [ 67%] [32m[1mLinking CXX shared library libvehiclecontrol__rosidl_typesupport_fastrtps_cpp.so[0m
[9.496s] [ 67%] Built target vehiclecontrol__rosidl_typesupport_fastrtps_cpp
[9.643s] [ 70%] [32m[1mLinking CXX shared library libvehiclecontrol__rosidl_typesupport_fastrtps_c.so[0m
[10.123s] [ 70%] Built target vehiclecontrol__rosidl_typesupport_fastrtps_c
[10.256s] [ 70%] Built target vehiclecontrol
[10.440s] [ 74%] [34m[1mGenerating Python code for ROS interfaces[0m
[11.947s] [ 74%] Built target vehiclecontrol__py
[12.019s] [ 77%] [32mBuilding C object CMakeFiles/vehiclecontrol__rosidl_generator_py.dir/rosidl_generator_py/vehiclecontrol/msg/_control_s.c.o[0m
[12.266s] [ 80%] [32m[1mLinking C shared library rosidl_generator_py/vehiclecontrol/libvehiclecontrol__rosidl_generator_py.so[0m
[12.352s] [ 80%] Built target vehiclecontrol__rosidl_generator_py
[12.414s] [ 83%] [32mBuilding C object CMakeFiles/vehiclecontrol__rosidl_typesupport_fastrtps_c__pyext.dir/rosidl_generator_py/vehiclecontrol/_vehiclecontrol_s.ep.rosidl_typesupport_fastrtps_c.c.o[0m
[12.415s] [ 87%] [32mBuilding C object CMakeFiles/vehiclecontrol__rosidl_typesupport_introspection_c__pyext.dir/rosidl_generator_py/vehiclecontrol/_vehiclecontrol_s.ep.rosidl_typesupport_introspection_c.c.o[0m
[12.433s] [ 90%] [32mBuilding C object CMakeFiles/vehiclecontrol__rosidl_typesupport_c__pyext.dir/rosidl_generator_py/vehiclecontrol/_vehiclecontrol_s.ep.rosidl_typesupport_c.c.o[0m
[12.670s] [ 93%] [32m[1mLinking C shared library rosidl_generator_py/vehiclecontrol/vehiclecontrol_s__rosidl_typesupport_fastrtps_c.cpython-310-aarch64-linux-gnu.so[0m
[12.689s] [ 96%] [32m[1mLinking C shared library rosidl_generator_py/vehiclecontrol/vehiclecontrol_s__rosidl_typesupport_introspection_c.cpython-310-aarch64-linux-gnu.so[0m
[12.708s] [100%] [32m[1mLinking C shared library rosidl_generator_py/vehiclecontrol/vehiclecontrol_s__rosidl_typesupport_c.cpython-310-aarch64-linux-gnu.so[0m
[12.785s] [100%] Built target vehiclecontrol__rosidl_typesupport_fastrtps_c__pyext
[12.801s] [100%] Built target vehiclecontrol__rosidl_typesupport_introspection_c__pyext
[12.811s] [100%] Built target vehiclecontrol__rosidl_typesupport_c__pyext
[12.838s] Invoked command in '/home/nvidia/ROS2-ABAJA-DEV-main/build/vehiclecontrol' returned '0': CMAKE_PREFIX_PATH=/opt/ros/humble /usr/bin/cmake --build /home/nvidia/ROS2-ABAJA-DEV-main/build/vehiclecontrol -- -j6 -l6
[12.842s] Invoking command in '/home/nvidia/ROS2-ABAJA-DEV-main/build/vehiclecontrol': CMAKE_PREFIX_PATH=/opt/ros/humble /usr/bin/cmake --install /home/nvidia/ROS2-ABAJA-DEV-main/build/vehiclecontrol
[12.861s] -- Install configuration: ""
[12.861s] -- Installing: /home/nvidia/ROS2-ABAJA-DEV-main/install/vehiclecontrol/share/ament_index/resource_index/rosidl_interfaces/vehiclecontrol
[12.862s] -- Installing: /home/nvidia/ROS2-ABAJA-DEV-main/install/vehiclecontrol/include/vehiclecontrol/vehiclecontrol
[12.862s] -- Installing: /home/nvidia/ROS2-ABAJA-DEV-main/install/vehiclecontrol/include/vehiclecontrol/vehiclecontrol/msg
[12.863s] -- Installing: /home/nvidia/ROS2-ABAJA-DEV-main/install/vehiclecontrol/include/vehiclecontrol/vehiclecontrol/msg/rosidl_generator_c__visibility_control.h
[12.863s] -- Installing: /home/nvidia/ROS2-ABAJA-DEV-main/install/vehiclecontrol/include/vehiclecontrol/vehiclecontrol/msg/detail
[12.863s] -- Installing: /home/nvidia/ROS2-ABAJA-DEV-main/install/vehiclecontrol/include/vehiclecontrol/vehiclecontrol/msg/detail/control__struct.h
[12.864s] -- Installing: /home/nvidia/ROS2-ABAJA-DEV-main/install/vehiclecontrol/include/vehiclecontrol/vehiclecontrol/msg/detail/control__functions.h
[12.864s] -- Installing: /home/nvidia/ROS2-ABAJA-DEV-main/install/vehiclecontrol/include/vehiclecontrol/vehiclecontrol/msg/detail/control__type_support.h
[12.865s] -- Installing: /home/nvidia/ROS2-ABAJA-DEV-main/install/vehiclecontrol/include/vehiclecontrol/vehiclecontrol/msg/detail/control__functions.c
[12.865s] -- Installing: /home/nvidia/ROS2-ABAJA-DEV-main/install/vehiclecontrol/include/vehiclecontrol/vehiclecontrol/msg/control.h
[12.866s] -- Installing: /home/nvidia/ROS2-ABAJA-DEV-main/install/vehiclecontrol/share/vehiclecontrol/environment/library_path.sh
[12.866s] -- Installing: /home/nvidia/ROS2-ABAJA-DEV-main/install/vehiclecontrol/share/vehiclecontrol/environment/library_path.dsv
[12.867s] -- Installing: /home/nvidia/ROS2-ABAJA-DEV-main/install/vehiclecontrol/lib/libvehiclecontrol__rosidl_generator_c.so
[12.868s] -- Set runtime path of "/home/nvidia/ROS2-ABAJA-DEV-main/install/vehiclecontrol/lib/libvehiclecontrol__rosidl_generator_c.so" to ""
[12.868s] -- Up-to-date: /home/nvidia/ROS2-ABAJA-DEV-main/install/vehiclecontrol/include/vehiclecontrol/vehiclecontrol
[12.868s] -- Up-to-date: /home/nvidia/ROS2-ABAJA-DEV-main/install/vehiclecontrol/include/vehiclecontrol/vehiclecontrol/msg
[12.868s] -- Installing: /home/nvidia/ROS2-ABAJA-DEV-main/install/vehiclecontrol/include/vehiclecontrol/vehiclecontrol/msg/rosidl_typesupport_fastrtps_c__visibility_control.h
[12.869s] -- Up-to-date: /home/nvidia/ROS2-ABAJA-DEV-main/install/vehiclecontrol/include/vehiclecontrol/vehiclecontrol/msg/detail
[12.869s] -- Installing: /home/nvidia/ROS2-ABAJA-DEV-main/install/vehiclecontrol/include/vehiclecontrol/vehiclecontrol/msg/detail/control__rosidl_typesupport_fastrtps_c.h
[12.869s] -- Installing: /home/nvidia/ROS2-ABAJA-DEV-main/install/vehiclecontrol/lib/libvehiclecontrol__rosidl_typesupport_fastrtps_c.so
[12.870s] -- Set runtime path of "/home/nvidia/ROS2-ABAJA-DEV-main/install/vehiclecontrol/lib/libvehiclecontrol__rosidl_typesupport_fastrtps_c.so" to ""
[12.870s] -- Up-to-date: /home/nvidia/ROS2-ABAJA-DEV-main/install/vehiclecontrol/include/vehiclecontrol/vehiclecontrol
[12.871s] -- Up-to-date: /home/nvidia/ROS2-ABAJA-DEV-main/install/vehiclecontrol/include/vehiclecontrol/vehiclecontrol/msg
[12.871s] -- Installing: /home/nvidia/ROS2-ABAJA-DEV-main/install/vehiclecontrol/include/vehiclecontrol/vehiclecontrol/msg/rosidl_typesupport_introspection_c__visibility_control.h
[12.871s] -- Up-to-date: /home/nvidia/ROS2-ABAJA-DEV-main/install/vehiclecontrol/include/vehiclecontrol/vehiclecontrol/msg/detail
[12.871s] -- Installing: /home/nvidia/ROS2-ABAJA-DEV-main/install/vehiclecontrol/include/vehiclecontrol/vehiclecontrol/msg/detail/control__type_support.c
[12.872s] -- Installing: /home/nvidia/ROS2-ABAJA-DEV-main/install/vehiclecontrol/include/vehiclecontrol/vehiclecontrol/msg/detail/control__rosidl_typesupport_introspection_c.h
[12.872s] -- Installing: /home/nvidia/ROS2-ABAJA-DEV-main/install/vehiclecontrol/lib/libvehiclecontrol__rosidl_typesupport_introspection_c.so
[12.873s] -- Set runtime path of "/home/nvidia/ROS2-ABAJA-DEV-main/install/vehiclecontrol/lib/libvehiclecontrol__rosidl_typesupport_introspection_c.so" to ""
[12.873s] -- Installing: /home/nvidia/ROS2-ABAJA-DEV-main/install/vehiclecontrol/lib/libvehiclecontrol__rosidl_typesupport_c.so
[12.874s] -- Set runtime path of "/home/nvidia/ROS2-ABAJA-DEV-main/install/vehiclecontrol/lib/libvehiclecontrol__rosidl_typesupport_c.so" to ""
[12.874s] -- Up-to-date: /home/nvidia/ROS2-ABAJA-DEV-main/install/vehiclecontrol/include/vehiclecontrol/vehiclecontrol
[12.874s] -- Up-to-date: /home/nvidia/ROS2-ABAJA-DEV-main/install/vehiclecontrol/include/vehiclecontrol/vehiclecontrol/msg
[12.874s] -- Installing: /home/nvidia/ROS2-ABAJA-DEV-main/install/vehiclecontrol/include/vehiclecontrol/vehiclecontrol/msg/rosidl_generator_cpp__visibility_control.hpp
[12.874s] -- Installing: /home/nvidia/ROS2-ABAJA-DEV-main/install/vehiclecontrol/include/vehiclecontrol/vehiclecontrol/msg/control.hpp
[12.875s] -- Up-to-date: /home/nvidia/ROS2-ABAJA-DEV-main/install/vehiclecontrol/include/vehiclecontrol/vehiclecontrol/msg/detail
[12.875s] -- Installing: /home/nvidia/ROS2-ABAJA-DEV-main/install/vehiclecontrol/include/vehiclecontrol/vehiclecontrol/msg/detail/control__traits.hpp
[12.875s] -- Installing: /home/nvidia/ROS2-ABAJA-DEV-main/install/vehiclecontrol/include/vehiclecontrol/vehiclecontrol/msg/detail/control__type_support.hpp
[12.875s] -- Installing: /home/nvidia/ROS2-ABAJA-DEV-main/install/vehiclecontrol/include/vehiclecontrol/vehiclecontrol/msg/detail/control__struct.hpp
[12.876s] -- Installing: /home/nvidia/ROS2-ABAJA-DEV-main/install/vehiclecontrol/include/vehiclecontrol/vehiclecontrol/msg/detail/control__builder.hpp
[12.876s] -- Up-to-date: /home/nvidia/ROS2-ABAJA-DEV-main/install/vehiclecontrol/include/vehiclecontrol/vehiclecontrol
[12.876s] -- Up-to-date: /home/nvidia/ROS2-ABAJA-DEV-main/install/vehiclecontrol/include/vehiclecontrol/vehiclecontrol/msg
[12.876s] -- Installing: /home/nvidia/ROS2-ABAJA-DEV-main/install/vehiclecontrol/include/vehiclecontrol/vehiclecontrol/msg/rosidl_typesupport_fastrtps_cpp__visibility_control.h
[12.877s] -- Up-to-date: /home/nvidia/ROS2-ABAJA-DEV-main/install/vehiclecontrol/include/vehiclecontrol/vehiclecontrol/msg/detail
[12.877s] -- Installing: /home/nvidia/ROS2-ABAJA-DEV-main/install/vehiclecontrol/include/vehiclecontrol/vehiclecontrol/msg/detail/dds_fastrtps
[12.877s] -- Installing: /home/nvidia/ROS2-ABAJA-DEV-main/install/vehiclecontrol/include/vehiclecontrol/vehiclecontrol/msg/detail/control__rosidl_typesupport_fastrtps_cpp.hpp
[12.877s] -- Installing: /home/nvidia/ROS2-ABAJA-DEV-main/install/vehiclecontrol/lib/libvehiclecontrol__rosidl_typesupport_fastrtps_cpp.so
[12.878s] -- Set runtime path of "/home/nvidia/ROS2-ABAJA-DEV-main/install/vehiclecontrol/lib/libvehiclecontrol__rosidl_typesupport_fastrtps_cpp.so" to ""
[12.878s] -- Up-to-date: /home/nvidia/ROS2-ABAJA-DEV-main/install/vehiclecontrol/include/vehiclecontrol/vehiclecontrol
[12.878s] -- Up-to-date: /home/nvidia/ROS2-ABAJA-DEV-main/install/vehiclecontrol/include/vehiclecontrol/vehiclecontrol/msg
[12.878s] -- Up-to-date: /home/nvidia/ROS2-ABAJA-DEV-main/install/vehiclecontrol/include/vehiclecontrol/vehiclecontrol/msg/detail
[12.879s] -- Installing: /home/nvidia/ROS2-ABAJA-DEV-main/install/vehiclecontrol/include/vehiclecontrol/vehiclecontrol/msg/detail/control__rosidl_typesupport_introspection_cpp.hpp
[12.879s] -- Installing: /home/nvidia/ROS2-ABAJA-DEV-main/install/vehiclecontrol/include/vehiclecontrol/vehiclecontrol/msg/detail/control__type_support.cpp
[12.879s] -- Installing: /home/nvidia/ROS2-ABAJA-DEV-main/install/vehiclecontrol/lib/libvehiclecontrol__rosidl_typesupport_introspection_cpp.so
[12.879s] -- Set runtime path of "/home/nvidia/ROS2-ABAJA-DEV-main/install/vehiclecontrol/lib/libvehiclecontrol__rosidl_typesupport_introspection_cpp.so" to ""
[12.879s] -- Installing: /home/nvidia/ROS2-ABAJA-DEV-main/install/vehiclecontrol/lib/libvehiclecontrol__rosidl_typesupport_cpp.so
[12.880s] -- Set runtime path of "/home/nvidia/ROS2-ABAJA-DEV-main/install/vehiclecontrol/lib/libvehiclecontrol__rosidl_typesupport_cpp.so" to ""
[12.880s] -- Installing: /home/nvidia/ROS2-ABAJA-DEV-main/install/vehiclecontrol/share/vehiclecontrol/environment/pythonpath.sh
[12.880s] -- Installing: /home/nvidia/ROS2-ABAJA-DEV-main/install/vehiclecontrol/share/vehiclecontrol/environment/pythonpath.dsv
[12.881s] -- Installing: /home/nvidia/ROS2-ABAJA-DEV-main/install/vehiclecontrol/local/lib/python3.10/dist-packages/vehiclecontrol-0.0.0-py3.10.egg-info
[12.881s] -- Installing: /home/nvidia/ROS2-ABAJA-DEV-main/install/vehiclecontrol/local/lib/python3.10/dist-packages/vehiclecontrol-0.0.0-py3.10.egg-info/dependency_links.txt
[12.881s] -- Installing: /home/nvidia/ROS2-ABAJA-DEV-main/install/vehiclecontrol/local/lib/python3.10/dist-packages/vehiclecontrol-0.0.0-py3.10.egg-info/SOURCES.txt
[12.882s] -- Installing: /home/nvidia/ROS2-ABAJA-DEV-main/install/vehiclecontrol/local/lib/python3.10/dist-packages/vehiclecontrol-0.0.0-py3.10.egg-info/top_level.txt
[12.882s] -- Installing: /home/nvidia/ROS2-ABAJA-DEV-main/install/vehiclecontrol/local/lib/python3.10/dist-packages/vehiclecontrol-0.0.0-py3.10.egg-info/PKG-INFO
[12.882s] -- Installing: /home/nvidia/ROS2-ABAJA-DEV-main/install/vehiclecontrol/local/lib/python3.10/dist-packages/vehiclecontrol
[12.882s] -- Installing: /home/nvidia/ROS2-ABAJA-DEV-main/install/vehiclecontrol/local/lib/python3.10/dist-packages/vehiclecontrol/_vehiclecontrol_s.ep.rosidl_typesupport_c.c
[12.883s] -- Installing: /home/nvidia/ROS2-ABAJA-DEV-main/install/vehiclecontrol/local/lib/python3.10/dist-packages/vehiclecontrol/_vehiclecontrol_s.ep.rosidl_typesupport_introspection_c.c
[12.883s] -- Installing: /home/nvidia/ROS2-ABAJA-DEV-main/install/vehiclecontrol/local/lib/python3.10/dist-packages/vehiclecontrol/__init__.py
[12.883s] -- Installing: /home/nvidia/ROS2-ABAJA-DEV-main/install/vehiclecontrol/local/lib/python3.10/dist-packages/vehiclecontrol/vehiclecontrol_s__rosidl_typesupport_fastrtps_c.cpython-310-aarch64-linux-gnu.so
[12.884s] -- Installing: /home/nvidia/ROS2-ABAJA-DEV-main/install/vehiclecontrol/local/lib/python3.10/dist-packages/vehiclecontrol/msg
[12.885s] -- Installing: /home/nvidia/ROS2-ABAJA-DEV-main/install/vehiclecontrol/local/lib/python3.10/dist-packages/vehiclecontrol/msg/__init__.py
[12.885s] -- Installing: /home/nvidia/ROS2-ABAJA-DEV-main/install/vehiclecontrol/local/lib/python3.10/dist-packages/vehiclecontrol/msg/_control.py
[12.885s] -- Installing: /home/nvidia/ROS2-ABAJA-DEV-main/install/vehiclecontrol/local/lib/python3.10/dist-packages/vehiclecontrol/msg/_control_s.c
[12.885s] -- Installing: /home/nvidia/ROS2-ABAJA-DEV-main/install/vehiclecontrol/local/lib/python3.10/dist-packages/vehiclecontrol/vehiclecontrol_s__rosidl_typesupport_introspection_c.cpython-310-aarch64-linux-gnu.so
[12.885s] -- Installing: /home/nvidia/ROS2-ABAJA-DEV-main/install/vehiclecontrol/local/lib/python3.10/dist-packages/vehiclecontrol/libvehiclecontrol__rosidl_generator_py.so
[12.885s] -- Installing: /home/nvidia/ROS2-ABAJA-DEV-main/install/vehiclecontrol/local/lib/python3.10/dist-packages/vehiclecontrol/vehiclecontrol_s__rosidl_typesupport_c.cpython-310-aarch64-linux-gnu.so
[12.886s] -- Installing: /home/nvidia/ROS2-ABAJA-DEV-main/install/vehiclecontrol/local/lib/python3.10/dist-packages/vehiclecontrol/_vehiclecontrol_s.ep.rosidl_typesupport_fastrtps_c.c
[12.966s] Listing '/home/nvidia/ROS2-ABAJA-DEV-main/install/vehiclecontrol/local/lib/python3.10/dist-packages/vehiclecontrol'...
[12.966s] Compiling '/home/nvidia/ROS2-ABAJA-DEV-main/install/vehiclecontrol/local/lib/python3.10/dist-packages/vehiclecontrol/__init__.py'...
[12.967s] Listing '/home/nvidia/ROS2-ABAJA-DEV-main/install/vehiclecontrol/local/lib/python3.10/dist-packages/vehiclecontrol/msg'...
[12.967s] Compiling '/home/nvidia/ROS2-ABAJA-DEV-main/install/vehiclecontrol/local/lib/python3.10/dist-packages/vehiclecontrol/msg/__init__.py'...
[12.967s] Compiling '/home/nvidia/ROS2-ABAJA-DEV-main/install/vehiclecontrol/local/lib/python3.10/dist-packages/vehiclecontrol/msg/_control.py'...
[12.980s] -- Installing: /home/nvidia/ROS2-ABAJA-DEV-main/install/vehiclecontrol/local/lib/python3.10/dist-packages/vehiclecontrol/vehiclecontrol_s__rosidl_typesupport_fastrtps_c.cpython-310-aarch64-linux-gnu.so
[12.980s] -- Set runtime path of "/home/nvidia/ROS2-ABAJA-DEV-main/install/vehiclecontrol/local/lib/python3.10/dist-packages/vehiclecontrol/vehiclecontrol_s__rosidl_typesupport_fastrtps_c.cpython-310-aarch64-linux-gnu.so" to ""
[12.981s] -- Installing: /home/nvidia/ROS2-ABAJA-DEV-main/install/vehiclecontrol/local/lib/python3.10/dist-packages/vehiclecontrol/vehiclecontrol_s__rosidl_typesupport_introspection_c.cpython-310-aarch64-linux-gnu.so
[12.981s] -- Set runtime path of "/home/nvidia/ROS2-ABAJA-DEV-main/install/vehiclecontrol/local/lib/python3.10/dist-packages/vehiclecontrol/vehiclecontrol_s__rosidl_typesupport_introspection_c.cpython-310-aarch64-linux-gnu.so" to ""
[12.982s] -- Installing: /home/nvidia/ROS2-ABAJA-DEV-main/install/vehiclecontrol/local/lib/python3.10/dist-packages/vehiclecontrol/vehiclecontrol_s__rosidl_typesupport_c.cpython-310-aarch64-linux-gnu.so
[12.982s] -- Set runtime path of "/home/nvidia/ROS2-ABAJA-DEV-main/install/vehiclecontrol/local/lib/python3.10/dist-packages/vehiclecontrol/vehiclecontrol_s__rosidl_typesupport_c.cpython-310-aarch64-linux-gnu.so" to ""
[12.983s] -- Installing: /home/nvidia/ROS2-ABAJA-DEV-main/install/vehiclecontrol/lib/libvehiclecontrol__rosidl_generator_py.so
[12.983s] -- Set runtime path of "/home/nvidia/ROS2-ABAJA-DEV-main/install/vehiclecontrol/lib/libvehiclecontrol__rosidl_generator_py.so" to ""
[12.984s] -- Installing: /home/nvidia/ROS2-ABAJA-DEV-main/install/vehiclecontrol/share/vehiclecontrol/msg/Control.idl
[12.984s] -- Installing: /home/nvidia/ROS2-ABAJA-DEV-main/install/vehiclecontrol/share/vehiclecontrol/msg/Control.msg
[12.984s] -- Installing: /home/nvidia/ROS2-ABAJA-DEV-main/install/vehiclecontrol/share/ament_index/resource_index/package_run_dependencies/vehiclecontrol
[12.984s] -- Installing: /home/nvidia/ROS2-ABAJA-DEV-main/install/vehiclecontrol/share/ament_index/resource_index/parent_prefix_path/vehiclecontrol
[12.985s] -- Installing: /home/nvidia/ROS2-ABAJA-DEV-main/install/vehiclecontrol/share/vehiclecontrol/environment/ament_prefix_path.sh
[12.985s] -- Installing: /home/nvidia/ROS2-ABAJA-DEV-main/install/vehiclecontrol/share/vehiclecontrol/environment/ament_prefix_path.dsv
[12.985s] -- Installing: /home/nvidia/ROS2-ABAJA-DEV-main/install/vehiclecontrol/share/vehiclecontrol/environment/path.sh
[12.985s] -- Installing: /home/nvidia/ROS2-ABAJA-DEV-main/install/vehiclecontrol/share/vehiclecontrol/environment/path.dsv
[12.986s] -- Installing: /home/nvidia/ROS2-ABAJA-DEV-main/install/vehiclecontrol/share/vehiclecontrol/local_setup.bash
[12.986s] -- Installing: /home/nvidia/ROS2-ABAJA-DEV-main/install/vehiclecontrol/share/vehiclecontrol/local_setup.sh
[12.986s] -- Installing: /home/nvidia/ROS2-ABAJA-DEV-main/install/vehiclecontrol/share/vehiclecontrol/local_setup.zsh
[12.987s] -- Installing: /home/nvidia/ROS2-ABAJA-DEV-main/install/vehiclecontrol/share/vehiclecontrol/local_setup.dsv
[12.987s] -- Installing: /home/nvidia/ROS2-ABAJA-DEV-main/install/vehiclecontrol/share/vehiclecontrol/package.dsv
[12.987s] -- Installing: /home/nvidia/ROS2-ABAJA-DEV-main/install/vehiclecontrol/share/ament_index/resource_index/packages/vehiclecontrol
[12.988s] -- Installing: /home/nvidia/ROS2-ABAJA-DEV-main/install/vehiclecontrol/share/vehiclecontrol/cmake/export_vehiclecontrol__rosidl_generator_cExport.cmake
[12.988s] -- Installing: /home/nvidia/ROS2-ABAJA-DEV-main/install/vehiclecontrol/share/vehiclecontrol/cmake/export_vehiclecontrol__rosidl_generator_cExport-noconfig.cmake
[12.988s] -- Installing: /home/nvidia/ROS2-ABAJA-DEV-main/install/vehiclecontrol/share/vehiclecontrol/cmake/export_vehiclecontrol__rosidl_typesupport_fastrtps_cExport.cmake
[12.989s] -- Installing: /home/nvidia/ROS2-ABAJA-DEV-main/install/vehiclecontrol/share/vehiclecontrol/cmake/export_vehiclecontrol__rosidl_typesupport_fastrtps_cExport-noconfig.cmake
[12.989s] -- Installing: /home/nvidia/ROS2-ABAJA-DEV-main/install/vehiclecontrol/share/vehiclecontrol/cmake/vehiclecontrol__rosidl_typesupport_introspection_cExport.cmake
[12.989s] -- Installing: /home/nvidia/ROS2-ABAJA-DEV-main/install/vehiclecontrol/share/vehiclecontrol/cmake/vehiclecontrol__rosidl_typesupport_introspection_cExport-noconfig.cmake
[12.989s] -- Installing: /home/nvidia/ROS2-ABAJA-DEV-main/install/vehiclecontrol/share/vehiclecontrol/cmake/vehiclecontrol__rosidl_typesupport_cExport.cmake
[12.990s] -- Installing: /home/nvidia/ROS2-ABAJA-DEV-main/install/vehiclecontrol/share/vehiclecontrol/cmake/vehiclecontrol__rosidl_typesupport_cExport-noconfig.cmake
[12.990s] -- Installing: /home/nvidia/ROS2-ABAJA-DEV-main/install/vehiclecontrol/share/vehiclecontrol/cmake/export_vehiclecontrol__rosidl_generator_cppExport.cmake
[12.990s] -- Installing: /home/nvidia/ROS2-ABAJA-DEV-main/install/vehiclecontrol/share/vehiclecontrol/cmake/export_vehiclecontrol__rosidl_typesupport_fastrtps_cppExport.cmake
[12.991s] -- Installing: /home/nvidia/ROS2-ABAJA-DEV-main/install/vehiclecontrol/share/vehiclecontrol/cmake/export_vehiclecontrol__rosidl_typesupport_fastrtps_cppExport-noconfig.cmake
[12.991s] -- Installing: /home/nvidia/ROS2-ABAJA-DEV-main/install/vehiclecontrol/share/vehiclecontrol/cmake/vehiclecontrol__rosidl_typesupport_introspection_cppExport.cmake
[12.991s] -- Installing: /home/nvidia/ROS2-ABAJA-DEV-main/install/vehiclecontrol/share/vehiclecontrol/cmake/vehiclecontrol__rosidl_typesupport_introspection_cppExport-noconfig.cmake
[12.992s] -- Installing: /home/nvidia/ROS2-ABAJA-DEV-main/install/vehiclecontrol/share/vehiclecontrol/cmake/vehiclecontrol__rosidl_typesupport_cppExport.cmake
[12.992s] -- Installing: /home/nvidia/ROS2-ABAJA-DEV-main/install/vehiclecontrol/share/vehiclecontrol/cmake/vehiclecontrol__rosidl_typesupport_cppExport-noconfig.cmake
[12.992s] -- Installing: /home/nvidia/ROS2-ABAJA-DEV-main/install/vehiclecontrol/share/vehiclecontrol/cmake/export_vehiclecontrol__rosidl_generator_pyExport.cmake
[12.993s] -- Installing: /home/nvidia/ROS2-ABAJA-DEV-main/install/vehiclecontrol/share/vehiclecontrol/cmake/export_vehiclecontrol__rosidl_generator_pyExport-noconfig.cmake
[12.993s] -- Installing: /home/nvidia/ROS2-ABAJA-DEV-main/install/vehiclecontrol/share/vehiclecontrol/cmake/rosidl_cmake-extras.cmake
[12.993s] -- Installing: /home/nvidia/ROS2-ABAJA-DEV-main/install/vehiclecontrol/share/vehiclecontrol/cmake/ament_cmake_export_dependencies-extras.cmake
[12.993s] -- Installing: /home/nvidia/ROS2-ABAJA-DEV-main/install/vehiclecontrol/share/vehiclecontrol/cmake/ament_cmake_export_include_directories-extras.cmake
[12.994s] -- Installing: /home/nvidia/ROS2-ABAJA-DEV-main/install/vehiclecontrol/share/vehiclecontrol/cmake/ament_cmake_export_libraries-extras.cmake
[12.994s] -- Installing: /home/nvidia/ROS2-ABAJA-DEV-main/install/vehiclecontrol/share/vehiclecontrol/cmake/ament_cmake_export_targets-extras.cmake
[12.994s] -- Installing: /home/nvidia/ROS2-ABAJA-DEV-main/install/vehiclecontrol/share/vehiclecontrol/cmake/rosidl_cmake_export_typesupport_targets-extras.cmake
[12.995s] -- Installing: /home/nvidia/ROS2-ABAJA-DEV-main/install/vehiclecontrol/share/vehiclecontrol/cmake/rosidl_cmake_export_typesupport_libraries-extras.cmake
[12.995s] -- Installing: /home/nvidia/ROS2-ABAJA-DEV-main/install/vehiclecontrol/share/vehiclecontrol/cmake/vehiclecontrolConfig.cmake
[12.995s] -- Installing: /home/nvidia/ROS2-ABAJA-DEV-main/install/vehiclecontrol/share/vehiclecontrol/cmake/vehiclecontrolConfig-version.cmake
[12.995s] -- Installing: /home/nvidia/ROS2-ABAJA-DEV-main/install/vehiclecontrol/share/vehiclecontrol/package.xml
[13.003s] Invoked command in '/home/nvidia/ROS2-ABAJA-DEV-main/build/vehiclecontrol' returned '0': CMAKE_PREFIX_PATH=/opt/ros/humble /usr/bin/cmake --install /home/nvidia/ROS2-ABAJA-DEV-main/build/vehiclecontrol
