[0.039s] Invoking command in '/home/nvidia/ROS2-ABAJA-DEV-main/build/feedback': CMAKE_PREFIX_PATH=/opt/ros/humble /usr/bin/cmake /home/nvidia/ROS2-ABAJA-DEV-main/src/feedback -DCMAKE_INSTALL_PREFIX=/home/nvidia/ROS2-ABAJA-DEV-main/install/feedback
[0.169s] -- The C compiler identification is GNU 11.4.0
[0.295s] -- The CXX compiler identification is GNU 11.4.0
[0.313s] -- Detecting C compiler ABI info
[0.491s] -- Detecting C compiler ABI info - done
[0.509s] -- Check for working C compiler: /usr/bin/cc - skipped
[0.510s] -- Detecting C compile features
[0.510s] -- Detecting C compile features - done
[0.518s] -- Detecting CXX compiler ABI info
[0.698s] -- Detecting CXX compiler ABI info - done
[0.714s] -- Check for working CXX compiler: /usr/bin/c++ - skipped
[0.715s] -- Detecting CXX compile features
[0.716s] -- Detecting CXX compile features - done
[0.720s] -- Found ament_cmake: 1.3.12 (/opt/ros/humble/share/ament_cmake/cmake)
[1.126s] -- Found Python3: /usr/bin/python3 (found version "3.10.12") found components: Interpreter 
[1.341s] -- Found rosidl_default_generators: 1.2.0 (/opt/ros/humble/share/rosidl_default_generators/cmake)
[1.346s] -- Using all available rosidl_typesupport_c: rosidl_typesupport_fastrtps_c;rosidl_typesupport_introspection_c
[1.356s] -- Found rosidl_adapter: 3.1.7 (/opt/ros/humble/share/rosidl_adapter/cmake)
[1.433s] -- Using all available rosidl_typesupport_cpp: rosidl_typesupport_fastrtps_cpp;rosidl_typesupport_introspection_cpp
[1.497s] -- Found builtin_interfaces: 1.2.2 (/opt/ros/humble/share/builtin_interfaces/cmake)
[2.130s] -- Found ament_cmake_ros: 0.10.0 (/opt/ros/humble/share/ament_cmake_ros/cmake)
[2.597s] -- Using all available rosidl_typesupport_c: rosidl_typesupport_fastrtps_c;rosidl_typesupport_introspection_c
[3.204s] -- Using all available rosidl_typesupport_cpp: rosidl_typesupport_fastrtps_cpp;rosidl_typesupport_introspection_cpp
[3.258s] -- Found PythonInterp: /usr/bin/python3 (found suitable version "3.10.12", minimum required is "3.6") 
[3.260s] -- Found python_cmake_module: 0.10.0 (/opt/ros/humble/share/python_cmake_module/cmake)
[3.322s] -- Found PythonLibs: /usr/lib/aarch64-linux-gnu/libpython3.10.so (found suitable version "3.10.12", minimum required is "3.5") 
[3.322s] -- Using PYTHON_EXECUTABLE: /usr/bin/python3
[3.322s] -- Using PYTHON_INCLUDE_DIRS: /usr/include/python3.10
[3.322s] -- Using PYTHON_LIBRARIES: /usr/lib/aarch64-linux-gnu/libpython3.10.so
[3.372s] -- Found PythonExtra: .so  
[3.461s] -- Configuring done
[3.529s] -- Generating done
[3.553s] -- Build files have been written to: /home/nvidia/ROS2-ABAJA-DEV-main/build/feedback
[3.572s] Invoked command in '/home/nvidia/ROS2-ABAJA-DEV-main/build/feedback' returned '0': CMAKE_PREFIX_PATH=/opt/ros/humble /usr/bin/cmake /home/nvidia/ROS2-ABAJA-DEV-main/src/feedback -DCMAKE_INSTALL_PREFIX=/home/nvidia/ROS2-ABAJA-DEV-main/install/feedback
[3.574s] Invoking command in '/home/nvidia/ROS2-ABAJA-DEV-main/build/feedback': CMAKE_PREFIX_PATH=/opt/ros/humble /usr/bin/cmake --build /home/nvidia/ROS2-ABAJA-DEV-main/build/feedback -- -j6 -l6
[3.679s] [  3%] [34m[1mGenerating C code for ROS interfaces[0m
[3.722s] [  3%] Built target ament_cmake_python_copy_feedback
[3.729s] [  6%] [34m[1mGenerating C++ code for ROS interfaces[0m
[4.465s] running egg_info
[4.467s] creating feedback.egg-info
[4.467s] writing feedback.egg-info/PKG-INFO
[4.468s] writing dependency_links to feedback.egg-info/dependency_links.txt
[4.469s] writing top-level names to feedback.egg-info/top_level.txt
[4.469s] writing manifest file 'feedback.egg-info/SOURCES.txt'
[4.475s] reading manifest file 'feedback.egg-info/SOURCES.txt'
[4.476s] writing manifest file 'feedback.egg-info/SOURCES.txt'
[4.592s] [  9%] [32mBuilding C object CMakeFiles/feedback__rosidl_generator_c.dir/rosidl_generator_c/feedback/msg/detail/velocity__functions.c.o[0m
[4.609s] [  9%] Built target ament_cmake_python_build_feedback_egg
[4.828s] [ 12%] [32m[1mLinking C shared library libfeedback__rosidl_generator_c.so[0m
[5.002s] [ 12%] Built target feedback__cpp
[5.029s] [ 12%] Built target feedback__rosidl_generator_c
[5.096s] [ 19%] [34m[1mGenerating C++ type support dispatch for ROS interfaces[0m
[5.102s] [ 19%] [34m[1mGenerating C++ type support for eProsima Fast-RTPS[0m
[5.105s] [ 22%] [34m[1mGenerating C++ introspection for ROS interfaces[0m
[5.141s] [ 25%] [34m[1mGenerating C type support for eProsima Fast-RTPS[0m
[5.159s] [ 29%] [34m[1mGenerating C introspection for ROS interfaces[0m
[5.160s] [ 32%] [34m[1mGenerating C type support dispatch for ROS interfaces[0m
[7.129s] [ 35%] [32mBuilding CXX object CMakeFiles/feedback__rosidl_typesupport_cpp.dir/rosidl_typesupport_cpp/feedback/msg/velocity__type_support.cpp.o[0m
[7.215s] [ 38%] [32mBuilding CXX object CMakeFiles/feedback__rosidl_typesupport_fastrtps_c.dir/rosidl_typesupport_fastrtps_c/feedback/msg/detail/velocity__type_support_c.cpp.o[0m
[7.312s] [ 41%] [32mBuilding CXX object CMakeFiles/feedback__rosidl_typesupport_introspection_cpp.dir/rosidl_typesupport_introspection_cpp/feedback/msg/detail/velocity__type_support.cpp.o[0m
[7.381s] [ 45%] [32mBuilding CXX object CMakeFiles/feedback__rosidl_typesupport_c.dir/rosidl_typesupport_c/feedback/msg/velocity__type_support.cpp.o[0m
[7.454s] [ 48%] [32mBuilding C object CMakeFiles/feedback__rosidl_typesupport_introspection_c.dir/rosidl_typesupport_introspection_c/feedback/msg/detail/velocity__type_support.c.o[0m
[7.493s] [ 51%] [32mBuilding CXX object CMakeFiles/feedback__rosidl_typesupport_fastrtps_cpp.dir/rosidl_typesupport_fastrtps_cpp/feedback/msg/detail/dds_fastrtps/velocity__type_support.cpp.o[0m
[7.559s] [ 54%] [32m[1mLinking CXX shared library libfeedback__rosidl_typesupport_c.so[0m
[7.677s] [ 58%] [32m[1mLinking C shared library libfeedback__rosidl_typesupport_introspection_c.so[0m
[7.747s] [ 58%] Built target feedback__rosidl_typesupport_c
[7.873s] [ 58%] Built target feedback__rosidl_typesupport_introspection_c
[9.313s] [ 61%] [32m[1mLinking CXX shared library libfeedback__rosidl_typesupport_cpp.so[0m
[9.681s] [ 61%] Built target feedback__rosidl_typesupport_cpp
[10.122s] [ 64%] [32m[1mLinking CXX shared library libfeedback__rosidl_typesupport_fastrtps_c.so[0m
[10.497s] [ 67%] [32m[1mLinking CXX shared library libfeedback__rosidl_typesupport_introspection_cpp.so[0m
[10.522s] [ 70%] [32m[1mLinking CXX shared library libfeedback__rosidl_typesupport_fastrtps_cpp.so[0m
[10.584s] [ 70%] Built target feedback__rosidl_typesupport_fastrtps_c
[10.660s] [ 70%] Built target feedback__rosidl_typesupport_introspection_cpp
[10.937s] [ 70%] Built target feedback__rosidl_typesupport_fastrtps_cpp
[11.077s] [ 70%] Built target feedback
[11.219s] [ 74%] [34m[1mGenerating Python code for ROS interfaces[0m
[12.553s] [ 74%] Built target feedback__py
[12.674s] [ 77%] [32mBuilding C object CMakeFiles/feedback__rosidl_generator_py.dir/rosidl_generator_py/feedback/msg/_velocity_s.c.o[0m
[12.918s] [ 80%] [32m[1mLinking C shared library rosidl_generator_py/feedback/libfeedback__rosidl_generator_py.so[0m
[12.996s] [ 80%] Built target feedback__rosidl_generator_py
[13.037s] [ 83%] [32mBuilding C object CMakeFiles/feedback__rosidl_typesupport_fastrtps_c__pyext.dir/rosidl_generator_py/feedback/_feedback_s.ep.rosidl_typesupport_fastrtps_c.c.o[0m
[13.040s] [ 87%] [32mBuilding C object CMakeFiles/feedback__rosidl_typesupport_introspection_c__pyext.dir/rosidl_generator_py/feedback/_feedback_s.ep.rosidl_typesupport_introspection_c.c.o[0m
[13.052s] [ 90%] [32mBuilding C object CMakeFiles/feedback__rosidl_typesupport_c__pyext.dir/rosidl_generator_py/feedback/_feedback_s.ep.rosidl_typesupport_c.c.o[0m
[13.253s] [ 93%] [32m[1mLinking C shared library rosidl_generator_py/feedback/feedback_s__rosidl_typesupport_fastrtps_c.cpython-310-aarch64-linux-gnu.so[0m
[13.272s] [ 96%] [32m[1mLinking C shared library rosidl_generator_py/feedback/feedback_s__rosidl_typesupport_c.cpython-310-aarch64-linux-gnu.so[0m
[13.282s] [100%] [32m[1mLinking C shared library rosidl_generator_py/feedback/feedback_s__rosidl_typesupport_introspection_c.cpython-310-aarch64-linux-gnu.so[0m
[13.329s] [100%] Built target feedback__rosidl_typesupport_fastrtps_c__pyext
[13.345s] [100%] Built target feedback__rosidl_typesupport_c__pyext
[13.358s] [100%] Built target feedback__rosidl_typesupport_introspection_c__pyext
[13.382s] Invoked command in '/home/nvidia/ROS2-ABAJA-DEV-main/build/feedback' returned '0': CMAKE_PREFIX_PATH=/opt/ros/humble /usr/bin/cmake --build /home/nvidia/ROS2-ABAJA-DEV-main/build/feedback -- -j6 -l6
[13.385s] Invoking command in '/home/nvidia/ROS2-ABAJA-DEV-main/build/feedback': CMAKE_PREFIX_PATH=/opt/ros/humble /usr/bin/cmake --install /home/nvidia/ROS2-ABAJA-DEV-main/build/feedback
[13.402s] -- Install configuration: ""
[13.402s] -- Installing: /home/nvidia/ROS2-ABAJA-DEV-main/install/feedback/share/ament_index/resource_index/rosidl_interfaces/feedback
[13.403s] -- Installing: /home/nvidia/ROS2-ABAJA-DEV-main/install/feedback/include/feedback/feedback
[13.403s] -- Installing: /home/nvidia/ROS2-ABAJA-DEV-main/install/feedback/include/feedback/feedback/msg
[13.403s] -- Installing: /home/nvidia/ROS2-ABAJA-DEV-main/install/feedback/include/feedback/feedback/msg/rosidl_generator_c__visibility_control.h
[13.403s] -- Installing: /home/nvidia/ROS2-ABAJA-DEV-main/install/feedback/include/feedback/feedback/msg/velocity.h
[13.403s] -- Installing: /home/nvidia/ROS2-ABAJA-DEV-main/install/feedback/include/feedback/feedback/msg/detail
[13.404s] -- Installing: /home/nvidia/ROS2-ABAJA-DEV-main/install/feedback/include/feedback/feedback/msg/detail/velocity__type_support.h
[13.404s] -- Installing: /home/nvidia/ROS2-ABAJA-DEV-main/install/feedback/include/feedback/feedback/msg/detail/velocity__struct.h
[13.404s] -- Installing: /home/nvidia/ROS2-ABAJA-DEV-main/install/feedback/include/feedback/feedback/msg/detail/velocity__functions.c
[13.404s] -- Installing: /home/nvidia/ROS2-ABAJA-DEV-main/install/feedback/include/feedback/feedback/msg/detail/velocity__functions.h
[13.405s] -- Installing: /home/nvidia/ROS2-ABAJA-DEV-main/install/feedback/share/feedback/environment/library_path.sh
[13.405s] -- Installing: /home/nvidia/ROS2-ABAJA-DEV-main/install/feedback/share/feedback/environment/library_path.dsv
[13.405s] -- Installing: /home/nvidia/ROS2-ABAJA-DEV-main/install/feedback/lib/libfeedback__rosidl_generator_c.so
[13.406s] -- Set runtime path of "/home/nvidia/ROS2-ABAJA-DEV-main/install/feedback/lib/libfeedback__rosidl_generator_c.so" to ""
[13.406s] -- Up-to-date: /home/nvidia/ROS2-ABAJA-DEV-main/install/feedback/include/feedback/feedback
[13.406s] -- Up-to-date: /home/nvidia/ROS2-ABAJA-DEV-main/install/feedback/include/feedback/feedback/msg
[13.407s] -- Installing: /home/nvidia/ROS2-ABAJA-DEV-main/install/feedback/include/feedback/feedback/msg/rosidl_typesupport_fastrtps_c__visibility_control.h
[13.407s] -- Up-to-date: /home/nvidia/ROS2-ABAJA-DEV-main/install/feedback/include/feedback/feedback/msg/detail
[13.407s] -- Installing: /home/nvidia/ROS2-ABAJA-DEV-main/install/feedback/include/feedback/feedback/msg/detail/velocity__rosidl_typesupport_fastrtps_c.h
[13.407s] -- Installing: /home/nvidia/ROS2-ABAJA-DEV-main/install/feedback/lib/libfeedback__rosidl_typesupport_fastrtps_c.so
[13.408s] -- Set runtime path of "/home/nvidia/ROS2-ABAJA-DEV-main/install/feedback/lib/libfeedback__rosidl_typesupport_fastrtps_c.so" to ""
[13.408s] -- Up-to-date: /home/nvidia/ROS2-ABAJA-DEV-main/install/feedback/include/feedback/feedback
[13.408s] -- Up-to-date: /home/nvidia/ROS2-ABAJA-DEV-main/install/feedback/include/feedback/feedback/msg
[13.408s] -- Installing: /home/nvidia/ROS2-ABAJA-DEV-main/install/feedback/include/feedback/feedback/msg/rosidl_typesupport_introspection_c__visibility_control.h
[13.408s] -- Up-to-date: /home/nvidia/ROS2-ABAJA-DEV-main/install/feedback/include/feedback/feedback/msg/detail
[13.409s] -- Installing: /home/nvidia/ROS2-ABAJA-DEV-main/install/feedback/include/feedback/feedback/msg/detail/velocity__rosidl_typesupport_introspection_c.h
[13.409s] -- Installing: /home/nvidia/ROS2-ABAJA-DEV-main/install/feedback/include/feedback/feedback/msg/detail/velocity__type_support.c
[13.409s] -- Installing: /home/nvidia/ROS2-ABAJA-DEV-main/install/feedback/lib/libfeedback__rosidl_typesupport_introspection_c.so
[13.409s] -- Set runtime path of "/home/nvidia/ROS2-ABAJA-DEV-main/install/feedback/lib/libfeedback__rosidl_typesupport_introspection_c.so" to ""
[13.410s] -- Installing: /home/nvidia/ROS2-ABAJA-DEV-main/install/feedback/lib/libfeedback__rosidl_typesupport_c.so
[13.410s] -- Set runtime path of "/home/nvidia/ROS2-ABAJA-DEV-main/install/feedback/lib/libfeedback__rosidl_typesupport_c.so" to ""
[13.410s] -- Up-to-date: /home/nvidia/ROS2-ABAJA-DEV-main/install/feedback/include/feedback/feedback
[13.411s] -- Up-to-date: /home/nvidia/ROS2-ABAJA-DEV-main/install/feedback/include/feedback/feedback/msg
[13.411s] -- Installing: /home/nvidia/ROS2-ABAJA-DEV-main/install/feedback/include/feedback/feedback/msg/velocity.hpp
[13.411s] -- Installing: /home/nvidia/ROS2-ABAJA-DEV-main/install/feedback/include/feedback/feedback/msg/rosidl_generator_cpp__visibility_control.hpp
[13.411s] -- Up-to-date: /home/nvidia/ROS2-ABAJA-DEV-main/install/feedback/include/feedback/feedback/msg/detail
[13.411s] -- Installing: /home/nvidia/ROS2-ABAJA-DEV-main/install/feedback/include/feedback/feedback/msg/detail/velocity__builder.hpp
[13.411s] -- Installing: /home/nvidia/ROS2-ABAJA-DEV-main/install/feedback/include/feedback/feedback/msg/detail/velocity__type_support.hpp
[13.412s] -- Installing: /home/nvidia/ROS2-ABAJA-DEV-main/install/feedback/include/feedback/feedback/msg/detail/velocity__struct.hpp
[13.412s] -- Installing: /home/nvidia/ROS2-ABAJA-DEV-main/install/feedback/include/feedback/feedback/msg/detail/velocity__traits.hpp
[13.412s] -- Up-to-date: /home/nvidia/ROS2-ABAJA-DEV-main/install/feedback/include/feedback/feedback
[13.412s] -- Up-to-date: /home/nvidia/ROS2-ABAJA-DEV-main/install/feedback/include/feedback/feedback/msg
[13.413s] -- Installing: /home/nvidia/ROS2-ABAJA-DEV-main/install/feedback/include/feedback/feedback/msg/rosidl_typesupport_fastrtps_cpp__visibility_control.h
[13.413s] -- Up-to-date: /home/nvidia/ROS2-ABAJA-DEV-main/install/feedback/include/feedback/feedback/msg/detail
[13.413s] -- Installing: /home/nvidia/ROS2-ABAJA-DEV-main/install/feedback/include/feedback/feedback/msg/detail/dds_fastrtps
[13.413s] -- Installing: /home/nvidia/ROS2-ABAJA-DEV-main/install/feedback/include/feedback/feedback/msg/detail/velocity__rosidl_typesupport_fastrtps_cpp.hpp
[13.413s] -- Installing: /home/nvidia/ROS2-ABAJA-DEV-main/install/feedback/lib/libfeedback__rosidl_typesupport_fastrtps_cpp.so
[13.414s] -- Set runtime path of "/home/nvidia/ROS2-ABAJA-DEV-main/install/feedback/lib/libfeedback__rosidl_typesupport_fastrtps_cpp.so" to ""
[13.414s] -- Up-to-date: /home/nvidia/ROS2-ABAJA-DEV-main/install/feedback/include/feedback/feedback
[13.414s] -- Up-to-date: /home/nvidia/ROS2-ABAJA-DEV-main/install/feedback/include/feedback/feedback/msg
[13.414s] -- Up-to-date: /home/nvidia/ROS2-ABAJA-DEV-main/install/feedback/include/feedback/feedback/msg/detail
[13.415s] -- Installing: /home/nvidia/ROS2-ABAJA-DEV-main/install/feedback/include/feedback/feedback/msg/detail/velocity__type_support.cpp
[13.415s] -- Installing: /home/nvidia/ROS2-ABAJA-DEV-main/install/feedback/include/feedback/feedback/msg/detail/velocity__rosidl_typesupport_introspection_cpp.hpp
[13.415s] -- Installing: /home/nvidia/ROS2-ABAJA-DEV-main/install/feedback/lib/libfeedback__rosidl_typesupport_introspection_cpp.so
[13.415s] -- Set runtime path of "/home/nvidia/ROS2-ABAJA-DEV-main/install/feedback/lib/libfeedback__rosidl_typesupport_introspection_cpp.so" to ""
[13.415s] -- Installing: /home/nvidia/ROS2-ABAJA-DEV-main/install/feedback/lib/libfeedback__rosidl_typesupport_cpp.so
[13.416s] -- Set runtime path of "/home/nvidia/ROS2-ABAJA-DEV-main/install/feedback/lib/libfeedback__rosidl_typesupport_cpp.so" to ""
[13.416s] -- Installing: /home/nvidia/ROS2-ABAJA-DEV-main/install/feedback/share/feedback/environment/pythonpath.sh
[13.416s] -- Installing: /home/nvidia/ROS2-ABAJA-DEV-main/install/feedback/share/feedback/environment/pythonpath.dsv
[13.417s] -- Installing: /home/nvidia/ROS2-ABAJA-DEV-main/install/feedback/local/lib/python3.10/dist-packages/feedback-0.0.0-py3.10.egg-info
[13.417s] -- Installing: /home/nvidia/ROS2-ABAJA-DEV-main/install/feedback/local/lib/python3.10/dist-packages/feedback-0.0.0-py3.10.egg-info/dependency_links.txt
[13.417s] -- Installing: /home/nvidia/ROS2-ABAJA-DEV-main/install/feedback/local/lib/python3.10/dist-packages/feedback-0.0.0-py3.10.egg-info/SOURCES.txt
[13.417s] -- Installing: /home/nvidia/ROS2-ABAJA-DEV-main/install/feedback/local/lib/python3.10/dist-packages/feedback-0.0.0-py3.10.egg-info/top_level.txt
[13.418s] -- Installing: /home/nvidia/ROS2-ABAJA-DEV-main/install/feedback/local/lib/python3.10/dist-packages/feedback-0.0.0-py3.10.egg-info/PKG-INFO
[13.418s] -- Installing: /home/nvidia/ROS2-ABAJA-DEV-main/install/feedback/local/lib/python3.10/dist-packages/feedback
[13.418s] -- Installing: /home/nvidia/ROS2-ABAJA-DEV-main/install/feedback/local/lib/python3.10/dist-packages/feedback/_feedback_s.ep.rosidl_typesupport_c.c
[13.418s] -- Installing: /home/nvidia/ROS2-ABAJA-DEV-main/install/feedback/local/lib/python3.10/dist-packages/feedback/_feedback_s.ep.rosidl_typesupport_introspection_c.c
[13.419s] -- Installing: /home/nvidia/ROS2-ABAJA-DEV-main/install/feedback/local/lib/python3.10/dist-packages/feedback/_feedback_s.ep.rosidl_typesupport_fastrtps_c.c
[13.419s] -- Installing: /home/nvidia/ROS2-ABAJA-DEV-main/install/feedback/local/lib/python3.10/dist-packages/feedback/__init__.py
[13.419s] -- Installing: /home/nvidia/ROS2-ABAJA-DEV-main/install/feedback/local/lib/python3.10/dist-packages/feedback/feedback_s__rosidl_typesupport_fastrtps_c.cpython-310-aarch64-linux-gnu.so
[13.419s] -- Installing: /home/nvidia/ROS2-ABAJA-DEV-main/install/feedback/local/lib/python3.10/dist-packages/feedback/msg
[13.420s] -- Installing: /home/nvidia/ROS2-ABAJA-DEV-main/install/feedback/local/lib/python3.10/dist-packages/feedback/msg/__init__.py
[13.420s] -- Installing: /home/nvidia/ROS2-ABAJA-DEV-main/install/feedback/local/lib/python3.10/dist-packages/feedback/msg/_velocity.py
[13.420s] -- Installing: /home/nvidia/ROS2-ABAJA-DEV-main/install/feedback/local/lib/python3.10/dist-packages/feedback/msg/_velocity_s.c
[13.420s] -- Installing: /home/nvidia/ROS2-ABAJA-DEV-main/install/feedback/local/lib/python3.10/dist-packages/feedback/feedback_s__rosidl_typesupport_introspection_c.cpython-310-aarch64-linux-gnu.so
[13.420s] -- Installing: /home/nvidia/ROS2-ABAJA-DEV-main/install/feedback/local/lib/python3.10/dist-packages/feedback/feedback_s__rosidl_typesupport_c.cpython-310-aarch64-linux-gnu.so
[13.421s] -- Installing: /home/nvidia/ROS2-ABAJA-DEV-main/install/feedback/local/lib/python3.10/dist-packages/feedback/libfeedback__rosidl_generator_py.so
[13.496s] Listing '/home/nvidia/ROS2-ABAJA-DEV-main/install/feedback/local/lib/python3.10/dist-packages/feedback'...
[13.496s] Compiling '/home/nvidia/ROS2-ABAJA-DEV-main/install/feedback/local/lib/python3.10/dist-packages/feedback/__init__.py'...
[13.497s] Listing '/home/nvidia/ROS2-ABAJA-DEV-main/install/feedback/local/lib/python3.10/dist-packages/feedback/msg'...
[13.497s] Compiling '/home/nvidia/ROS2-ABAJA-DEV-main/install/feedback/local/lib/python3.10/dist-packages/feedback/msg/__init__.py'...
[13.497s] Compiling '/home/nvidia/ROS2-ABAJA-DEV-main/install/feedback/local/lib/python3.10/dist-packages/feedback/msg/_velocity.py'...
[13.510s] -- Installing: /home/nvidia/ROS2-ABAJA-DEV-main/install/feedback/local/lib/python3.10/dist-packages/feedback/feedback_s__rosidl_typesupport_fastrtps_c.cpython-310-aarch64-linux-gnu.so
[13.511s] -- Set runtime path of "/home/nvidia/ROS2-ABAJA-DEV-main/install/feedback/local/lib/python3.10/dist-packages/feedback/feedback_s__rosidl_typesupport_fastrtps_c.cpython-310-aarch64-linux-gnu.so" to ""
[13.511s] -- Installing: /home/nvidia/ROS2-ABAJA-DEV-main/install/feedback/local/lib/python3.10/dist-packages/feedback/feedback_s__rosidl_typesupport_introspection_c.cpython-310-aarch64-linux-gnu.so
[13.512s] -- Set runtime path of "/home/nvidia/ROS2-ABAJA-DEV-main/install/feedback/local/lib/python3.10/dist-packages/feedback/feedback_s__rosidl_typesupport_introspection_c.cpython-310-aarch64-linux-gnu.so" to ""
[13.512s] -- Installing: /home/nvidia/ROS2-ABAJA-DEV-main/install/feedback/local/lib/python3.10/dist-packages/feedback/feedback_s__rosidl_typesupport_c.cpython-310-aarch64-linux-gnu.so
[13.513s] -- Set runtime path of "/home/nvidia/ROS2-ABAJA-DEV-main/install/feedback/local/lib/python3.10/dist-packages/feedback/feedback_s__rosidl_typesupport_c.cpython-310-aarch64-linux-gnu.so" to ""
[13.513s] -- Installing: /home/nvidia/ROS2-ABAJA-DEV-main/install/feedback/lib/libfeedback__rosidl_generator_py.so
[13.513s] -- Set runtime path of "/home/nvidia/ROS2-ABAJA-DEV-main/install/feedback/lib/libfeedback__rosidl_generator_py.so" to ""
[13.514s] -- Installing: /home/nvidia/ROS2-ABAJA-DEV-main/install/feedback/share/feedback/msg/Velocity.idl
[13.514s] -- Installing: /home/nvidia/ROS2-ABAJA-DEV-main/install/feedback/share/feedback/msg/Velocity.msg
[13.514s] -- Installing: /home/nvidia/ROS2-ABAJA-DEV-main/install/feedback/share/ament_index/resource_index/package_run_dependencies/feedback
[13.515s] -- Installing: /home/nvidia/ROS2-ABAJA-DEV-main/install/feedback/share/ament_index/resource_index/parent_prefix_path/feedback
[13.515s] -- Installing: /home/nvidia/ROS2-ABAJA-DEV-main/install/feedback/share/feedback/environment/ament_prefix_path.sh
[13.516s] -- Installing: /home/nvidia/ROS2-ABAJA-DEV-main/install/feedback/share/feedback/environment/ament_prefix_path.dsv
[13.516s] -- Installing: /home/nvidia/ROS2-ABAJA-DEV-main/install/feedback/share/feedback/environment/path.sh
[13.516s] -- Installing: /home/nvidia/ROS2-ABAJA-DEV-main/install/feedback/share/feedback/environment/path.dsv
[13.516s] -- Installing: /home/nvidia/ROS2-ABAJA-DEV-main/install/feedback/share/feedback/local_setup.bash
[13.517s] -- Installing: /home/nvidia/ROS2-ABAJA-DEV-main/install/feedback/share/feedback/local_setup.sh
[13.517s] -- Installing: /home/nvidia/ROS2-ABAJA-DEV-main/install/feedback/share/feedback/local_setup.zsh
[13.517s] -- Installing: /home/nvidia/ROS2-ABAJA-DEV-main/install/feedback/share/feedback/local_setup.dsv
[13.517s] -- Installing: /home/nvidia/ROS2-ABAJA-DEV-main/install/feedback/share/feedback/package.dsv
[13.518s] -- Installing: /home/nvidia/ROS2-ABAJA-DEV-main/install/feedback/share/ament_index/resource_index/packages/feedback
[13.518s] -- Installing: /home/nvidia/ROS2-ABAJA-DEV-main/install/feedback/share/feedback/cmake/export_feedback__rosidl_generator_cExport.cmake
[13.518s] -- Installing: /home/nvidia/ROS2-ABAJA-DEV-main/install/feedback/share/feedback/cmake/export_feedback__rosidl_generator_cExport-noconfig.cmake
[13.519s] -- Installing: /home/nvidia/ROS2-ABAJA-DEV-main/install/feedback/share/feedback/cmake/export_feedback__rosidl_typesupport_fastrtps_cExport.cmake
[13.519s] -- Installing: /home/nvidia/ROS2-ABAJA-DEV-main/install/feedback/share/feedback/cmake/export_feedback__rosidl_typesupport_fastrtps_cExport-noconfig.cmake
[13.519s] -- Installing: /home/nvidia/ROS2-ABAJA-DEV-main/install/feedback/share/feedback/cmake/feedback__rosidl_typesupport_introspection_cExport.cmake
[13.520s] -- Installing: /home/nvidia/ROS2-ABAJA-DEV-main/install/feedback/share/feedback/cmake/feedback__rosidl_typesupport_introspection_cExport-noconfig.cmake
[13.520s] -- Installing: /home/nvidia/ROS2-ABAJA-DEV-main/install/feedback/share/feedback/cmake/feedback__rosidl_typesupport_cExport.cmake
[13.520s] -- Installing: /home/nvidia/ROS2-ABAJA-DEV-main/install/feedback/share/feedback/cmake/feedback__rosidl_typesupport_cExport-noconfig.cmake
[13.520s] -- Installing: /home/nvidia/ROS2-ABAJA-DEV-main/install/feedback/share/feedback/cmake/export_feedback__rosidl_generator_cppExport.cmake
[13.521s] -- Installing: /home/nvidia/ROS2-ABAJA-DEV-main/install/feedback/share/feedback/cmake/export_feedback__rosidl_typesupport_fastrtps_cppExport.cmake
[13.521s] -- Installing: /home/nvidia/ROS2-ABAJA-DEV-main/install/feedback/share/feedback/cmake/export_feedback__rosidl_typesupport_fastrtps_cppExport-noconfig.cmake
[13.521s] -- Installing: /home/nvidia/ROS2-ABAJA-DEV-main/install/feedback/share/feedback/cmake/feedback__rosidl_typesupport_introspection_cppExport.cmake
[13.522s] -- Installing: /home/nvidia/ROS2-ABAJA-DEV-main/install/feedback/share/feedback/cmake/feedback__rosidl_typesupport_introspection_cppExport-noconfig.cmake
[13.522s] -- Installing: /home/nvidia/ROS2-ABAJA-DEV-main/install/feedback/share/feedback/cmake/feedback__rosidl_typesupport_cppExport.cmake
[13.522s] -- Installing: /home/nvidia/ROS2-ABAJA-DEV-main/install/feedback/share/feedback/cmake/feedback__rosidl_typesupport_cppExport-noconfig.cmake
[13.523s] -- Installing: /home/nvidia/ROS2-ABAJA-DEV-main/install/feedback/share/feedback/cmake/export_feedback__rosidl_generator_pyExport.cmake
[13.523s] -- Installing: /home/nvidia/ROS2-ABAJA-DEV-main/install/feedback/share/feedback/cmake/export_feedback__rosidl_generator_pyExport-noconfig.cmake
[13.523s] -- Installing: /home/nvidia/ROS2-ABAJA-DEV-main/install/feedback/share/feedback/cmake/rosidl_cmake-extras.cmake
[13.524s] -- Installing: /home/nvidia/ROS2-ABAJA-DEV-main/install/feedback/share/feedback/cmake/ament_cmake_export_dependencies-extras.cmake
[13.524s] -- Installing: /home/nvidia/ROS2-ABAJA-DEV-main/install/feedback/share/feedback/cmake/ament_cmake_export_include_directories-extras.cmake
[13.524s] -- Installing: /home/nvidia/ROS2-ABAJA-DEV-main/install/feedback/share/feedback/cmake/ament_cmake_export_libraries-extras.cmake
[13.525s] -- Installing: /home/nvidia/ROS2-ABAJA-DEV-main/install/feedback/share/feedback/cmake/ament_cmake_export_targets-extras.cmake
[13.525s] -- Installing: /home/nvidia/ROS2-ABAJA-DEV-main/install/feedback/share/feedback/cmake/rosidl_cmake_export_typesupport_targets-extras.cmake
[13.525s] -- Installing: /home/nvidia/ROS2-ABAJA-DEV-main/install/feedback/share/feedback/cmake/rosidl_cmake_export_typesupport_libraries-extras.cmake
[13.525s] -- Installing: /home/nvidia/ROS2-ABAJA-DEV-main/install/feedback/share/feedback/cmake/feedbackConfig.cmake
[13.526s] -- Installing: /home/nvidia/ROS2-ABAJA-DEV-main/install/feedback/share/feedback/cmake/feedbackConfig-version.cmake
[13.526s] -- Installing: /home/nvidia/ROS2-ABAJA-DEV-main/install/feedback/share/feedback/package.xml
[13.532s] Invoked command in '/home/nvidia/ROS2-ABAJA-DEV-main/build/feedback' returned '0': CMAKE_PREFIX_PATH=/opt/ros/humble /usr/bin/cmake --install /home/nvidia/ROS2-ABAJA-DEV-main/build/feedback
