[0.041s] Invoking command in '/home/ashy/ROS2-ABAJA-DEV/build/caninterface': CMAKE_PREFIX_PATH=/opt/ros/humble /usr/bin/cmake /home/ashy/ROS2-ABAJA-DEV/src/caninterface -DCMAKE_INSTALL_PREFIX=/home/ashy/ROS2-ABAJA-DEV/install/caninterface
[0.131s] -- The C compiler identification is GNU 11.4.0
[0.206s] -- The CXX compiler identification is GNU 11.4.0
[0.219s] -- Detecting C compiler ABI info
[0.316s] -- Detecting C compiler ABI info - done
[0.324s] -- Check for working C compiler: /usr/bin/cc - skipped
[0.325s] -- Detecting C compile features
[0.325s] -- Detecting C compile features - done
[0.330s] -- Detecting CXX compiler ABI info
[0.432s] -- Detecting CXX compiler ABI info - done
[0.439s] -- Check for working CXX compiler: /usr/bin/c++ - skipped
[0.440s] -- Detecting CXX compile features
[0.440s] -- Detecting CXX compile features - done
[0.445s] -- Found ament_cmake: 1.3.11 (/opt/ros/humble/share/ament_cmake/cmake)
[0.792s] -- Found Python3: /usr/bin/python3 (found version "3.10.12") found components: Interpreter 
[0.885s] -- Found rclcpp: 16.0.12 (/opt/ros/humble/share/rclcpp/cmake)
[0.932s] -- Found rosidl_generator_c: 3.1.6 (/opt/ros/humble/share/rosidl_generator_c/cmake)
[0.936s] -- Found rosidl_adapter: 3.1.6 (/opt/ros/humble/share/rosidl_adapter/cmake)
[0.943s] -- Found rosidl_generator_cpp: 3.1.6 (/opt/ros/humble/share/rosidl_generator_cpp/cmake)
[0.955s] -- Using all available rosidl_typesupport_c: rosidl_typesupport_fastrtps_c;rosidl_typesupport_introspection_c
[0.967s] -- Using all available rosidl_typesupport_cpp: rosidl_typesupport_fastrtps_cpp;rosidl_typesupport_introspection_cpp
[1.014s] -- Found rmw_implementation_cmake: 6.1.2 (/opt/ros/humble/share/rmw_implementation_cmake/cmake)
[1.018s] -- Found rmw_fastrtps_cpp: 6.2.7 (/opt/ros/humble/share/rmw_fastrtps_cpp/cmake)
[1.096s] -- Found OpenSSL: /usr/lib/x86_64-linux-gnu/libcrypto.so (found version "3.0.2")  
[1.125s] -- Found FastRTPS: /opt/ros/humble/include  
[1.163s] -- Using RMW implementation 'rmw_fastrtps_cpp' as default
[1.172s] -- Looking for pthread.h
[1.236s] -- Looking for pthread.h - found
[1.236s] -- Performing Test CMAKE_HAVE_LIBC_PTHREAD
[1.301s] -- Performing Test CMAKE_HAVE_LIBC_PTHREAD - Success
[1.302s] -- Found Threads: TRUE  
[1.344s] -- Found rclpy: 3.3.16 (/opt/ros/humble/share/rclpy/cmake)
[1.346s] -- Found sensor_msgs: 4.9.0 (/opt/ros/humble/share/sensor_msgs/cmake)
[1.368s] -- Found ament_lint_auto: 0.12.12 (/opt/ros/humble/share/ament_lint_auto/cmake)
[1.437s] -- Added test 'flake8' to check Python code syntax and style conventions
[1.437s] -- Added test 'lint_cmake' to check CMake code style
[1.438s] -- Added test 'pep257' to check Python code against some of the docstring style conventions in PEP 257
[1.439s] -- Added test 'xmllint' to check XML markup files
[1.440s] -- Configuring done
[1.445s] -- Generating done
[1.447s] -- Build files have been written to: /home/ashy/ROS2-ABAJA-DEV/build/caninterface
[1.460s] Invoked command in '/home/ashy/ROS2-ABAJA-DEV/build/caninterface' returned '0': CMAKE_PREFIX_PATH=/opt/ros/humble /usr/bin/cmake /home/ashy/ROS2-ABAJA-DEV/src/caninterface -DCMAKE_INSTALL_PREFIX=/home/ashy/ROS2-ABAJA-DEV/install/caninterface
[1.461s] Invoking command in '/home/ashy/ROS2-ABAJA-DEV/build/caninterface': CMAKE_PREFIX_PATH=/opt/ros/humble /usr/bin/cmake --build /home/ashy/ROS2-ABAJA-DEV/build/caninterface -- -j16 -l16
[1.493s] Invoked command in '/home/ashy/ROS2-ABAJA-DEV/build/caninterface' returned '0': CMAKE_PREFIX_PATH=/opt/ros/humble /usr/bin/cmake --build /home/ashy/ROS2-ABAJA-DEV/build/caninterface -- -j16 -l16
[1.504s] Invoking command in '/home/ashy/ROS2-ABAJA-DEV/build/caninterface': CMAKE_PREFIX_PATH=/opt/ros/humble /usr/bin/cmake --install /home/ashy/ROS2-ABAJA-DEV/build/caninterface
[1.510s] -- Install configuration: ""
[1.510s] -- Installing: /home/ashy/ROS2-ABAJA-DEV/install/caninterface/lib/caninterface/radar_node.py
[1.511s] -- Installing: /home/ashy/ROS2-ABAJA-DEV/install/caninterface/share/ament_index/resource_index/package_run_dependencies/caninterface
[1.511s] -- Installing: /home/ashy/ROS2-ABAJA-DEV/install/caninterface/share/ament_index/resource_index/parent_prefix_path/caninterface
[1.511s] -- Installing: /home/ashy/ROS2-ABAJA-DEV/install/caninterface/share/caninterface/environment/ament_prefix_path.sh
[1.511s] -- Installing: /home/ashy/ROS2-ABAJA-DEV/install/caninterface/share/caninterface/environment/ament_prefix_path.dsv
[1.511s] -- Installing: /home/ashy/ROS2-ABAJA-DEV/install/caninterface/share/caninterface/environment/path.sh
[1.511s] -- Installing: /home/ashy/ROS2-ABAJA-DEV/install/caninterface/share/caninterface/environment/path.dsv
[1.511s] -- Installing: /home/ashy/ROS2-ABAJA-DEV/install/caninterface/share/caninterface/local_setup.bash
[1.512s] -- Installing: /home/ashy/ROS2-ABAJA-DEV/install/caninterface/share/caninterface/local_setup.sh
[1.512s] -- Installing: /home/ashy/ROS2-ABAJA-DEV/install/caninterface/share/caninterface/local_setup.zsh
[1.512s] -- Installing: /home/ashy/ROS2-ABAJA-DEV/install/caninterface/share/caninterface/local_setup.dsv
[1.512s] -- Installing: /home/ashy/ROS2-ABAJA-DEV/install/caninterface/share/caninterface/package.dsv
[1.512s] -- Installing: /home/ashy/ROS2-ABAJA-DEV/install/caninterface/share/ament_index/resource_index/packages/caninterface
[1.512s] -- Installing: /home/ashy/ROS2-ABAJA-DEV/install/caninterface/share/caninterface/cmake/caninterfaceConfig.cmake
[1.512s] -- Installing: /home/ashy/ROS2-ABAJA-DEV/install/caninterface/share/caninterface/cmake/caninterfaceConfig-version.cmake
[1.512s] -- Installing: /home/ashy/ROS2-ABAJA-DEV/install/caninterface/share/caninterface/package.xml
[1.515s] Invoked command in '/home/ashy/ROS2-ABAJA-DEV/build/caninterface' returned '0': CMAKE_PREFIX_PATH=/opt/ros/humble /usr/bin/cmake --install /home/ashy/ROS2-ABAJA-DEV/build/caninterface
