[0.038s] Invoking command in '/home/nvidia/ROS2-ABAJA-DEV-main/build/radar_msgs': CMAKE_PREFIX_PATH=/opt/ros/humble /usr/bin/cmake /home/nvidia/ROS2-ABAJA-DEV-main/src/radar_msgs -DCMAKE_INSTALL_PREFIX=/home/nvidia/ROS2-ABAJA-DEV-main/install/radar_msgs
[0.171s] -- The C compiler identification is GNU 11.4.0
[0.292s] -- The CXX compiler identification is GNU 11.4.0
[0.310s] -- Detecting C compiler ABI info
[0.465s] -- Detecting C compiler ABI info - done
[0.480s] -- Check for working C compiler: /usr/bin/cc - skipped
[0.481s] -- Detecting C compile features
[0.482s] -- Detecting C compile features - done
[0.489s] -- Detecting CXX compiler ABI info
[0.669s] -- Detecting CXX compiler ABI info - done
[0.700s] -- Check for working CXX compiler: /usr/bin/c++ - skipped
[0.701s] -- Detecting CXX compile features
[0.702s] -- Detecting CXX compile features - done
[0.707s] -- Found ament_cmake: 1.3.12 (/opt/ros/humble/share/ament_cmake/cmake)
[1.127s] -- Found Python3: /usr/bin/python3 (found version "3.10.12") found components: Interpreter 
[1.352s] -- Found rosidl_default_generators: 1.2.0 (/opt/ros/humble/share/rosidl_default_generators/cmake)
[1.357s] -- Using all available rosidl_typesupport_c: rosidl_typesupport_fastrtps_c;rosidl_typesupport_introspection_c
[1.368s] -- Found rosidl_adapter: 3.1.7 (/opt/ros/humble/share/rosidl_adapter/cmake)
[1.453s] -- Using all available rosidl_typesupport_cpp: rosidl_typesupport_fastrtps_cpp;rosidl_typesupport_introspection_cpp
[1.527s] -- Found std_msgs: 4.9.0 (/opt/ros/humble/share/std_msgs/cmake)
[1.593s] -- Found geometry_msgs: 4.9.0 (/opt/ros/humble/share/geometry_msgs/cmake)
[1.624s] -- Found unique_identifier_msgs: 2.2.1 (/opt/ros/humble/share/unique_identifier_msgs/cmake)
[2.369s] -- Found ament_cmake_ros: 0.10.0 (/opt/ros/humble/share/ament_cmake_ros/cmake)
[2.993s] -- Using all available rosidl_typesupport_c: rosidl_typesupport_fastrtps_c;rosidl_typesupport_introspection_c
[3.830s] -- Using all available rosidl_typesupport_cpp: rosidl_typesupport_fastrtps_cpp;rosidl_typesupport_introspection_cpp
[3.936s] -- Found PythonInterp: /usr/bin/python3 (found suitable version "3.10.12", minimum required is "3.6") 
[3.939s] -- Found python_cmake_module: 0.10.0 (/opt/ros/humble/share/python_cmake_module/cmake)
[4.061s] -- Found PythonLibs: /usr/lib/aarch64-linux-gnu/libpython3.10.so (found suitable version "3.10.12", minimum required is "3.5") 
[4.061s] -- Using PYTHON_EXECUTABLE: /usr/bin/python3
[4.062s] -- Using PYTHON_INCLUDE_DIRS: /usr/include/python3.10
[4.062s] -- Using PYTHON_LIBRARIES: /usr/lib/aarch64-linux-gnu/libpython3.10.so
[4.161s] -- Found PythonExtra: .so  
[4.472s] -- Configuring done
[4.616s] -- Generating done
[4.653s] -- Build files have been written to: /home/nvidia/ROS2-ABAJA-DEV-main/build/radar_msgs
[4.682s] Invoked command in '/home/nvidia/ROS2-ABAJA-DEV-main/build/radar_msgs' returned '0': CMAKE_PREFIX_PATH=/opt/ros/humble /usr/bin/cmake /home/nvidia/ROS2-ABAJA-DEV-main/src/radar_msgs -DCMAKE_INSTALL_PREFIX=/home/nvidia/ROS2-ABAJA-DEV-main/install/radar_msgs
[4.684s] Invoking command in '/home/nvidia/ROS2-ABAJA-DEV-main/build/radar_msgs': CMAKE_PREFIX_PATH=/opt/ros/humble /usr/bin/cmake --build /home/nvidia/ROS2-ABAJA-DEV-main/build/radar_msgs -- -j6 -l6
[4.870s] [  2%] [34m[1mGenerating C code for ROS interfaces[0m
[4.961s] [  5%] [34m[1mGenerating C++ code for ROS interfaces[0m
[4.980s] [  5%] Built target ament_cmake_python_copy_radar_msgs
[7.114s] [  7%] [32mBuilding C object CMakeFiles/radar_msgs__rosidl_generator_c.dir/rosidl_generator_c/radar_msgs/msg/detail/radar_track__functions.c.o[0m
[7.144s] [ 10%] [32mBuilding C object CMakeFiles/radar_msgs__rosidl_generator_c.dir/rosidl_generator_c/radar_msgs/msg/detail/radar_track_list__functions.c.o[0m
[7.293s] running egg_info
[7.294s] creating radar_msgs.egg-info
[7.301s] writing radar_msgs.egg-info/PKG-INFO
[7.303s] writing dependency_links to radar_msgs.egg-info/dependency_links.txt
[7.308s] writing top-level names to radar_msgs.egg-info/top_level.txt
[7.309s] writing manifest file 'radar_msgs.egg-info/SOURCES.txt'
[7.332s] reading manifest file 'radar_msgs.egg-info/SOURCES.txt'
[7.333s] writing manifest file 'radar_msgs.egg-info/SOURCES.txt'
[7.407s] [ 10%] Built target radar_msgs__cpp
[7.457s] [ 12%] [32m[1mLinking C shared library libradar_msgs__rosidl_generator_c.so[0m
[7.509s] [ 15%] [34m[1mGenerating C++ type support dispatch for ROS interfaces[0m
[7.527s] [ 17%] [34m[1mGenerating C++ introspection for ROS interfaces[0m
[7.559s] [ 20%] [34m[1mGenerating C++ type support for eProsima Fast-RTPS[0m
[7.666s] [ 20%] Built target ament_cmake_python_build_radar_msgs_egg
[7.716s] [ 20%] Built target radar_msgs__rosidl_generator_c
[7.801s] [ 23%] [34m[1mGenerating C type support for eProsima Fast-RTPS[0m
[7.829s] [ 25%] [34m[1mGenerating C introspection for ROS interfaces[0m
[7.839s] [ 28%] [34m[1mGenerating C type support dispatch for ROS interfaces[0m
[9.738s] [ 30%] [32mBuilding CXX object CMakeFiles/radar_msgs__rosidl_typesupport_cpp.dir/rosidl_typesupport_cpp/radar_msgs/msg/radar_track__type_support.cpp.o[0m
[9.817s] [ 33%] [32mBuilding C object CMakeFiles/radar_msgs__rosidl_typesupport_introspection_c.dir/rosidl_typesupport_introspection_c/radar_msgs/msg/detail/radar_track__type_support.c.o[0m
[9.830s] [ 35%] [32mBuilding CXX object CMakeFiles/radar_msgs__rosidl_typesupport_fastrtps_c.dir/rosidl_typesupport_fastrtps_c/radar_msgs/msg/detail/radar_track__type_support_c.cpp.o[0m
[9.966s] [ 38%] [32mBuilding CXX object CMakeFiles/radar_msgs__rosidl_typesupport_introspection_cpp.dir/rosidl_typesupport_introspection_cpp/radar_msgs/msg/detail/radar_track__type_support.cpp.o[0m
[9.977s] [ 41%] [32mBuilding CXX object CMakeFiles/radar_msgs__rosidl_typesupport_fastrtps_cpp.dir/rosidl_typesupport_fastrtps_cpp/radar_msgs/msg/detail/dds_fastrtps/radar_track__type_support.cpp.o[0m
[10.000s] [ 43%] [32mBuilding C object CMakeFiles/radar_msgs__rosidl_typesupport_introspection_c.dir/rosidl_typesupport_introspection_c/radar_msgs/msg/detail/radar_track_list__type_support.c.o[0m
[10.013s] [ 46%] [32mBuilding CXX object CMakeFiles/radar_msgs__rosidl_typesupport_c.dir/rosidl_typesupport_c/radar_msgs/msg/radar_track__type_support.cpp.o[0m
[10.213s] [ 48%] [32mBuilding CXX object CMakeFiles/radar_msgs__rosidl_typesupport_c.dir/rosidl_typesupport_c/radar_msgs/msg/radar_track_list__type_support.cpp.o[0m
[10.295s] [ 51%] [32m[1mLinking C shared library libradar_msgs__rosidl_typesupport_introspection_c.so[0m
[10.454s] [ 53%] [32m[1mLinking CXX shared library libradar_msgs__rosidl_typesupport_c.so[0m
[10.500s] [ 53%] Built target radar_msgs__rosidl_typesupport_introspection_c
[10.551s] [ 56%] [32mBuilding CXX object CMakeFiles/radar_msgs__rosidl_typesupport_fastrtps_c.dir/rosidl_typesupport_fastrtps_c/radar_msgs/msg/detail/radar_track_list__type_support_c.cpp.o[0m
[10.736s] [ 56%] Built target radar_msgs__rosidl_typesupport_c
[10.791s] [ 58%] [32mBuilding CXX object CMakeFiles/radar_msgs__rosidl_typesupport_cpp.dir/rosidl_typesupport_cpp/radar_msgs/msg/radar_track_list__type_support.cpp.o[0m
[11.471s] [ 61%] [32mBuilding CXX object CMakeFiles/radar_msgs__rosidl_typesupport_introspection_cpp.dir/rosidl_typesupport_introspection_cpp/radar_msgs/msg/detail/radar_track_list__type_support.cpp.o[0m
[11.734s] [ 64%] [32mBuilding CXX object CMakeFiles/radar_msgs__rosidl_typesupport_fastrtps_cpp.dir/rosidl_typesupport_fastrtps_cpp/radar_msgs/msg/detail/dds_fastrtps/radar_track_list__type_support.cpp.o[0m
[11.780s] [ 66%] [32m[1mLinking CXX shared library libradar_msgs__rosidl_typesupport_cpp.so[0m
[11.967s] [ 66%] Built target radar_msgs__rosidl_typesupport_cpp
[12.037s] [ 69%] [32m[1mLinking CXX shared library libradar_msgs__rosidl_typesupport_fastrtps_c.so[0m
[12.201s] [ 69%] Built target radar_msgs__rosidl_typesupport_fastrtps_c
[12.763s] [ 71%] [32m[1mLinking CXX shared library libradar_msgs__rosidl_typesupport_introspection_cpp.so[0m
[12.935s] [ 71%] Built target radar_msgs__rosidl_typesupport_introspection_cpp
[12.984s] [ 74%] [32m[1mLinking CXX shared library libradar_msgs__rosidl_typesupport_fastrtps_cpp.so[0m
[13.162s] [ 74%] Built target radar_msgs__rosidl_typesupport_fastrtps_cpp
[13.202s] [ 74%] Built target radar_msgs
[13.241s] [ 76%] [34m[1mGenerating Python code for ROS interfaces[0m
[14.116s] [ 76%] Built target radar_msgs__py
[14.154s] [ 82%] [32mBuilding C object CMakeFiles/radar_msgs__rosidl_generator_py.dir/rosidl_generator_py/radar_msgs/msg/_radar_track_list_s.c.o[0m
[14.154s] [ 82%] [32mBuilding C object CMakeFiles/radar_msgs__rosidl_generator_py.dir/rosidl_generator_py/radar_msgs/msg/_radar_track_s.c.o[0m
[14.385s] [ 84%] [32m[1mLinking C shared library rosidl_generator_py/radar_msgs/libradar_msgs__rosidl_generator_py.so[0m
[14.463s] [ 84%] Built target radar_msgs__rosidl_generator_py
[14.504s] [ 92%] [32mBuilding C object CMakeFiles/radar_msgs__rosidl_typesupport_c__pyext.dir/rosidl_generator_py/radar_msgs/_radar_msgs_s.ep.rosidl_typesupport_c.c.o[0m
[14.504s] [ 92%] [32mBuilding C object CMakeFiles/radar_msgs__rosidl_typesupport_fastrtps_c__pyext.dir/rosidl_generator_py/radar_msgs/_radar_msgs_s.ep.rosidl_typesupport_fastrtps_c.c.o[0m
[14.504s] [ 92%] [32mBuilding C object CMakeFiles/radar_msgs__rosidl_typesupport_introspection_c__pyext.dir/rosidl_generator_py/radar_msgs/_radar_msgs_s.ep.rosidl_typesupport_introspection_c.c.o[0m
[14.725s] [ 97%] [32m[1mLinking C shared library rosidl_generator_py/radar_msgs/radar_msgs_s__rosidl_typesupport_introspection_c.cpython-310-aarch64-linux-gnu.so[0m
[14.726s] [ 97%] [32m[1mLinking C shared library rosidl_generator_py/radar_msgs/radar_msgs_s__rosidl_typesupport_c.cpython-310-aarch64-linux-gnu.so[0m
[14.729s] [100%] [32m[1mLinking C shared library rosidl_generator_py/radar_msgs/radar_msgs_s__rosidl_typesupport_fastrtps_c.cpython-310-aarch64-linux-gnu.so[0m
[14.814s] [100%] Built target radar_msgs__rosidl_typesupport_c__pyext
[14.816s] [100%] Built target radar_msgs__rosidl_typesupport_introspection_c__pyext
[14.822s] [100%] Built target radar_msgs__rosidl_typesupport_fastrtps_c__pyext
[14.848s] Invoked command in '/home/nvidia/ROS2-ABAJA-DEV-main/build/radar_msgs' returned '0': CMAKE_PREFIX_PATH=/opt/ros/humble /usr/bin/cmake --build /home/nvidia/ROS2-ABAJA-DEV-main/build/radar_msgs -- -j6 -l6
[14.853s] Invoking command in '/home/nvidia/ROS2-ABAJA-DEV-main/build/radar_msgs': CMAKE_PREFIX_PATH=/opt/ros/humble /usr/bin/cmake --install /home/nvidia/ROS2-ABAJA-DEV-main/build/radar_msgs
[14.869s] -- Install configuration: ""
[14.870s] -- Installing: /home/nvidia/ROS2-ABAJA-DEV-main/install/radar_msgs/share/ament_index/resource_index/rosidl_interfaces/radar_msgs
[14.870s] -- Installing: /home/nvidia/ROS2-ABAJA-DEV-main/install/radar_msgs/include/radar_msgs/radar_msgs
[14.870s] -- Installing: /home/nvidia/ROS2-ABAJA-DEV-main/install/radar_msgs/include/radar_msgs/radar_msgs/msg
[14.870s] -- Installing: /home/nvidia/ROS2-ABAJA-DEV-main/install/radar_msgs/include/radar_msgs/radar_msgs/msg/radar_track_list.h
[14.871s] -- Installing: /home/nvidia/ROS2-ABAJA-DEV-main/install/radar_msgs/include/radar_msgs/radar_msgs/msg/radar_track.h
[14.871s] -- Installing: /home/nvidia/ROS2-ABAJA-DEV-main/install/radar_msgs/include/radar_msgs/radar_msgs/msg/rosidl_generator_c__visibility_control.h
[14.871s] -- Installing: /home/nvidia/ROS2-ABAJA-DEV-main/install/radar_msgs/include/radar_msgs/radar_msgs/msg/detail
[14.871s] -- Installing: /home/nvidia/ROS2-ABAJA-DEV-main/install/radar_msgs/include/radar_msgs/radar_msgs/msg/detail/radar_track_list__functions.h
[14.871s] -- Installing: /home/nvidia/ROS2-ABAJA-DEV-main/install/radar_msgs/include/radar_msgs/radar_msgs/msg/detail/radar_track__type_support.h
[14.872s] -- Installing: /home/nvidia/ROS2-ABAJA-DEV-main/install/radar_msgs/include/radar_msgs/radar_msgs/msg/detail/radar_track_list__type_support.h
[14.872s] -- Installing: /home/nvidia/ROS2-ABAJA-DEV-main/install/radar_msgs/include/radar_msgs/radar_msgs/msg/detail/radar_track_list__functions.c
[14.872s] -- Installing: /home/nvidia/ROS2-ABAJA-DEV-main/install/radar_msgs/include/radar_msgs/radar_msgs/msg/detail/radar_track__functions.h
[14.872s] -- Installing: /home/nvidia/ROS2-ABAJA-DEV-main/install/radar_msgs/include/radar_msgs/radar_msgs/msg/detail/radar_track__struct.h
[14.873s] -- Installing: /home/nvidia/ROS2-ABAJA-DEV-main/install/radar_msgs/include/radar_msgs/radar_msgs/msg/detail/radar_track_list__struct.h
[14.873s] -- Installing: /home/nvidia/ROS2-ABAJA-DEV-main/install/radar_msgs/include/radar_msgs/radar_msgs/msg/detail/radar_track__functions.c
[14.873s] -- Installing: /home/nvidia/ROS2-ABAJA-DEV-main/install/radar_msgs/share/radar_msgs/environment/library_path.sh
[14.874s] -- Installing: /home/nvidia/ROS2-ABAJA-DEV-main/install/radar_msgs/share/radar_msgs/environment/library_path.dsv
[14.874s] -- Installing: /home/nvidia/ROS2-ABAJA-DEV-main/install/radar_msgs/lib/libradar_msgs__rosidl_generator_c.so
[14.875s] -- Set runtime path of "/home/nvidia/ROS2-ABAJA-DEV-main/install/radar_msgs/lib/libradar_msgs__rosidl_generator_c.so" to ""
[14.875s] -- Up-to-date: /home/nvidia/ROS2-ABAJA-DEV-main/install/radar_msgs/include/radar_msgs/radar_msgs
[14.875s] -- Up-to-date: /home/nvidia/ROS2-ABAJA-DEV-main/install/radar_msgs/include/radar_msgs/radar_msgs/msg
[14.875s] -- Installing: /home/nvidia/ROS2-ABAJA-DEV-main/install/radar_msgs/include/radar_msgs/radar_msgs/msg/rosidl_typesupport_fastrtps_c__visibility_control.h
[14.875s] -- Up-to-date: /home/nvidia/ROS2-ABAJA-DEV-main/install/radar_msgs/include/radar_msgs/radar_msgs/msg/detail
[14.876s] -- Installing: /home/nvidia/ROS2-ABAJA-DEV-main/install/radar_msgs/include/radar_msgs/radar_msgs/msg/detail/radar_track_list__rosidl_typesupport_fastrtps_c.h
[14.876s] -- Installing: /home/nvidia/ROS2-ABAJA-DEV-main/install/radar_msgs/include/radar_msgs/radar_msgs/msg/detail/radar_track__rosidl_typesupport_fastrtps_c.h
[14.876s] -- Installing: /home/nvidia/ROS2-ABAJA-DEV-main/install/radar_msgs/lib/libradar_msgs__rosidl_typesupport_fastrtps_c.so
[14.877s] -- Set runtime path of "/home/nvidia/ROS2-ABAJA-DEV-main/install/radar_msgs/lib/libradar_msgs__rosidl_typesupport_fastrtps_c.so" to ""
[14.877s] -- Up-to-date: /home/nvidia/ROS2-ABAJA-DEV-main/install/radar_msgs/include/radar_msgs/radar_msgs
[14.877s] -- Up-to-date: /home/nvidia/ROS2-ABAJA-DEV-main/install/radar_msgs/include/radar_msgs/radar_msgs/msg
[14.877s] -- Installing: /home/nvidia/ROS2-ABAJA-DEV-main/install/radar_msgs/include/radar_msgs/radar_msgs/msg/rosidl_typesupport_introspection_c__visibility_control.h
[14.877s] -- Up-to-date: /home/nvidia/ROS2-ABAJA-DEV-main/install/radar_msgs/include/radar_msgs/radar_msgs/msg/detail
[14.877s] -- Installing: /home/nvidia/ROS2-ABAJA-DEV-main/install/radar_msgs/include/radar_msgs/radar_msgs/msg/detail/radar_track_list__rosidl_typesupport_introspection_c.h
[14.878s] -- Installing: /home/nvidia/ROS2-ABAJA-DEV-main/install/radar_msgs/include/radar_msgs/radar_msgs/msg/detail/radar_track__rosidl_typesupport_introspection_c.h
[14.878s] -- Installing: /home/nvidia/ROS2-ABAJA-DEV-main/install/radar_msgs/include/radar_msgs/radar_msgs/msg/detail/radar_track__type_support.c
[14.878s] -- Installing: /home/nvidia/ROS2-ABAJA-DEV-main/install/radar_msgs/include/radar_msgs/radar_msgs/msg/detail/radar_track_list__type_support.c
[14.878s] -- Installing: /home/nvidia/ROS2-ABAJA-DEV-main/install/radar_msgs/lib/libradar_msgs__rosidl_typesupport_introspection_c.so
[14.879s] -- Set runtime path of "/home/nvidia/ROS2-ABAJA-DEV-main/install/radar_msgs/lib/libradar_msgs__rosidl_typesupport_introspection_c.so" to ""
[14.879s] -- Installing: /home/nvidia/ROS2-ABAJA-DEV-main/install/radar_msgs/lib/libradar_msgs__rosidl_typesupport_c.so
[14.879s] -- Set runtime path of "/home/nvidia/ROS2-ABAJA-DEV-main/install/radar_msgs/lib/libradar_msgs__rosidl_typesupport_c.so" to ""
[14.880s] -- Up-to-date: /home/nvidia/ROS2-ABAJA-DEV-main/install/radar_msgs/include/radar_msgs/radar_msgs
[14.880s] -- Up-to-date: /home/nvidia/ROS2-ABAJA-DEV-main/install/radar_msgs/include/radar_msgs/radar_msgs/msg
[14.880s] -- Installing: /home/nvidia/ROS2-ABAJA-DEV-main/install/radar_msgs/include/radar_msgs/radar_msgs/msg/rosidl_generator_cpp__visibility_control.hpp
[14.880s] -- Installing: /home/nvidia/ROS2-ABAJA-DEV-main/install/radar_msgs/include/radar_msgs/radar_msgs/msg/radar_track_list.hpp
[14.880s] -- Installing: /home/nvidia/ROS2-ABAJA-DEV-main/install/radar_msgs/include/radar_msgs/radar_msgs/msg/radar_track.hpp
[14.880s] -- Up-to-date: /home/nvidia/ROS2-ABAJA-DEV-main/install/radar_msgs/include/radar_msgs/radar_msgs/msg/detail
[14.880s] -- Installing: /home/nvidia/ROS2-ABAJA-DEV-main/install/radar_msgs/include/radar_msgs/radar_msgs/msg/detail/radar_track_list__traits.hpp
[14.881s] -- Installing: /home/nvidia/ROS2-ABAJA-DEV-main/install/radar_msgs/include/radar_msgs/radar_msgs/msg/detail/radar_track_list__type_support.hpp
[14.881s] -- Installing: /home/nvidia/ROS2-ABAJA-DEV-main/install/radar_msgs/include/radar_msgs/radar_msgs/msg/detail/radar_track__type_support.hpp
[14.881s] -- Installing: /home/nvidia/ROS2-ABAJA-DEV-main/install/radar_msgs/include/radar_msgs/radar_msgs/msg/detail/radar_track__traits.hpp
[14.881s] -- Installing: /home/nvidia/ROS2-ABAJA-DEV-main/install/radar_msgs/include/radar_msgs/radar_msgs/msg/detail/radar_track__struct.hpp
[14.881s] -- Installing: /home/nvidia/ROS2-ABAJA-DEV-main/install/radar_msgs/include/radar_msgs/radar_msgs/msg/detail/radar_track_list__struct.hpp
[14.882s] -- Installing: /home/nvidia/ROS2-ABAJA-DEV-main/install/radar_msgs/include/radar_msgs/radar_msgs/msg/detail/radar_track__builder.hpp
[14.882s] -- Installing: /home/nvidia/ROS2-ABAJA-DEV-main/install/radar_msgs/include/radar_msgs/radar_msgs/msg/detail/radar_track_list__builder.hpp
[14.882s] -- Up-to-date: /home/nvidia/ROS2-ABAJA-DEV-main/install/radar_msgs/include/radar_msgs/radar_msgs
[14.882s] -- Up-to-date: /home/nvidia/ROS2-ABAJA-DEV-main/install/radar_msgs/include/radar_msgs/radar_msgs/msg
[14.883s] -- Installing: /home/nvidia/ROS2-ABAJA-DEV-main/install/radar_msgs/include/radar_msgs/radar_msgs/msg/rosidl_typesupport_fastrtps_cpp__visibility_control.h
[14.883s] -- Up-to-date: /home/nvidia/ROS2-ABAJA-DEV-main/install/radar_msgs/include/radar_msgs/radar_msgs/msg/detail
[14.883s] -- Installing: /home/nvidia/ROS2-ABAJA-DEV-main/install/radar_msgs/include/radar_msgs/radar_msgs/msg/detail/radar_track__rosidl_typesupport_fastrtps_cpp.hpp
[14.883s] -- Installing: /home/nvidia/ROS2-ABAJA-DEV-main/install/radar_msgs/include/radar_msgs/radar_msgs/msg/detail/dds_fastrtps
[14.883s] -- Installing: /home/nvidia/ROS2-ABAJA-DEV-main/install/radar_msgs/include/radar_msgs/radar_msgs/msg/detail/radar_track_list__rosidl_typesupport_fastrtps_cpp.hpp
[14.884s] -- Installing: /home/nvidia/ROS2-ABAJA-DEV-main/install/radar_msgs/lib/libradar_msgs__rosidl_typesupport_fastrtps_cpp.so
[14.884s] -- Set runtime path of "/home/nvidia/ROS2-ABAJA-DEV-main/install/radar_msgs/lib/libradar_msgs__rosidl_typesupport_fastrtps_cpp.so" to ""
[14.885s] -- Up-to-date: /home/nvidia/ROS2-ABAJA-DEV-main/install/radar_msgs/include/radar_msgs/radar_msgs
[14.885s] -- Up-to-date: /home/nvidia/ROS2-ABAJA-DEV-main/install/radar_msgs/include/radar_msgs/radar_msgs/msg
[14.885s] -- Up-to-date: /home/nvidia/ROS2-ABAJA-DEV-main/install/radar_msgs/include/radar_msgs/radar_msgs/msg/detail
[14.885s] -- Installing: /home/nvidia/ROS2-ABAJA-DEV-main/install/radar_msgs/include/radar_msgs/radar_msgs/msg/detail/radar_track__type_support.cpp
[14.885s] -- Installing: /home/nvidia/ROS2-ABAJA-DEV-main/install/radar_msgs/include/radar_msgs/radar_msgs/msg/detail/radar_track_list__rosidl_typesupport_introspection_cpp.hpp
[14.885s] -- Installing: /home/nvidia/ROS2-ABAJA-DEV-main/install/radar_msgs/include/radar_msgs/radar_msgs/msg/detail/radar_track_list__type_support.cpp
[14.885s] -- Installing: /home/nvidia/ROS2-ABAJA-DEV-main/install/radar_msgs/include/radar_msgs/radar_msgs/msg/detail/radar_track__rosidl_typesupport_introspection_cpp.hpp
[14.886s] -- Installing: /home/nvidia/ROS2-ABAJA-DEV-main/install/radar_msgs/lib/libradar_msgs__rosidl_typesupport_introspection_cpp.so
[14.887s] -- Set runtime path of "/home/nvidia/ROS2-ABAJA-DEV-main/install/radar_msgs/lib/libradar_msgs__rosidl_typesupport_introspection_cpp.so" to ""
[14.887s] -- Installing: /home/nvidia/ROS2-ABAJA-DEV-main/install/radar_msgs/lib/libradar_msgs__rosidl_typesupport_cpp.so
[14.887s] -- Set runtime path of "/home/nvidia/ROS2-ABAJA-DEV-main/install/radar_msgs/lib/libradar_msgs__rosidl_typesupport_cpp.so" to ""
[14.887s] -- Installing: /home/nvidia/ROS2-ABAJA-DEV-main/install/radar_msgs/share/radar_msgs/environment/pythonpath.sh
[14.888s] -- Installing: /home/nvidia/ROS2-ABAJA-DEV-main/install/radar_msgs/share/radar_msgs/environment/pythonpath.dsv
[14.888s] -- Installing: /home/nvidia/ROS2-ABAJA-DEV-main/install/radar_msgs/local/lib/python3.10/dist-packages/radar_msgs-0.0.1-py3.10.egg-info
[14.888s] -- Installing: /home/nvidia/ROS2-ABAJA-DEV-main/install/radar_msgs/local/lib/python3.10/dist-packages/radar_msgs-0.0.1-py3.10.egg-info/dependency_links.txt
[14.888s] -- Installing: /home/nvidia/ROS2-ABAJA-DEV-main/install/radar_msgs/local/lib/python3.10/dist-packages/radar_msgs-0.0.1-py3.10.egg-info/SOURCES.txt
[14.888s] -- Installing: /home/nvidia/ROS2-ABAJA-DEV-main/install/radar_msgs/local/lib/python3.10/dist-packages/radar_msgs-0.0.1-py3.10.egg-info/top_level.txt
[14.889s] -- Installing: /home/nvidia/ROS2-ABAJA-DEV-main/install/radar_msgs/local/lib/python3.10/dist-packages/radar_msgs-0.0.1-py3.10.egg-info/PKG-INFO
[14.889s] -- Installing: /home/nvidia/ROS2-ABAJA-DEV-main/install/radar_msgs/local/lib/python3.10/dist-packages/radar_msgs
[14.889s] -- Installing: /home/nvidia/ROS2-ABAJA-DEV-main/install/radar_msgs/local/lib/python3.10/dist-packages/radar_msgs/radar_msgs_s__rosidl_typesupport_c.cpython-310-aarch64-linux-gnu.so
[14.889s] -- Installing: /home/nvidia/ROS2-ABAJA-DEV-main/install/radar_msgs/local/lib/python3.10/dist-packages/radar_msgs/_radar_msgs_s.ep.rosidl_typesupport_introspection_c.c
[14.890s] -- Installing: /home/nvidia/ROS2-ABAJA-DEV-main/install/radar_msgs/local/lib/python3.10/dist-packages/radar_msgs/__init__.py
[14.890s] -- Installing: /home/nvidia/ROS2-ABAJA-DEV-main/install/radar_msgs/local/lib/python3.10/dist-packages/radar_msgs/msg
[14.890s] -- Installing: /home/nvidia/ROS2-ABAJA-DEV-main/install/radar_msgs/local/lib/python3.10/dist-packages/radar_msgs/msg/_radar_track_s.c
[14.890s] -- Installing: /home/nvidia/ROS2-ABAJA-DEV-main/install/radar_msgs/local/lib/python3.10/dist-packages/radar_msgs/msg/__init__.py
[14.891s] -- Installing: /home/nvidia/ROS2-ABAJA-DEV-main/install/radar_msgs/local/lib/python3.10/dist-packages/radar_msgs/msg/_radar_track_list_s.c
[14.891s] -- Installing: /home/nvidia/ROS2-ABAJA-DEV-main/install/radar_msgs/local/lib/python3.10/dist-packages/radar_msgs/msg/_radar_track.py
[14.891s] -- Installing: /home/nvidia/ROS2-ABAJA-DEV-main/install/radar_msgs/local/lib/python3.10/dist-packages/radar_msgs/msg/_radar_track_list.py
[14.891s] -- Installing: /home/nvidia/ROS2-ABAJA-DEV-main/install/radar_msgs/local/lib/python3.10/dist-packages/radar_msgs/_radar_msgs_s.ep.rosidl_typesupport_c.c
[14.892s] -- Installing: /home/nvidia/ROS2-ABAJA-DEV-main/install/radar_msgs/local/lib/python3.10/dist-packages/radar_msgs/_radar_msgs_s.ep.rosidl_typesupport_fastrtps_c.c
[14.892s] -- Installing: /home/nvidia/ROS2-ABAJA-DEV-main/install/radar_msgs/local/lib/python3.10/dist-packages/radar_msgs/radar_msgs_s__rosidl_typesupport_introspection_c.cpython-310-aarch64-linux-gnu.so
[14.892s] -- Installing: /home/nvidia/ROS2-ABAJA-DEV-main/install/radar_msgs/local/lib/python3.10/dist-packages/radar_msgs/radar_msgs_s__rosidl_typesupport_fastrtps_c.cpython-310-aarch64-linux-gnu.so
[14.892s] -- Installing: /home/nvidia/ROS2-ABAJA-DEV-main/install/radar_msgs/local/lib/python3.10/dist-packages/radar_msgs/libradar_msgs__rosidl_generator_py.so
[14.966s] Listing '/home/nvidia/ROS2-ABAJA-DEV-main/install/radar_msgs/local/lib/python3.10/dist-packages/radar_msgs'...
[14.966s] Compiling '/home/nvidia/ROS2-ABAJA-DEV-main/install/radar_msgs/local/lib/python3.10/dist-packages/radar_msgs/__init__.py'...
[14.967s] Listing '/home/nvidia/ROS2-ABAJA-DEV-main/install/radar_msgs/local/lib/python3.10/dist-packages/radar_msgs/msg'...
[14.967s] Compiling '/home/nvidia/ROS2-ABAJA-DEV-main/install/radar_msgs/local/lib/python3.10/dist-packages/radar_msgs/msg/__init__.py'...
[14.967s] Compiling '/home/nvidia/ROS2-ABAJA-DEV-main/install/radar_msgs/local/lib/python3.10/dist-packages/radar_msgs/msg/_radar_track.py'...
[14.967s] Compiling '/home/nvidia/ROS2-ABAJA-DEV-main/install/radar_msgs/local/lib/python3.10/dist-packages/radar_msgs/msg/_radar_track_list.py'...
[14.980s] -- Installing: /home/nvidia/ROS2-ABAJA-DEV-main/install/radar_msgs/local/lib/python3.10/dist-packages/radar_msgs/radar_msgs_s__rosidl_typesupport_fastrtps_c.cpython-310-aarch64-linux-gnu.so
[14.980s] -- Set runtime path of "/home/nvidia/ROS2-ABAJA-DEV-main/install/radar_msgs/local/lib/python3.10/dist-packages/radar_msgs/radar_msgs_s__rosidl_typesupport_fastrtps_c.cpython-310-aarch64-linux-gnu.so" to ""
[14.980s] -- Installing: /home/nvidia/ROS2-ABAJA-DEV-main/install/radar_msgs/local/lib/python3.10/dist-packages/radar_msgs/radar_msgs_s__rosidl_typesupport_introspection_c.cpython-310-aarch64-linux-gnu.so
[14.981s] -- Set runtime path of "/home/nvidia/ROS2-ABAJA-DEV-main/install/radar_msgs/local/lib/python3.10/dist-packages/radar_msgs/radar_msgs_s__rosidl_typesupport_introspection_c.cpython-310-aarch64-linux-gnu.so" to ""
[14.982s] -- Installing: /home/nvidia/ROS2-ABAJA-DEV-main/install/radar_msgs/local/lib/python3.10/dist-packages/radar_msgs/radar_msgs_s__rosidl_typesupport_c.cpython-310-aarch64-linux-gnu.so
[14.982s] -- Set runtime path of "/home/nvidia/ROS2-ABAJA-DEV-main/install/radar_msgs/local/lib/python3.10/dist-packages/radar_msgs/radar_msgs_s__rosidl_typesupport_c.cpython-310-aarch64-linux-gnu.so" to ""
[14.982s] -- Installing: /home/nvidia/ROS2-ABAJA-DEV-main/install/radar_msgs/lib/libradar_msgs__rosidl_generator_py.so
[14.983s] -- Set runtime path of "/home/nvidia/ROS2-ABAJA-DEV-main/install/radar_msgs/lib/libradar_msgs__rosidl_generator_py.so" to ""
[14.983s] -- Installing: /home/nvidia/ROS2-ABAJA-DEV-main/install/radar_msgs/share/radar_msgs/msg/RadarTrack.idl
[14.984s] -- Installing: /home/nvidia/ROS2-ABAJA-DEV-main/install/radar_msgs/share/radar_msgs/msg/RadarTrackList.idl
[14.984s] -- Installing: /home/nvidia/ROS2-ABAJA-DEV-main/install/radar_msgs/share/radar_msgs/msg/RadarTrack.msg
[14.984s] -- Installing: /home/nvidia/ROS2-ABAJA-DEV-main/install/radar_msgs/share/radar_msgs/msg/RadarTrackList.msg
[14.985s] -- Installing: /home/nvidia/ROS2-ABAJA-DEV-main/install/radar_msgs/share/ament_index/resource_index/package_run_dependencies/radar_msgs
[14.985s] -- Installing: /home/nvidia/ROS2-ABAJA-DEV-main/install/radar_msgs/share/ament_index/resource_index/parent_prefix_path/radar_msgs
[14.985s] -- Installing: /home/nvidia/ROS2-ABAJA-DEV-main/install/radar_msgs/share/radar_msgs/environment/ament_prefix_path.sh
[14.986s] -- Installing: /home/nvidia/ROS2-ABAJA-DEV-main/install/radar_msgs/share/radar_msgs/environment/ament_prefix_path.dsv
[14.986s] -- Installing: /home/nvidia/ROS2-ABAJA-DEV-main/install/radar_msgs/share/radar_msgs/environment/path.sh
[14.986s] -- Installing: /home/nvidia/ROS2-ABAJA-DEV-main/install/radar_msgs/share/radar_msgs/environment/path.dsv
[14.987s] -- Installing: /home/nvidia/ROS2-ABAJA-DEV-main/install/radar_msgs/share/radar_msgs/local_setup.bash
[14.987s] -- Installing: /home/nvidia/ROS2-ABAJA-DEV-main/install/radar_msgs/share/radar_msgs/local_setup.sh
[14.987s] -- Installing: /home/nvidia/ROS2-ABAJA-DEV-main/install/radar_msgs/share/radar_msgs/local_setup.zsh
[14.987s] -- Installing: /home/nvidia/ROS2-ABAJA-DEV-main/install/radar_msgs/share/radar_msgs/local_setup.dsv
[14.988s] -- Installing: /home/nvidia/ROS2-ABAJA-DEV-main/install/radar_msgs/share/radar_msgs/package.dsv
[14.988s] -- Installing: /home/nvidia/ROS2-ABAJA-DEV-main/install/radar_msgs/share/ament_index/resource_index/packages/radar_msgs
[14.989s] -- Installing: /home/nvidia/ROS2-ABAJA-DEV-main/install/radar_msgs/share/radar_msgs/cmake/export_radar_msgs__rosidl_generator_cExport.cmake
[14.989s] -- Installing: /home/nvidia/ROS2-ABAJA-DEV-main/install/radar_msgs/share/radar_msgs/cmake/export_radar_msgs__rosidl_generator_cExport-noconfig.cmake
[14.989s] -- Installing: /home/nvidia/ROS2-ABAJA-DEV-main/install/radar_msgs/share/radar_msgs/cmake/export_radar_msgs__rosidl_typesupport_fastrtps_cExport.cmake
[14.990s] -- Installing: /home/nvidia/ROS2-ABAJA-DEV-main/install/radar_msgs/share/radar_msgs/cmake/export_radar_msgs__rosidl_typesupport_fastrtps_cExport-noconfig.cmake
[14.990s] -- Installing: /home/nvidia/ROS2-ABAJA-DEV-main/install/radar_msgs/share/radar_msgs/cmake/radar_msgs__rosidl_typesupport_introspection_cExport.cmake
[14.990s] -- Installing: /home/nvidia/ROS2-ABAJA-DEV-main/install/radar_msgs/share/radar_msgs/cmake/radar_msgs__rosidl_typesupport_introspection_cExport-noconfig.cmake
[14.991s] -- Installing: /home/nvidia/ROS2-ABAJA-DEV-main/install/radar_msgs/share/radar_msgs/cmake/radar_msgs__rosidl_typesupport_cExport.cmake
[14.991s] -- Installing: /home/nvidia/ROS2-ABAJA-DEV-main/install/radar_msgs/share/radar_msgs/cmake/radar_msgs__rosidl_typesupport_cExport-noconfig.cmake
[14.991s] -- Installing: /home/nvidia/ROS2-ABAJA-DEV-main/install/radar_msgs/share/radar_msgs/cmake/export_radar_msgs__rosidl_generator_cppExport.cmake
[14.992s] -- Installing: /home/nvidia/ROS2-ABAJA-DEV-main/install/radar_msgs/share/radar_msgs/cmake/export_radar_msgs__rosidl_typesupport_fastrtps_cppExport.cmake
[14.992s] -- Installing: /home/nvidia/ROS2-ABAJA-DEV-main/install/radar_msgs/share/radar_msgs/cmake/export_radar_msgs__rosidl_typesupport_fastrtps_cppExport-noconfig.cmake
[14.992s] -- Installing: /home/nvidia/ROS2-ABAJA-DEV-main/install/radar_msgs/share/radar_msgs/cmake/radar_msgs__rosidl_typesupport_introspection_cppExport.cmake
[14.993s] -- Installing: /home/nvidia/ROS2-ABAJA-DEV-main/install/radar_msgs/share/radar_msgs/cmake/radar_msgs__rosidl_typesupport_introspection_cppExport-noconfig.cmake
[14.993s] -- Installing: /home/nvidia/ROS2-ABAJA-DEV-main/install/radar_msgs/share/radar_msgs/cmake/radar_msgs__rosidl_typesupport_cppExport.cmake
[14.993s] -- Installing: /home/nvidia/ROS2-ABAJA-DEV-main/install/radar_msgs/share/radar_msgs/cmake/radar_msgs__rosidl_typesupport_cppExport-noconfig.cmake
[14.994s] -- Installing: /home/nvidia/ROS2-ABAJA-DEV-main/install/radar_msgs/share/radar_msgs/cmake/export_radar_msgs__rosidl_generator_pyExport.cmake
[14.994s] -- Installing: /home/nvidia/ROS2-ABAJA-DEV-main/install/radar_msgs/share/radar_msgs/cmake/export_radar_msgs__rosidl_generator_pyExport-noconfig.cmake
[14.995s] -- Installing: /home/nvidia/ROS2-ABAJA-DEV-main/install/radar_msgs/share/radar_msgs/cmake/rosidl_cmake-extras.cmake
[14.995s] -- Installing: /home/nvidia/ROS2-ABAJA-DEV-main/install/radar_msgs/share/radar_msgs/cmake/ament_cmake_export_dependencies-extras.cmake
[14.995s] -- Installing: /home/nvidia/ROS2-ABAJA-DEV-main/install/radar_msgs/share/radar_msgs/cmake/ament_cmake_export_include_directories-extras.cmake
[14.996s] -- Installing: /home/nvidia/ROS2-ABAJA-DEV-main/install/radar_msgs/share/radar_msgs/cmake/ament_cmake_export_libraries-extras.cmake
[14.996s] -- Installing: /home/nvidia/ROS2-ABAJA-DEV-main/install/radar_msgs/share/radar_msgs/cmake/ament_cmake_export_targets-extras.cmake
[14.997s] -- Installing: /home/nvidia/ROS2-ABAJA-DEV-main/install/radar_msgs/share/radar_msgs/cmake/rosidl_cmake_export_typesupport_targets-extras.cmake
[14.997s] -- Installing: /home/nvidia/ROS2-ABAJA-DEV-main/install/radar_msgs/share/radar_msgs/cmake/rosidl_cmake_export_typesupport_libraries-extras.cmake
[14.997s] -- Installing: /home/nvidia/ROS2-ABAJA-DEV-main/install/radar_msgs/share/radar_msgs/cmake/radar_msgsConfig.cmake
[14.998s] -- Installing: /home/nvidia/ROS2-ABAJA-DEV-main/install/radar_msgs/share/radar_msgs/cmake/radar_msgsConfig-version.cmake
[14.998s] -- Installing: /home/nvidia/ROS2-ABAJA-DEV-main/install/radar_msgs/share/radar_msgs/package.xml
[15.004s] Invoked command in '/home/nvidia/ROS2-ABAJA-DEV-main/build/radar_msgs' returned '0': CMAKE_PREFIX_PATH=/opt/ros/humble /usr/bin/cmake --install /home/nvidia/ROS2-ABAJA-DEV-main/build/radar_msgs
