[0.047s] Invoking command in '/home/ashy/abaja_ros2_dev/build/caninterface': CMAKE_PREFIX_PATH=/opt/ros/humble /usr/bin/cmake /home/ashy/abaja_ros2_dev/src/caninterface -DCMAKE_INSTALL_PREFIX=/home/ashy/abaja_ros2_dev/install/caninterface
[0.135s] -- The C compiler identification is GNU 11.4.0
[0.293s] -- The CXX compiler identification is GNU 11.4.0
[0.308s] -- Detecting C compiler ABI info
[0.416s] -- Detecting C compiler ABI info - done
[0.432s] -- Check for working C compiler: /usr/bin/cc - skipped
[0.432s] -- Detecting C compile features
[0.432s] -- Detecting C compile features - done
[0.436s] -- Detecting CXX compiler ABI info
[0.525s] -- Detecting CXX compiler ABI info - done
[0.533s] -- Check for working CXX compiler: /usr/bin/c++ - skipped
[0.533s] -- Detecting CXX compile features
[0.534s] -- Detecting CXX compile features - done
[0.537s] -- Found ament_cmake: 1.3.11 (/opt/ros/humble/share/ament_cmake/cmake)
[0.869s] -- Found Python3: /usr/bin/python3 (found version "3.10.12") found components: Interpreter 
[0.942s] -- Found rclcpp: 16.0.12 (/opt/ros/humble/share/rclcpp/cmake)
[0.976s] -- Found rosidl_generator_c: 3.1.6 (/opt/ros/humble/share/rosidl_generator_c/cmake)
[0.980s] -- Found rosidl_adapter: 3.1.6 (/opt/ros/humble/share/rosidl_adapter/cmake)
[0.986s] -- Found rosidl_generator_cpp: 3.1.6 (/opt/ros/humble/share/rosidl_generator_cpp/cmake)
[0.994s] -- Using all available rosidl_typesupport_c: rosidl_typesupport_fastrtps_c;rosidl_typesupport_introspection_c
[1.005s] -- Using all available rosidl_typesupport_cpp: rosidl_typesupport_fastrtps_cpp;rosidl_typesupport_introspection_cpp
[1.040s] -- Found rmw_implementation_cmake: 6.1.2 (/opt/ros/humble/share/rmw_implementation_cmake/cmake)
[1.041s] -- Found rmw_fastrtps_cpp: 6.2.7 (/opt/ros/humble/share/rmw_fastrtps_cpp/cmake)
[1.121s] -- Found OpenSSL: /usr/lib/x86_64-linux-gnu/libcrypto.so (found version "3.0.2")  
[1.146s] -- Found FastRTPS: /opt/ros/humble/include  
[1.181s] -- Using RMW implementation 'rmw_fastrtps_cpp' as default
[1.188s] -- Looking for pthread.h
[1.252s] -- Looking for pthread.h - found
[1.252s] -- Performing Test CMAKE_HAVE_LIBC_PTHREAD
[1.316s] -- Performing Test CMAKE_HAVE_LIBC_PTHREAD - Success
[1.317s] -- Found Threads: TRUE  
[1.353s] -- Found rclpy: 3.3.16 (/opt/ros/humble/share/rclpy/cmake)
[1.354s] -- Found sensor_msgs: 4.9.0 (/opt/ros/humble/share/sensor_msgs/cmake)
[1.374s] -- Found ament_lint_auto: 0.12.12 (/opt/ros/humble/share/ament_lint_auto/cmake)
[1.430s] -- Added test 'flake8' to check Python code syntax and style conventions
[1.430s] -- Added test 'lint_cmake' to check CMake code style
[1.430s] -- Added test 'pep257' to check Python code against some of the docstring style conventions in PEP 257
[1.431s] -- Added test 'xmllint' to check XML markup files
[1.432s] -- Configuring done
[1.436s] -- Generating done
[1.437s] -- Build files have been written to: /home/ashy/abaja_ros2_dev/build/caninterface
[1.445s] Invoked command in '/home/ashy/abaja_ros2_dev/build/caninterface' returned '0': CMAKE_PREFIX_PATH=/opt/ros/humble /usr/bin/cmake /home/ashy/abaja_ros2_dev/src/caninterface -DCMAKE_INSTALL_PREFIX=/home/ashy/abaja_ros2_dev/install/caninterface
[1.447s] Invoking command in '/home/ashy/abaja_ros2_dev/build/caninterface': CMAKE_PREFIX_PATH=/opt/ros/humble /usr/bin/cmake --build /home/ashy/abaja_ros2_dev/build/caninterface -- -j16 -l16
[1.481s] Invoked command in '/home/ashy/abaja_ros2_dev/build/caninterface' returned '0': CMAKE_PREFIX_PATH=/opt/ros/humble /usr/bin/cmake --build /home/ashy/abaja_ros2_dev/build/caninterface -- -j16 -l16
[1.483s] Invoking command in '/home/ashy/abaja_ros2_dev/build/caninterface': CMAKE_PREFIX_PATH=/opt/ros/humble /usr/bin/cmake --install /home/ashy/abaja_ros2_dev/build/caninterface
[1.488s] -- Install configuration: ""
[1.489s] [31mCMake Error at cmake_install.cmake:46 (file):
[1.489s]   file INSTALL cannot find
[1.489s]   "/home/ashy/abaja_ros2_dev/src/caninterface/scripts/aeb.py": No such file
[1.489s]   or directory.
[1.489s] 
[1.489s] [0m
[1.490s] Invoked command in '/home/ashy/abaja_ros2_dev/build/caninterface' returned '1': CMAKE_PREFIX_PATH=/opt/ros/humble /usr/bin/cmake --install /home/ashy/abaja_ros2_dev/build/caninterface
