[0.040s] Invoking command in '/home/ashy/abaja_ros2_dev/build/caninterface': CMAKE_PREFIX_PATH=/opt/ros/humble /usr/bin/cmake --build /home/ashy/abaja_ros2_dev/build/caninterface -- -j16 -l16
[0.072s] -- Found ament_cmake: 1.3.11 (/opt/ros/humble/share/ament_cmake/cmake)
[0.248s] -- Found rclcpp: 16.0.12 (/opt/ros/humble/share/rclcpp/cmake)
[0.281s] -- Found rosidl_generator_c: 3.1.6 (/opt/ros/humble/share/rosidl_generator_c/cmake)
[0.284s] -- Found rosidl_adapter: 3.1.6 (/opt/ros/humble/share/rosidl_adapter/cmake)
[0.291s] -- Found rosidl_generator_cpp: 3.1.6 (/opt/ros/humble/share/rosidl_generator_cpp/cmake)
[0.300s] -- Using all available rosidl_typesupport_c: rosidl_typesupport_fastrtps_c;rosidl_typesupport_introspection_c
[0.313s] -- Using all available rosidl_typesupport_cpp: rosidl_typesupport_fastrtps_cpp;rosidl_typesupport_introspection_cpp
[0.336s] -- Found rmw_implementation_cmake: 6.1.2 (/opt/ros/humble/share/rmw_implementation_cmake/cmake)
[0.337s] -- Found rmw_fastrtps_cpp: 6.2.7 (/opt/ros/humble/share/rmw_fastrtps_cpp/cmake)
[0.444s] -- Using RMW implementation 'rmw_fastrtps_cpp' as default
[0.479s] -- Found rclpy: 3.3.16 (/opt/ros/humble/share/rclpy/cmake)
[0.479s] -- Found sensor_msgs: 4.9.0 (/opt/ros/humble/share/sensor_msgs/cmake)
[0.501s] -- Found ament_lint_auto: 0.12.12 (/opt/ros/humble/share/ament_lint_auto/cmake)
[0.553s] -- Added test 'flake8' to check Python code syntax and style conventions
[0.554s] -- Added test 'lint_cmake' to check CMake code style
[0.554s] -- Added test 'pep257' to check Python code against some of the docstring style conventions in PEP 257
[0.554s] -- Added test 'xmllint' to check XML markup files
[0.556s] -- Configuring done
[0.558s] -- Generating done
[0.560s] -- Build files have been written to: /home/ashy/abaja_ros2_dev/build/caninterface
[0.593s] Invoked command in '/home/ashy/abaja_ros2_dev/build/caninterface' returned '0': CMAKE_PREFIX_PATH=/opt/ros/humble /usr/bin/cmake --build /home/ashy/abaja_ros2_dev/build/caninterface -- -j16 -l16
[0.595s] Invoking command in '/home/ashy/abaja_ros2_dev/build/caninterface': CMAKE_PREFIX_PATH=/opt/ros/humble /usr/bin/cmake --install /home/ashy/abaja_ros2_dev/build/caninterface
[0.601s] -- Install configuration: ""
[0.602s] -- Installing: /home/ashy/abaja_ros2_dev/install/caninterface/lib/caninterface/radar_node.py
[0.602s] -- Installing: /home/ashy/abaja_ros2_dev/install/caninterface/share/ament_index/resource_index/package_run_dependencies/caninterface
[0.602s] -- Installing: /home/ashy/abaja_ros2_dev/install/caninterface/share/ament_index/resource_index/parent_prefix_path/caninterface
[0.602s] -- Installing: /home/ashy/abaja_ros2_dev/install/caninterface/share/caninterface/environment/ament_prefix_path.sh
[0.604s] -- Installing: /home/ashy/abaja_ros2_dev/install/caninterface/share/caninterface/environment/ament_prefix_path.dsv
[0.604s] -- Installing: /home/ashy/abaja_ros2_dev/install/caninterface/share/caninterface/environment/path.sh
[0.604s] -- Installing: /home/ashy/abaja_ros2_dev/install/caninterface/share/caninterface/environment/path.dsv
[0.604s] -- Installing: /home/ashy/abaja_ros2_dev/install/caninterface/share/caninterface/local_setup.bash
[0.604s] -- Installing: /home/ashy/abaja_ros2_dev/install/caninterface/share/caninterface/local_setup.sh
[0.604s] -- Installing: /home/ashy/abaja_ros2_dev/install/caninterface/share/caninterface/local_setup.zsh
[0.604s] -- Installing: /home/ashy/abaja_ros2_dev/install/caninterface/share/caninterface/local_setup.dsv
[0.604s] -- Installing: /home/ashy/abaja_ros2_dev/install/caninterface/share/caninterface/package.dsv
[0.604s] -- Installing: /home/ashy/abaja_ros2_dev/install/caninterface/share/ament_index/resource_index/packages/caninterface
[0.604s] -- Installing: /home/ashy/abaja_ros2_dev/install/caninterface/share/caninterface/cmake/caninterfaceConfig.cmake
[0.604s] -- Installing: /home/ashy/abaja_ros2_dev/install/caninterface/share/caninterface/cmake/caninterfaceConfig-version.cmake
[0.605s] -- Installing: /home/ashy/abaja_ros2_dev/install/caninterface/share/caninterface/package.xml
[0.606s] Invoked command in '/home/ashy/abaja_ros2_dev/build/caninterface' returned '0': CMAKE_PREFIX_PATH=/opt/ros/humble /usr/bin/cmake --install /home/ashy/abaja_ros2_dev/build/caninterface
