[0.048s] Invoking command in '/home/nvidia/ROS2-ABAJA-DEV-main/build/aeb': CMAKE_PREFIX_PATH=/opt/ros/humble /usr/bin/cmake /home/nvidia/ROS2-ABAJA-DEV-main/src/aeb -DCMAKE_INSTALL_PREFIX=/home/nvidia/ROS2-ABAJA-DEV-main/install/aeb
[0.173s] -- The C compiler identification is GNU 11.4.0
[0.314s] -- The CXX compiler identification is GNU 11.4.0
[0.332s] -- Detecting C compiler ABI info
[0.488s] -- Detecting C compiler ABI info - done
[0.507s] -- Check for working C compiler: /usr/bin/cc - skipped
[0.508s] -- Detecting C compile features
[0.510s] -- Detecting C compile features - done
[0.518s] -- Detecting CXX compiler ABI info
[0.683s] -- Detecting CXX compiler ABI info - done
[0.716s] -- Check for working CXX compiler: /usr/bin/c++ - skipped
[0.716s] -- Detecting CXX compile features
[0.717s] -- Detecting CXX compile features - done
[0.721s] -- Found ament_cmake: 1.3.12 (/opt/ros/humble/share/ament_cmake/cmake)
[1.115s] -- Found Python3: /usr/bin/python3 (found version "3.10.12") found components: Interpreter 
[1.332s] -- Found rclcpp: 16.0.14 (/opt/ros/humble/share/rclcpp/cmake)
[1.419s] -- Found rosidl_generator_c: 3.1.7 (/opt/ros/humble/share/rosidl_generator_c/cmake)
[1.429s] -- Found rosidl_adapter: 3.1.7 (/opt/ros/humble/share/rosidl_adapter/cmake)
[1.446s] -- Found rosidl_generator_cpp: 3.1.7 (/opt/ros/humble/share/rosidl_generator_cpp/cmake)
[1.471s] -- Using all available rosidl_typesupport_c: rosidl_typesupport_fastrtps_c;rosidl_typesupport_introspection_c
[1.505s] -- Using all available rosidl_typesupport_cpp: rosidl_typesupport_fastrtps_cpp;rosidl_typesupport_introspection_cpp
[1.591s] -- Found rmw_implementation_cmake: 6.1.2 (/opt/ros/humble/share/rmw_implementation_cmake/cmake)
[1.596s] -- Found rmw_fastrtps_cpp: 6.2.8 (/opt/ros/humble/share/rmw_fastrtps_cpp/cmake)
[1.800s] -- Found OpenSSL: /usr/lib/aarch64-linux-gnu/libcrypto.so (found version "3.0.2")  
[1.870s] -- Found FastRTPS: /opt/ros/humble/include  
[1.972s] -- Using RMW implementation 'rmw_fastrtps_cpp' as default
[1.990s] -- Looking for pthread.h
[2.175s] -- Looking for pthread.h - found
[2.176s] -- Performing Test CMAKE_HAVE_LIBC_PTHREAD
[2.357s] -- Performing Test CMAKE_HAVE_LIBC_PTHREAD - Success
[2.360s] -- Found Threads: TRUE  
[2.482s] -- Found rclpy: 3.3.17 (/opt/ros/humble/share/rclpy/cmake)
[2.485s] -- Found sensor_msgs: 4.9.0 (/opt/ros/humble/share/sensor_msgs/cmake)
[2.560s] -- Found ament_lint_auto: 0.12.14 (/opt/ros/humble/share/ament_lint_auto/cmake)
[2.762s] -- Added test 'flake8' to check Python code syntax and style conventions
[2.763s] -- Added test 'lint_cmake' to check CMake code style
[2.765s] -- Added test 'pep257' to check Python code against some of the docstring style conventions in PEP 257
[2.768s] -- Added test 'xmllint' to check XML markup files
[2.772s] -- Configuring done
[2.786s] -- Generating done
[2.793s] -- Build files have been written to: /home/nvidia/ROS2-ABAJA-DEV-main/build/aeb
[2.827s] Invoked command in '/home/nvidia/ROS2-ABAJA-DEV-main/build/aeb' returned '0': CMAKE_PREFIX_PATH=/opt/ros/humble /usr/bin/cmake /home/nvidia/ROS2-ABAJA-DEV-main/src/aeb -DCMAKE_INSTALL_PREFIX=/home/nvidia/ROS2-ABAJA-DEV-main/install/aeb
[2.828s] Invoking command in '/home/nvidia/ROS2-ABAJA-DEV-main/build/aeb': CMAKE_PREFIX_PATH=/opt/ros/humble /usr/bin/cmake --build /home/nvidia/ROS2-ABAJA-DEV-main/build/aeb -- -j6 -l6
[2.923s] Invoked command in '/home/nvidia/ROS2-ABAJA-DEV-main/build/aeb' returned '0': CMAKE_PREFIX_PATH=/opt/ros/humble /usr/bin/cmake --build /home/nvidia/ROS2-ABAJA-DEV-main/build/aeb -- -j6 -l6
[2.924s] Invoking command in '/home/nvidia/ROS2-ABAJA-DEV-main/build/aeb': CMAKE_PREFIX_PATH=/opt/ros/humble /usr/bin/cmake --install /home/nvidia/ROS2-ABAJA-DEV-main/build/aeb
[2.944s] -- Install configuration: ""
[2.945s] -- Installing: /home/nvidia/ROS2-ABAJA-DEV-main/install/aeb/lib/aeb/aeb.py
[2.945s] -- Installing: /home/nvidia/ROS2-ABAJA-DEV-main/install/aeb/share/ament_index/resource_index/package_run_dependencies/aeb
[2.946s] -- Installing: /home/nvidia/ROS2-ABAJA-DEV-main/install/aeb/share/ament_index/resource_index/parent_prefix_path/aeb
[2.946s] -- Installing: /home/nvidia/ROS2-ABAJA-DEV-main/install/aeb/share/aeb/environment/ament_prefix_path.sh
[2.946s] -- Installing: /home/nvidia/ROS2-ABAJA-DEV-main/install/aeb/share/aeb/environment/ament_prefix_path.dsv
[2.947s] -- Installing: /home/nvidia/ROS2-ABAJA-DEV-main/install/aeb/share/aeb/environment/path.sh
[2.947s] -- Installing: /home/nvidia/ROS2-ABAJA-DEV-main/install/aeb/share/aeb/environment/path.dsv
[2.947s] -- Installing: /home/nvidia/ROS2-ABAJA-DEV-main/install/aeb/share/aeb/local_setup.bash
[2.948s] -- Installing: /home/nvidia/ROS2-ABAJA-DEV-main/install/aeb/share/aeb/local_setup.sh
[2.948s] -- Installing: /home/nvidia/ROS2-ABAJA-DEV-main/install/aeb/share/aeb/local_setup.zsh
[2.948s] -- Installing: /home/nvidia/ROS2-ABAJA-DEV-main/install/aeb/share/aeb/local_setup.dsv
[2.949s] -- Installing: /home/nvidia/ROS2-ABAJA-DEV-main/install/aeb/share/aeb/package.dsv
[2.949s] -- Installing: /home/nvidia/ROS2-ABAJA-DEV-main/install/aeb/share/ament_index/resource_index/packages/aeb
[2.949s] -- Installing: /home/nvidia/ROS2-ABAJA-DEV-main/install/aeb/share/aeb/cmake/aebConfig.cmake
[2.950s] -- Installing: /home/nvidia/ROS2-ABAJA-DEV-main/install/aeb/share/aeb/cmake/aebConfig-version.cmake
[2.950s] -- Installing: /home/nvidia/ROS2-ABAJA-DEV-main/install/aeb/share/aeb/package.xml
[2.983s] Invoked command in '/home/nvidia/ROS2-ABAJA-DEV-main/build/aeb' returned '0': CMAKE_PREFIX_PATH=/opt/ros/humble /usr/bin/cmake --install /home/nvidia/ROS2-ABAJA-DEV-main/build/aeb
