[0.032s] Invoking command in '/home/ashy/ROS2-ABAJA-DEV/build/inertial_msgs': CMAKE_PREFIX_PATH=/opt/ros/humble /usr/bin/cmake /home/ashy/ROS2-ABAJA-DEV/src/inertial_msgs -DCMAKE_INSTALL_PREFIX=/home/ashy/ROS2-ABAJA-DEV/install/inertial_msgs
[0.117s] -- The C compiler identification is GNU 11.4.0
[0.193s] -- The CXX compiler identification is GNU 11.4.0
[0.205s] -- Detecting C compiler ABI info
[0.303s] -- Detecting C compiler ABI info - done
[0.311s] -- Check for working C compiler: /usr/bin/cc - skipped
[0.312s] -- Detecting C compile features
[0.312s] -- Detecting C compile features - done
[0.317s] -- Detecting CXX compiler ABI info
[0.418s] -- Detecting CXX compiler ABI info - done
[0.425s] -- Check for working CXX compiler: /usr/bin/c++ - skipped
[0.425s] -- Detecting CXX compile features
[0.426s] -- Detecting CXX compile features - done
[0.432s] -- Found ament_cmake: 1.3.11 (/opt/ros/humble/share/ament_cmake/cmake)
[0.780s] -- Found Python3: /usr/bin/python3 (found version "3.10.12") found components: Interpreter 
[0.871s] -- Found rosidl_default_generators: 1.2.0 (/opt/ros/humble/share/rosidl_default_generators/cmake)
[0.875s] -- Using all available rosidl_typesupport_c: rosidl_typesupport_fastrtps_c;rosidl_typesupport_introspection_c
[0.883s] -- Found rosidl_adapter: 3.1.6 (/opt/ros/humble/share/rosidl_adapter/cmake)
[0.926s] -- Using all available rosidl_typesupport_cpp: rosidl_typesupport_fastrtps_cpp;rosidl_typesupport_introspection_cpp
[0.957s] -- Found geometry_msgs: 4.9.0 (/opt/ros/humble/share/geometry_msgs/cmake)
[1.207s] -- Found ament_cmake_ros: 0.10.0 (/opt/ros/humble/share/ament_cmake_ros/cmake)
[1.405s] -- Using all available rosidl_typesupport_c: rosidl_typesupport_fastrtps_c;rosidl_typesupport_introspection_c
[1.648s] -- Using all available rosidl_typesupport_cpp: rosidl_typesupport_fastrtps_cpp;rosidl_typesupport_introspection_cpp
[1.668s] -- Found PythonInterp: /usr/bin/python3 (found suitable version "3.10.12", minimum required is "3.6") 
[1.670s] -- Found python_cmake_module: 0.10.0 (/opt/ros/humble/share/python_cmake_module/cmake)
[1.699s] -- Found PythonLibs: /usr/lib/x86_64-linux-gnu/libpython3.10.so (found suitable version "3.10.12", minimum required is "3.5") 
[1.699s] -- Using PYTHON_EXECUTABLE: /usr/bin/python3
[1.700s] -- Using PYTHON_INCLUDE_DIRS: /usr/include/python3.10
[1.700s] -- Using PYTHON_LIBRARIES: /usr/lib/x86_64-linux-gnu/libpython3.10.so
[1.726s] -- Found PythonExtra: .so  
[1.776s] -- Configuring done
[1.809s] -- Generating done
[1.819s] -- Build files have been written to: /home/ashy/ROS2-ABAJA-DEV/build/inertial_msgs
[1.832s] Invoked command in '/home/ashy/ROS2-ABAJA-DEV/build/inertial_msgs' returned '0': CMAKE_PREFIX_PATH=/opt/ros/humble /usr/bin/cmake /home/ashy/ROS2-ABAJA-DEV/src/inertial_msgs -DCMAKE_INSTALL_PREFIX=/home/ashy/ROS2-ABAJA-DEV/install/inertial_msgs
[1.833s] Invoking command in '/home/ashy/ROS2-ABAJA-DEV/build/inertial_msgs': CMAKE_PREFIX_PATH=/opt/ros/humble /usr/bin/cmake --build /home/ashy/ROS2-ABAJA-DEV/build/inertial_msgs -- -j16 -l16
[1.874s] [  3%] [34m[1mGenerating C code for ROS interfaces[0m
[1.887s] [  6%] [34m[1mGenerating C++ code for ROS interfaces[0m
[1.896s] [  6%] Built target ament_cmake_python_copy_inertial_msgs
[2.190s] running egg_info
[2.216s] creating inertial_msgs.egg-info
[2.216s] writing inertial_msgs.egg-info/PKG-INFO
[2.216s] writing dependency_links to inertial_msgs.egg-info/dependency_links.txt
[2.217s] writing top-level names to inertial_msgs.egg-info/top_level.txt
[2.218s] writing manifest file 'inertial_msgs.egg-info/SOURCES.txt'
[2.259s] [  9%] [32mBuilding C object CMakeFiles/inertial_msgs__rosidl_generator_c.dir/rosidl_generator_c/inertial_msgs/msg/detail/pose__functions.c.o[0m
[2.283s] [  9%] Built target inertial_msgs__cpp
[2.306s] reading manifest file 'inertial_msgs.egg-info/SOURCES.txt'
[2.308s] [ 12%] [34m[1mGenerating C++ type support dispatch for ROS interfaces[0m
[2.308s] [ 16%] [34m[1mGenerating C++ introspection for ROS interfaces[0m
[2.309s] writing manifest file 'inertial_msgs.egg-info/SOURCES.txt'
[2.309s] [ 19%] [34m[1mGenerating C++ type support for eProsima Fast-RTPS[0m
[2.337s] [ 22%] [32m[1mLinking C shared library libinertial_msgs__rosidl_generator_c.so[0m
[2.415s] [ 22%] Built target ament_cmake_python_build_inertial_msgs_egg
[2.450s] [ 22%] Built target inertial_msgs__rosidl_generator_c
[2.470s] [ 25%] [34m[1mGenerating C type support dispatch for ROS interfaces[0m
[2.478s] [ 29%] [34m[1mGenerating C introspection for ROS interfaces[0m
[2.478s] [ 32%] [34m[1mGenerating C type support for eProsima Fast-RTPS[0m
[2.812s] [ 35%] [32mBuilding CXX object CMakeFiles/inertial_msgs__rosidl_typesupport_cpp.dir/rosidl_typesupport_cpp/inertial_msgs/msg/pose__type_support.cpp.o[0m
[2.826s] [ 38%] [32mBuilding CXX object CMakeFiles/inertial_msgs__rosidl_typesupport_fastrtps_cpp.dir/rosidl_typesupport_fastrtps_cpp/inertial_msgs/msg/detail/dds_fastrtps/pose__type_support.cpp.o[0m
[2.854s] [ 41%] [32mBuilding CXX object CMakeFiles/inertial_msgs__rosidl_typesupport_introspection_cpp.dir/rosidl_typesupport_introspection_cpp/inertial_msgs/msg/detail/pose__type_support.cpp.o[0m
[2.907s] [ 45%] [32mBuilding CXX object CMakeFiles/inertial_msgs__rosidl_typesupport_fastrtps_c.dir/rosidl_typesupport_fastrtps_c/inertial_msgs/msg/detail/pose__type_support_c.cpp.o[0m
[2.950s] [ 48%] [32mBuilding CXX object CMakeFiles/inertial_msgs__rosidl_typesupport_c.dir/rosidl_typesupport_c/inertial_msgs/msg/pose__type_support.cpp.o[0m
[2.972s] [ 51%] [32mBuilding C object CMakeFiles/inertial_msgs__rosidl_typesupport_introspection_c.dir/rosidl_typesupport_introspection_c/inertial_msgs/msg/detail/pose__type_support.c.o[0m
[3.029s] [ 54%] [32m[1mLinking CXX shared library libinertial_msgs__rosidl_typesupport_c.so[0m
[3.058s] [ 58%] [32m[1mLinking C shared library libinertial_msgs__rosidl_typesupport_introspection_c.so[0m
[3.123s] [ 58%] Built target inertial_msgs__rosidl_typesupport_c
[3.135s] [ 58%] Built target inertial_msgs__rosidl_typesupport_introspection_c
[3.190s] [ 61%] [32m[1mLinking CXX shared library libinertial_msgs__rosidl_typesupport_cpp.so[0m
[3.249s] [ 61%] Built target inertial_msgs__rosidl_typesupport_cpp
[3.282s] [ 64%] [32m[1mLinking CXX shared library libinertial_msgs__rosidl_typesupport_fastrtps_c.so[0m
[3.307s] [ 67%] [32m[1mLinking CXX shared library libinertial_msgs__rosidl_typesupport_fastrtps_cpp.so[0m
[3.323s] [ 70%] [32m[1mLinking CXX shared library libinertial_msgs__rosidl_typesupport_introspection_cpp.so[0m
[3.374s] [ 70%] Built target inertial_msgs__rosidl_typesupport_fastrtps_c
[3.385s] [ 70%] Built target inertial_msgs__rosidl_typesupport_fastrtps_cpp
[3.392s] [ 70%] Built target inertial_msgs__rosidl_typesupport_introspection_cpp
[3.415s] [ 70%] Built target inertial_msgs
[3.433s] [ 74%] [34m[1mGenerating Python code for ROS interfaces[0m
[3.677s] [ 74%] Built target inertial_msgs__py
[3.694s] [ 77%] [32mBuilding C object CMakeFiles/inertial_msgs__rosidl_generator_py.dir/rosidl_generator_py/inertial_msgs/msg/_pose_s.c.o[0m
[3.773s] [ 80%] [32m[1mLinking C shared library rosidl_generator_py/inertial_msgs/libinertial_msgs__rosidl_generator_py.so[0m
[3.807s] [ 80%] Built target inertial_msgs__rosidl_generator_py
[3.827s] [ 90%] [32mBuilding C object CMakeFiles/inertial_msgs__rosidl_typesupport_fastrtps_c__pyext.dir/rosidl_generator_py/inertial_msgs/_inertial_msgs_s.ep.rosidl_typesupport_fastrtps_c.c.o[0m
[3.827s] [ 90%] [32mBuilding C object CMakeFiles/inertial_msgs__rosidl_typesupport_c__pyext.dir/rosidl_generator_py/inertial_msgs/_inertial_msgs_s.ep.rosidl_typesupport_c.c.o[0m
[3.827s] [ 90%] [32mBuilding C object CMakeFiles/inertial_msgs__rosidl_typesupport_introspection_c__pyext.dir/rosidl_generator_py/inertial_msgs/_inertial_msgs_s.ep.rosidl_typesupport_introspection_c.c.o[0m
[3.896s] [ 93%] [32m[1mLinking C shared library rosidl_generator_py/inertial_msgs/inertial_msgs_s__rosidl_typesupport_c.cpython-310-x86_64-linux-gnu.so[0m
[3.897s] [ 96%] [32m[1mLinking C shared library rosidl_generator_py/inertial_msgs/inertial_msgs_s__rosidl_typesupport_introspection_c.cpython-310-x86_64-linux-gnu.so[0m
[3.897s] [100%] [32m[1mLinking C shared library rosidl_generator_py/inertial_msgs/inertial_msgs_s__rosidl_typesupport_fastrtps_c.cpython-310-x86_64-linux-gnu.so[0m
[3.928s] [100%] Built target inertial_msgs__rosidl_typesupport_introspection_c__pyext
[3.928s] [100%] Built target inertial_msgs__rosidl_typesupport_c__pyext
[3.928s] [100%] Built target inertial_msgs__rosidl_typesupport_fastrtps_c__pyext
[3.938s] Invoked command in '/home/ashy/ROS2-ABAJA-DEV/build/inertial_msgs' returned '0': CMAKE_PREFIX_PATH=/opt/ros/humble /usr/bin/cmake --build /home/ashy/ROS2-ABAJA-DEV/build/inertial_msgs -- -j16 -l16
[3.939s] Invoking command in '/home/ashy/ROS2-ABAJA-DEV/build/inertial_msgs': CMAKE_PREFIX_PATH=/opt/ros/humble /usr/bin/cmake --install /home/ashy/ROS2-ABAJA-DEV/build/inertial_msgs
[3.946s] -- Install configuration: ""
[3.946s] -- Installing: /home/ashy/ROS2-ABAJA-DEV/install/inertial_msgs/share/ament_index/resource_index/rosidl_interfaces/inertial_msgs
[3.946s] -- Installing: /home/ashy/ROS2-ABAJA-DEV/install/inertial_msgs/include/inertial_msgs/inertial_msgs
[3.947s] -- Installing: /home/ashy/ROS2-ABAJA-DEV/install/inertial_msgs/include/inertial_msgs/inertial_msgs/msg
[3.947s] -- Installing: /home/ashy/ROS2-ABAJA-DEV/install/inertial_msgs/include/inertial_msgs/inertial_msgs/msg/detail
[3.947s] -- Installing: /home/ashy/ROS2-ABAJA-DEV/install/inertial_msgs/include/inertial_msgs/inertial_msgs/msg/detail/pose__functions.c
[3.947s] -- Installing: /home/ashy/ROS2-ABAJA-DEV/install/inertial_msgs/include/inertial_msgs/inertial_msgs/msg/detail/pose__functions.h
[3.947s] -- Installing: /home/ashy/ROS2-ABAJA-DEV/install/inertial_msgs/include/inertial_msgs/inertial_msgs/msg/detail/pose__type_support.h
[3.947s] -- Installing: /home/ashy/ROS2-ABAJA-DEV/install/inertial_msgs/include/inertial_msgs/inertial_msgs/msg/detail/pose__struct.h
[3.947s] -- Installing: /home/ashy/ROS2-ABAJA-DEV/install/inertial_msgs/include/inertial_msgs/inertial_msgs/msg/pose.h
[3.947s] -- Installing: /home/ashy/ROS2-ABAJA-DEV/install/inertial_msgs/include/inertial_msgs/inertial_msgs/msg/rosidl_generator_c__visibility_control.h
[3.947s] -- Installing: /home/ashy/ROS2-ABAJA-DEV/install/inertial_msgs/share/inertial_msgs/environment/library_path.sh
[3.947s] -- Installing: /home/ashy/ROS2-ABAJA-DEV/install/inertial_msgs/share/inertial_msgs/environment/library_path.dsv
[3.948s] -- Installing: /home/ashy/ROS2-ABAJA-DEV/install/inertial_msgs/lib/libinertial_msgs__rosidl_generator_c.so
[3.948s] -- Set runtime path of "/home/ashy/ROS2-ABAJA-DEV/install/inertial_msgs/lib/libinertial_msgs__rosidl_generator_c.so" to ""
[3.948s] -- Up-to-date: /home/ashy/ROS2-ABAJA-DEV/install/inertial_msgs/include/inertial_msgs/inertial_msgs
[3.948s] -- Up-to-date: /home/ashy/ROS2-ABAJA-DEV/install/inertial_msgs/include/inertial_msgs/inertial_msgs/msg
[3.948s] -- Up-to-date: /home/ashy/ROS2-ABAJA-DEV/install/inertial_msgs/include/inertial_msgs/inertial_msgs/msg/detail
[3.948s] -- Installing: /home/ashy/ROS2-ABAJA-DEV/install/inertial_msgs/include/inertial_msgs/inertial_msgs/msg/detail/pose__rosidl_typesupport_fastrtps_c.h
[3.948s] -- Installing: /home/ashy/ROS2-ABAJA-DEV/install/inertial_msgs/include/inertial_msgs/inertial_msgs/msg/rosidl_typesupport_fastrtps_c__visibility_control.h
[3.948s] -- Installing: /home/ashy/ROS2-ABAJA-DEV/install/inertial_msgs/lib/libinertial_msgs__rosidl_typesupport_fastrtps_c.so
[3.949s] -- Set runtime path of "/home/ashy/ROS2-ABAJA-DEV/install/inertial_msgs/lib/libinertial_msgs__rosidl_typesupport_fastrtps_c.so" to ""
[3.949s] -- Up-to-date: /home/ashy/ROS2-ABAJA-DEV/install/inertial_msgs/include/inertial_msgs/inertial_msgs
[3.949s] -- Up-to-date: /home/ashy/ROS2-ABAJA-DEV/install/inertial_msgs/include/inertial_msgs/inertial_msgs/msg
[3.949s] -- Up-to-date: /home/ashy/ROS2-ABAJA-DEV/install/inertial_msgs/include/inertial_msgs/inertial_msgs/msg/detail
[3.949s] -- Installing: /home/ashy/ROS2-ABAJA-DEV/install/inertial_msgs/include/inertial_msgs/inertial_msgs/msg/detail/pose__type_support.c
[3.949s] -- Installing: /home/ashy/ROS2-ABAJA-DEV/install/inertial_msgs/include/inertial_msgs/inertial_msgs/msg/detail/pose__rosidl_typesupport_introspection_c.h
[3.949s] -- Installing: /home/ashy/ROS2-ABAJA-DEV/install/inertial_msgs/include/inertial_msgs/inertial_msgs/msg/rosidl_typesupport_introspection_c__visibility_control.h
[3.949s] -- Installing: /home/ashy/ROS2-ABAJA-DEV/install/inertial_msgs/lib/libinertial_msgs__rosidl_typesupport_introspection_c.so
[3.949s] -- Set runtime path of "/home/ashy/ROS2-ABAJA-DEV/install/inertial_msgs/lib/libinertial_msgs__rosidl_typesupport_introspection_c.so" to ""
[3.950s] -- Installing: /home/ashy/ROS2-ABAJA-DEV/install/inertial_msgs/lib/libinertial_msgs__rosidl_typesupport_c.so
[3.950s] -- Set runtime path of "/home/ashy/ROS2-ABAJA-DEV/install/inertial_msgs/lib/libinertial_msgs__rosidl_typesupport_c.so" to ""
[3.950s] -- Up-to-date: /home/ashy/ROS2-ABAJA-DEV/install/inertial_msgs/include/inertial_msgs/inertial_msgs
[3.950s] -- Up-to-date: /home/ashy/ROS2-ABAJA-DEV/install/inertial_msgs/include/inertial_msgs/inertial_msgs/msg
[3.950s] -- Installing: /home/ashy/ROS2-ABAJA-DEV/install/inertial_msgs/include/inertial_msgs/inertial_msgs/msg/rosidl_generator_cpp__visibility_control.hpp
[3.950s] -- Up-to-date: /home/ashy/ROS2-ABAJA-DEV/install/inertial_msgs/include/inertial_msgs/inertial_msgs/msg/detail
[3.950s] -- Installing: /home/ashy/ROS2-ABAJA-DEV/install/inertial_msgs/include/inertial_msgs/inertial_msgs/msg/detail/pose__type_support.hpp
[3.950s] -- Installing: /home/ashy/ROS2-ABAJA-DEV/install/inertial_msgs/include/inertial_msgs/inertial_msgs/msg/detail/pose__traits.hpp
[3.950s] -- Installing: /home/ashy/ROS2-ABAJA-DEV/install/inertial_msgs/include/inertial_msgs/inertial_msgs/msg/detail/pose__builder.hpp
[3.950s] -- Installing: /home/ashy/ROS2-ABAJA-DEV/install/inertial_msgs/include/inertial_msgs/inertial_msgs/msg/detail/pose__struct.hpp
[3.950s] -- Installing: /home/ashy/ROS2-ABAJA-DEV/install/inertial_msgs/include/inertial_msgs/inertial_msgs/msg/pose.hpp
[3.951s] -- Up-to-date: /home/ashy/ROS2-ABAJA-DEV/install/inertial_msgs/include/inertial_msgs/inertial_msgs
[3.951s] -- Up-to-date: /home/ashy/ROS2-ABAJA-DEV/install/inertial_msgs/include/inertial_msgs/inertial_msgs/msg
[3.951s] -- Up-to-date: /home/ashy/ROS2-ABAJA-DEV/install/inertial_msgs/include/inertial_msgs/inertial_msgs/msg/detail
[3.951s] -- Installing: /home/ashy/ROS2-ABAJA-DEV/install/inertial_msgs/include/inertial_msgs/inertial_msgs/msg/detail/dds_fastrtps
[3.951s] -- Installing: /home/ashy/ROS2-ABAJA-DEV/install/inertial_msgs/include/inertial_msgs/inertial_msgs/msg/detail/pose__rosidl_typesupport_fastrtps_cpp.hpp
[3.951s] -- Installing: /home/ashy/ROS2-ABAJA-DEV/install/inertial_msgs/include/inertial_msgs/inertial_msgs/msg/rosidl_typesupport_fastrtps_cpp__visibility_control.h
[3.951s] -- Installing: /home/ashy/ROS2-ABAJA-DEV/install/inertial_msgs/lib/libinertial_msgs__rosidl_typesupport_fastrtps_cpp.so
[3.951s] -- Set runtime path of "/home/ashy/ROS2-ABAJA-DEV/install/inertial_msgs/lib/libinertial_msgs__rosidl_typesupport_fastrtps_cpp.so" to ""
[3.951s] -- Up-to-date: /home/ashy/ROS2-ABAJA-DEV/install/inertial_msgs/include/inertial_msgs/inertial_msgs
[3.951s] -- Up-to-date: /home/ashy/ROS2-ABAJA-DEV/install/inertial_msgs/include/inertial_msgs/inertial_msgs/msg
[3.951s] -- Up-to-date: /home/ashy/ROS2-ABAJA-DEV/install/inertial_msgs/include/inertial_msgs/inertial_msgs/msg/detail
[3.951s] -- Installing: /home/ashy/ROS2-ABAJA-DEV/install/inertial_msgs/include/inertial_msgs/inertial_msgs/msg/detail/pose__rosidl_typesupport_introspection_cpp.hpp
[3.951s] -- Installing: /home/ashy/ROS2-ABAJA-DEV/install/inertial_msgs/include/inertial_msgs/inertial_msgs/msg/detail/pose__type_support.cpp
[3.952s] -- Installing: /home/ashy/ROS2-ABAJA-DEV/install/inertial_msgs/lib/libinertial_msgs__rosidl_typesupport_introspection_cpp.so
[3.952s] -- Set runtime path of "/home/ashy/ROS2-ABAJA-DEV/install/inertial_msgs/lib/libinertial_msgs__rosidl_typesupport_introspection_cpp.so" to ""
[3.952s] -- Installing: /home/ashy/ROS2-ABAJA-DEV/install/inertial_msgs/lib/libinertial_msgs__rosidl_typesupport_cpp.so
[3.952s] -- Set runtime path of "/home/ashy/ROS2-ABAJA-DEV/install/inertial_msgs/lib/libinertial_msgs__rosidl_typesupport_cpp.so" to ""
[3.952s] -- Installing: /home/ashy/ROS2-ABAJA-DEV/install/inertial_msgs/share/inertial_msgs/environment/pythonpath.sh
[3.952s] -- Installing: /home/ashy/ROS2-ABAJA-DEV/install/inertial_msgs/share/inertial_msgs/environment/pythonpath.dsv
[3.952s] -- Installing: /home/ashy/ROS2-ABAJA-DEV/install/inertial_msgs/local/lib/python3.10/dist-packages/inertial_msgs-0.0.0-py3.10.egg-info
[3.953s] -- Installing: /home/ashy/ROS2-ABAJA-DEV/install/inertial_msgs/local/lib/python3.10/dist-packages/inertial_msgs-0.0.0-py3.10.egg-info/top_level.txt
[3.953s] -- Installing: /home/ashy/ROS2-ABAJA-DEV/install/inertial_msgs/local/lib/python3.10/dist-packages/inertial_msgs-0.0.0-py3.10.egg-info/PKG-INFO
[3.953s] -- Installing: /home/ashy/ROS2-ABAJA-DEV/install/inertial_msgs/local/lib/python3.10/dist-packages/inertial_msgs-0.0.0-py3.10.egg-info/dependency_links.txt
[3.953s] -- Installing: /home/ashy/ROS2-ABAJA-DEV/install/inertial_msgs/local/lib/python3.10/dist-packages/inertial_msgs-0.0.0-py3.10.egg-info/SOURCES.txt
[3.953s] -- Installing: /home/ashy/ROS2-ABAJA-DEV/install/inertial_msgs/local/lib/python3.10/dist-packages/inertial_msgs
[3.953s] -- Installing: /home/ashy/ROS2-ABAJA-DEV/install/inertial_msgs/local/lib/python3.10/dist-packages/inertial_msgs/inertial_msgs_s__rosidl_typesupport_c.cpython-310-x86_64-linux-gnu.so
[3.953s] -- Installing: /home/ashy/ROS2-ABAJA-DEV/install/inertial_msgs/local/lib/python3.10/dist-packages/inertial_msgs/inertial_msgs_s__rosidl_typesupport_fastrtps_c.cpython-310-x86_64-linux-gnu.so
[3.953s] -- Installing: /home/ashy/ROS2-ABAJA-DEV/install/inertial_msgs/local/lib/python3.10/dist-packages/inertial_msgs/libinertial_msgs__rosidl_generator_py.so
[3.953s] -- Installing: /home/ashy/ROS2-ABAJA-DEV/install/inertial_msgs/local/lib/python3.10/dist-packages/inertial_msgs/_inertial_msgs_s.ep.rosidl_typesupport_introspection_c.c
[3.954s] -- Installing: /home/ashy/ROS2-ABAJA-DEV/install/inertial_msgs/local/lib/python3.10/dist-packages/inertial_msgs/__init__.py
[3.954s] -- Installing: /home/ashy/ROS2-ABAJA-DEV/install/inertial_msgs/local/lib/python3.10/dist-packages/inertial_msgs/_inertial_msgs_s.ep.rosidl_typesupport_fastrtps_c.c
[3.954s] -- Installing: /home/ashy/ROS2-ABAJA-DEV/install/inertial_msgs/local/lib/python3.10/dist-packages/inertial_msgs/inertial_msgs_s__rosidl_typesupport_introspection_c.cpython-310-x86_64-linux-gnu.so
[3.954s] -- Installing: /home/ashy/ROS2-ABAJA-DEV/install/inertial_msgs/local/lib/python3.10/dist-packages/inertial_msgs/msg
[3.954s] -- Installing: /home/ashy/ROS2-ABAJA-DEV/install/inertial_msgs/local/lib/python3.10/dist-packages/inertial_msgs/msg/_pose.py
[3.954s] -- Installing: /home/ashy/ROS2-ABAJA-DEV/install/inertial_msgs/local/lib/python3.10/dist-packages/inertial_msgs/msg/__init__.py
[3.954s] -- Installing: /home/ashy/ROS2-ABAJA-DEV/install/inertial_msgs/local/lib/python3.10/dist-packages/inertial_msgs/msg/_pose_s.c
[3.954s] -- Installing: /home/ashy/ROS2-ABAJA-DEV/install/inertial_msgs/local/lib/python3.10/dist-packages/inertial_msgs/_inertial_msgs_s.ep.rosidl_typesupport_c.c
[3.977s] Listing '/home/ashy/ROS2-ABAJA-DEV/install/inertial_msgs/local/lib/python3.10/dist-packages/inertial_msgs'...
[3.977s] Compiling '/home/ashy/ROS2-ABAJA-DEV/install/inertial_msgs/local/lib/python3.10/dist-packages/inertial_msgs/__init__.py'...
[3.977s] Listing '/home/ashy/ROS2-ABAJA-DEV/install/inertial_msgs/local/lib/python3.10/dist-packages/inertial_msgs/msg'...
[3.977s] Compiling '/home/ashy/ROS2-ABAJA-DEV/install/inertial_msgs/local/lib/python3.10/dist-packages/inertial_msgs/msg/__init__.py'...
[3.977s] Compiling '/home/ashy/ROS2-ABAJA-DEV/install/inertial_msgs/local/lib/python3.10/dist-packages/inertial_msgs/msg/_pose.py'...
[3.980s] -- Installing: /home/ashy/ROS2-ABAJA-DEV/install/inertial_msgs/local/lib/python3.10/dist-packages/inertial_msgs/inertial_msgs_s__rosidl_typesupport_fastrtps_c.cpython-310-x86_64-linux-gnu.so
[3.981s] -- Set runtime path of "/home/ashy/ROS2-ABAJA-DEV/install/inertial_msgs/local/lib/python3.10/dist-packages/inertial_msgs/inertial_msgs_s__rosidl_typesupport_fastrtps_c.cpython-310-x86_64-linux-gnu.so" to ""
[3.981s] -- Installing: /home/ashy/ROS2-ABAJA-DEV/install/inertial_msgs/local/lib/python3.10/dist-packages/inertial_msgs/inertial_msgs_s__rosidl_typesupport_introspection_c.cpython-310-x86_64-linux-gnu.so
[3.981s] -- Set runtime path of "/home/ashy/ROS2-ABAJA-DEV/install/inertial_msgs/local/lib/python3.10/dist-packages/inertial_msgs/inertial_msgs_s__rosidl_typesupport_introspection_c.cpython-310-x86_64-linux-gnu.so" to ""
[3.981s] -- Installing: /home/ashy/ROS2-ABAJA-DEV/install/inertial_msgs/local/lib/python3.10/dist-packages/inertial_msgs/inertial_msgs_s__rosidl_typesupport_c.cpython-310-x86_64-linux-gnu.so
[3.982s] -- Set runtime path of "/home/ashy/ROS2-ABAJA-DEV/install/inertial_msgs/local/lib/python3.10/dist-packages/inertial_msgs/inertial_msgs_s__rosidl_typesupport_c.cpython-310-x86_64-linux-gnu.so" to ""
[3.982s] -- Installing: /home/ashy/ROS2-ABAJA-DEV/install/inertial_msgs/lib/libinertial_msgs__rosidl_generator_py.so
[3.982s] -- Set runtime path of "/home/ashy/ROS2-ABAJA-DEV/install/inertial_msgs/lib/libinertial_msgs__rosidl_generator_py.so" to ""
[3.982s] -- Installing: /home/ashy/ROS2-ABAJA-DEV/install/inertial_msgs/share/inertial_msgs/msg/Pose.idl
[3.982s] -- Installing: /home/ashy/ROS2-ABAJA-DEV/install/inertial_msgs/share/inertial_msgs/msg/Pose.msg
[3.982s] -- Installing: /home/ashy/ROS2-ABAJA-DEV/install/inertial_msgs/share/ament_index/resource_index/package_run_dependencies/inertial_msgs
[3.983s] -- Installing: /home/ashy/ROS2-ABAJA-DEV/install/inertial_msgs/share/ament_index/resource_index/parent_prefix_path/inertial_msgs
[3.983s] -- Installing: /home/ashy/ROS2-ABAJA-DEV/install/inertial_msgs/share/inertial_msgs/environment/ament_prefix_path.sh
[3.983s] -- Installing: /home/ashy/ROS2-ABAJA-DEV/install/inertial_msgs/share/inertial_msgs/environment/ament_prefix_path.dsv
[3.983s] -- Installing: /home/ashy/ROS2-ABAJA-DEV/install/inertial_msgs/share/inertial_msgs/environment/path.sh
[3.983s] -- Installing: /home/ashy/ROS2-ABAJA-DEV/install/inertial_msgs/share/inertial_msgs/environment/path.dsv
[3.983s] -- Installing: /home/ashy/ROS2-ABAJA-DEV/install/inertial_msgs/share/inertial_msgs/local_setup.bash
[3.983s] -- Installing: /home/ashy/ROS2-ABAJA-DEV/install/inertial_msgs/share/inertial_msgs/local_setup.sh
[3.983s] -- Installing: /home/ashy/ROS2-ABAJA-DEV/install/inertial_msgs/share/inertial_msgs/local_setup.zsh
[3.984s] -- Installing: /home/ashy/ROS2-ABAJA-DEV/install/inertial_msgs/share/inertial_msgs/local_setup.dsv
[3.984s] -- Installing: /home/ashy/ROS2-ABAJA-DEV/install/inertial_msgs/share/inertial_msgs/package.dsv
[3.984s] -- Installing: /home/ashy/ROS2-ABAJA-DEV/install/inertial_msgs/share/ament_index/resource_index/packages/inertial_msgs
[3.984s] -- Installing: /home/ashy/ROS2-ABAJA-DEV/install/inertial_msgs/share/inertial_msgs/cmake/export_inertial_msgs__rosidl_generator_cExport.cmake
[3.984s] -- Installing: /home/ashy/ROS2-ABAJA-DEV/install/inertial_msgs/share/inertial_msgs/cmake/export_inertial_msgs__rosidl_generator_cExport-noconfig.cmake
[3.984s] -- Installing: /home/ashy/ROS2-ABAJA-DEV/install/inertial_msgs/share/inertial_msgs/cmake/export_inertial_msgs__rosidl_typesupport_fastrtps_cExport.cmake
[3.984s] -- Installing: /home/ashy/ROS2-ABAJA-DEV/install/inertial_msgs/share/inertial_msgs/cmake/export_inertial_msgs__rosidl_typesupport_fastrtps_cExport-noconfig.cmake
[3.984s] -- Installing: /home/ashy/ROS2-ABAJA-DEV/install/inertial_msgs/share/inertial_msgs/cmake/inertial_msgs__rosidl_typesupport_introspection_cExport.cmake
[3.985s] -- Installing: /home/ashy/ROS2-ABAJA-DEV/install/inertial_msgs/share/inertial_msgs/cmake/inertial_msgs__rosidl_typesupport_introspection_cExport-noconfig.cmake
[3.985s] -- Installing: /home/ashy/ROS2-ABAJA-DEV/install/inertial_msgs/share/inertial_msgs/cmake/inertial_msgs__rosidl_typesupport_cExport.cmake
[3.985s] -- Installing: /home/ashy/ROS2-ABAJA-DEV/install/inertial_msgs/share/inertial_msgs/cmake/inertial_msgs__rosidl_typesupport_cExport-noconfig.cmake
[3.985s] -- Installing: /home/ashy/ROS2-ABAJA-DEV/install/inertial_msgs/share/inertial_msgs/cmake/export_inertial_msgs__rosidl_generator_cppExport.cmake
[3.985s] -- Installing: /home/ashy/ROS2-ABAJA-DEV/install/inertial_msgs/share/inertial_msgs/cmake/export_inertial_msgs__rosidl_typesupport_fastrtps_cppExport.cmake
[3.985s] -- Installing: /home/ashy/ROS2-ABAJA-DEV/install/inertial_msgs/share/inertial_msgs/cmake/export_inertial_msgs__rosidl_typesupport_fastrtps_cppExport-noconfig.cmake
[3.985s] -- Installing: /home/ashy/ROS2-ABAJA-DEV/install/inertial_msgs/share/inertial_msgs/cmake/inertial_msgs__rosidl_typesupport_introspection_cppExport.cmake
[3.985s] -- Installing: /home/ashy/ROS2-ABAJA-DEV/install/inertial_msgs/share/inertial_msgs/cmake/inertial_msgs__rosidl_typesupport_introspection_cppExport-noconfig.cmake
[3.986s] -- Installing: /home/ashy/ROS2-ABAJA-DEV/install/inertial_msgs/share/inertial_msgs/cmake/inertial_msgs__rosidl_typesupport_cppExport.cmake
[3.986s] -- Installing: /home/ashy/ROS2-ABAJA-DEV/install/inertial_msgs/share/inertial_msgs/cmake/inertial_msgs__rosidl_typesupport_cppExport-noconfig.cmake
[3.986s] -- Installing: /home/ashy/ROS2-ABAJA-DEV/install/inertial_msgs/share/inertial_msgs/cmake/export_inertial_msgs__rosidl_generator_pyExport.cmake
[3.986s] -- Installing: /home/ashy/ROS2-ABAJA-DEV/install/inertial_msgs/share/inertial_msgs/cmake/export_inertial_msgs__rosidl_generator_pyExport-noconfig.cmake
[3.986s] -- Installing: /home/ashy/ROS2-ABAJA-DEV/install/inertial_msgs/share/inertial_msgs/cmake/rosidl_cmake-extras.cmake
[3.986s] -- Installing: /home/ashy/ROS2-ABAJA-DEV/install/inertial_msgs/share/inertial_msgs/cmake/ament_cmake_export_dependencies-extras.cmake
[3.986s] -- Installing: /home/ashy/ROS2-ABAJA-DEV/install/inertial_msgs/share/inertial_msgs/cmake/ament_cmake_export_include_directories-extras.cmake
[3.986s] -- Installing: /home/ashy/ROS2-ABAJA-DEV/install/inertial_msgs/share/inertial_msgs/cmake/ament_cmake_export_libraries-extras.cmake
[3.987s] -- Installing: /home/ashy/ROS2-ABAJA-DEV/install/inertial_msgs/share/inertial_msgs/cmake/ament_cmake_export_targets-extras.cmake
[3.987s] -- Installing: /home/ashy/ROS2-ABAJA-DEV/install/inertial_msgs/share/inertial_msgs/cmake/rosidl_cmake_export_typesupport_targets-extras.cmake
[3.987s] -- Installing: /home/ashy/ROS2-ABAJA-DEV/install/inertial_msgs/share/inertial_msgs/cmake/rosidl_cmake_export_typesupport_libraries-extras.cmake
[3.987s] -- Installing: /home/ashy/ROS2-ABAJA-DEV/install/inertial_msgs/share/inertial_msgs/cmake/inertial_msgsConfig.cmake
[3.987s] -- Installing: /home/ashy/ROS2-ABAJA-DEV/install/inertial_msgs/share/inertial_msgs/cmake/inertial_msgsConfig-version.cmake
[3.987s] -- Installing: /home/ashy/ROS2-ABAJA-DEV/install/inertial_msgs/share/inertial_msgs/package.xml
[3.989s] Invoked command in '/home/ashy/ROS2-ABAJA-DEV/build/inertial_msgs' returned '0': CMAKE_PREFIX_PATH=/opt/ros/humble /usr/bin/cmake --install /home/ashy/ROS2-ABAJA-DEV/build/inertial_msgs
