[35m[1mConsolidate compiler generated dependencies of target radar_msgs__rosidl_generator_c[0m
[  2%] Built target radar_msgs__cpp
[ 12%] Built target radar_msgs__rosidl_generator_c
[35m[1mConsolidate compiler generated dependencies of target radar_msgs__rosidl_typesupport_cpp[0m
[35m[1mConsolidate compiler generated dependencies of target radar_msgs__rosidl_typesupport_fastrtps_cpp[0m
[35m[1mConsolidate compiler generated dependencies of target radar_msgs__rosidl_typesupport_introspection_cpp[0m
[35m[1mConsolidate compiler generated dependencies of target radar_msgs__rosidl_typesupport_introspection_c[0m
[ 12%] Built target ament_cmake_python_copy_radar_msgs
[35m[1mConsolidate compiler generated dependencies of target radar_msgs__rosidl_typesupport_c[0m
[35m[1mConsolidate compiler generated dependencies of target radar_msgs__rosidl_typesupport_fastrtps_c[0m
[ 23%] Built target radar_msgs__rosidl_typesupport_fastrtps_cpp
[ 33%] Built target radar_msgs__rosidl_typesupport_introspection_cpp
[ 43%] Built target radar_msgs__rosidl_typesupport_cpp
[ 53%] Built target radar_msgs__rosidl_typesupport_introspection_c
[ 64%] Built target radar_msgs__rosidl_typesupport_c
[ 74%] Built target radar_msgs__rosidl_typesupport_fastrtps_c
[ 74%] Built target radar_msgs
[ 76%] Built target radar_msgs__py
[35m[1mConsolidate compiler generated dependencies of target radar_msgs__rosidl_generator_py[0m
[ 84%] Built target radar_msgs__rosidl_generator_py
[35m[1mConsolidate compiler generated dependencies of target radar_msgs__rosidl_typesupport_c__pyext[0m
[35m[1mConsolidate compiler generated dependencies of target radar_msgs__rosidl_typesupport_fastrtps_c__pyext[0m
[35m[1mConsolidate compiler generated dependencies of target radar_msgs__rosidl_typesupport_introspection_c__pyext[0m
[ 89%] Built target radar_msgs__rosidl_typesupport_c__pyext
[100%] Built target radar_msgs__rosidl_typesupport_fastrtps_c__pyext
[100%] Built target radar_msgs__rosidl_typesupport_introspection_c__pyext
running egg_info
writing radar_msgs.egg-info/PKG-INFO
writing dependency_links to radar_msgs.egg-info/dependency_links.txt
writing top-level names to radar_msgs.egg-info/top_level.txt
reading manifest file 'radar_msgs.egg-info/SOURCES.txt'
writing manifest file 'radar_msgs.egg-info/SOURCES.txt'
[100%] Built target ament_cmake_python_build_radar_msgs_egg
-- Install configuration: ""
-- Up-to-date: /home/ashy/abaja_ros2_dev/install/radar_msgs/share/ament_index/resource_index/rosidl_interfaces/radar_msgs
-- Up-to-date: /home/ashy/abaja_ros2_dev/install/radar_msgs/include/radar_msgs/radar_msgs
-- Up-to-date: /home/ashy/abaja_ros2_dev/install/radar_msgs/include/radar_msgs/radar_msgs/msg
-- Up-to-date: /home/ashy/abaja_ros2_dev/install/radar_msgs/include/radar_msgs/radar_msgs/msg/detail
-- Up-to-date: /home/ashy/abaja_ros2_dev/install/radar_msgs/include/radar_msgs/radar_msgs/msg/detail/radar_track_list__struct.h
-- Up-to-date: /home/ashy/abaja_ros2_dev/install/radar_msgs/include/radar_msgs/radar_msgs/msg/detail/radar_track__struct.h
-- Up-to-date: /home/ashy/abaja_ros2_dev/install/radar_msgs/include/radar_msgs/radar_msgs/msg/detail/radar_track_list__functions.h
-- Up-to-date: /home/ashy/abaja_ros2_dev/install/radar_msgs/include/radar_msgs/radar_msgs/msg/detail/radar_track_list__type_support.h
-- Up-to-date: /home/ashy/abaja_ros2_dev/install/radar_msgs/include/radar_msgs/radar_msgs/msg/detail/radar_track__functions.h
-- Up-to-date: /home/ashy/abaja_ros2_dev/install/radar_msgs/include/radar_msgs/radar_msgs/msg/detail/radar_track__functions.c
-- Up-to-date: /home/ashy/abaja_ros2_dev/install/radar_msgs/include/radar_msgs/radar_msgs/msg/detail/radar_track__type_support.h
-- Up-to-date: /home/ashy/abaja_ros2_dev/install/radar_msgs/include/radar_msgs/radar_msgs/msg/detail/radar_track_list__functions.c
-- Up-to-date: /home/ashy/abaja_ros2_dev/install/radar_msgs/include/radar_msgs/radar_msgs/msg/radar_track.h
-- Up-to-date: /home/ashy/abaja_ros2_dev/install/radar_msgs/include/radar_msgs/radar_msgs/msg/rosidl_generator_c__visibility_control.h
-- Up-to-date: /home/ashy/abaja_ros2_dev/install/radar_msgs/include/radar_msgs/radar_msgs/msg/radar_track_list.h
-- Up-to-date: /home/ashy/abaja_ros2_dev/install/radar_msgs/share/radar_msgs/environment/library_path.sh
-- Up-to-date: /home/ashy/abaja_ros2_dev/install/radar_msgs/share/radar_msgs/environment/library_path.dsv
-- Up-to-date: /home/ashy/abaja_ros2_dev/install/radar_msgs/lib/libradar_msgs__rosidl_generator_c.so
-- Up-to-date: /home/ashy/abaja_ros2_dev/install/radar_msgs/include/radar_msgs/radar_msgs
-- Up-to-date: /home/ashy/abaja_ros2_dev/install/radar_msgs/include/radar_msgs/radar_msgs/msg
-- Up-to-date: /home/ashy/abaja_ros2_dev/install/radar_msgs/include/radar_msgs/radar_msgs/msg/detail
-- Up-to-date: /home/ashy/abaja_ros2_dev/install/radar_msgs/include/radar_msgs/radar_msgs/msg/detail/radar_track__rosidl_typesupport_fastrtps_c.h
-- Up-to-date: /home/ashy/abaja_ros2_dev/install/radar_msgs/include/radar_msgs/radar_msgs/msg/detail/radar_track_list__rosidl_typesupport_fastrtps_c.h
-- Up-to-date: /home/ashy/abaja_ros2_dev/install/radar_msgs/include/radar_msgs/radar_msgs/msg/rosidl_typesupport_fastrtps_c__visibility_control.h
-- Up-to-date: /home/ashy/abaja_ros2_dev/install/radar_msgs/lib/libradar_msgs__rosidl_typesupport_fastrtps_c.so
-- Up-to-date: /home/ashy/abaja_ros2_dev/install/radar_msgs/include/radar_msgs/radar_msgs
-- Up-to-date: /home/ashy/abaja_ros2_dev/install/radar_msgs/include/radar_msgs/radar_msgs/msg
-- Up-to-date: /home/ashy/abaja_ros2_dev/install/radar_msgs/include/radar_msgs/radar_msgs/msg/detail
-- Up-to-date: /home/ashy/abaja_ros2_dev/install/radar_msgs/include/radar_msgs/radar_msgs/msg/detail/radar_track__rosidl_typesupport_introspection_c.h
-- Up-to-date: /home/ashy/abaja_ros2_dev/install/radar_msgs/include/radar_msgs/radar_msgs/msg/detail/radar_track__type_support.c
-- Up-to-date: /home/ashy/abaja_ros2_dev/install/radar_msgs/include/radar_msgs/radar_msgs/msg/detail/radar_track_list__rosidl_typesupport_introspection_c.h
-- Up-to-date: /home/ashy/abaja_ros2_dev/install/radar_msgs/include/radar_msgs/radar_msgs/msg/detail/radar_track_list__type_support.c
-- Up-to-date: /home/ashy/abaja_ros2_dev/install/radar_msgs/include/radar_msgs/radar_msgs/msg/rosidl_typesupport_introspection_c__visibility_control.h
-- Up-to-date: /home/ashy/abaja_ros2_dev/install/radar_msgs/lib/libradar_msgs__rosidl_typesupport_introspection_c.so
-- Up-to-date: /home/ashy/abaja_ros2_dev/install/radar_msgs/lib/libradar_msgs__rosidl_typesupport_c.so
-- Up-to-date: /home/ashy/abaja_ros2_dev/install/radar_msgs/include/radar_msgs/radar_msgs
-- Up-to-date: /home/ashy/abaja_ros2_dev/install/radar_msgs/include/radar_msgs/radar_msgs/msg
-- Up-to-date: /home/ashy/abaja_ros2_dev/install/radar_msgs/include/radar_msgs/radar_msgs/msg/rosidl_generator_cpp__visibility_control.hpp
-- Up-to-date: /home/ashy/abaja_ros2_dev/install/radar_msgs/include/radar_msgs/radar_msgs/msg/detail
-- Up-to-date: /home/ashy/abaja_ros2_dev/install/radar_msgs/include/radar_msgs/radar_msgs/msg/detail/radar_track__builder.hpp
-- Up-to-date: /home/ashy/abaja_ros2_dev/install/radar_msgs/include/radar_msgs/radar_msgs/msg/detail/radar_track__type_support.hpp
-- Up-to-date: /home/ashy/abaja_ros2_dev/install/radar_msgs/include/radar_msgs/radar_msgs/msg/detail/radar_track_list__builder.hpp
-- Up-to-date: /home/ashy/abaja_ros2_dev/install/radar_msgs/include/radar_msgs/radar_msgs/msg/detail/radar_track_list__traits.hpp
-- Up-to-date: /home/ashy/abaja_ros2_dev/install/radar_msgs/include/radar_msgs/radar_msgs/msg/detail/radar_track_list__type_support.hpp
-- Up-to-date: /home/ashy/abaja_ros2_dev/install/radar_msgs/include/radar_msgs/radar_msgs/msg/detail/radar_track_list__struct.hpp
-- Up-to-date: /home/ashy/abaja_ros2_dev/install/radar_msgs/include/radar_msgs/radar_msgs/msg/detail/radar_track__traits.hpp
-- Up-to-date: /home/ashy/abaja_ros2_dev/install/radar_msgs/include/radar_msgs/radar_msgs/msg/detail/radar_track__struct.hpp
-- Up-to-date: /home/ashy/abaja_ros2_dev/install/radar_msgs/include/radar_msgs/radar_msgs/msg/radar_track.hpp
-- Up-to-date: /home/ashy/abaja_ros2_dev/install/radar_msgs/include/radar_msgs/radar_msgs/msg/radar_track_list.hpp
-- Up-to-date: /home/ashy/abaja_ros2_dev/install/radar_msgs/include/radar_msgs/radar_msgs
-- Up-to-date: /home/ashy/abaja_ros2_dev/install/radar_msgs/include/radar_msgs/radar_msgs/msg
-- Up-to-date: /home/ashy/abaja_ros2_dev/install/radar_msgs/include/radar_msgs/radar_msgs/msg/detail
-- Up-to-date: /home/ashy/abaja_ros2_dev/install/radar_msgs/include/radar_msgs/radar_msgs/msg/detail/radar_track_list__rosidl_typesupport_fastrtps_cpp.hpp
-- Up-to-date: /home/ashy/abaja_ros2_dev/install/radar_msgs/include/radar_msgs/radar_msgs/msg/detail/dds_fastrtps
-- Up-to-date: /home/ashy/abaja_ros2_dev/install/radar_msgs/include/radar_msgs/radar_msgs/msg/detail/radar_track__rosidl_typesupport_fastrtps_cpp.hpp
-- Up-to-date: /home/ashy/abaja_ros2_dev/install/radar_msgs/include/radar_msgs/radar_msgs/msg/rosidl_typesupport_fastrtps_cpp__visibility_control.h
-- Up-to-date: /home/ashy/abaja_ros2_dev/install/radar_msgs/lib/libradar_msgs__rosidl_typesupport_fastrtps_cpp.so
-- Up-to-date: /home/ashy/abaja_ros2_dev/install/radar_msgs/include/radar_msgs/radar_msgs
-- Up-to-date: /home/ashy/abaja_ros2_dev/install/radar_msgs/include/radar_msgs/radar_msgs/msg
-- Up-to-date: /home/ashy/abaja_ros2_dev/install/radar_msgs/include/radar_msgs/radar_msgs/msg/detail
-- Up-to-date: /home/ashy/abaja_ros2_dev/install/radar_msgs/include/radar_msgs/radar_msgs/msg/detail/radar_track__type_support.cpp
-- Up-to-date: /home/ashy/abaja_ros2_dev/install/radar_msgs/include/radar_msgs/radar_msgs/msg/detail/radar_track_list__type_support.cpp
-- Up-to-date: /home/ashy/abaja_ros2_dev/install/radar_msgs/include/radar_msgs/radar_msgs/msg/detail/radar_track_list__rosidl_typesupport_introspection_cpp.hpp
-- Up-to-date: /home/ashy/abaja_ros2_dev/install/radar_msgs/include/radar_msgs/radar_msgs/msg/detail/radar_track__rosidl_typesupport_introspection_cpp.hpp
-- Up-to-date: /home/ashy/abaja_ros2_dev/install/radar_msgs/lib/libradar_msgs__rosidl_typesupport_introspection_cpp.so
-- Up-to-date: /home/ashy/abaja_ros2_dev/install/radar_msgs/lib/libradar_msgs__rosidl_typesupport_cpp.so
-- Up-to-date: /home/ashy/abaja_ros2_dev/install/radar_msgs/share/radar_msgs/environment/pythonpath.sh
-- Up-to-date: /home/ashy/abaja_ros2_dev/install/radar_msgs/share/radar_msgs/environment/pythonpath.dsv
-- Up-to-date: /home/ashy/abaja_ros2_dev/install/radar_msgs/local/lib/python3.10/dist-packages/radar_msgs-0.0.1-py3.10.egg-info
-- Installing: /home/ashy/abaja_ros2_dev/install/radar_msgs/local/lib/python3.10/dist-packages/radar_msgs-0.0.1-py3.10.egg-info/top_level.txt
-- Installing: /home/ashy/abaja_ros2_dev/install/radar_msgs/local/lib/python3.10/dist-packages/radar_msgs-0.0.1-py3.10.egg-info/PKG-INFO
-- Installing: /home/ashy/abaja_ros2_dev/install/radar_msgs/local/lib/python3.10/dist-packages/radar_msgs-0.0.1-py3.10.egg-info/dependency_links.txt
-- Installing: /home/ashy/abaja_ros2_dev/install/radar_msgs/local/lib/python3.10/dist-packages/radar_msgs-0.0.1-py3.10.egg-info/SOURCES.txt
-- Up-to-date: /home/ashy/abaja_ros2_dev/install/radar_msgs/local/lib/python3.10/dist-packages/radar_msgs
-- Up-to-date: /home/ashy/abaja_ros2_dev/install/radar_msgs/local/lib/python3.10/dist-packages/radar_msgs/__init__.py
-- Up-to-date: /home/ashy/abaja_ros2_dev/install/radar_msgs/local/lib/python3.10/dist-packages/radar_msgs/_radar_msgs_s.ep.rosidl_typesupport_introspection_c.c
-- Up-to-date: /home/ashy/abaja_ros2_dev/install/radar_msgs/local/lib/python3.10/dist-packages/radar_msgs/_radar_msgs_s.ep.rosidl_typesupport_c.c
-- Up-to-date: /home/ashy/abaja_ros2_dev/install/radar_msgs/local/lib/python3.10/dist-packages/radar_msgs/radar_msgs_s__rosidl_typesupport_c.cpython-310-x86_64-linux-gnu.so
-- Up-to-date: /home/ashy/abaja_ros2_dev/install/radar_msgs/local/lib/python3.10/dist-packages/radar_msgs/libradar_msgs__rosidl_generator_py.so
-- Up-to-date: /home/ashy/abaja_ros2_dev/install/radar_msgs/local/lib/python3.10/dist-packages/radar_msgs/_radar_msgs_s.ep.rosidl_typesupport_fastrtps_c.c
-- Up-to-date: /home/ashy/abaja_ros2_dev/install/radar_msgs/local/lib/python3.10/dist-packages/radar_msgs/radar_msgs_s__rosidl_typesupport_introspection_c.cpython-310-x86_64-linux-gnu.so
-- Up-to-date: /home/ashy/abaja_ros2_dev/install/radar_msgs/local/lib/python3.10/dist-packages/radar_msgs/radar_msgs_s__rosidl_typesupport_fastrtps_c.cpython-310-x86_64-linux-gnu.so
-- Up-to-date: /home/ashy/abaja_ros2_dev/install/radar_msgs/local/lib/python3.10/dist-packages/radar_msgs/msg
-- Up-to-date: /home/ashy/abaja_ros2_dev/install/radar_msgs/local/lib/python3.10/dist-packages/radar_msgs/msg/_radar_track.py
-- Up-to-date: /home/ashy/abaja_ros2_dev/install/radar_msgs/local/lib/python3.10/dist-packages/radar_msgs/msg/_radar_track_list.py
-- Up-to-date: /home/ashy/abaja_ros2_dev/install/radar_msgs/local/lib/python3.10/dist-packages/radar_msgs/msg/__init__.py
-- Up-to-date: /home/ashy/abaja_ros2_dev/install/radar_msgs/local/lib/python3.10/dist-packages/radar_msgs/msg/_radar_track_s.c
-- Up-to-date: /home/ashy/abaja_ros2_dev/install/radar_msgs/local/lib/python3.10/dist-packages/radar_msgs/msg/_radar_track_list_s.c
Listing '/home/ashy/abaja_ros2_dev/install/radar_msgs/local/lib/python3.10/dist-packages/radar_msgs'...
Listing '/home/ashy/abaja_ros2_dev/install/radar_msgs/local/lib/python3.10/dist-packages/radar_msgs/msg'...
-- Up-to-date: /home/ashy/abaja_ros2_dev/install/radar_msgs/local/lib/python3.10/dist-packages/radar_msgs/radar_msgs_s__rosidl_typesupport_fastrtps_c.cpython-310-x86_64-linux-gnu.so
-- Up-to-date: /home/ashy/abaja_ros2_dev/install/radar_msgs/local/lib/python3.10/dist-packages/radar_msgs/radar_msgs_s__rosidl_typesupport_introspection_c.cpython-310-x86_64-linux-gnu.so
-- Up-to-date: /home/ashy/abaja_ros2_dev/install/radar_msgs/local/lib/python3.10/dist-packages/radar_msgs/radar_msgs_s__rosidl_typesupport_c.cpython-310-x86_64-linux-gnu.so
-- Up-to-date: /home/ashy/abaja_ros2_dev/install/radar_msgs/lib/libradar_msgs__rosidl_generator_py.so
-- Up-to-date: /home/ashy/abaja_ros2_dev/install/radar_msgs/share/radar_msgs/msg/RadarTrack.idl
-- Up-to-date: /home/ashy/abaja_ros2_dev/install/radar_msgs/share/radar_msgs/msg/RadarTrackList.idl
-- Up-to-date: /home/ashy/abaja_ros2_dev/install/radar_msgs/share/radar_msgs/msg/RadarTrack.msg
-- Up-to-date: /home/ashy/abaja_ros2_dev/install/radar_msgs/share/radar_msgs/msg/RadarTrackList.msg
-- Up-to-date: /home/ashy/abaja_ros2_dev/install/radar_msgs/share/ament_index/resource_index/package_run_dependencies/radar_msgs
-- Up-to-date: /home/ashy/abaja_ros2_dev/install/radar_msgs/share/ament_index/resource_index/parent_prefix_path/radar_msgs
-- Up-to-date: /home/ashy/abaja_ros2_dev/install/radar_msgs/share/radar_msgs/environment/ament_prefix_path.sh
-- Up-to-date: /home/ashy/abaja_ros2_dev/install/radar_msgs/share/radar_msgs/environment/ament_prefix_path.dsv
-- Up-to-date: /home/ashy/abaja_ros2_dev/install/radar_msgs/share/radar_msgs/environment/path.sh
-- Up-to-date: /home/ashy/abaja_ros2_dev/install/radar_msgs/share/radar_msgs/environment/path.dsv
-- Up-to-date: /home/ashy/abaja_ros2_dev/install/radar_msgs/share/radar_msgs/local_setup.bash
-- Up-to-date: /home/ashy/abaja_ros2_dev/install/radar_msgs/share/radar_msgs/local_setup.sh
-- Up-to-date: /home/ashy/abaja_ros2_dev/install/radar_msgs/share/radar_msgs/local_setup.zsh
-- Up-to-date: /home/ashy/abaja_ros2_dev/install/radar_msgs/share/radar_msgs/local_setup.dsv
-- Installing: /home/ashy/abaja_ros2_dev/install/radar_msgs/share/radar_msgs/package.dsv
-- Up-to-date: /home/ashy/abaja_ros2_dev/install/radar_msgs/share/ament_index/resource_index/packages/radar_msgs
-- Up-to-date: /home/ashy/abaja_ros2_dev/install/radar_msgs/share/radar_msgs/cmake/export_radar_msgs__rosidl_generator_cExport.cmake
-- Up-to-date: /home/ashy/abaja_ros2_dev/install/radar_msgs/share/radar_msgs/cmake/export_radar_msgs__rosidl_generator_cExport-noconfig.cmake
-- Up-to-date: /home/ashy/abaja_ros2_dev/install/radar_msgs/share/radar_msgs/cmake/export_radar_msgs__rosidl_typesupport_fastrtps_cExport.cmake
-- Up-to-date: /home/ashy/abaja_ros2_dev/install/radar_msgs/share/radar_msgs/cmake/export_radar_msgs__rosidl_typesupport_fastrtps_cExport-noconfig.cmake
-- Up-to-date: /home/ashy/abaja_ros2_dev/install/radar_msgs/share/radar_msgs/cmake/radar_msgs__rosidl_typesupport_introspection_cExport.cmake
-- Up-to-date: /home/ashy/abaja_ros2_dev/install/radar_msgs/share/radar_msgs/cmake/radar_msgs__rosidl_typesupport_introspection_cExport-noconfig.cmake
-- Up-to-date: /home/ashy/abaja_ros2_dev/install/radar_msgs/share/radar_msgs/cmake/radar_msgs__rosidl_typesupport_cExport.cmake
-- Up-to-date: /home/ashy/abaja_ros2_dev/install/radar_msgs/share/radar_msgs/cmake/radar_msgs__rosidl_typesupport_cExport-noconfig.cmake
-- Up-to-date: /home/ashy/abaja_ros2_dev/install/radar_msgs/share/radar_msgs/cmake/export_radar_msgs__rosidl_generator_cppExport.cmake
-- Up-to-date: /home/ashy/abaja_ros2_dev/install/radar_msgs/share/radar_msgs/cmake/export_radar_msgs__rosidl_typesupport_fastrtps_cppExport.cmake
-- Up-to-date: /home/ashy/abaja_ros2_dev/install/radar_msgs/share/radar_msgs/cmake/export_radar_msgs__rosidl_typesupport_fastrtps_cppExport-noconfig.cmake
-- Up-to-date: /home/ashy/abaja_ros2_dev/install/radar_msgs/share/radar_msgs/cmake/radar_msgs__rosidl_typesupport_introspection_cppExport.cmake
-- Up-to-date: /home/ashy/abaja_ros2_dev/install/radar_msgs/share/radar_msgs/cmake/radar_msgs__rosidl_typesupport_introspection_cppExport-noconfig.cmake
-- Up-to-date: /home/ashy/abaja_ros2_dev/install/radar_msgs/share/radar_msgs/cmake/radar_msgs__rosidl_typesupport_cppExport.cmake
-- Up-to-date: /home/ashy/abaja_ros2_dev/install/radar_msgs/share/radar_msgs/cmake/radar_msgs__rosidl_typesupport_cppExport-noconfig.cmake
-- Up-to-date: /home/ashy/abaja_ros2_dev/install/radar_msgs/share/radar_msgs/cmake/export_radar_msgs__rosidl_generator_pyExport.cmake
-- Up-to-date: /home/ashy/abaja_ros2_dev/install/radar_msgs/share/radar_msgs/cmake/export_radar_msgs__rosidl_generator_pyExport-noconfig.cmake
-- Up-to-date: /home/ashy/abaja_ros2_dev/install/radar_msgs/share/radar_msgs/cmake/rosidl_cmake-extras.cmake
-- Up-to-date: /home/ashy/abaja_ros2_dev/install/radar_msgs/share/radar_msgs/cmake/ament_cmake_export_dependencies-extras.cmake
-- Up-to-date: /home/ashy/abaja_ros2_dev/install/radar_msgs/share/radar_msgs/cmake/ament_cmake_export_include_directories-extras.cmake
-- Up-to-date: /home/ashy/abaja_ros2_dev/install/radar_msgs/share/radar_msgs/cmake/ament_cmake_export_libraries-extras.cmake
-- Up-to-date: /home/ashy/abaja_ros2_dev/install/radar_msgs/share/radar_msgs/cmake/ament_cmake_export_targets-extras.cmake
-- Up-to-date: /home/ashy/abaja_ros2_dev/install/radar_msgs/share/radar_msgs/cmake/rosidl_cmake_export_typesupport_targets-extras.cmake
-- Up-to-date: /home/ashy/abaja_ros2_dev/install/radar_msgs/share/radar_msgs/cmake/rosidl_cmake_export_typesupport_libraries-extras.cmake
-- Up-to-date: /home/ashy/abaja_ros2_dev/install/radar_msgs/share/radar_msgs/cmake/radar_msgsConfig.cmake
-- Up-to-date: /home/ashy/abaja_ros2_dev/install/radar_msgs/share/radar_msgs/cmake/radar_msgsConfig-version.cmake
-- Up-to-date: /home/ashy/abaja_ros2_dev/install/radar_msgs/share/radar_msgs/package.xml
