[0.041s] Invoking command in '/home/ashy/abaja_ros2_dev/build/radar_msgs': CMAKE_PREFIX_PATH=/opt/ros/humble /usr/bin/cmake --build /home/ashy/abaja_ros2_dev/build/radar_msgs -- -j16 -l16
[0.109s] [35m[1mConsolidate compiler generated dependencies of target radar_msgs__rosidl_generator_c[0m
[0.127s] [  2%] Built target radar_msgs__cpp
[0.132s] [ 12%] Built target radar_msgs__rosidl_generator_c
[0.155s] [35m[1mConsolidate compiler generated dependencies of target radar_msgs__rosidl_typesupport_cpp[0m
[0.155s] [35m[1mConsolidate compiler generated dependencies of target radar_msgs__rosidl_typesupport_fastrtps_cpp[0m
[0.155s] [35m[1mConsolidate compiler generated dependencies of target radar_msgs__rosidl_typesupport_introspection_cpp[0m
[0.184s] [35m[1mConsolidate compiler generated dependencies of target radar_msgs__rosidl_typesupport_introspection_c[0m
[0.185s] [ 12%] Built target ament_cmake_python_copy_radar_msgs
[0.185s] [35m[1mConsolidate compiler generated dependencies of target radar_msgs__rosidl_typesupport_c[0m
[0.193s] [35m[1mConsolidate compiler generated dependencies of target radar_msgs__rosidl_typesupport_fastrtps_c[0m
[0.195s] [ 23%] Built target radar_msgs__rosidl_typesupport_fastrtps_cpp
[0.203s] [ 33%] Built target radar_msgs__rosidl_typesupport_introspection_cpp
[0.215s] [ 43%] Built target radar_msgs__rosidl_typesupport_cpp
[0.222s] [ 53%] Built target radar_msgs__rosidl_typesupport_introspection_c
[0.226s] [ 64%] Built target radar_msgs__rosidl_typesupport_c
[0.234s] [ 74%] Built target radar_msgs__rosidl_typesupport_fastrtps_c
[0.279s] [ 74%] Built target radar_msgs
[0.321s] [ 76%] Built target radar_msgs__py
[0.342s] [35m[1mConsolidate compiler generated dependencies of target radar_msgs__rosidl_generator_py[0m
[0.369s] [ 84%] Built target radar_msgs__rosidl_generator_py
[0.388s] [35m[1mConsolidate compiler generated dependencies of target radar_msgs__rosidl_typesupport_c__pyext[0m
[0.388s] [35m[1mConsolidate compiler generated dependencies of target radar_msgs__rosidl_typesupport_fastrtps_c__pyext[0m
[0.388s] [35m[1mConsolidate compiler generated dependencies of target radar_msgs__rosidl_typesupport_introspection_c__pyext[0m
[0.408s] [ 89%] Built target radar_msgs__rosidl_typesupport_c__pyext
[0.409s] [100%] Built target radar_msgs__rosidl_typesupport_fastrtps_c__pyext
[0.409s] [100%] Built target radar_msgs__rosidl_typesupport_introspection_c__pyext
[0.520s] running egg_info
[0.539s] writing radar_msgs.egg-info/PKG-INFO
[0.540s] writing dependency_links to radar_msgs.egg-info/dependency_links.txt
[0.540s] writing top-level names to radar_msgs.egg-info/top_level.txt
[0.595s] reading manifest file 'radar_msgs.egg-info/SOURCES.txt'
[0.596s] writing manifest file 'radar_msgs.egg-info/SOURCES.txt'
[0.630s] [100%] Built target ament_cmake_python_build_radar_msgs_egg
[0.650s] Invoked command in '/home/ashy/abaja_ros2_dev/build/radar_msgs' returned '0': CMAKE_PREFIX_PATH=/opt/ros/humble /usr/bin/cmake --build /home/ashy/abaja_ros2_dev/build/radar_msgs -- -j16 -l16
[0.651s] Invoking command in '/home/ashy/abaja_ros2_dev/build/radar_msgs': CMAKE_PREFIX_PATH=/opt/ros/humble /usr/bin/cmake --install /home/ashy/abaja_ros2_dev/build/radar_msgs
[0.654s] -- Install configuration: ""
[0.655s] -- Up-to-date: /home/ashy/abaja_ros2_dev/install/radar_msgs/share/ament_index/resource_index/rosidl_interfaces/radar_msgs
[0.655s] -- Up-to-date: /home/ashy/abaja_ros2_dev/install/radar_msgs/include/radar_msgs/radar_msgs
[0.655s] -- Up-to-date: /home/ashy/abaja_ros2_dev/install/radar_msgs/include/radar_msgs/radar_msgs/msg
[0.655s] -- Up-to-date: /home/ashy/abaja_ros2_dev/install/radar_msgs/include/radar_msgs/radar_msgs/msg/detail
[0.655s] -- Up-to-date: /home/ashy/abaja_ros2_dev/install/radar_msgs/include/radar_msgs/radar_msgs/msg/detail/radar_track_list__struct.h
[0.655s] -- Up-to-date: /home/ashy/abaja_ros2_dev/install/radar_msgs/include/radar_msgs/radar_msgs/msg/detail/radar_track__struct.h
[0.655s] -- Up-to-date: /home/ashy/abaja_ros2_dev/install/radar_msgs/include/radar_msgs/radar_msgs/msg/detail/radar_track_list__functions.h
[0.655s] -- Up-to-date: /home/ashy/abaja_ros2_dev/install/radar_msgs/include/radar_msgs/radar_msgs/msg/detail/radar_track_list__type_support.h
[0.655s] -- Up-to-date: /home/ashy/abaja_ros2_dev/install/radar_msgs/include/radar_msgs/radar_msgs/msg/detail/radar_track__functions.h
[0.655s] -- Up-to-date: /home/ashy/abaja_ros2_dev/install/radar_msgs/include/radar_msgs/radar_msgs/msg/detail/radar_track__functions.c
[0.655s] -- Up-to-date: /home/ashy/abaja_ros2_dev/install/radar_msgs/include/radar_msgs/radar_msgs/msg/detail/radar_track__type_support.h
[0.655s] -- Up-to-date: /home/ashy/abaja_ros2_dev/install/radar_msgs/include/radar_msgs/radar_msgs/msg/detail/radar_track_list__functions.c
[0.655s] -- Up-to-date: /home/ashy/abaja_ros2_dev/install/radar_msgs/include/radar_msgs/radar_msgs/msg/radar_track.h
[0.656s] -- Up-to-date: /home/ashy/abaja_ros2_dev/install/radar_msgs/include/radar_msgs/radar_msgs/msg/rosidl_generator_c__visibility_control.h
[0.656s] -- Up-to-date: /home/ashy/abaja_ros2_dev/install/radar_msgs/include/radar_msgs/radar_msgs/msg/radar_track_list.h
[0.656s] -- Up-to-date: /home/ashy/abaja_ros2_dev/install/radar_msgs/share/radar_msgs/environment/library_path.sh
[0.656s] -- Up-to-date: /home/ashy/abaja_ros2_dev/install/radar_msgs/share/radar_msgs/environment/library_path.dsv
[0.656s] -- Up-to-date: /home/ashy/abaja_ros2_dev/install/radar_msgs/lib/libradar_msgs__rosidl_generator_c.so
[0.656s] -- Up-to-date: /home/ashy/abaja_ros2_dev/install/radar_msgs/include/radar_msgs/radar_msgs
[0.656s] -- Up-to-date: /home/ashy/abaja_ros2_dev/install/radar_msgs/include/radar_msgs/radar_msgs/msg
[0.656s] -- Up-to-date: /home/ashy/abaja_ros2_dev/install/radar_msgs/include/radar_msgs/radar_msgs/msg/detail
[0.656s] -- Up-to-date: /home/ashy/abaja_ros2_dev/install/radar_msgs/include/radar_msgs/radar_msgs/msg/detail/radar_track__rosidl_typesupport_fastrtps_c.h
[0.656s] -- Up-to-date: /home/ashy/abaja_ros2_dev/install/radar_msgs/include/radar_msgs/radar_msgs/msg/detail/radar_track_list__rosidl_typesupport_fastrtps_c.h
[0.656s] -- Up-to-date: /home/ashy/abaja_ros2_dev/install/radar_msgs/include/radar_msgs/radar_msgs/msg/rosidl_typesupport_fastrtps_c__visibility_control.h
[0.656s] -- Up-to-date: /home/ashy/abaja_ros2_dev/install/radar_msgs/lib/libradar_msgs__rosidl_typesupport_fastrtps_c.so
[0.657s] -- Up-to-date: /home/ashy/abaja_ros2_dev/install/radar_msgs/include/radar_msgs/radar_msgs
[0.657s] -- Up-to-date: /home/ashy/abaja_ros2_dev/install/radar_msgs/include/radar_msgs/radar_msgs/msg
[0.657s] -- Up-to-date: /home/ashy/abaja_ros2_dev/install/radar_msgs/include/radar_msgs/radar_msgs/msg/detail
[0.657s] -- Up-to-date: /home/ashy/abaja_ros2_dev/install/radar_msgs/include/radar_msgs/radar_msgs/msg/detail/radar_track__rosidl_typesupport_introspection_c.h
[0.657s] -- Up-to-date: /home/ashy/abaja_ros2_dev/install/radar_msgs/include/radar_msgs/radar_msgs/msg/detail/radar_track__type_support.c
[0.657s] -- Up-to-date: /home/ashy/abaja_ros2_dev/install/radar_msgs/include/radar_msgs/radar_msgs/msg/detail/radar_track_list__rosidl_typesupport_introspection_c.h
[0.657s] -- Up-to-date: /home/ashy/abaja_ros2_dev/install/radar_msgs/include/radar_msgs/radar_msgs/msg/detail/radar_track_list__type_support.c
[0.657s] -- Up-to-date: /home/ashy/abaja_ros2_dev/install/radar_msgs/include/radar_msgs/radar_msgs/msg/rosidl_typesupport_introspection_c__visibility_control.h
[0.657s] -- Up-to-date: /home/ashy/abaja_ros2_dev/install/radar_msgs/lib/libradar_msgs__rosidl_typesupport_introspection_c.so
[0.657s] -- Up-to-date: /home/ashy/abaja_ros2_dev/install/radar_msgs/lib/libradar_msgs__rosidl_typesupport_c.so
[0.658s] -- Up-to-date: /home/ashy/abaja_ros2_dev/install/radar_msgs/include/radar_msgs/radar_msgs
[0.658s] -- Up-to-date: /home/ashy/abaja_ros2_dev/install/radar_msgs/include/radar_msgs/radar_msgs/msg
[0.658s] -- Up-to-date: /home/ashy/abaja_ros2_dev/install/radar_msgs/include/radar_msgs/radar_msgs/msg/rosidl_generator_cpp__visibility_control.hpp
[0.658s] -- Up-to-date: /home/ashy/abaja_ros2_dev/install/radar_msgs/include/radar_msgs/radar_msgs/msg/detail
[0.658s] -- Up-to-date: /home/ashy/abaja_ros2_dev/install/radar_msgs/include/radar_msgs/radar_msgs/msg/detail/radar_track__builder.hpp
[0.658s] -- Up-to-date: /home/ashy/abaja_ros2_dev/install/radar_msgs/include/radar_msgs/radar_msgs/msg/detail/radar_track__type_support.hpp
[0.658s] -- Up-to-date: /home/ashy/abaja_ros2_dev/install/radar_msgs/include/radar_msgs/radar_msgs/msg/detail/radar_track_list__builder.hpp
[0.658s] -- Up-to-date: /home/ashy/abaja_ros2_dev/install/radar_msgs/include/radar_msgs/radar_msgs/msg/detail/radar_track_list__traits.hpp
[0.658s] -- Up-to-date: /home/ashy/abaja_ros2_dev/install/radar_msgs/include/radar_msgs/radar_msgs/msg/detail/radar_track_list__type_support.hpp
[0.658s] -- Up-to-date: /home/ashy/abaja_ros2_dev/install/radar_msgs/include/radar_msgs/radar_msgs/msg/detail/radar_track_list__struct.hpp
[0.658s] -- Up-to-date: /home/ashy/abaja_ros2_dev/install/radar_msgs/include/radar_msgs/radar_msgs/msg/detail/radar_track__traits.hpp
[0.658s] -- Up-to-date: /home/ashy/abaja_ros2_dev/install/radar_msgs/include/radar_msgs/radar_msgs/msg/detail/radar_track__struct.hpp
[0.658s] -- Up-to-date: /home/ashy/abaja_ros2_dev/install/radar_msgs/include/radar_msgs/radar_msgs/msg/radar_track.hpp
[0.658s] -- Up-to-date: /home/ashy/abaja_ros2_dev/install/radar_msgs/include/radar_msgs/radar_msgs/msg/radar_track_list.hpp
[0.658s] -- Up-to-date: /home/ashy/abaja_ros2_dev/install/radar_msgs/include/radar_msgs/radar_msgs
[0.658s] -- Up-to-date: /home/ashy/abaja_ros2_dev/install/radar_msgs/include/radar_msgs/radar_msgs/msg
[0.659s] -- Up-to-date: /home/ashy/abaja_ros2_dev/install/radar_msgs/include/radar_msgs/radar_msgs/msg/detail
[0.659s] -- Up-to-date: /home/ashy/abaja_ros2_dev/install/radar_msgs/include/radar_msgs/radar_msgs/msg/detail/radar_track_list__rosidl_typesupport_fastrtps_cpp.hpp
[0.659s] -- Up-to-date: /home/ashy/abaja_ros2_dev/install/radar_msgs/include/radar_msgs/radar_msgs/msg/detail/dds_fastrtps
[0.659s] -- Up-to-date: /home/ashy/abaja_ros2_dev/install/radar_msgs/include/radar_msgs/radar_msgs/msg/detail/radar_track__rosidl_typesupport_fastrtps_cpp.hpp
[0.659s] -- Up-to-date: /home/ashy/abaja_ros2_dev/install/radar_msgs/include/radar_msgs/radar_msgs/msg/rosidl_typesupport_fastrtps_cpp__visibility_control.h
[0.659s] -- Up-to-date: /home/ashy/abaja_ros2_dev/install/radar_msgs/lib/libradar_msgs__rosidl_typesupport_fastrtps_cpp.so
[0.659s] -- Up-to-date: /home/ashy/abaja_ros2_dev/install/radar_msgs/include/radar_msgs/radar_msgs
[0.659s] -- Up-to-date: /home/ashy/abaja_ros2_dev/install/radar_msgs/include/radar_msgs/radar_msgs/msg
[0.659s] -- Up-to-date: /home/ashy/abaja_ros2_dev/install/radar_msgs/include/radar_msgs/radar_msgs/msg/detail
[0.659s] -- Up-to-date: /home/ashy/abaja_ros2_dev/install/radar_msgs/include/radar_msgs/radar_msgs/msg/detail/radar_track__type_support.cpp
[0.659s] -- Up-to-date: /home/ashy/abaja_ros2_dev/install/radar_msgs/include/radar_msgs/radar_msgs/msg/detail/radar_track_list__type_support.cpp
[0.659s] -- Up-to-date: /home/ashy/abaja_ros2_dev/install/radar_msgs/include/radar_msgs/radar_msgs/msg/detail/radar_track_list__rosidl_typesupport_introspection_cpp.hpp
[0.659s] -- Up-to-date: /home/ashy/abaja_ros2_dev/install/radar_msgs/include/radar_msgs/radar_msgs/msg/detail/radar_track__rosidl_typesupport_introspection_cpp.hpp
[0.659s] -- Up-to-date: /home/ashy/abaja_ros2_dev/install/radar_msgs/lib/libradar_msgs__rosidl_typesupport_introspection_cpp.so
[0.659s] -- Up-to-date: /home/ashy/abaja_ros2_dev/install/radar_msgs/lib/libradar_msgs__rosidl_typesupport_cpp.so
[0.659s] -- Up-to-date: /home/ashy/abaja_ros2_dev/install/radar_msgs/share/radar_msgs/environment/pythonpath.sh
[0.659s] -- Up-to-date: /home/ashy/abaja_ros2_dev/install/radar_msgs/share/radar_msgs/environment/pythonpath.dsv
[0.659s] -- Up-to-date: /home/ashy/abaja_ros2_dev/install/radar_msgs/local/lib/python3.10/dist-packages/radar_msgs-0.0.1-py3.10.egg-info
[0.659s] -- Installing: /home/ashy/abaja_ros2_dev/install/radar_msgs/local/lib/python3.10/dist-packages/radar_msgs-0.0.1-py3.10.egg-info/top_level.txt
[0.659s] -- Installing: /home/ashy/abaja_ros2_dev/install/radar_msgs/local/lib/python3.10/dist-packages/radar_msgs-0.0.1-py3.10.egg-info/PKG-INFO
[0.659s] -- Installing: /home/ashy/abaja_ros2_dev/install/radar_msgs/local/lib/python3.10/dist-packages/radar_msgs-0.0.1-py3.10.egg-info/dependency_links.txt
[0.659s] -- Installing: /home/ashy/abaja_ros2_dev/install/radar_msgs/local/lib/python3.10/dist-packages/radar_msgs-0.0.1-py3.10.egg-info/SOURCES.txt
[0.659s] -- Up-to-date: /home/ashy/abaja_ros2_dev/install/radar_msgs/local/lib/python3.10/dist-packages/radar_msgs
[0.659s] -- Up-to-date: /home/ashy/abaja_ros2_dev/install/radar_msgs/local/lib/python3.10/dist-packages/radar_msgs/__init__.py
[0.660s] -- Up-to-date: /home/ashy/abaja_ros2_dev/install/radar_msgs/local/lib/python3.10/dist-packages/radar_msgs/_radar_msgs_s.ep.rosidl_typesupport_introspection_c.c
[0.660s] -- Up-to-date: /home/ashy/abaja_ros2_dev/install/radar_msgs/local/lib/python3.10/dist-packages/radar_msgs/_radar_msgs_s.ep.rosidl_typesupport_c.c
[0.660s] -- Up-to-date: /home/ashy/abaja_ros2_dev/install/radar_msgs/local/lib/python3.10/dist-packages/radar_msgs/radar_msgs_s__rosidl_typesupport_c.cpython-310-x86_64-linux-gnu.so
[0.660s] -- Up-to-date: /home/ashy/abaja_ros2_dev/install/radar_msgs/local/lib/python3.10/dist-packages/radar_msgs/libradar_msgs__rosidl_generator_py.so
[0.660s] -- Up-to-date: /home/ashy/abaja_ros2_dev/install/radar_msgs/local/lib/python3.10/dist-packages/radar_msgs/_radar_msgs_s.ep.rosidl_typesupport_fastrtps_c.c
[0.660s] -- Up-to-date: /home/ashy/abaja_ros2_dev/install/radar_msgs/local/lib/python3.10/dist-packages/radar_msgs/radar_msgs_s__rosidl_typesupport_introspection_c.cpython-310-x86_64-linux-gnu.so
[0.660s] -- Up-to-date: /home/ashy/abaja_ros2_dev/install/radar_msgs/local/lib/python3.10/dist-packages/radar_msgs/radar_msgs_s__rosidl_typesupport_fastrtps_c.cpython-310-x86_64-linux-gnu.so
[0.660s] -- Up-to-date: /home/ashy/abaja_ros2_dev/install/radar_msgs/local/lib/python3.10/dist-packages/radar_msgs/msg
[0.660s] -- Up-to-date: /home/ashy/abaja_ros2_dev/install/radar_msgs/local/lib/python3.10/dist-packages/radar_msgs/msg/_radar_track.py
[0.660s] -- Up-to-date: /home/ashy/abaja_ros2_dev/install/radar_msgs/local/lib/python3.10/dist-packages/radar_msgs/msg/_radar_track_list.py
[0.660s] -- Up-to-date: /home/ashy/abaja_ros2_dev/install/radar_msgs/local/lib/python3.10/dist-packages/radar_msgs/msg/__init__.py
[0.660s] -- Up-to-date: /home/ashy/abaja_ros2_dev/install/radar_msgs/local/lib/python3.10/dist-packages/radar_msgs/msg/_radar_track_s.c
[0.660s] -- Up-to-date: /home/ashy/abaja_ros2_dev/install/radar_msgs/local/lib/python3.10/dist-packages/radar_msgs/msg/_radar_track_list_s.c
[0.686s] Listing '/home/ashy/abaja_ros2_dev/install/radar_msgs/local/lib/python3.10/dist-packages/radar_msgs'...
[0.686s] Listing '/home/ashy/abaja_ros2_dev/install/radar_msgs/local/lib/python3.10/dist-packages/radar_msgs/msg'...
[0.694s] -- Up-to-date: /home/ashy/abaja_ros2_dev/install/radar_msgs/local/lib/python3.10/dist-packages/radar_msgs/radar_msgs_s__rosidl_typesupport_fastrtps_c.cpython-310-x86_64-linux-gnu.so
[0.694s] -- Up-to-date: /home/ashy/abaja_ros2_dev/install/radar_msgs/local/lib/python3.10/dist-packages/radar_msgs/radar_msgs_s__rosidl_typesupport_introspection_c.cpython-310-x86_64-linux-gnu.so
[0.698s] -- Up-to-date: /home/ashy/abaja_ros2_dev/install/radar_msgs/local/lib/python3.10/dist-packages/radar_msgs/radar_msgs_s__rosidl_typesupport_c.cpython-310-x86_64-linux-gnu.so
[0.698s] -- Up-to-date: /home/ashy/abaja_ros2_dev/install/radar_msgs/lib/libradar_msgs__rosidl_generator_py.so
[0.698s] -- Up-to-date: /home/ashy/abaja_ros2_dev/install/radar_msgs/share/radar_msgs/msg/RadarTrack.idl
[0.698s] -- Up-to-date: /home/ashy/abaja_ros2_dev/install/radar_msgs/share/radar_msgs/msg/RadarTrackList.idl
[0.698s] -- Up-to-date: /home/ashy/abaja_ros2_dev/install/radar_msgs/share/radar_msgs/msg/RadarTrack.msg
[0.699s] -- Up-to-date: /home/ashy/abaja_ros2_dev/install/radar_msgs/share/radar_msgs/msg/RadarTrackList.msg
[0.699s] -- Up-to-date: /home/ashy/abaja_ros2_dev/install/radar_msgs/share/ament_index/resource_index/package_run_dependencies/radar_msgs
[0.699s] -- Up-to-date: /home/ashy/abaja_ros2_dev/install/radar_msgs/share/ament_index/resource_index/parent_prefix_path/radar_msgs
[0.700s] -- Up-to-date: /home/ashy/abaja_ros2_dev/install/radar_msgs/share/radar_msgs/environment/ament_prefix_path.sh
[0.700s] -- Up-to-date: /home/ashy/abaja_ros2_dev/install/radar_msgs/share/radar_msgs/environment/ament_prefix_path.dsv
[0.700s] -- Up-to-date: /home/ashy/abaja_ros2_dev/install/radar_msgs/share/radar_msgs/environment/path.sh
[0.700s] -- Up-to-date: /home/ashy/abaja_ros2_dev/install/radar_msgs/share/radar_msgs/environment/path.dsv
[0.700s] -- Up-to-date: /home/ashy/abaja_ros2_dev/install/radar_msgs/share/radar_msgs/local_setup.bash
[0.700s] -- Up-to-date: /home/ashy/abaja_ros2_dev/install/radar_msgs/share/radar_msgs/local_setup.sh
[0.700s] -- Up-to-date: /home/ashy/abaja_ros2_dev/install/radar_msgs/share/radar_msgs/local_setup.zsh
[0.700s] -- Up-to-date: /home/ashy/abaja_ros2_dev/install/radar_msgs/share/radar_msgs/local_setup.dsv
[0.700s] -- Installing: /home/ashy/abaja_ros2_dev/install/radar_msgs/share/radar_msgs/package.dsv
[0.700s] -- Up-to-date: /home/ashy/abaja_ros2_dev/install/radar_msgs/share/ament_index/resource_index/packages/radar_msgs
[0.700s] -- Up-to-date: /home/ashy/abaja_ros2_dev/install/radar_msgs/share/radar_msgs/cmake/export_radar_msgs__rosidl_generator_cExport.cmake
[0.700s] -- Up-to-date: /home/ashy/abaja_ros2_dev/install/radar_msgs/share/radar_msgs/cmake/export_radar_msgs__rosidl_generator_cExport-noconfig.cmake
[0.700s] -- Up-to-date: /home/ashy/abaja_ros2_dev/install/radar_msgs/share/radar_msgs/cmake/export_radar_msgs__rosidl_typesupport_fastrtps_cExport.cmake
[0.700s] -- Up-to-date: /home/ashy/abaja_ros2_dev/install/radar_msgs/share/radar_msgs/cmake/export_radar_msgs__rosidl_typesupport_fastrtps_cExport-noconfig.cmake
[0.700s] -- Up-to-date: /home/ashy/abaja_ros2_dev/install/radar_msgs/share/radar_msgs/cmake/radar_msgs__rosidl_typesupport_introspection_cExport.cmake
[0.700s] -- Up-to-date: /home/ashy/abaja_ros2_dev/install/radar_msgs/share/radar_msgs/cmake/radar_msgs__rosidl_typesupport_introspection_cExport-noconfig.cmake
[0.700s] -- Up-to-date: /home/ashy/abaja_ros2_dev/install/radar_msgs/share/radar_msgs/cmake/radar_msgs__rosidl_typesupport_cExport.cmake
[0.701s] -- Up-to-date: /home/ashy/abaja_ros2_dev/install/radar_msgs/share/radar_msgs/cmake/radar_msgs__rosidl_typesupport_cExport-noconfig.cmake
[0.701s] -- Up-to-date: /home/ashy/abaja_ros2_dev/install/radar_msgs/share/radar_msgs/cmake/export_radar_msgs__rosidl_generator_cppExport.cmake
[0.701s] -- Up-to-date: /home/ashy/abaja_ros2_dev/install/radar_msgs/share/radar_msgs/cmake/export_radar_msgs__rosidl_typesupport_fastrtps_cppExport.cmake
[0.701s] -- Up-to-date: /home/ashy/abaja_ros2_dev/install/radar_msgs/share/radar_msgs/cmake/export_radar_msgs__rosidl_typesupport_fastrtps_cppExport-noconfig.cmake
[0.701s] -- Up-to-date: /home/ashy/abaja_ros2_dev/install/radar_msgs/share/radar_msgs/cmake/radar_msgs__rosidl_typesupport_introspection_cppExport.cmake
[0.701s] -- Up-to-date: /home/ashy/abaja_ros2_dev/install/radar_msgs/share/radar_msgs/cmake/radar_msgs__rosidl_typesupport_introspection_cppExport-noconfig.cmake
[0.701s] -- Up-to-date: /home/ashy/abaja_ros2_dev/install/radar_msgs/share/radar_msgs/cmake/radar_msgs__rosidl_typesupport_cppExport.cmake
[0.701s] -- Up-to-date: /home/ashy/abaja_ros2_dev/install/radar_msgs/share/radar_msgs/cmake/radar_msgs__rosidl_typesupport_cppExport-noconfig.cmake
[0.701s] -- Up-to-date: /home/ashy/abaja_ros2_dev/install/radar_msgs/share/radar_msgs/cmake/export_radar_msgs__rosidl_generator_pyExport.cmake
[0.701s] -- Up-to-date: /home/ashy/abaja_ros2_dev/install/radar_msgs/share/radar_msgs/cmake/export_radar_msgs__rosidl_generator_pyExport-noconfig.cmake
[0.702s] -- Up-to-date: /home/ashy/abaja_ros2_dev/install/radar_msgs/share/radar_msgs/cmake/rosidl_cmake-extras.cmake
[0.702s] -- Up-to-date: /home/ashy/abaja_ros2_dev/install/radar_msgs/share/radar_msgs/cmake/ament_cmake_export_dependencies-extras.cmake
[0.702s] -- Up-to-date: /home/ashy/abaja_ros2_dev/install/radar_msgs/share/radar_msgs/cmake/ament_cmake_export_include_directories-extras.cmake
[0.702s] -- Up-to-date: /home/ashy/abaja_ros2_dev/install/radar_msgs/share/radar_msgs/cmake/ament_cmake_export_libraries-extras.cmake
[0.702s] -- Up-to-date: /home/ashy/abaja_ros2_dev/install/radar_msgs/share/radar_msgs/cmake/ament_cmake_export_targets-extras.cmake
[0.702s] -- Up-to-date: /home/ashy/abaja_ros2_dev/install/radar_msgs/share/radar_msgs/cmake/rosidl_cmake_export_typesupport_targets-extras.cmake
[0.702s] -- Up-to-date: /home/ashy/abaja_ros2_dev/install/radar_msgs/share/radar_msgs/cmake/rosidl_cmake_export_typesupport_libraries-extras.cmake
[0.702s] -- Up-to-date: /home/ashy/abaja_ros2_dev/install/radar_msgs/share/radar_msgs/cmake/radar_msgsConfig.cmake
[0.702s] -- Up-to-date: /home/ashy/abaja_ros2_dev/install/radar_msgs/share/radar_msgs/cmake/radar_msgsConfig-version.cmake
[0.702s] -- Up-to-date: /home/ashy/abaja_ros2_dev/install/radar_msgs/share/radar_msgs/package.xml
[0.733s] Invoked command in '/home/ashy/abaja_ros2_dev/build/radar_msgs' returned '0': CMAKE_PREFIX_PATH=/opt/ros/humble /usr/bin/cmake --install /home/ashy/abaja_ros2_dev/build/radar_msgs
