[0.018s] Invoking command in '/home/ashy/abaja_ros2_dev/build/aeb': CMAKE_PREFIX_PATH=/opt/ros/humble /usr/bin/cmake /home/ashy/abaja_ros2_dev/src/aeb -DCMAKE_INSTALL_PREFIX=/home/ashy/abaja_ros2_dev/install/aeb
[0.144s] -- The C compiler identification is GNU 11.4.0
[0.249s] -- The CXX compiler identification is GNU 11.4.0
[0.261s] -- Detecting C compiler ABI info
[0.362s] -- Detecting C compiler ABI info - done
[0.373s] -- Check for working C compiler: /usr/bin/cc - skipped
[0.373s] -- Detecting C compile features
[0.375s] -- Detecting C compile features - done
[0.380s] -- Detecting CXX compiler ABI info
[0.489s] -- Detecting CXX compiler ABI info - done
[0.498s] -- Check for working CXX compiler: /usr/bin/c++ - skipped
[0.498s] -- Detecting CXX compile features
[0.499s] -- Detecting CXX compile features - done
[0.506s] -- Found ament_cmake: 1.3.11 (/opt/ros/humble/share/ament_cmake/cmake)
[0.892s] -- Found Python3: /usr/bin/python3 (found version "3.10.12") found components: Interpreter 
[0.989s] -- Found rclcpp: 16.0.12 (/opt/ros/humble/share/rclcpp/cmake)
[1.041s] -- Found rosidl_generator_c: 3.1.6 (/opt/ros/humble/share/rosidl_generator_c/cmake)
[1.046s] -- Found rosidl_adapter: 3.1.6 (/opt/ros/humble/share/rosidl_adapter/cmake)
[1.053s] -- Found rosidl_generator_cpp: 3.1.6 (/opt/ros/humble/share/rosidl_generator_cpp/cmake)
[1.065s] -- Using all available rosidl_typesupport_c: rosidl_typesupport_fastrtps_c;rosidl_typesupport_introspection_c
[1.078s] -- Using all available rosidl_typesupport_cpp: rosidl_typesupport_fastrtps_cpp;rosidl_typesupport_introspection_cpp
[1.126s] -- Found rmw_implementation_cmake: 6.1.2 (/opt/ros/humble/share/rmw_implementation_cmake/cmake)
[1.129s] -- Found rmw_fastrtps_cpp: 6.2.7 (/opt/ros/humble/share/rmw_fastrtps_cpp/cmake)
[1.225s] -- Found OpenSSL: /usr/lib/x86_64-linux-gnu/libcrypto.so (found version "3.0.2")  
[1.250s] -- Found FastRTPS: /opt/ros/humble/include  
[1.291s] -- Using RMW implementation 'rmw_fastrtps_cpp' as default
[1.302s] -- Looking for pthread.h
[1.371s] -- Looking for pthread.h - found
[1.371s] -- Performing Test CMAKE_HAVE_LIBC_PTHREAD
[1.433s] -- Performing Test CMAKE_HAVE_LIBC_PTHREAD - Success
[1.433s] -- Found Threads: TRUE  
[1.481s] -- Found rclpy: 3.3.16 (/opt/ros/humble/share/rclpy/cmake)
[1.483s] -- Found sensor_msgs: 4.9.0 (/opt/ros/humble/share/sensor_msgs/cmake)
[1.509s] -- Found ament_lint_auto: 0.12.12 (/opt/ros/humble/share/ament_lint_auto/cmake)
[1.570s] -- Added test 'flake8' to check Python code syntax and style conventions
[1.571s] -- Added test 'lint_cmake' to check CMake code style
[1.571s] -- Added test 'pep257' to check Python code against some of the docstring style conventions in PEP 257
[1.572s] -- Added test 'xmllint' to check XML markup files
[1.574s] -- Configuring done
[1.577s] -- Generating done
[1.579s] -- Build files have been written to: /home/ashy/abaja_ros2_dev/build/aeb
[1.587s] Invoked command in '/home/ashy/abaja_ros2_dev/build/aeb' returned '0': CMAKE_PREFIX_PATH=/opt/ros/humble /usr/bin/cmake /home/ashy/abaja_ros2_dev/src/aeb -DCMAKE_INSTALL_PREFIX=/home/ashy/abaja_ros2_dev/install/aeb
[1.588s] Invoking command in '/home/ashy/abaja_ros2_dev/build/aeb': CMAKE_PREFIX_PATH=/opt/ros/humble /usr/bin/cmake --build /home/ashy/abaja_ros2_dev/build/aeb -- -j16 -l16
[1.627s] Invoked command in '/home/ashy/abaja_ros2_dev/build/aeb' returned '0': CMAKE_PREFIX_PATH=/opt/ros/humble /usr/bin/cmake --build /home/ashy/abaja_ros2_dev/build/aeb -- -j16 -l16
[1.636s] Invoking command in '/home/ashy/abaja_ros2_dev/build/aeb': CMAKE_PREFIX_PATH=/opt/ros/humble /usr/bin/cmake --install /home/ashy/abaja_ros2_dev/build/aeb
[1.642s] -- Install configuration: ""
[1.642s] -- Installing: /home/ashy/abaja_ros2_dev/install/aeb/lib/aeb/aeb.py
[1.642s] -- Installing: /home/ashy/abaja_ros2_dev/install/aeb/share/ament_index/resource_index/package_run_dependencies/aeb
[1.642s] -- Installing: /home/ashy/abaja_ros2_dev/install/aeb/share/ament_index/resource_index/parent_prefix_path/aeb
[1.642s] -- Installing: /home/ashy/abaja_ros2_dev/install/aeb/share/aeb/environment/ament_prefix_path.sh
[1.642s] -- Installing: /home/ashy/abaja_ros2_dev/install/aeb/share/aeb/environment/ament_prefix_path.dsv
[1.642s] -- Installing: /home/ashy/abaja_ros2_dev/install/aeb/share/aeb/environment/path.sh
[1.643s] -- Installing: /home/ashy/abaja_ros2_dev/install/aeb/share/aeb/environment/path.dsv
[1.643s] -- Installing: /home/ashy/abaja_ros2_dev/install/aeb/share/aeb/local_setup.bash
[1.643s] -- Installing: /home/ashy/abaja_ros2_dev/install/aeb/share/aeb/local_setup.sh
[1.643s] -- Installing: /home/ashy/abaja_ros2_dev/install/aeb/share/aeb/local_setup.zsh
[1.643s] -- Installing: /home/ashy/abaja_ros2_dev/install/aeb/share/aeb/local_setup.dsv
[1.643s] -- Installing: /home/ashy/abaja_ros2_dev/install/aeb/share/aeb/package.dsv
[1.643s] -- Installing: /home/ashy/abaja_ros2_dev/install/aeb/share/ament_index/resource_index/packages/aeb
[1.643s] -- Installing: /home/ashy/abaja_ros2_dev/install/aeb/share/aeb/cmake/aebConfig.cmake
[1.643s] -- Installing: /home/ashy/abaja_ros2_dev/install/aeb/share/aeb/cmake/aebConfig-version.cmake
[1.644s] -- Installing: /home/ashy/abaja_ros2_dev/install/aeb/share/aeb/package.xml
[1.645s] Invoked command in '/home/ashy/abaja_ros2_dev/build/aeb' returned '0': CMAKE_PREFIX_PATH=/opt/ros/humble /usr/bin/cmake --install /home/ashy/abaja_ros2_dev/build/aeb
