-- The C compiler identification is GNU 11.4.0
-- The CXX compiler identification is GNU 11.4.0
-- Detecting C compiler ABI info
-- Detecting C compiler ABI info - done
-- Check for working C compiler: /usr/bin/cc - skipped
-- Detecting C compile features
-- Detecting C compile features - done
-- Detecting CXX compiler ABI info
-- Detecting CXX compiler ABI info - done
-- Check for working CXX compiler: /usr/bin/c++ - skipped
-- Detecting CXX compile features
-- Detecting CXX compile features - done
-- Found ament_cmake: 1.3.11 (/opt/ros/humble/share/ament_cmake/cmake)
-- Found Python3: /usr/bin/python3 (found version "3.10.12") found components: Interpreter 
-- Found rosidl_default_generators: 1.2.0 (/opt/ros/humble/share/rosidl_default_generators/cmake)
-- Using all available rosidl_typesupport_c: rosidl_typesupport_fastrtps_c;rosidl_typesupport_introspection_c
-- Found rosidl_adapter: 3.1.6 (/opt/ros/humble/share/rosidl_adapter/cmake)
-- Using all available rosidl_typesupport_cpp: rosidl_typesupport_fastrtps_cpp;rosidl_typesupport_introspection_cpp
-- Found std_msgs: 4.9.0 (/opt/ros/humble/share/std_msgs/cmake)
-- Found geometry_msgs: 4.9.0 (/opt/ros/humble/share/geometry_msgs/cmake)
-- Found unique_identifier_msgs: 2.2.1 (/opt/ros/humble/share/unique_identifier_msgs/cmake)
-- Found ament_cmake_ros: 0.10.0 (/opt/ros/humble/share/ament_cmake_ros/cmake)
-- Using all available rosidl_typesupport_c: rosidl_typesupport_fastrtps_c;rosidl_typesupport_introspection_c
-- Using all available rosidl_typesupport_cpp: rosidl_typesupport_fastrtps_cpp;rosidl_typesupport_introspection_cpp
-- Found PythonInterp: /usr/bin/python3 (found suitable version "3.10.12", minimum required is "3.6") 
-- Found python_cmake_module: 0.10.0 (/opt/ros/humble/share/python_cmake_module/cmake)
-- Found PythonLibs: /usr/lib/x86_64-linux-gnu/libpython3.10.so (found suitable version "3.10.12", minimum required is "3.5") 
-- Using PYTHON_EXECUTABLE: /usr/bin/python3
-- Using PYTHON_INCLUDE_DIRS: /usr/include/python3.10
-- Using PYTHON_LIBRARIES: /usr/lib/x86_64-linux-gnu/libpython3.10.so
-- Found PythonExtra: .so  
-- Configuring done
-- Generating done
-- Build files have been written to: /home/ashy/ROS2-ABAJA-DEV/build/radar_msgs
[  2%] [34m[1mGenerating C code for ROS interfaces[0m
[  5%] [34m[1mGenerating C++ code for ROS interfaces[0m
[  5%] Built target ament_cmake_python_copy_radar_msgs
running egg_info
[  7%] [32mBuilding C object CMakeFiles/radar_msgs__rosidl_generator_c.dir/rosidl_generator_c/radar_msgs/msg/detail/radar_track_list__functions.c.o[0m
creating radar_msgs.egg-info
writing radar_msgs.egg-info/PKG-INFO
writing dependency_links to radar_msgs.egg-info/dependency_links.txt
writing top-level names to radar_msgs.egg-info/top_level.txt
writing manifest file 'radar_msgs.egg-info/SOURCES.txt'
[ 10%] [32mBuilding C object CMakeFiles/radar_msgs__rosidl_generator_c.dir/rosidl_generator_c/radar_msgs/msg/detail/radar_track__functions.c.o[0m
[ 10%] Built target radar_msgs__cpp
[ 12%] [34m[1mGenerating C++ type support dispatch for ROS interfaces[0m
[ 15%] [34m[1mGenerating C++ introspection for ROS interfaces[0m
[ 17%] [34m[1mGenerating C++ type support for eProsima Fast-RTPS[0m
reading manifest file 'radar_msgs.egg-info/SOURCES.txt'
writing manifest file 'radar_msgs.egg-info/SOURCES.txt'
[ 20%] [32m[1mLinking C shared library libradar_msgs__rosidl_generator_c.so[0m
[ 20%] Built target ament_cmake_python_build_radar_msgs_egg
[ 20%] Built target radar_msgs__rosidl_generator_c
[ 23%] [34m[1mGenerating C type support dispatch for ROS interfaces[0m
[ 25%] [34m[1mGenerating C introspection for ROS interfaces[0m
[ 28%] [34m[1mGenerating C type support for eProsima Fast-RTPS[0m
[ 30%] [32mBuilding CXX object CMakeFiles/radar_msgs__rosidl_typesupport_introspection_cpp.dir/rosidl_typesupport_introspection_cpp/radar_msgs/msg/detail/radar_track__type_support.cpp.o[0m
[ 33%] [32mBuilding CXX object CMakeFiles/radar_msgs__rosidl_typesupport_introspection_cpp.dir/rosidl_typesupport_introspection_cpp/radar_msgs/msg/detail/radar_track_list__type_support.cpp.o[0m
[ 35%] [32mBuilding CXX object CMakeFiles/radar_msgs__rosidl_typesupport_fastrtps_cpp.dir/rosidl_typesupport_fastrtps_cpp/radar_msgs/msg/detail/dds_fastrtps/radar_track_list__type_support.cpp.o[0m
[ 38%] [32mBuilding CXX object CMakeFiles/radar_msgs__rosidl_typesupport_cpp.dir/rosidl_typesupport_cpp/radar_msgs/msg/radar_track__type_support.cpp.o[0m
[ 41%] [32mBuilding CXX object CMakeFiles/radar_msgs__rosidl_typesupport_fastrtps_cpp.dir/rosidl_typesupport_fastrtps_cpp/radar_msgs/msg/detail/dds_fastrtps/radar_track__type_support.cpp.o[0m
[ 43%] [32mBuilding CXX object CMakeFiles/radar_msgs__rosidl_typesupport_cpp.dir/rosidl_typesupport_cpp/radar_msgs/msg/radar_track_list__type_support.cpp.o[0m
[ 46%] [32mBuilding C object CMakeFiles/radar_msgs__rosidl_typesupport_introspection_c.dir/rosidl_typesupport_introspection_c/radar_msgs/msg/detail/radar_track__type_support.c.o[0m
[ 48%] [32mBuilding C object CMakeFiles/radar_msgs__rosidl_typesupport_introspection_c.dir/rosidl_typesupport_introspection_c/radar_msgs/msg/detail/radar_track_list__type_support.c.o[0m
[ 51%] [32mBuilding CXX object CMakeFiles/radar_msgs__rosidl_typesupport_c.dir/rosidl_typesupport_c/radar_msgs/msg/radar_track__type_support.cpp.o[0m
[ 53%] [32mBuilding CXX object CMakeFiles/radar_msgs__rosidl_typesupport_c.dir/rosidl_typesupport_c/radar_msgs/msg/radar_track_list__type_support.cpp.o[0m
[ 56%] [32m[1mLinking C shared library libradar_msgs__rosidl_typesupport_introspection_c.so[0m
[ 58%] [32mBuilding CXX object CMakeFiles/radar_msgs__rosidl_typesupport_fastrtps_c.dir/rosidl_typesupport_fastrtps_c/radar_msgs/msg/detail/radar_track__type_support_c.cpp.o[0m
[ 61%] [32mBuilding CXX object CMakeFiles/radar_msgs__rosidl_typesupport_fastrtps_c.dir/rosidl_typesupport_fastrtps_c/radar_msgs/msg/detail/radar_track_list__type_support_c.cpp.o[0m
[ 64%] [32m[1mLinking CXX shared library libradar_msgs__rosidl_typesupport_c.so[0m
[ 64%] Built target radar_msgs__rosidl_typesupport_introspection_c
[ 64%] Built target radar_msgs__rosidl_typesupport_c
[ 66%] [32m[1mLinking CXX shared library libradar_msgs__rosidl_typesupport_cpp.so[0m
[ 69%] [32m[1mLinking CXX shared library libradar_msgs__rosidl_typesupport_introspection_cpp.so[0m
[ 69%] Built target radar_msgs__rosidl_typesupport_cpp
[ 71%] [32m[1mLinking CXX shared library libradar_msgs__rosidl_typesupport_fastrtps_cpp.so[0m
[ 71%] Built target radar_msgs__rosidl_typesupport_introspection_cpp
[ 71%] Built target radar_msgs__rosidl_typesupport_fastrtps_cpp
[ 74%] [32m[1mLinking CXX shared library libradar_msgs__rosidl_typesupport_fastrtps_c.so[0m
[ 74%] Built target radar_msgs__rosidl_typesupport_fastrtps_c
[ 74%] Built target radar_msgs
[ 76%] [34m[1mGenerating Python code for ROS interfaces[0m
[ 76%] Built target radar_msgs__py
[ 82%] [32mBuilding C object CMakeFiles/radar_msgs__rosidl_generator_py.dir/rosidl_generator_py/radar_msgs/msg/_radar_track_s.c.o[0m
[ 82%] [32mBuilding C object CMakeFiles/radar_msgs__rosidl_generator_py.dir/rosidl_generator_py/radar_msgs/msg/_radar_track_list_s.c.o[0m
[ 84%] [32m[1mLinking C shared library rosidl_generator_py/radar_msgs/libradar_msgs__rosidl_generator_py.so[0m
[ 84%] Built target radar_msgs__rosidl_generator_py
[ 89%] [32mBuilding C object CMakeFiles/radar_msgs__rosidl_typesupport_c__pyext.dir/rosidl_generator_py/radar_msgs/_radar_msgs_s.ep.rosidl_typesupport_c.c.o[0m
[ 89%] [32mBuilding C object CMakeFiles/radar_msgs__rosidl_typesupport_fastrtps_c__pyext.dir/rosidl_generator_py/radar_msgs/_radar_msgs_s.ep.rosidl_typesupport_fastrtps_c.c.o[0m
[ 92%] [32mBuilding C object CMakeFiles/radar_msgs__rosidl_typesupport_introspection_c__pyext.dir/rosidl_generator_py/radar_msgs/_radar_msgs_s.ep.rosidl_typesupport_introspection_c.c.o[0m
[100%] [32m[1mLinking C shared library rosidl_generator_py/radar_msgs/radar_msgs_s__rosidl_typesupport_c.cpython-310-x86_64-linux-gnu.so[0m
[100%] [32m[1mLinking C shared library rosidl_generator_py/radar_msgs/radar_msgs_s__rosidl_typesupport_fastrtps_c.cpython-310-x86_64-linux-gnu.so[0m
[100%] [32m[1mLinking C shared library rosidl_generator_py/radar_msgs/radar_msgs_s__rosidl_typesupport_introspection_c.cpython-310-x86_64-linux-gnu.so[0m
[100%] Built target radar_msgs__rosidl_typesupport_c__pyext
[100%] Built target radar_msgs__rosidl_typesupport_fastrtps_c__pyext
[100%] Built target radar_msgs__rosidl_typesupport_introspection_c__pyext
-- Install configuration: ""
-- Installing: /home/ashy/ROS2-ABAJA-DEV/install/radar_msgs/share/ament_index/resource_index/rosidl_interfaces/radar_msgs
-- Installing: /home/ashy/ROS2-ABAJA-DEV/install/radar_msgs/include/radar_msgs/radar_msgs
-- Installing: /home/ashy/ROS2-ABAJA-DEV/install/radar_msgs/include/radar_msgs/radar_msgs/msg
-- Installing: /home/ashy/ROS2-ABAJA-DEV/install/radar_msgs/include/radar_msgs/radar_msgs/msg/detail
-- Installing: /home/ashy/ROS2-ABAJA-DEV/install/radar_msgs/include/radar_msgs/radar_msgs/msg/detail/radar_track_list__struct.h
-- Installing: /home/ashy/ROS2-ABAJA-DEV/install/radar_msgs/include/radar_msgs/radar_msgs/msg/detail/radar_track__struct.h
-- Installing: /home/ashy/ROS2-ABAJA-DEV/install/radar_msgs/include/radar_msgs/radar_msgs/msg/detail/radar_track_list__functions.h
-- Installing: /home/ashy/ROS2-ABAJA-DEV/install/radar_msgs/include/radar_msgs/radar_msgs/msg/detail/radar_track_list__type_support.h
-- Installing: /home/ashy/ROS2-ABAJA-DEV/install/radar_msgs/include/radar_msgs/radar_msgs/msg/detail/radar_track__functions.h
-- Installing: /home/ashy/ROS2-ABAJA-DEV/install/radar_msgs/include/radar_msgs/radar_msgs/msg/detail/radar_track__functions.c
-- Installing: /home/ashy/ROS2-ABAJA-DEV/install/radar_msgs/include/radar_msgs/radar_msgs/msg/detail/radar_track__type_support.h
-- Installing: /home/ashy/ROS2-ABAJA-DEV/install/radar_msgs/include/radar_msgs/radar_msgs/msg/detail/radar_track_list__functions.c
-- Installing: /home/ashy/ROS2-ABAJA-DEV/install/radar_msgs/include/radar_msgs/radar_msgs/msg/radar_track.h
-- Installing: /home/ashy/ROS2-ABAJA-DEV/install/radar_msgs/include/radar_msgs/radar_msgs/msg/rosidl_generator_c__visibility_control.h
-- Installing: /home/ashy/ROS2-ABAJA-DEV/install/radar_msgs/include/radar_msgs/radar_msgs/msg/radar_track_list.h
-- Installing: /home/ashy/ROS2-ABAJA-DEV/install/radar_msgs/share/radar_msgs/environment/library_path.sh
-- Installing: /home/ashy/ROS2-ABAJA-DEV/install/radar_msgs/share/radar_msgs/environment/library_path.dsv
-- Installing: /home/ashy/ROS2-ABAJA-DEV/install/radar_msgs/lib/libradar_msgs__rosidl_generator_c.so
-- Set runtime path of "/home/ashy/ROS2-ABAJA-DEV/install/radar_msgs/lib/libradar_msgs__rosidl_generator_c.so" to ""
-- Up-to-date: /home/ashy/ROS2-ABAJA-DEV/install/radar_msgs/include/radar_msgs/radar_msgs
-- Up-to-date: /home/ashy/ROS2-ABAJA-DEV/install/radar_msgs/include/radar_msgs/radar_msgs/msg
-- Up-to-date: /home/ashy/ROS2-ABAJA-DEV/install/radar_msgs/include/radar_msgs/radar_msgs/msg/detail
-- Installing: /home/ashy/ROS2-ABAJA-DEV/install/radar_msgs/include/radar_msgs/radar_msgs/msg/detail/radar_track__rosidl_typesupport_fastrtps_c.h
-- Installing: /home/ashy/ROS2-ABAJA-DEV/install/radar_msgs/include/radar_msgs/radar_msgs/msg/detail/radar_track_list__rosidl_typesupport_fastrtps_c.h
-- Installing: /home/ashy/ROS2-ABAJA-DEV/install/radar_msgs/include/radar_msgs/radar_msgs/msg/rosidl_typesupport_fastrtps_c__visibility_control.h
-- Installing: /home/ashy/ROS2-ABAJA-DEV/install/radar_msgs/lib/libradar_msgs__rosidl_typesupport_fastrtps_c.so
-- Set runtime path of "/home/ashy/ROS2-ABAJA-DEV/install/radar_msgs/lib/libradar_msgs__rosidl_typesupport_fastrtps_c.so" to ""
-- Up-to-date: /home/ashy/ROS2-ABAJA-DEV/install/radar_msgs/include/radar_msgs/radar_msgs
-- Up-to-date: /home/ashy/ROS2-ABAJA-DEV/install/radar_msgs/include/radar_msgs/radar_msgs/msg
-- Up-to-date: /home/ashy/ROS2-ABAJA-DEV/install/radar_msgs/include/radar_msgs/radar_msgs/msg/detail
-- Installing: /home/ashy/ROS2-ABAJA-DEV/install/radar_msgs/include/radar_msgs/radar_msgs/msg/detail/radar_track__rosidl_typesupport_introspection_c.h
-- Installing: /home/ashy/ROS2-ABAJA-DEV/install/radar_msgs/include/radar_msgs/radar_msgs/msg/detail/radar_track__type_support.c
-- Installing: /home/ashy/ROS2-ABAJA-DEV/install/radar_msgs/include/radar_msgs/radar_msgs/msg/detail/radar_track_list__rosidl_typesupport_introspection_c.h
-- Installing: /home/ashy/ROS2-ABAJA-DEV/install/radar_msgs/include/radar_msgs/radar_msgs/msg/detail/radar_track_list__type_support.c
-- Installing: /home/ashy/ROS2-ABAJA-DEV/install/radar_msgs/include/radar_msgs/radar_msgs/msg/rosidl_typesupport_introspection_c__visibility_control.h
-- Installing: /home/ashy/ROS2-ABAJA-DEV/install/radar_msgs/lib/libradar_msgs__rosidl_typesupport_introspection_c.so
-- Set runtime path of "/home/ashy/ROS2-ABAJA-DEV/install/radar_msgs/lib/libradar_msgs__rosidl_typesupport_introspection_c.so" to ""
-- Installing: /home/ashy/ROS2-ABAJA-DEV/install/radar_msgs/lib/libradar_msgs__rosidl_typesupport_c.so
-- Set runtime path of "/home/ashy/ROS2-ABAJA-DEV/install/radar_msgs/lib/libradar_msgs__rosidl_typesupport_c.so" to ""
-- Up-to-date: /home/ashy/ROS2-ABAJA-DEV/install/radar_msgs/include/radar_msgs/radar_msgs
-- Up-to-date: /home/ashy/ROS2-ABAJA-DEV/install/radar_msgs/include/radar_msgs/radar_msgs/msg
-- Installing: /home/ashy/ROS2-ABAJA-DEV/install/radar_msgs/include/radar_msgs/radar_msgs/msg/rosidl_generator_cpp__visibility_control.hpp
-- Up-to-date: /home/ashy/ROS2-ABAJA-DEV/install/radar_msgs/include/radar_msgs/radar_msgs/msg/detail
-- Installing: /home/ashy/ROS2-ABAJA-DEV/install/radar_msgs/include/radar_msgs/radar_msgs/msg/detail/radar_track__builder.hpp
-- Installing: /home/ashy/ROS2-ABAJA-DEV/install/radar_msgs/include/radar_msgs/radar_msgs/msg/detail/radar_track__type_support.hpp
-- Installing: /home/ashy/ROS2-ABAJA-DEV/install/radar_msgs/include/radar_msgs/radar_msgs/msg/detail/radar_track_list__builder.hpp
-- Installing: /home/ashy/ROS2-ABAJA-DEV/install/radar_msgs/include/radar_msgs/radar_msgs/msg/detail/radar_track_list__traits.hpp
-- Installing: /home/ashy/ROS2-ABAJA-DEV/install/radar_msgs/include/radar_msgs/radar_msgs/msg/detail/radar_track_list__type_support.hpp
-- Installing: /home/ashy/ROS2-ABAJA-DEV/install/radar_msgs/include/radar_msgs/radar_msgs/msg/detail/radar_track_list__struct.hpp
-- Installing: /home/ashy/ROS2-ABAJA-DEV/install/radar_msgs/include/radar_msgs/radar_msgs/msg/detail/radar_track__traits.hpp
-- Installing: /home/ashy/ROS2-ABAJA-DEV/install/radar_msgs/include/radar_msgs/radar_msgs/msg/detail/radar_track__struct.hpp
-- Installing: /home/ashy/ROS2-ABAJA-DEV/install/radar_msgs/include/radar_msgs/radar_msgs/msg/radar_track.hpp
-- Installing: /home/ashy/ROS2-ABAJA-DEV/install/radar_msgs/include/radar_msgs/radar_msgs/msg/radar_track_list.hpp
-- Up-to-date: /home/ashy/ROS2-ABAJA-DEV/install/radar_msgs/include/radar_msgs/radar_msgs
-- Up-to-date: /home/ashy/ROS2-ABAJA-DEV/install/radar_msgs/include/radar_msgs/radar_msgs/msg
-- Up-to-date: /home/ashy/ROS2-ABAJA-DEV/install/radar_msgs/include/radar_msgs/radar_msgs/msg/detail
-- Installing: /home/ashy/ROS2-ABAJA-DEV/install/radar_msgs/include/radar_msgs/radar_msgs/msg/detail/radar_track_list__rosidl_typesupport_fastrtps_cpp.hpp
-- Installing: /home/ashy/ROS2-ABAJA-DEV/install/radar_msgs/include/radar_msgs/radar_msgs/msg/detail/dds_fastrtps
-- Installing: /home/ashy/ROS2-ABAJA-DEV/install/radar_msgs/include/radar_msgs/radar_msgs/msg/detail/radar_track__rosidl_typesupport_fastrtps_cpp.hpp
-- Installing: /home/ashy/ROS2-ABAJA-DEV/install/radar_msgs/include/radar_msgs/radar_msgs/msg/rosidl_typesupport_fastrtps_cpp__visibility_control.h
-- Installing: /home/ashy/ROS2-ABAJA-DEV/install/radar_msgs/lib/libradar_msgs__rosidl_typesupport_fastrtps_cpp.so
-- Set runtime path of "/home/ashy/ROS2-ABAJA-DEV/install/radar_msgs/lib/libradar_msgs__rosidl_typesupport_fastrtps_cpp.so" to ""
-- Up-to-date: /home/ashy/ROS2-ABAJA-DEV/install/radar_msgs/include/radar_msgs/radar_msgs
-- Up-to-date: /home/ashy/ROS2-ABAJA-DEV/install/radar_msgs/include/radar_msgs/radar_msgs/msg
-- Up-to-date: /home/ashy/ROS2-ABAJA-DEV/install/radar_msgs/include/radar_msgs/radar_msgs/msg/detail
-- Installing: /home/ashy/ROS2-ABAJA-DEV/install/radar_msgs/include/radar_msgs/radar_msgs/msg/detail/radar_track__type_support.cpp
-- Installing: /home/ashy/ROS2-ABAJA-DEV/install/radar_msgs/include/radar_msgs/radar_msgs/msg/detail/radar_track_list__type_support.cpp
-- Installing: /home/ashy/ROS2-ABAJA-DEV/install/radar_msgs/include/radar_msgs/radar_msgs/msg/detail/radar_track_list__rosidl_typesupport_introspection_cpp.hpp
-- Installing: /home/ashy/ROS2-ABAJA-DEV/install/radar_msgs/include/radar_msgs/radar_msgs/msg/detail/radar_track__rosidl_typesupport_introspection_cpp.hpp
-- Installing: /home/ashy/ROS2-ABAJA-DEV/install/radar_msgs/lib/libradar_msgs__rosidl_typesupport_introspection_cpp.so
-- Set runtime path of "/home/ashy/ROS2-ABAJA-DEV/install/radar_msgs/lib/libradar_msgs__rosidl_typesupport_introspection_cpp.so" to ""
-- Installing: /home/ashy/ROS2-ABAJA-DEV/install/radar_msgs/lib/libradar_msgs__rosidl_typesupport_cpp.so
-- Set runtime path of "/home/ashy/ROS2-ABAJA-DEV/install/radar_msgs/lib/libradar_msgs__rosidl_typesupport_cpp.so" to ""
-- Installing: /home/ashy/ROS2-ABAJA-DEV/install/radar_msgs/share/radar_msgs/environment/pythonpath.sh
-- Installing: /home/ashy/ROS2-ABAJA-DEV/install/radar_msgs/share/radar_msgs/environment/pythonpath.dsv
-- Installing: /home/ashy/ROS2-ABAJA-DEV/install/radar_msgs/local/lib/python3.10/dist-packages/radar_msgs-0.0.1-py3.10.egg-info
-- Installing: /home/ashy/ROS2-ABAJA-DEV/install/radar_msgs/local/lib/python3.10/dist-packages/radar_msgs-0.0.1-py3.10.egg-info/top_level.txt
-- Installing: /home/ashy/ROS2-ABAJA-DEV/install/radar_msgs/local/lib/python3.10/dist-packages/radar_msgs-0.0.1-py3.10.egg-info/PKG-INFO
-- Installing: /home/ashy/ROS2-ABAJA-DEV/install/radar_msgs/local/lib/python3.10/dist-packages/radar_msgs-0.0.1-py3.10.egg-info/dependency_links.txt
-- Installing: /home/ashy/ROS2-ABAJA-DEV/install/radar_msgs/local/lib/python3.10/dist-packages/radar_msgs-0.0.1-py3.10.egg-info/SOURCES.txt
-- Installing: /home/ashy/ROS2-ABAJA-DEV/install/radar_msgs/local/lib/python3.10/dist-packages/radar_msgs
-- Installing: /home/ashy/ROS2-ABAJA-DEV/install/radar_msgs/local/lib/python3.10/dist-packages/radar_msgs/__init__.py
-- Installing: /home/ashy/ROS2-ABAJA-DEV/install/radar_msgs/local/lib/python3.10/dist-packages/radar_msgs/_radar_msgs_s.ep.rosidl_typesupport_introspection_c.c
-- Installing: /home/ashy/ROS2-ABAJA-DEV/install/radar_msgs/local/lib/python3.10/dist-packages/radar_msgs/_radar_msgs_s.ep.rosidl_typesupport_c.c
-- Installing: /home/ashy/ROS2-ABAJA-DEV/install/radar_msgs/local/lib/python3.10/dist-packages/radar_msgs/radar_msgs_s__rosidl_typesupport_c.cpython-310-x86_64-linux-gnu.so
-- Installing: /home/ashy/ROS2-ABAJA-DEV/install/radar_msgs/local/lib/python3.10/dist-packages/radar_msgs/libradar_msgs__rosidl_generator_py.so
-- Installing: /home/ashy/ROS2-ABAJA-DEV/install/radar_msgs/local/lib/python3.10/dist-packages/radar_msgs/_radar_msgs_s.ep.rosidl_typesupport_fastrtps_c.c
-- Installing: /home/ashy/ROS2-ABAJA-DEV/install/radar_msgs/local/lib/python3.10/dist-packages/radar_msgs/radar_msgs_s__rosidl_typesupport_introspection_c.cpython-310-x86_64-linux-gnu.so
-- Installing: /home/ashy/ROS2-ABAJA-DEV/install/radar_msgs/local/lib/python3.10/dist-packages/radar_msgs/radar_msgs_s__rosidl_typesupport_fastrtps_c.cpython-310-x86_64-linux-gnu.so
-- Installing: /home/ashy/ROS2-ABAJA-DEV/install/radar_msgs/local/lib/python3.10/dist-packages/radar_msgs/msg
-- Installing: /home/ashy/ROS2-ABAJA-DEV/install/radar_msgs/local/lib/python3.10/dist-packages/radar_msgs/msg/_radar_track.py
-- Installing: /home/ashy/ROS2-ABAJA-DEV/install/radar_msgs/local/lib/python3.10/dist-packages/radar_msgs/msg/_radar_track_list.py
-- Installing: /home/ashy/ROS2-ABAJA-DEV/install/radar_msgs/local/lib/python3.10/dist-packages/radar_msgs/msg/__init__.py
-- Installing: /home/ashy/ROS2-ABAJA-DEV/install/radar_msgs/local/lib/python3.10/dist-packages/radar_msgs/msg/_radar_track_s.c
-- Installing: /home/ashy/ROS2-ABAJA-DEV/install/radar_msgs/local/lib/python3.10/dist-packages/radar_msgs/msg/_radar_track_list_s.c
Listing '/home/ashy/ROS2-ABAJA-DEV/install/radar_msgs/local/lib/python3.10/dist-packages/radar_msgs'...
Compiling '/home/ashy/ROS2-ABAJA-DEV/install/radar_msgs/local/lib/python3.10/dist-packages/radar_msgs/__init__.py'...
Listing '/home/ashy/ROS2-ABAJA-DEV/install/radar_msgs/local/lib/python3.10/dist-packages/radar_msgs/msg'...
Compiling '/home/ashy/ROS2-ABAJA-DEV/install/radar_msgs/local/lib/python3.10/dist-packages/radar_msgs/msg/__init__.py'...
Compiling '/home/ashy/ROS2-ABAJA-DEV/install/radar_msgs/local/lib/python3.10/dist-packages/radar_msgs/msg/_radar_track.py'...
Compiling '/home/ashy/ROS2-ABAJA-DEV/install/radar_msgs/local/lib/python3.10/dist-packages/radar_msgs/msg/_radar_track_list.py'...
-- Installing: /home/ashy/ROS2-ABAJA-DEV/install/radar_msgs/local/lib/python3.10/dist-packages/radar_msgs/radar_msgs_s__rosidl_typesupport_fastrtps_c.cpython-310-x86_64-linux-gnu.so
-- Set runtime path of "/home/ashy/ROS2-ABAJA-DEV/install/radar_msgs/local/lib/python3.10/dist-packages/radar_msgs/radar_msgs_s__rosidl_typesupport_fastrtps_c.cpython-310-x86_64-linux-gnu.so" to ""
-- Installing: /home/ashy/ROS2-ABAJA-DEV/install/radar_msgs/local/lib/python3.10/dist-packages/radar_msgs/radar_msgs_s__rosidl_typesupport_introspection_c.cpython-310-x86_64-linux-gnu.so
-- Set runtime path of "/home/ashy/ROS2-ABAJA-DEV/install/radar_msgs/local/lib/python3.10/dist-packages/radar_msgs/radar_msgs_s__rosidl_typesupport_introspection_c.cpython-310-x86_64-linux-gnu.so" to ""
-- Installing: /home/ashy/ROS2-ABAJA-DEV/install/radar_msgs/local/lib/python3.10/dist-packages/radar_msgs/radar_msgs_s__rosidl_typesupport_c.cpython-310-x86_64-linux-gnu.so
-- Set runtime path of "/home/ashy/ROS2-ABAJA-DEV/install/radar_msgs/local/lib/python3.10/dist-packages/radar_msgs/radar_msgs_s__rosidl_typesupport_c.cpython-310-x86_64-linux-gnu.so" to ""
-- Installing: /home/ashy/ROS2-ABAJA-DEV/install/radar_msgs/lib/libradar_msgs__rosidl_generator_py.so
-- Set runtime path of "/home/ashy/ROS2-ABAJA-DEV/install/radar_msgs/lib/libradar_msgs__rosidl_generator_py.so" to ""
-- Installing: /home/ashy/ROS2-ABAJA-DEV/install/radar_msgs/share/radar_msgs/msg/RadarTrack.idl
-- Installing: /home/ashy/ROS2-ABAJA-DEV/install/radar_msgs/share/radar_msgs/msg/RadarTrackList.idl
-- Installing: /home/ashy/ROS2-ABAJA-DEV/install/radar_msgs/share/radar_msgs/msg/RadarTrack.msg
-- Installing: /home/ashy/ROS2-ABAJA-DEV/install/radar_msgs/share/radar_msgs/msg/RadarTrackList.msg
-- Installing: /home/ashy/ROS2-ABAJA-DEV/install/radar_msgs/share/ament_index/resource_index/package_run_dependencies/radar_msgs
-- Installing: /home/ashy/ROS2-ABAJA-DEV/install/radar_msgs/share/ament_index/resource_index/parent_prefix_path/radar_msgs
-- Installing: /home/ashy/ROS2-ABAJA-DEV/install/radar_msgs/share/radar_msgs/environment/ament_prefix_path.sh
-- Installing: /home/ashy/ROS2-ABAJA-DEV/install/radar_msgs/share/radar_msgs/environment/ament_prefix_path.dsv
-- Installing: /home/ashy/ROS2-ABAJA-DEV/install/radar_msgs/share/radar_msgs/environment/path.sh
-- Installing: /home/ashy/ROS2-ABAJA-DEV/install/radar_msgs/share/radar_msgs/environment/path.dsv
-- Installing: /home/ashy/ROS2-ABAJA-DEV/install/radar_msgs/share/radar_msgs/local_setup.bash
-- Installing: /home/ashy/ROS2-ABAJA-DEV/install/radar_msgs/share/radar_msgs/local_setup.sh
-- Installing: /home/ashy/ROS2-ABAJA-DEV/install/radar_msgs/share/radar_msgs/local_setup.zsh
-- Installing: /home/ashy/ROS2-ABAJA-DEV/install/radar_msgs/share/radar_msgs/local_setup.dsv
-- Installing: /home/ashy/ROS2-ABAJA-DEV/install/radar_msgs/share/radar_msgs/package.dsv
-- Installing: /home/ashy/ROS2-ABAJA-DEV/install/radar_msgs/share/ament_index/resource_index/packages/radar_msgs
-- Installing: /home/ashy/ROS2-ABAJA-DEV/install/radar_msgs/share/radar_msgs/cmake/export_radar_msgs__rosidl_generator_cExport.cmake
-- Installing: /home/ashy/ROS2-ABAJA-DEV/install/radar_msgs/share/radar_msgs/cmake/export_radar_msgs__rosidl_generator_cExport-noconfig.cmake
-- Installing: /home/ashy/ROS2-ABAJA-DEV/install/radar_msgs/share/radar_msgs/cmake/export_radar_msgs__rosidl_typesupport_fastrtps_cExport.cmake
-- Installing: /home/ashy/ROS2-ABAJA-DEV/install/radar_msgs/share/radar_msgs/cmake/export_radar_msgs__rosidl_typesupport_fastrtps_cExport-noconfig.cmake
-- Installing: /home/ashy/ROS2-ABAJA-DEV/install/radar_msgs/share/radar_msgs/cmake/radar_msgs__rosidl_typesupport_introspection_cExport.cmake
-- Installing: /home/ashy/ROS2-ABAJA-DEV/install/radar_msgs/share/radar_msgs/cmake/radar_msgs__rosidl_typesupport_introspection_cExport-noconfig.cmake
-- Installing: /home/ashy/ROS2-ABAJA-DEV/install/radar_msgs/share/radar_msgs/cmake/radar_msgs__rosidl_typesupport_cExport.cmake
-- Installing: /home/ashy/ROS2-ABAJA-DEV/install/radar_msgs/share/radar_msgs/cmake/radar_msgs__rosidl_typesupport_cExport-noconfig.cmake
-- Installing: /home/ashy/ROS2-ABAJA-DEV/install/radar_msgs/share/radar_msgs/cmake/export_radar_msgs__rosidl_generator_cppExport.cmake
-- Installing: /home/ashy/ROS2-ABAJA-DEV/install/radar_msgs/share/radar_msgs/cmake/export_radar_msgs__rosidl_typesupport_fastrtps_cppExport.cmake
-- Installing: /home/ashy/ROS2-ABAJA-DEV/install/radar_msgs/share/radar_msgs/cmake/export_radar_msgs__rosidl_typesupport_fastrtps_cppExport-noconfig.cmake
-- Installing: /home/ashy/ROS2-ABAJA-DEV/install/radar_msgs/share/radar_msgs/cmake/radar_msgs__rosidl_typesupport_introspection_cppExport.cmake
-- Installing: /home/ashy/ROS2-ABAJA-DEV/install/radar_msgs/share/radar_msgs/cmake/radar_msgs__rosidl_typesupport_introspection_cppExport-noconfig.cmake
-- Installing: /home/ashy/ROS2-ABAJA-DEV/install/radar_msgs/share/radar_msgs/cmake/radar_msgs__rosidl_typesupport_cppExport.cmake
-- Installing: /home/ashy/ROS2-ABAJA-DEV/install/radar_msgs/share/radar_msgs/cmake/radar_msgs__rosidl_typesupport_cppExport-noconfig.cmake
-- Installing: /home/ashy/ROS2-ABAJA-DEV/install/radar_msgs/share/radar_msgs/cmake/export_radar_msgs__rosidl_generator_pyExport.cmake
-- Installing: /home/ashy/ROS2-ABAJA-DEV/install/radar_msgs/share/radar_msgs/cmake/export_radar_msgs__rosidl_generator_pyExport-noconfig.cmake
-- Installing: /home/ashy/ROS2-ABAJA-DEV/install/radar_msgs/share/radar_msgs/cmake/rosidl_cmake-extras.cmake
-- Installing: /home/ashy/ROS2-ABAJA-DEV/install/radar_msgs/share/radar_msgs/cmake/ament_cmake_export_dependencies-extras.cmake
-- Installing: /home/ashy/ROS2-ABAJA-DEV/install/radar_msgs/share/radar_msgs/cmake/ament_cmake_export_include_directories-extras.cmake
-- Installing: /home/ashy/ROS2-ABAJA-DEV/install/radar_msgs/share/radar_msgs/cmake/ament_cmake_export_libraries-extras.cmake
-- Installing: /home/ashy/ROS2-ABAJA-DEV/install/radar_msgs/share/radar_msgs/cmake/ament_cmake_export_targets-extras.cmake
-- Installing: /home/ashy/ROS2-ABAJA-DEV/install/radar_msgs/share/radar_msgs/cmake/rosidl_cmake_export_typesupport_targets-extras.cmake
-- Installing: /home/ashy/ROS2-ABAJA-DEV/install/radar_msgs/share/radar_msgs/cmake/rosidl_cmake_export_typesupport_libraries-extras.cmake
-- Installing: /home/ashy/ROS2-ABAJA-DEV/install/radar_msgs/share/radar_msgs/cmake/radar_msgsConfig.cmake
-- Installing: /home/ashy/ROS2-ABAJA-DEV/install/radar_msgs/share/radar_msgs/cmake/radar_msgsConfig-version.cmake
-- Installing: /home/ashy/ROS2-ABAJA-DEV/install/radar_msgs/share/radar_msgs/package.xml
