[0.028s] Invoking command in '/home/ashy/ROS2-ABAJA-DEV/build/radar_msgs': CMAKE_PREFIX_PATH=/opt/ros/humble /usr/bin/cmake /home/ashy/ROS2-ABAJA-DEV/src/radar_msgs -DCMAKE_INSTALL_PREFIX=/home/ashy/ROS2-ABAJA-DEV/install/radar_msgs
[0.108s] -- The C compiler identification is GNU 11.4.0
[0.184s] -- The CXX compiler identification is GNU 11.4.0
[0.197s] -- Detecting C compiler ABI info
[0.294s] -- Detecting C compiler ABI info - done
[0.306s] -- Check for working C compiler: /usr/bin/cc - skipped
[0.306s] -- Detecting C compile features
[0.307s] -- Detecting C compile features - done
[0.310s] -- Detecting CXX compiler ABI info
[0.409s] -- Detecting CXX compiler ABI info - done
[0.416s] -- Check for working CXX compiler: /usr/bin/c++ - skipped
[0.417s] -- Detecting CXX compile features
[0.417s] -- Detecting CXX compile features - done
[0.423s] -- Found ament_cmake: 1.3.11 (/opt/ros/humble/share/ament_cmake/cmake)
[0.770s] -- Found Python3: /usr/bin/python3 (found version "3.10.12") found components: Interpreter 
[0.862s] -- Found rosidl_default_generators: 1.2.0 (/opt/ros/humble/share/rosidl_default_generators/cmake)
[0.866s] -- Using all available rosidl_typesupport_c: rosidl_typesupport_fastrtps_c;rosidl_typesupport_introspection_c
[0.875s] -- Found rosidl_adapter: 3.1.6 (/opt/ros/humble/share/rosidl_adapter/cmake)
[0.917s] -- Using all available rosidl_typesupport_cpp: rosidl_typesupport_fastrtps_cpp;rosidl_typesupport_introspection_cpp
[0.949s] -- Found std_msgs: 4.9.0 (/opt/ros/humble/share/std_msgs/cmake)
[0.970s] -- Found geometry_msgs: 4.9.0 (/opt/ros/humble/share/geometry_msgs/cmake)
[0.982s] -- Found unique_identifier_msgs: 2.2.1 (/opt/ros/humble/share/unique_identifier_msgs/cmake)
[1.207s] -- Found ament_cmake_ros: 0.10.0 (/opt/ros/humble/share/ament_cmake_ros/cmake)
[1.401s] -- Using all available rosidl_typesupport_c: rosidl_typesupport_fastrtps_c;rosidl_typesupport_introspection_c
[1.650s] -- Using all available rosidl_typesupport_cpp: rosidl_typesupport_fastrtps_cpp;rosidl_typesupport_introspection_cpp
[1.673s] -- Found PythonInterp: /usr/bin/python3 (found suitable version "3.10.12", minimum required is "3.6") 
[1.673s] -- Found python_cmake_module: 0.10.0 (/opt/ros/humble/share/python_cmake_module/cmake)
[1.700s] -- Found PythonLibs: /usr/lib/x86_64-linux-gnu/libpython3.10.so (found suitable version "3.10.12", minimum required is "3.5") 
[1.700s] -- Using PYTHON_EXECUTABLE: /usr/bin/python3
[1.700s] -- Using PYTHON_INCLUDE_DIRS: /usr/include/python3.10
[1.700s] -- Using PYTHON_LIBRARIES: /usr/lib/x86_64-linux-gnu/libpython3.10.so
[1.723s] -- Found PythonExtra: .so  
[1.785s] -- Configuring done
[1.820s] -- Generating done
[1.830s] -- Build files have been written to: /home/ashy/ROS2-ABAJA-DEV/build/radar_msgs
[1.846s] Invoked command in '/home/ashy/ROS2-ABAJA-DEV/build/radar_msgs' returned '0': CMAKE_PREFIX_PATH=/opt/ros/humble /usr/bin/cmake /home/ashy/ROS2-ABAJA-DEV/src/radar_msgs -DCMAKE_INSTALL_PREFIX=/home/ashy/ROS2-ABAJA-DEV/install/radar_msgs
[1.846s] Invoking command in '/home/ashy/ROS2-ABAJA-DEV/build/radar_msgs': CMAKE_PREFIX_PATH=/opt/ros/humble /usr/bin/cmake --build /home/ashy/ROS2-ABAJA-DEV/build/radar_msgs -- -j16 -l16
[1.887s] [  2%] [34m[1mGenerating C code for ROS interfaces[0m
[1.908s] [  5%] [34m[1mGenerating C++ code for ROS interfaces[0m
[1.911s] [  5%] Built target ament_cmake_python_copy_radar_msgs
[2.245s] running egg_info
[2.270s] [  7%] [32mBuilding C object CMakeFiles/radar_msgs__rosidl_generator_c.dir/rosidl_generator_c/radar_msgs/msg/detail/radar_track_list__functions.c.o[0m
[2.270s] creating radar_msgs.egg-info
[2.271s] writing radar_msgs.egg-info/PKG-INFO
[2.271s] writing dependency_links to radar_msgs.egg-info/dependency_links.txt
[2.271s] writing top-level names to radar_msgs.egg-info/top_level.txt
[2.271s] writing manifest file 'radar_msgs.egg-info/SOURCES.txt'
[2.276s] [ 10%] [32mBuilding C object CMakeFiles/radar_msgs__rosidl_generator_c.dir/rosidl_generator_c/radar_msgs/msg/detail/radar_track__functions.c.o[0m
[2.304s] [ 10%] Built target radar_msgs__cpp
[2.332s] [ 12%] [34m[1mGenerating C++ type support dispatch for ROS interfaces[0m
[2.335s] [ 15%] [34m[1mGenerating C++ introspection for ROS interfaces[0m
[2.336s] [ 17%] [34m[1mGenerating C++ type support for eProsima Fast-RTPS[0m
[2.369s] reading manifest file 'radar_msgs.egg-info/SOURCES.txt'
[2.370s] writing manifest file 'radar_msgs.egg-info/SOURCES.txt'
[2.389s] [ 20%] [32m[1mLinking C shared library libradar_msgs__rosidl_generator_c.so[0m
[2.450s] [ 20%] Built target ament_cmake_python_build_radar_msgs_egg
[2.475s] [ 20%] Built target radar_msgs__rosidl_generator_c
[2.504s] [ 23%] [34m[1mGenerating C type support dispatch for ROS interfaces[0m
[2.504s] [ 25%] [34m[1mGenerating C introspection for ROS interfaces[0m
[2.506s] [ 28%] [34m[1mGenerating C type support for eProsima Fast-RTPS[0m
[2.752s] [ 30%] [32mBuilding CXX object CMakeFiles/radar_msgs__rosidl_typesupport_introspection_cpp.dir/rosidl_typesupport_introspection_cpp/radar_msgs/msg/detail/radar_track__type_support.cpp.o[0m
[2.754s] [ 33%] [32mBuilding CXX object CMakeFiles/radar_msgs__rosidl_typesupport_introspection_cpp.dir/rosidl_typesupport_introspection_cpp/radar_msgs/msg/detail/radar_track_list__type_support.cpp.o[0m
[2.839s] [ 35%] [32mBuilding CXX object CMakeFiles/radar_msgs__rosidl_typesupport_fastrtps_cpp.dir/rosidl_typesupport_fastrtps_cpp/radar_msgs/msg/detail/dds_fastrtps/radar_track_list__type_support.cpp.o[0m
[2.841s] [ 38%] [32mBuilding CXX object CMakeFiles/radar_msgs__rosidl_typesupport_cpp.dir/rosidl_typesupport_cpp/radar_msgs/msg/radar_track__type_support.cpp.o[0m
[2.851s] [ 41%] [32mBuilding CXX object CMakeFiles/radar_msgs__rosidl_typesupport_fastrtps_cpp.dir/rosidl_typesupport_fastrtps_cpp/radar_msgs/msg/detail/dds_fastrtps/radar_track__type_support.cpp.o[0m
[2.851s] [ 43%] [32mBuilding CXX object CMakeFiles/radar_msgs__rosidl_typesupport_cpp.dir/rosidl_typesupport_cpp/radar_msgs/msg/radar_track_list__type_support.cpp.o[0m
[2.948s] [ 46%] [32mBuilding C object CMakeFiles/radar_msgs__rosidl_typesupport_introspection_c.dir/rosidl_typesupport_introspection_c/radar_msgs/msg/detail/radar_track__type_support.c.o[0m
[2.952s] [ 48%] [32mBuilding C object CMakeFiles/radar_msgs__rosidl_typesupport_introspection_c.dir/rosidl_typesupport_introspection_c/radar_msgs/msg/detail/radar_track_list__type_support.c.o[0m
[2.977s] [ 51%] [32mBuilding CXX object CMakeFiles/radar_msgs__rosidl_typesupport_c.dir/rosidl_typesupport_c/radar_msgs/msg/radar_track__type_support.cpp.o[0m
[2.998s] [ 53%] [32mBuilding CXX object CMakeFiles/radar_msgs__rosidl_typesupport_c.dir/rosidl_typesupport_c/radar_msgs/msg/radar_track_list__type_support.cpp.o[0m
[3.027s] [ 56%] [32m[1mLinking C shared library libradar_msgs__rosidl_typesupport_introspection_c.so[0m
[3.040s] [ 58%] [32mBuilding CXX object CMakeFiles/radar_msgs__rosidl_typesupport_fastrtps_c.dir/rosidl_typesupport_fastrtps_c/radar_msgs/msg/detail/radar_track__type_support_c.cpp.o[0m
[3.053s] [ 61%] [32mBuilding CXX object CMakeFiles/radar_msgs__rosidl_typesupport_fastrtps_c.dir/rosidl_typesupport_fastrtps_c/radar_msgs/msg/detail/radar_track_list__type_support_c.cpp.o[0m
[3.056s] [ 64%] [32m[1mLinking CXX shared library libradar_msgs__rosidl_typesupport_c.so[0m
[3.113s] [ 64%] Built target radar_msgs__rosidl_typesupport_introspection_c
[3.137s] [ 64%] Built target radar_msgs__rosidl_typesupport_c
[3.268s] [ 66%] [32m[1mLinking CXX shared library libradar_msgs__rosidl_typesupport_cpp.so[0m
[3.283s] [ 69%] [32m[1mLinking CXX shared library libradar_msgs__rosidl_typesupport_introspection_cpp.so[0m
[3.314s] [ 69%] Built target radar_msgs__rosidl_typesupport_cpp
[3.338s] [ 71%] [32m[1mLinking CXX shared library libradar_msgs__rosidl_typesupport_fastrtps_cpp.so[0m
[3.381s] [ 71%] Built target radar_msgs__rosidl_typesupport_introspection_cpp
[3.412s] [ 71%] Built target radar_msgs__rosidl_typesupport_fastrtps_cpp
[3.420s] [ 74%] [32m[1mLinking CXX shared library libradar_msgs__rosidl_typesupport_fastrtps_c.so[0m
[3.473s] [ 74%] Built target radar_msgs__rosidl_typesupport_fastrtps_c
[3.490s] [ 74%] Built target radar_msgs
[3.511s] [ 76%] [34m[1mGenerating Python code for ROS interfaces[0m
[3.744s] [ 76%] Built target radar_msgs__py
[3.761s] [ 82%] [32mBuilding C object CMakeFiles/radar_msgs__rosidl_generator_py.dir/rosidl_generator_py/radar_msgs/msg/_radar_track_s.c.o[0m
[3.761s] [ 82%] [32mBuilding C object CMakeFiles/radar_msgs__rosidl_generator_py.dir/rosidl_generator_py/radar_msgs/msg/_radar_track_list_s.c.o[0m
[3.834s] [ 84%] [32m[1mLinking C shared library rosidl_generator_py/radar_msgs/libradar_msgs__rosidl_generator_py.so[0m
[3.870s] [ 84%] Built target radar_msgs__rosidl_generator_py
[3.888s] [ 89%] [32mBuilding C object CMakeFiles/radar_msgs__rosidl_typesupport_c__pyext.dir/rosidl_generator_py/radar_msgs/_radar_msgs_s.ep.rosidl_typesupport_c.c.o[0m
[3.888s] [ 89%] [32mBuilding C object CMakeFiles/radar_msgs__rosidl_typesupport_fastrtps_c__pyext.dir/rosidl_generator_py/radar_msgs/_radar_msgs_s.ep.rosidl_typesupport_fastrtps_c.c.o[0m
[3.888s] [ 92%] [32mBuilding C object CMakeFiles/radar_msgs__rosidl_typesupport_introspection_c__pyext.dir/rosidl_generator_py/radar_msgs/_radar_msgs_s.ep.rosidl_typesupport_introspection_c.c.o[0m
[3.958s] [100%] [32m[1mLinking C shared library rosidl_generator_py/radar_msgs/radar_msgs_s__rosidl_typesupport_c.cpython-310-x86_64-linux-gnu.so[0m
[3.958s] [100%] [32m[1mLinking C shared library rosidl_generator_py/radar_msgs/radar_msgs_s__rosidl_typesupport_fastrtps_c.cpython-310-x86_64-linux-gnu.so[0m
[3.958s] [100%] [32m[1mLinking C shared library rosidl_generator_py/radar_msgs/radar_msgs_s__rosidl_typesupport_introspection_c.cpython-310-x86_64-linux-gnu.so[0m
[3.987s] [100%] Built target radar_msgs__rosidl_typesupport_c__pyext
[3.988s] [100%] Built target radar_msgs__rosidl_typesupport_fastrtps_c__pyext
[3.988s] [100%] Built target radar_msgs__rosidl_typesupport_introspection_c__pyext
[4.003s] Invoked command in '/home/ashy/ROS2-ABAJA-DEV/build/radar_msgs' returned '0': CMAKE_PREFIX_PATH=/opt/ros/humble /usr/bin/cmake --build /home/ashy/ROS2-ABAJA-DEV/build/radar_msgs -- -j16 -l16
[4.005s] Invoking command in '/home/ashy/ROS2-ABAJA-DEV/build/radar_msgs': CMAKE_PREFIX_PATH=/opt/ros/humble /usr/bin/cmake --install /home/ashy/ROS2-ABAJA-DEV/build/radar_msgs
[4.013s] -- Install configuration: ""
[4.013s] -- Installing: /home/ashy/ROS2-ABAJA-DEV/install/radar_msgs/share/ament_index/resource_index/rosidl_interfaces/radar_msgs
[4.013s] -- Installing: /home/ashy/ROS2-ABAJA-DEV/install/radar_msgs/include/radar_msgs/radar_msgs
[4.013s] -- Installing: /home/ashy/ROS2-ABAJA-DEV/install/radar_msgs/include/radar_msgs/radar_msgs/msg
[4.013s] -- Installing: /home/ashy/ROS2-ABAJA-DEV/install/radar_msgs/include/radar_msgs/radar_msgs/msg/detail
[4.013s] -- Installing: /home/ashy/ROS2-ABAJA-DEV/install/radar_msgs/include/radar_msgs/radar_msgs/msg/detail/radar_track_list__struct.h
[4.013s] -- Installing: /home/ashy/ROS2-ABAJA-DEV/install/radar_msgs/include/radar_msgs/radar_msgs/msg/detail/radar_track__struct.h
[4.013s] -- Installing: /home/ashy/ROS2-ABAJA-DEV/install/radar_msgs/include/radar_msgs/radar_msgs/msg/detail/radar_track_list__functions.h
[4.014s] -- Installing: /home/ashy/ROS2-ABAJA-DEV/install/radar_msgs/include/radar_msgs/radar_msgs/msg/detail/radar_track_list__type_support.h
[4.014s] -- Installing: /home/ashy/ROS2-ABAJA-DEV/install/radar_msgs/include/radar_msgs/radar_msgs/msg/detail/radar_track__functions.h
[4.014s] -- Installing: /home/ashy/ROS2-ABAJA-DEV/install/radar_msgs/include/radar_msgs/radar_msgs/msg/detail/radar_track__functions.c
[4.014s] -- Installing: /home/ashy/ROS2-ABAJA-DEV/install/radar_msgs/include/radar_msgs/radar_msgs/msg/detail/radar_track__type_support.h
[4.014s] -- Installing: /home/ashy/ROS2-ABAJA-DEV/install/radar_msgs/include/radar_msgs/radar_msgs/msg/detail/radar_track_list__functions.c
[4.014s] -- Installing: /home/ashy/ROS2-ABAJA-DEV/install/radar_msgs/include/radar_msgs/radar_msgs/msg/radar_track.h
[4.014s] -- Installing: /home/ashy/ROS2-ABAJA-DEV/install/radar_msgs/include/radar_msgs/radar_msgs/msg/rosidl_generator_c__visibility_control.h
[4.015s] -- Installing: /home/ashy/ROS2-ABAJA-DEV/install/radar_msgs/include/radar_msgs/radar_msgs/msg/radar_track_list.h
[4.015s] -- Installing: /home/ashy/ROS2-ABAJA-DEV/install/radar_msgs/share/radar_msgs/environment/library_path.sh
[4.015s] -- Installing: /home/ashy/ROS2-ABAJA-DEV/install/radar_msgs/share/radar_msgs/environment/library_path.dsv
[4.015s] -- Installing: /home/ashy/ROS2-ABAJA-DEV/install/radar_msgs/lib/libradar_msgs__rosidl_generator_c.so
[4.015s] -- Set runtime path of "/home/ashy/ROS2-ABAJA-DEV/install/radar_msgs/lib/libradar_msgs__rosidl_generator_c.so" to ""
[4.015s] -- Up-to-date: /home/ashy/ROS2-ABAJA-DEV/install/radar_msgs/include/radar_msgs/radar_msgs
[4.016s] -- Up-to-date: /home/ashy/ROS2-ABAJA-DEV/install/radar_msgs/include/radar_msgs/radar_msgs/msg
[4.016s] -- Up-to-date: /home/ashy/ROS2-ABAJA-DEV/install/radar_msgs/include/radar_msgs/radar_msgs/msg/detail
[4.016s] -- Installing: /home/ashy/ROS2-ABAJA-DEV/install/radar_msgs/include/radar_msgs/radar_msgs/msg/detail/radar_track__rosidl_typesupport_fastrtps_c.h
[4.016s] -- Installing: /home/ashy/ROS2-ABAJA-DEV/install/radar_msgs/include/radar_msgs/radar_msgs/msg/detail/radar_track_list__rosidl_typesupport_fastrtps_c.h
[4.016s] -- Installing: /home/ashy/ROS2-ABAJA-DEV/install/radar_msgs/include/radar_msgs/radar_msgs/msg/rosidl_typesupport_fastrtps_c__visibility_control.h
[4.016s] -- Installing: /home/ashy/ROS2-ABAJA-DEV/install/radar_msgs/lib/libradar_msgs__rosidl_typesupport_fastrtps_c.so
[4.016s] -- Set runtime path of "/home/ashy/ROS2-ABAJA-DEV/install/radar_msgs/lib/libradar_msgs__rosidl_typesupport_fastrtps_c.so" to ""
[4.016s] -- Up-to-date: /home/ashy/ROS2-ABAJA-DEV/install/radar_msgs/include/radar_msgs/radar_msgs
[4.016s] -- Up-to-date: /home/ashy/ROS2-ABAJA-DEV/install/radar_msgs/include/radar_msgs/radar_msgs/msg
[4.016s] -- Up-to-date: /home/ashy/ROS2-ABAJA-DEV/install/radar_msgs/include/radar_msgs/radar_msgs/msg/detail
[4.016s] -- Installing: /home/ashy/ROS2-ABAJA-DEV/install/radar_msgs/include/radar_msgs/radar_msgs/msg/detail/radar_track__rosidl_typesupport_introspection_c.h
[4.016s] -- Installing: /home/ashy/ROS2-ABAJA-DEV/install/radar_msgs/include/radar_msgs/radar_msgs/msg/detail/radar_track__type_support.c
[4.017s] -- Installing: /home/ashy/ROS2-ABAJA-DEV/install/radar_msgs/include/radar_msgs/radar_msgs/msg/detail/radar_track_list__rosidl_typesupport_introspection_c.h
[4.017s] -- Installing: /home/ashy/ROS2-ABAJA-DEV/install/radar_msgs/include/radar_msgs/radar_msgs/msg/detail/radar_track_list__type_support.c
[4.017s] -- Installing: /home/ashy/ROS2-ABAJA-DEV/install/radar_msgs/include/radar_msgs/radar_msgs/msg/rosidl_typesupport_introspection_c__visibility_control.h
[4.017s] -- Installing: /home/ashy/ROS2-ABAJA-DEV/install/radar_msgs/lib/libradar_msgs__rosidl_typesupport_introspection_c.so
[4.017s] -- Set runtime path of "/home/ashy/ROS2-ABAJA-DEV/install/radar_msgs/lib/libradar_msgs__rosidl_typesupport_introspection_c.so" to ""
[4.017s] -- Installing: /home/ashy/ROS2-ABAJA-DEV/install/radar_msgs/lib/libradar_msgs__rosidl_typesupport_c.so
[4.017s] -- Set runtime path of "/home/ashy/ROS2-ABAJA-DEV/install/radar_msgs/lib/libradar_msgs__rosidl_typesupport_c.so" to ""
[4.017s] -- Up-to-date: /home/ashy/ROS2-ABAJA-DEV/install/radar_msgs/include/radar_msgs/radar_msgs
[4.017s] -- Up-to-date: /home/ashy/ROS2-ABAJA-DEV/install/radar_msgs/include/radar_msgs/radar_msgs/msg
[4.018s] -- Installing: /home/ashy/ROS2-ABAJA-DEV/install/radar_msgs/include/radar_msgs/radar_msgs/msg/rosidl_generator_cpp__visibility_control.hpp
[4.018s] -- Up-to-date: /home/ashy/ROS2-ABAJA-DEV/install/radar_msgs/include/radar_msgs/radar_msgs/msg/detail
[4.018s] -- Installing: /home/ashy/ROS2-ABAJA-DEV/install/radar_msgs/include/radar_msgs/radar_msgs/msg/detail/radar_track__builder.hpp
[4.018s] -- Installing: /home/ashy/ROS2-ABAJA-DEV/install/radar_msgs/include/radar_msgs/radar_msgs/msg/detail/radar_track__type_support.hpp
[4.018s] -- Installing: /home/ashy/ROS2-ABAJA-DEV/install/radar_msgs/include/radar_msgs/radar_msgs/msg/detail/radar_track_list__builder.hpp
[4.018s] -- Installing: /home/ashy/ROS2-ABAJA-DEV/install/radar_msgs/include/radar_msgs/radar_msgs/msg/detail/radar_track_list__traits.hpp
[4.018s] -- Installing: /home/ashy/ROS2-ABAJA-DEV/install/radar_msgs/include/radar_msgs/radar_msgs/msg/detail/radar_track_list__type_support.hpp
[4.018s] -- Installing: /home/ashy/ROS2-ABAJA-DEV/install/radar_msgs/include/radar_msgs/radar_msgs/msg/detail/radar_track_list__struct.hpp
[4.018s] -- Installing: /home/ashy/ROS2-ABAJA-DEV/install/radar_msgs/include/radar_msgs/radar_msgs/msg/detail/radar_track__traits.hpp
[4.018s] -- Installing: /home/ashy/ROS2-ABAJA-DEV/install/radar_msgs/include/radar_msgs/radar_msgs/msg/detail/radar_track__struct.hpp
[4.019s] -- Installing: /home/ashy/ROS2-ABAJA-DEV/install/radar_msgs/include/radar_msgs/radar_msgs/msg/radar_track.hpp
[4.019s] -- Installing: /home/ashy/ROS2-ABAJA-DEV/install/radar_msgs/include/radar_msgs/radar_msgs/msg/radar_track_list.hpp
[4.019s] -- Up-to-date: /home/ashy/ROS2-ABAJA-DEV/install/radar_msgs/include/radar_msgs/radar_msgs
[4.019s] -- Up-to-date: /home/ashy/ROS2-ABAJA-DEV/install/radar_msgs/include/radar_msgs/radar_msgs/msg
[4.019s] -- Up-to-date: /home/ashy/ROS2-ABAJA-DEV/install/radar_msgs/include/radar_msgs/radar_msgs/msg/detail
[4.019s] -- Installing: /home/ashy/ROS2-ABAJA-DEV/install/radar_msgs/include/radar_msgs/radar_msgs/msg/detail/radar_track_list__rosidl_typesupport_fastrtps_cpp.hpp
[4.019s] -- Installing: /home/ashy/ROS2-ABAJA-DEV/install/radar_msgs/include/radar_msgs/radar_msgs/msg/detail/dds_fastrtps
[4.019s] -- Installing: /home/ashy/ROS2-ABAJA-DEV/install/radar_msgs/include/radar_msgs/radar_msgs/msg/detail/radar_track__rosidl_typesupport_fastrtps_cpp.hpp
[4.019s] -- Installing: /home/ashy/ROS2-ABAJA-DEV/install/radar_msgs/include/radar_msgs/radar_msgs/msg/rosidl_typesupport_fastrtps_cpp__visibility_control.h
[4.019s] -- Installing: /home/ashy/ROS2-ABAJA-DEV/install/radar_msgs/lib/libradar_msgs__rosidl_typesupport_fastrtps_cpp.so
[4.020s] -- Set runtime path of "/home/ashy/ROS2-ABAJA-DEV/install/radar_msgs/lib/libradar_msgs__rosidl_typesupport_fastrtps_cpp.so" to ""
[4.020s] -- Up-to-date: /home/ashy/ROS2-ABAJA-DEV/install/radar_msgs/include/radar_msgs/radar_msgs
[4.020s] -- Up-to-date: /home/ashy/ROS2-ABAJA-DEV/install/radar_msgs/include/radar_msgs/radar_msgs/msg
[4.020s] -- Up-to-date: /home/ashy/ROS2-ABAJA-DEV/install/radar_msgs/include/radar_msgs/radar_msgs/msg/detail
[4.020s] -- Installing: /home/ashy/ROS2-ABAJA-DEV/install/radar_msgs/include/radar_msgs/radar_msgs/msg/detail/radar_track__type_support.cpp
[4.020s] -- Installing: /home/ashy/ROS2-ABAJA-DEV/install/radar_msgs/include/radar_msgs/radar_msgs/msg/detail/radar_track_list__type_support.cpp
[4.020s] -- Installing: /home/ashy/ROS2-ABAJA-DEV/install/radar_msgs/include/radar_msgs/radar_msgs/msg/detail/radar_track_list__rosidl_typesupport_introspection_cpp.hpp
[4.020s] -- Installing: /home/ashy/ROS2-ABAJA-DEV/install/radar_msgs/include/radar_msgs/radar_msgs/msg/detail/radar_track__rosidl_typesupport_introspection_cpp.hpp
[4.020s] -- Installing: /home/ashy/ROS2-ABAJA-DEV/install/radar_msgs/lib/libradar_msgs__rosidl_typesupport_introspection_cpp.so
[4.021s] -- Set runtime path of "/home/ashy/ROS2-ABAJA-DEV/install/radar_msgs/lib/libradar_msgs__rosidl_typesupport_introspection_cpp.so" to ""
[4.021s] -- Installing: /home/ashy/ROS2-ABAJA-DEV/install/radar_msgs/lib/libradar_msgs__rosidl_typesupport_cpp.so
[4.021s] -- Set runtime path of "/home/ashy/ROS2-ABAJA-DEV/install/radar_msgs/lib/libradar_msgs__rosidl_typesupport_cpp.so" to ""
[4.021s] -- Installing: /home/ashy/ROS2-ABAJA-DEV/install/radar_msgs/share/radar_msgs/environment/pythonpath.sh
[4.021s] -- Installing: /home/ashy/ROS2-ABAJA-DEV/install/radar_msgs/share/radar_msgs/environment/pythonpath.dsv
[4.021s] -- Installing: /home/ashy/ROS2-ABAJA-DEV/install/radar_msgs/local/lib/python3.10/dist-packages/radar_msgs-0.0.1-py3.10.egg-info
[4.021s] -- Installing: /home/ashy/ROS2-ABAJA-DEV/install/radar_msgs/local/lib/python3.10/dist-packages/radar_msgs-0.0.1-py3.10.egg-info/top_level.txt
[4.021s] -- Installing: /home/ashy/ROS2-ABAJA-DEV/install/radar_msgs/local/lib/python3.10/dist-packages/radar_msgs-0.0.1-py3.10.egg-info/PKG-INFO
[4.022s] -- Installing: /home/ashy/ROS2-ABAJA-DEV/install/radar_msgs/local/lib/python3.10/dist-packages/radar_msgs-0.0.1-py3.10.egg-info/dependency_links.txt
[4.022s] -- Installing: /home/ashy/ROS2-ABAJA-DEV/install/radar_msgs/local/lib/python3.10/dist-packages/radar_msgs-0.0.1-py3.10.egg-info/SOURCES.txt
[4.022s] -- Installing: /home/ashy/ROS2-ABAJA-DEV/install/radar_msgs/local/lib/python3.10/dist-packages/radar_msgs
[4.022s] -- Installing: /home/ashy/ROS2-ABAJA-DEV/install/radar_msgs/local/lib/python3.10/dist-packages/radar_msgs/__init__.py
[4.022s] -- Installing: /home/ashy/ROS2-ABAJA-DEV/install/radar_msgs/local/lib/python3.10/dist-packages/radar_msgs/_radar_msgs_s.ep.rosidl_typesupport_introspection_c.c
[4.022s] -- Installing: /home/ashy/ROS2-ABAJA-DEV/install/radar_msgs/local/lib/python3.10/dist-packages/radar_msgs/_radar_msgs_s.ep.rosidl_typesupport_c.c
[4.022s] -- Installing: /home/ashy/ROS2-ABAJA-DEV/install/radar_msgs/local/lib/python3.10/dist-packages/radar_msgs/radar_msgs_s__rosidl_typesupport_c.cpython-310-x86_64-linux-gnu.so
[4.022s] -- Installing: /home/ashy/ROS2-ABAJA-DEV/install/radar_msgs/local/lib/python3.10/dist-packages/radar_msgs/libradar_msgs__rosidl_generator_py.so
[4.022s] -- Installing: /home/ashy/ROS2-ABAJA-DEV/install/radar_msgs/local/lib/python3.10/dist-packages/radar_msgs/_radar_msgs_s.ep.rosidl_typesupport_fastrtps_c.c
[4.023s] -- Installing: /home/ashy/ROS2-ABAJA-DEV/install/radar_msgs/local/lib/python3.10/dist-packages/radar_msgs/radar_msgs_s__rosidl_typesupport_introspection_c.cpython-310-x86_64-linux-gnu.so
[4.023s] -- Installing: /home/ashy/ROS2-ABAJA-DEV/install/radar_msgs/local/lib/python3.10/dist-packages/radar_msgs/radar_msgs_s__rosidl_typesupport_fastrtps_c.cpython-310-x86_64-linux-gnu.so
[4.023s] -- Installing: /home/ashy/ROS2-ABAJA-DEV/install/radar_msgs/local/lib/python3.10/dist-packages/radar_msgs/msg
[4.023s] -- Installing: /home/ashy/ROS2-ABAJA-DEV/install/radar_msgs/local/lib/python3.10/dist-packages/radar_msgs/msg/_radar_track.py
[4.023s] -- Installing: /home/ashy/ROS2-ABAJA-DEV/install/radar_msgs/local/lib/python3.10/dist-packages/radar_msgs/msg/_radar_track_list.py
[4.023s] -- Installing: /home/ashy/ROS2-ABAJA-DEV/install/radar_msgs/local/lib/python3.10/dist-packages/radar_msgs/msg/__init__.py
[4.023s] -- Installing: /home/ashy/ROS2-ABAJA-DEV/install/radar_msgs/local/lib/python3.10/dist-packages/radar_msgs/msg/_radar_track_s.c
[4.023s] -- Installing: /home/ashy/ROS2-ABAJA-DEV/install/radar_msgs/local/lib/python3.10/dist-packages/radar_msgs/msg/_radar_track_list_s.c
[4.046s] Listing '/home/ashy/ROS2-ABAJA-DEV/install/radar_msgs/local/lib/python3.10/dist-packages/radar_msgs'...
[4.046s] Compiling '/home/ashy/ROS2-ABAJA-DEV/install/radar_msgs/local/lib/python3.10/dist-packages/radar_msgs/__init__.py'...
[4.046s] Listing '/home/ashy/ROS2-ABAJA-DEV/install/radar_msgs/local/lib/python3.10/dist-packages/radar_msgs/msg'...
[4.046s] Compiling '/home/ashy/ROS2-ABAJA-DEV/install/radar_msgs/local/lib/python3.10/dist-packages/radar_msgs/msg/__init__.py'...
[4.046s] Compiling '/home/ashy/ROS2-ABAJA-DEV/install/radar_msgs/local/lib/python3.10/dist-packages/radar_msgs/msg/_radar_track.py'...
[4.046s] Compiling '/home/ashy/ROS2-ABAJA-DEV/install/radar_msgs/local/lib/python3.10/dist-packages/radar_msgs/msg/_radar_track_list.py'...
[4.049s] -- Installing: /home/ashy/ROS2-ABAJA-DEV/install/radar_msgs/local/lib/python3.10/dist-packages/radar_msgs/radar_msgs_s__rosidl_typesupport_fastrtps_c.cpython-310-x86_64-linux-gnu.so
[4.050s] -- Set runtime path of "/home/ashy/ROS2-ABAJA-DEV/install/radar_msgs/local/lib/python3.10/dist-packages/radar_msgs/radar_msgs_s__rosidl_typesupport_fastrtps_c.cpython-310-x86_64-linux-gnu.so" to ""
[4.050s] -- Installing: /home/ashy/ROS2-ABAJA-DEV/install/radar_msgs/local/lib/python3.10/dist-packages/radar_msgs/radar_msgs_s__rosidl_typesupport_introspection_c.cpython-310-x86_64-linux-gnu.so
[4.050s] -- Set runtime path of "/home/ashy/ROS2-ABAJA-DEV/install/radar_msgs/local/lib/python3.10/dist-packages/radar_msgs/radar_msgs_s__rosidl_typesupport_introspection_c.cpython-310-x86_64-linux-gnu.so" to ""
[4.050s] -- Installing: /home/ashy/ROS2-ABAJA-DEV/install/radar_msgs/local/lib/python3.10/dist-packages/radar_msgs/radar_msgs_s__rosidl_typesupport_c.cpython-310-x86_64-linux-gnu.so
[4.051s] -- Set runtime path of "/home/ashy/ROS2-ABAJA-DEV/install/radar_msgs/local/lib/python3.10/dist-packages/radar_msgs/radar_msgs_s__rosidl_typesupport_c.cpython-310-x86_64-linux-gnu.so" to ""
[4.051s] -- Installing: /home/ashy/ROS2-ABAJA-DEV/install/radar_msgs/lib/libradar_msgs__rosidl_generator_py.so
[4.051s] -- Set runtime path of "/home/ashy/ROS2-ABAJA-DEV/install/radar_msgs/lib/libradar_msgs__rosidl_generator_py.so" to ""
[4.051s] -- Installing: /home/ashy/ROS2-ABAJA-DEV/install/radar_msgs/share/radar_msgs/msg/RadarTrack.idl
[4.051s] -- Installing: /home/ashy/ROS2-ABAJA-DEV/install/radar_msgs/share/radar_msgs/msg/RadarTrackList.idl
[4.051s] -- Installing: /home/ashy/ROS2-ABAJA-DEV/install/radar_msgs/share/radar_msgs/msg/RadarTrack.msg
[4.051s] -- Installing: /home/ashy/ROS2-ABAJA-DEV/install/radar_msgs/share/radar_msgs/msg/RadarTrackList.msg
[4.052s] -- Installing: /home/ashy/ROS2-ABAJA-DEV/install/radar_msgs/share/ament_index/resource_index/package_run_dependencies/radar_msgs
[4.052s] -- Installing: /home/ashy/ROS2-ABAJA-DEV/install/radar_msgs/share/ament_index/resource_index/parent_prefix_path/radar_msgs
[4.052s] -- Installing: /home/ashy/ROS2-ABAJA-DEV/install/radar_msgs/share/radar_msgs/environment/ament_prefix_path.sh
[4.052s] -- Installing: /home/ashy/ROS2-ABAJA-DEV/install/radar_msgs/share/radar_msgs/environment/ament_prefix_path.dsv
[4.052s] -- Installing: /home/ashy/ROS2-ABAJA-DEV/install/radar_msgs/share/radar_msgs/environment/path.sh
[4.052s] -- Installing: /home/ashy/ROS2-ABAJA-DEV/install/radar_msgs/share/radar_msgs/environment/path.dsv
[4.052s] -- Installing: /home/ashy/ROS2-ABAJA-DEV/install/radar_msgs/share/radar_msgs/local_setup.bash
[4.052s] -- Installing: /home/ashy/ROS2-ABAJA-DEV/install/radar_msgs/share/radar_msgs/local_setup.sh
[4.052s] -- Installing: /home/ashy/ROS2-ABAJA-DEV/install/radar_msgs/share/radar_msgs/local_setup.zsh
[4.053s] -- Installing: /home/ashy/ROS2-ABAJA-DEV/install/radar_msgs/share/radar_msgs/local_setup.dsv
[4.053s] -- Installing: /home/ashy/ROS2-ABAJA-DEV/install/radar_msgs/share/radar_msgs/package.dsv
[4.053s] -- Installing: /home/ashy/ROS2-ABAJA-DEV/install/radar_msgs/share/ament_index/resource_index/packages/radar_msgs
[4.053s] -- Installing: /home/ashy/ROS2-ABAJA-DEV/install/radar_msgs/share/radar_msgs/cmake/export_radar_msgs__rosidl_generator_cExport.cmake
[4.053s] -- Installing: /home/ashy/ROS2-ABAJA-DEV/install/radar_msgs/share/radar_msgs/cmake/export_radar_msgs__rosidl_generator_cExport-noconfig.cmake
[4.053s] -- Installing: /home/ashy/ROS2-ABAJA-DEV/install/radar_msgs/share/radar_msgs/cmake/export_radar_msgs__rosidl_typesupport_fastrtps_cExport.cmake
[4.053s] -- Installing: /home/ashy/ROS2-ABAJA-DEV/install/radar_msgs/share/radar_msgs/cmake/export_radar_msgs__rosidl_typesupport_fastrtps_cExport-noconfig.cmake
[4.053s] -- Installing: /home/ashy/ROS2-ABAJA-DEV/install/radar_msgs/share/radar_msgs/cmake/radar_msgs__rosidl_typesupport_introspection_cExport.cmake
[4.054s] -- Installing: /home/ashy/ROS2-ABAJA-DEV/install/radar_msgs/share/radar_msgs/cmake/radar_msgs__rosidl_typesupport_introspection_cExport-noconfig.cmake
[4.054s] -- Installing: /home/ashy/ROS2-ABAJA-DEV/install/radar_msgs/share/radar_msgs/cmake/radar_msgs__rosidl_typesupport_cExport.cmake
[4.054s] -- Installing: /home/ashy/ROS2-ABAJA-DEV/install/radar_msgs/share/radar_msgs/cmake/radar_msgs__rosidl_typesupport_cExport-noconfig.cmake
[4.054s] -- Installing: /home/ashy/ROS2-ABAJA-DEV/install/radar_msgs/share/radar_msgs/cmake/export_radar_msgs__rosidl_generator_cppExport.cmake
[4.054s] -- Installing: /home/ashy/ROS2-ABAJA-DEV/install/radar_msgs/share/radar_msgs/cmake/export_radar_msgs__rosidl_typesupport_fastrtps_cppExport.cmake
[4.054s] -- Installing: /home/ashy/ROS2-ABAJA-DEV/install/radar_msgs/share/radar_msgs/cmake/export_radar_msgs__rosidl_typesupport_fastrtps_cppExport-noconfig.cmake
[4.054s] -- Installing: /home/ashy/ROS2-ABAJA-DEV/install/radar_msgs/share/radar_msgs/cmake/radar_msgs__rosidl_typesupport_introspection_cppExport.cmake
[4.054s] -- Installing: /home/ashy/ROS2-ABAJA-DEV/install/radar_msgs/share/radar_msgs/cmake/radar_msgs__rosidl_typesupport_introspection_cppExport-noconfig.cmake
[4.055s] -- Installing: /home/ashy/ROS2-ABAJA-DEV/install/radar_msgs/share/radar_msgs/cmake/radar_msgs__rosidl_typesupport_cppExport.cmake
[4.055s] -- Installing: /home/ashy/ROS2-ABAJA-DEV/install/radar_msgs/share/radar_msgs/cmake/radar_msgs__rosidl_typesupport_cppExport-noconfig.cmake
[4.055s] -- Installing: /home/ashy/ROS2-ABAJA-DEV/install/radar_msgs/share/radar_msgs/cmake/export_radar_msgs__rosidl_generator_pyExport.cmake
[4.055s] -- Installing: /home/ashy/ROS2-ABAJA-DEV/install/radar_msgs/share/radar_msgs/cmake/export_radar_msgs__rosidl_generator_pyExport-noconfig.cmake
[4.055s] -- Installing: /home/ashy/ROS2-ABAJA-DEV/install/radar_msgs/share/radar_msgs/cmake/rosidl_cmake-extras.cmake
[4.055s] -- Installing: /home/ashy/ROS2-ABAJA-DEV/install/radar_msgs/share/radar_msgs/cmake/ament_cmake_export_dependencies-extras.cmake
[4.055s] -- Installing: /home/ashy/ROS2-ABAJA-DEV/install/radar_msgs/share/radar_msgs/cmake/ament_cmake_export_include_directories-extras.cmake
[4.055s] -- Installing: /home/ashy/ROS2-ABAJA-DEV/install/radar_msgs/share/radar_msgs/cmake/ament_cmake_export_libraries-extras.cmake
[4.055s] -- Installing: /home/ashy/ROS2-ABAJA-DEV/install/radar_msgs/share/radar_msgs/cmake/ament_cmake_export_targets-extras.cmake
[4.056s] -- Installing: /home/ashy/ROS2-ABAJA-DEV/install/radar_msgs/share/radar_msgs/cmake/rosidl_cmake_export_typesupport_targets-extras.cmake
[4.056s] -- Installing: /home/ashy/ROS2-ABAJA-DEV/install/radar_msgs/share/radar_msgs/cmake/rosidl_cmake_export_typesupport_libraries-extras.cmake
[4.056s] -- Installing: /home/ashy/ROS2-ABAJA-DEV/install/radar_msgs/share/radar_msgs/cmake/radar_msgsConfig.cmake
[4.056s] -- Installing: /home/ashy/ROS2-ABAJA-DEV/install/radar_msgs/share/radar_msgs/cmake/radar_msgsConfig-version.cmake
[4.056s] -- Installing: /home/ashy/ROS2-ABAJA-DEV/install/radar_msgs/share/radar_msgs/package.xml
[4.058s] Invoked command in '/home/ashy/ROS2-ABAJA-DEV/build/radar_msgs' returned '0': CMAKE_PREFIX_PATH=/opt/ros/humble /usr/bin/cmake --install /home/ashy/ROS2-ABAJA-DEV/build/radar_msgs
