[0.031s] Invoking command in '/home/ashy/abaja_ros2_dev/build/feedback': CMAKE_PREFIX_PATH=/opt/ros/humble /usr/bin/cmake /home/ashy/abaja_ros2_dev/src/feedback -DCMAKE_INSTALL_PREFIX=/home/ashy/abaja_ros2_dev/install/feedback
[0.100s] -- The C compiler identification is GNU 11.4.0
[0.173s] -- The CXX compiler identification is GNU 11.4.0
[0.181s] -- Detecting C compiler ABI info
[0.254s] -- Detecting C compiler ABI info - done
[0.260s] -- Check for working C compiler: /usr/bin/cc - skipped
[0.260s] -- Detecting C compile features
[0.261s] -- Detecting C compile features - done
[0.264s] -- Detecting CXX compiler ABI info
[0.342s] -- Detecting CXX compiler ABI info - done
[0.348s] -- Check for working CXX compiler: /usr/bin/c++ - skipped
[0.348s] -- Detecting CXX compile features
[0.348s] -- Detecting CXX compile features - done
[0.352s] -- Found ament_cmake: 1.3.11 (/opt/ros/humble/share/ament_cmake/cmake)
[0.649s] -- Found Python3: /usr/bin/python3 (found version "3.10.12") found components: Interpreter 
[0.718s] -- Found rosidl_default_generators: 1.2.0 (/opt/ros/humble/share/rosidl_default_generators/cmake)
[0.720s] -- Using all available rosidl_typesupport_c: rosidl_typesupport_fastrtps_c;rosidl_typesupport_introspection_c
[0.725s] -- Found rosidl_adapter: 3.1.6 (/opt/ros/humble/share/rosidl_adapter/cmake)
[0.755s] -- Using all available rosidl_typesupport_cpp: rosidl_typesupport_fastrtps_cpp;rosidl_typesupport_introspection_cpp
[0.777s] -- Found builtin_interfaces: 1.2.1 (/opt/ros/humble/share/builtin_interfaces/cmake)
[0.955s] -- Found ament_cmake_ros: 0.10.0 (/opt/ros/humble/share/ament_cmake_ros/cmake)
[1.093s] -- Using all available rosidl_typesupport_c: rosidl_typesupport_fastrtps_c;rosidl_typesupport_introspection_c
[1.264s] -- Using all available rosidl_typesupport_cpp: rosidl_typesupport_fastrtps_cpp;rosidl_typesupport_introspection_cpp
[1.280s] -- Found PythonInterp: /usr/bin/python3 (found suitable version "3.10.12", minimum required is "3.6") 
[1.281s] -- Found python_cmake_module: 0.10.0 (/opt/ros/humble/share/python_cmake_module/cmake)
[1.300s] -- Found PythonLibs: /usr/lib/x86_64-linux-gnu/libpython3.10.so (found suitable version "3.10.12", minimum required is "3.5") 
[1.301s] -- Using PYTHON_EXECUTABLE: /usr/bin/python3
[1.301s] -- Using PYTHON_INCLUDE_DIRS: /usr/include/python3.10
[1.301s] -- Using PYTHON_LIBRARIES: /usr/lib/x86_64-linux-gnu/libpython3.10.so
[1.319s] -- Found PythonExtra: .so  
[1.348s] -- Configuring done
[1.367s] -- Generating done
[1.373s] -- Build files have been written to: /home/ashy/abaja_ros2_dev/build/feedback
[1.379s] Invoked command in '/home/ashy/abaja_ros2_dev/build/feedback' returned '0': CMAKE_PREFIX_PATH=/opt/ros/humble /usr/bin/cmake /home/ashy/abaja_ros2_dev/src/feedback -DCMAKE_INSTALL_PREFIX=/home/ashy/abaja_ros2_dev/install/feedback
[1.380s] Invoking command in '/home/ashy/abaja_ros2_dev/build/feedback': CMAKE_PREFIX_PATH=/opt/ros/humble /usr/bin/cmake --build /home/ashy/abaja_ros2_dev/build/feedback -- -j16 -l16
[1.418s] [  3%] [34m[1mGenerating C code for ROS interfaces[0m
[1.426s] [  6%] [34m[1mGenerating C++ code for ROS interfaces[0m
[1.433s] [  6%] Built target ament_cmake_python_copy_feedback
[1.603s] running egg_info
[1.605s] [  9%] [32mBuilding C object CMakeFiles/feedback__rosidl_generator_c.dir/rosidl_generator_c/feedback/msg/detail/velocity__functions.c.o[0m
[1.605s] [  9%] Built target feedback__cpp
[1.618s] [ 12%] [34m[1mGenerating C++ introspection for ROS interfaces[0m
[1.618s] [ 16%] [34m[1mGenerating C++ type support dispatch for ROS interfaces[0m
[1.618s] [ 19%] [34m[1mGenerating C++ type support for eProsima Fast-RTPS[0m
[1.623s] creating feedback.egg-info
[1.623s] writing feedback.egg-info/PKG-INFO
[1.623s] writing dependency_links to feedback.egg-info/dependency_links.txt
[1.623s] writing top-level names to feedback.egg-info/top_level.txt
[1.624s] writing manifest file 'feedback.egg-info/SOURCES.txt'
[1.655s] [ 22%] [32m[1mLinking C shared library libfeedback__rosidl_generator_c.so[0m
[1.670s] reading manifest file 'feedback.egg-info/SOURCES.txt'
[1.671s] writing manifest file 'feedback.egg-info/SOURCES.txt'
[1.697s] [ 22%] Built target feedback__rosidl_generator_c
[1.706s] [ 22%] Built target ament_cmake_python_build_feedback_egg
[1.709s] [ 25%] [34m[1mGenerating C introspection for ROS interfaces[0m
[1.710s] [ 29%] [34m[1mGenerating C type support dispatch for ROS interfaces[0m
[1.710s] [ 32%] [34m[1mGenerating C type support for eProsima Fast-RTPS[0m
[1.884s] [ 35%] [32mBuilding CXX object CMakeFiles/feedback__rosidl_typesupport_fastrtps_cpp.dir/rosidl_typesupport_fastrtps_cpp/feedback/msg/detail/dds_fastrtps/velocity__type_support.cpp.o[0m
[1.944s] [ 38%] [32mBuilding CXX object CMakeFiles/feedback__rosidl_typesupport_introspection_cpp.dir/rosidl_typesupport_introspection_cpp/feedback/msg/detail/velocity__type_support.cpp.o[0m
[1.962s] [ 41%] [32mBuilding CXX object CMakeFiles/feedback__rosidl_typesupport_cpp.dir/rosidl_typesupport_cpp/feedback/msg/velocity__type_support.cpp.o[0m
[1.997s] [ 45%] [32mBuilding CXX object CMakeFiles/feedback__rosidl_typesupport_c.dir/rosidl_typesupport_c/feedback/msg/velocity__type_support.cpp.o[0m
[2.032s] [ 48%] [32mBuilding CXX object CMakeFiles/feedback__rosidl_typesupport_fastrtps_c.dir/rosidl_typesupport_fastrtps_c/feedback/msg/detail/velocity__type_support_c.cpp.o[0m
[2.034s] [ 51%] [32m[1mLinking CXX shared library libfeedback__rosidl_typesupport_c.so[0m
[2.074s] [ 54%] [32mBuilding C object CMakeFiles/feedback__rosidl_typesupport_introspection_c.dir/rosidl_typesupport_introspection_c/feedback/msg/detail/velocity__type_support.c.o[0m
[2.092s] [ 54%] Built target feedback__rosidl_typesupport_c
[2.132s] [ 58%] [32m[1mLinking C shared library libfeedback__rosidl_typesupport_introspection_c.so[0m
[2.192s] [ 58%] Built target feedback__rosidl_typesupport_introspection_c
[2.333s] [ 61%] [32m[1mLinking CXX shared library libfeedback__rosidl_typesupport_cpp.so[0m
[2.348s] [ 64%] [32m[1mLinking CXX shared library libfeedback__rosidl_typesupport_fastrtps_cpp.so[0m
[2.353s] [ 67%] [32m[1mLinking CXX shared library libfeedback__rosidl_typesupport_introspection_cpp.so[0m
[2.423s] [ 67%] Built target feedback__rosidl_typesupport_cpp
[2.437s] [ 70%] [32m[1mLinking CXX shared library libfeedback__rosidl_typesupport_fastrtps_c.so[0m
[2.454s] [ 70%] Built target feedback__rosidl_typesupport_introspection_cpp
[2.520s] [ 70%] Built target feedback__rosidl_typesupport_fastrtps_cpp
[2.626s] [ 70%] Built target feedback__rosidl_typesupport_fastrtps_c
[2.657s] [ 70%] Built target feedback
[2.683s] [ 74%] [34m[1mGenerating Python code for ROS interfaces[0m
[2.948s] [ 74%] Built target feedback__py
[2.965s] [ 77%] [32mBuilding C object CMakeFiles/feedback__rosidl_generator_py.dir/rosidl_generator_py/feedback/msg/_velocity_s.c.o[0m
[3.031s] [ 80%] [32m[1mLinking C shared library rosidl_generator_py/feedback/libfeedback__rosidl_generator_py.so[0m
[3.064s] [ 80%] Built target feedback__rosidl_generator_py
[3.080s] [ 87%] [32mBuilding C object CMakeFiles/feedback__rosidl_typesupport_fastrtps_c__pyext.dir/rosidl_generator_py/feedback/_feedback_s.ep.rosidl_typesupport_fastrtps_c.c.o[0m
[3.080s] [ 87%] [32mBuilding C object CMakeFiles/feedback__rosidl_typesupport_c__pyext.dir/rosidl_generator_py/feedback/_feedback_s.ep.rosidl_typesupport_c.c.o[0m
[3.081s] [ 90%] [32mBuilding C object CMakeFiles/feedback__rosidl_typesupport_introspection_c__pyext.dir/rosidl_generator_py/feedback/_feedback_s.ep.rosidl_typesupport_introspection_c.c.o[0m
[3.147s] [ 93%] [32m[1mLinking C shared library rosidl_generator_py/feedback/feedback_s__rosidl_typesupport_c.cpython-310-x86_64-linux-gnu.so[0m
[3.147s] [ 96%] [32m[1mLinking C shared library rosidl_generator_py/feedback/feedback_s__rosidl_typesupport_fastrtps_c.cpython-310-x86_64-linux-gnu.so[0m
[3.149s] [100%] [32m[1mLinking C shared library rosidl_generator_py/feedback/feedback_s__rosidl_typesupport_introspection_c.cpython-310-x86_64-linux-gnu.so[0m
[3.174s] [100%] Built target feedback__rosidl_typesupport_c__pyext
[3.174s] [100%] Built target feedback__rosidl_typesupport_fastrtps_c__pyext
[3.174s] [100%] Built target feedback__rosidl_typesupport_introspection_c__pyext
[3.184s] Invoked command in '/home/ashy/abaja_ros2_dev/build/feedback' returned '0': CMAKE_PREFIX_PATH=/opt/ros/humble /usr/bin/cmake --build /home/ashy/abaja_ros2_dev/build/feedback -- -j16 -l16
[3.186s] Invoking command in '/home/ashy/abaja_ros2_dev/build/feedback': CMAKE_PREFIX_PATH=/opt/ros/humble /usr/bin/cmake --install /home/ashy/abaja_ros2_dev/build/feedback
[3.192s] -- Install configuration: ""
[3.192s] -- Installing: /home/ashy/abaja_ros2_dev/install/feedback/share/ament_index/resource_index/rosidl_interfaces/feedback
[3.192s] -- Installing: /home/ashy/abaja_ros2_dev/install/feedback/include/feedback/feedback
[3.192s] -- Installing: /home/ashy/abaja_ros2_dev/install/feedback/include/feedback/feedback/msg
[3.193s] -- Installing: /home/ashy/abaja_ros2_dev/install/feedback/include/feedback/feedback/msg/detail
[3.193s] -- Installing: /home/ashy/abaja_ros2_dev/install/feedback/include/feedback/feedback/msg/detail/velocity__type_support.h
[3.193s] -- Installing: /home/ashy/abaja_ros2_dev/install/feedback/include/feedback/feedback/msg/detail/velocity__struct.h
[3.193s] -- Installing: /home/ashy/abaja_ros2_dev/install/feedback/include/feedback/feedback/msg/detail/velocity__functions.h
[3.193s] -- Installing: /home/ashy/abaja_ros2_dev/install/feedback/include/feedback/feedback/msg/detail/velocity__functions.c
[3.193s] -- Installing: /home/ashy/abaja_ros2_dev/install/feedback/include/feedback/feedback/msg/velocity.h
[3.193s] -- Installing: /home/ashy/abaja_ros2_dev/install/feedback/include/feedback/feedback/msg/rosidl_generator_c__visibility_control.h
[3.193s] -- Installing: /home/ashy/abaja_ros2_dev/install/feedback/share/feedback/environment/library_path.sh
[3.193s] -- Installing: /home/ashy/abaja_ros2_dev/install/feedback/share/feedback/environment/library_path.dsv
[3.194s] -- Installing: /home/ashy/abaja_ros2_dev/install/feedback/lib/libfeedback__rosidl_generator_c.so
[3.194s] -- Set runtime path of "/home/ashy/abaja_ros2_dev/install/feedback/lib/libfeedback__rosidl_generator_c.so" to ""
[3.194s] -- Up-to-date: /home/ashy/abaja_ros2_dev/install/feedback/include/feedback/feedback
[3.194s] -- Up-to-date: /home/ashy/abaja_ros2_dev/install/feedback/include/feedback/feedback/msg
[3.194s] -- Up-to-date: /home/ashy/abaja_ros2_dev/install/feedback/include/feedback/feedback/msg/detail
[3.194s] -- Installing: /home/ashy/abaja_ros2_dev/install/feedback/include/feedback/feedback/msg/detail/velocity__rosidl_typesupport_fastrtps_c.h
[3.194s] -- Installing: /home/ashy/abaja_ros2_dev/install/feedback/include/feedback/feedback/msg/rosidl_typesupport_fastrtps_c__visibility_control.h
[3.194s] -- Installing: /home/ashy/abaja_ros2_dev/install/feedback/lib/libfeedback__rosidl_typesupport_fastrtps_c.so
[3.194s] -- Set runtime path of "/home/ashy/abaja_ros2_dev/install/feedback/lib/libfeedback__rosidl_typesupport_fastrtps_c.so" to ""
[3.195s] -- Up-to-date: /home/ashy/abaja_ros2_dev/install/feedback/include/feedback/feedback
[3.195s] -- Up-to-date: /home/ashy/abaja_ros2_dev/install/feedback/include/feedback/feedback/msg
[3.195s] -- Up-to-date: /home/ashy/abaja_ros2_dev/install/feedback/include/feedback/feedback/msg/detail
[3.195s] -- Installing: /home/ashy/abaja_ros2_dev/install/feedback/include/feedback/feedback/msg/detail/velocity__type_support.c
[3.195s] -- Installing: /home/ashy/abaja_ros2_dev/install/feedback/include/feedback/feedback/msg/detail/velocity__rosidl_typesupport_introspection_c.h
[3.195s] -- Installing: /home/ashy/abaja_ros2_dev/install/feedback/include/feedback/feedback/msg/rosidl_typesupport_introspection_c__visibility_control.h
[3.195s] -- Installing: /home/ashy/abaja_ros2_dev/install/feedback/lib/libfeedback__rosidl_typesupport_introspection_c.so
[3.195s] -- Set runtime path of "/home/ashy/abaja_ros2_dev/install/feedback/lib/libfeedback__rosidl_typesupport_introspection_c.so" to ""
[3.195s] -- Installing: /home/ashy/abaja_ros2_dev/install/feedback/lib/libfeedback__rosidl_typesupport_c.so
[3.195s] -- Set runtime path of "/home/ashy/abaja_ros2_dev/install/feedback/lib/libfeedback__rosidl_typesupport_c.so" to ""
[3.196s] -- Up-to-date: /home/ashy/abaja_ros2_dev/install/feedback/include/feedback/feedback
[3.198s] -- Up-to-date: /home/ashy/abaja_ros2_dev/install/feedback/include/feedback/feedback/msg
[3.198s] -- Installing: /home/ashy/abaja_ros2_dev/install/feedback/include/feedback/feedback/msg/rosidl_generator_cpp__visibility_control.hpp
[3.198s] -- Up-to-date: /home/ashy/abaja_ros2_dev/install/feedback/include/feedback/feedback/msg/detail
[3.198s] -- Installing: /home/ashy/abaja_ros2_dev/install/feedback/include/feedback/feedback/msg/detail/velocity__builder.hpp
[3.198s] -- Installing: /home/ashy/abaja_ros2_dev/install/feedback/include/feedback/feedback/msg/detail/velocity__type_support.hpp
[3.199s] -- Installing: /home/ashy/abaja_ros2_dev/install/feedback/include/feedback/feedback/msg/detail/velocity__traits.hpp
[3.199s] -- Installing: /home/ashy/abaja_ros2_dev/install/feedback/include/feedback/feedback/msg/detail/velocity__struct.hpp
[3.199s] -- Installing: /home/ashy/abaja_ros2_dev/install/feedback/include/feedback/feedback/msg/velocity.hpp
[3.199s] -- Up-to-date: /home/ashy/abaja_ros2_dev/install/feedback/include/feedback/feedback
[3.199s] -- Up-to-date: /home/ashy/abaja_ros2_dev/install/feedback/include/feedback/feedback/msg
[3.199s] -- Up-to-date: /home/ashy/abaja_ros2_dev/install/feedback/include/feedback/feedback/msg/detail
[3.199s] -- Installing: /home/ashy/abaja_ros2_dev/install/feedback/include/feedback/feedback/msg/detail/dds_fastrtps
[3.199s] -- Installing: /home/ashy/abaja_ros2_dev/install/feedback/include/feedback/feedback/msg/detail/velocity__rosidl_typesupport_fastrtps_cpp.hpp
[3.199s] -- Installing: /home/ashy/abaja_ros2_dev/install/feedback/include/feedback/feedback/msg/rosidl_typesupport_fastrtps_cpp__visibility_control.h
[3.199s] -- Installing: /home/ashy/abaja_ros2_dev/install/feedback/lib/libfeedback__rosidl_typesupport_fastrtps_cpp.so
[3.199s] -- Set runtime path of "/home/ashy/abaja_ros2_dev/install/feedback/lib/libfeedback__rosidl_typesupport_fastrtps_cpp.so" to ""
[3.199s] -- Up-to-date: /home/ashy/abaja_ros2_dev/install/feedback/include/feedback/feedback
[3.199s] -- Up-to-date: /home/ashy/abaja_ros2_dev/install/feedback/include/feedback/feedback/msg
[3.199s] -- Up-to-date: /home/ashy/abaja_ros2_dev/install/feedback/include/feedback/feedback/msg/detail
[3.199s] -- Installing: /home/ashy/abaja_ros2_dev/install/feedback/include/feedback/feedback/msg/detail/velocity__type_support.cpp
[3.199s] -- Installing: /home/ashy/abaja_ros2_dev/install/feedback/include/feedback/feedback/msg/detail/velocity__rosidl_typesupport_introspection_cpp.hpp
[3.199s] -- Installing: /home/ashy/abaja_ros2_dev/install/feedback/lib/libfeedback__rosidl_typesupport_introspection_cpp.so
[3.199s] -- Set runtime path of "/home/ashy/abaja_ros2_dev/install/feedback/lib/libfeedback__rosidl_typesupport_introspection_cpp.so" to ""
[3.199s] -- Installing: /home/ashy/abaja_ros2_dev/install/feedback/lib/libfeedback__rosidl_typesupport_cpp.so
[3.199s] -- Set runtime path of "/home/ashy/abaja_ros2_dev/install/feedback/lib/libfeedback__rosidl_typesupport_cpp.so" to ""
[3.199s] -- Installing: /home/ashy/abaja_ros2_dev/install/feedback/share/feedback/environment/pythonpath.sh
[3.199s] -- Installing: /home/ashy/abaja_ros2_dev/install/feedback/share/feedback/environment/pythonpath.dsv
[3.200s] -- Installing: /home/ashy/abaja_ros2_dev/install/feedback/local/lib/python3.10/dist-packages/feedback-0.0.0-py3.10.egg-info
[3.200s] -- Installing: /home/ashy/abaja_ros2_dev/install/feedback/local/lib/python3.10/dist-packages/feedback-0.0.0-py3.10.egg-info/top_level.txt
[3.200s] -- Installing: /home/ashy/abaja_ros2_dev/install/feedback/local/lib/python3.10/dist-packages/feedback-0.0.0-py3.10.egg-info/PKG-INFO
[3.200s] -- Installing: /home/ashy/abaja_ros2_dev/install/feedback/local/lib/python3.10/dist-packages/feedback-0.0.0-py3.10.egg-info/dependency_links.txt
[3.200s] -- Installing: /home/ashy/abaja_ros2_dev/install/feedback/local/lib/python3.10/dist-packages/feedback-0.0.0-py3.10.egg-info/SOURCES.txt
[3.200s] -- Installing: /home/ashy/abaja_ros2_dev/install/feedback/local/lib/python3.10/dist-packages/feedback
[3.200s] -- Installing: /home/ashy/abaja_ros2_dev/install/feedback/local/lib/python3.10/dist-packages/feedback/_feedback_s.ep.rosidl_typesupport_fastrtps_c.c
[3.200s] -- Installing: /home/ashy/abaja_ros2_dev/install/feedback/local/lib/python3.10/dist-packages/feedback/feedback_s__rosidl_typesupport_introspection_c.cpython-310-x86_64-linux-gnu.so
[3.200s] -- Installing: /home/ashy/abaja_ros2_dev/install/feedback/local/lib/python3.10/dist-packages/feedback/_feedback_s.ep.rosidl_typesupport_c.c
[3.200s] -- Installing: /home/ashy/abaja_ros2_dev/install/feedback/local/lib/python3.10/dist-packages/feedback/__init__.py
[3.200s] -- Installing: /home/ashy/abaja_ros2_dev/install/feedback/local/lib/python3.10/dist-packages/feedback/feedback_s__rosidl_typesupport_c.cpython-310-x86_64-linux-gnu.so
[3.200s] -- Installing: /home/ashy/abaja_ros2_dev/install/feedback/local/lib/python3.10/dist-packages/feedback/libfeedback__rosidl_generator_py.so
[3.200s] -- Installing: /home/ashy/abaja_ros2_dev/install/feedback/local/lib/python3.10/dist-packages/feedback/msg
[3.200s] -- Installing: /home/ashy/abaja_ros2_dev/install/feedback/local/lib/python3.10/dist-packages/feedback/msg/__init__.py
[3.200s] -- Installing: /home/ashy/abaja_ros2_dev/install/feedback/local/lib/python3.10/dist-packages/feedback/msg/_velocity_s.c
[3.200s] -- Installing: /home/ashy/abaja_ros2_dev/install/feedback/local/lib/python3.10/dist-packages/feedback/msg/_velocity.py
[3.200s] -- Installing: /home/ashy/abaja_ros2_dev/install/feedback/local/lib/python3.10/dist-packages/feedback/_feedback_s.ep.rosidl_typesupport_introspection_c.c
[3.200s] -- Installing: /home/ashy/abaja_ros2_dev/install/feedback/local/lib/python3.10/dist-packages/feedback/feedback_s__rosidl_typesupport_fastrtps_c.cpython-310-x86_64-linux-gnu.so
[3.228s] Listing '/home/ashy/abaja_ros2_dev/install/feedback/local/lib/python3.10/dist-packages/feedback'...
[3.228s] Compiling '/home/ashy/abaja_ros2_dev/install/feedback/local/lib/python3.10/dist-packages/feedback/__init__.py'...
[3.228s] Listing '/home/ashy/abaja_ros2_dev/install/feedback/local/lib/python3.10/dist-packages/feedback/msg'...
[3.228s] Compiling '/home/ashy/abaja_ros2_dev/install/feedback/local/lib/python3.10/dist-packages/feedback/msg/__init__.py'...
[3.228s] Compiling '/home/ashy/abaja_ros2_dev/install/feedback/local/lib/python3.10/dist-packages/feedback/msg/_velocity.py'...
[3.232s] -- Installing: /home/ashy/abaja_ros2_dev/install/feedback/local/lib/python3.10/dist-packages/feedback/feedback_s__rosidl_typesupport_fastrtps_c.cpython-310-x86_64-linux-gnu.so
[3.232s] -- Set runtime path of "/home/ashy/abaja_ros2_dev/install/feedback/local/lib/python3.10/dist-packages/feedback/feedback_s__rosidl_typesupport_fastrtps_c.cpython-310-x86_64-linux-gnu.so" to ""
[3.232s] -- Installing: /home/ashy/abaja_ros2_dev/install/feedback/local/lib/python3.10/dist-packages/feedback/feedback_s__rosidl_typesupport_introspection_c.cpython-310-x86_64-linux-gnu.so
[3.232s] -- Set runtime path of "/home/ashy/abaja_ros2_dev/install/feedback/local/lib/python3.10/dist-packages/feedback/feedback_s__rosidl_typesupport_introspection_c.cpython-310-x86_64-linux-gnu.so" to ""
[3.233s] -- Installing: /home/ashy/abaja_ros2_dev/install/feedback/local/lib/python3.10/dist-packages/feedback/feedback_s__rosidl_typesupport_c.cpython-310-x86_64-linux-gnu.so
[3.233s] -- Set runtime path of "/home/ashy/abaja_ros2_dev/install/feedback/local/lib/python3.10/dist-packages/feedback/feedback_s__rosidl_typesupport_c.cpython-310-x86_64-linux-gnu.so" to ""
[3.233s] -- Installing: /home/ashy/abaja_ros2_dev/install/feedback/lib/libfeedback__rosidl_generator_py.so
[3.233s] -- Set runtime path of "/home/ashy/abaja_ros2_dev/install/feedback/lib/libfeedback__rosidl_generator_py.so" to ""
[3.233s] -- Installing: /home/ashy/abaja_ros2_dev/install/feedback/share/feedback/msg/Velocity.idl
[3.233s] -- Installing: /home/ashy/abaja_ros2_dev/install/feedback/share/feedback/msg/Velocity.msg
[3.233s] -- Installing: /home/ashy/abaja_ros2_dev/install/feedback/share/ament_index/resource_index/package_run_dependencies/feedback
[3.234s] -- Installing: /home/ashy/abaja_ros2_dev/install/feedback/share/ament_index/resource_index/parent_prefix_path/feedback
[3.234s] -- Installing: /home/ashy/abaja_ros2_dev/install/feedback/share/feedback/environment/ament_prefix_path.sh
[3.234s] -- Installing: /home/ashy/abaja_ros2_dev/install/feedback/share/feedback/environment/ament_prefix_path.dsv
[3.234s] -- Installing: /home/ashy/abaja_ros2_dev/install/feedback/share/feedback/environment/path.sh
[3.234s] -- Installing: /home/ashy/abaja_ros2_dev/install/feedback/share/feedback/environment/path.dsv
[3.234s] -- Installing: /home/ashy/abaja_ros2_dev/install/feedback/share/feedback/local_setup.bash
[3.234s] -- Installing: /home/ashy/abaja_ros2_dev/install/feedback/share/feedback/local_setup.sh
[3.234s] -- Installing: /home/ashy/abaja_ros2_dev/install/feedback/share/feedback/local_setup.zsh
[3.234s] -- Installing: /home/ashy/abaja_ros2_dev/install/feedback/share/feedback/local_setup.dsv
[3.235s] -- Installing: /home/ashy/abaja_ros2_dev/install/feedback/share/feedback/package.dsv
[3.235s] -- Installing: /home/ashy/abaja_ros2_dev/install/feedback/share/ament_index/resource_index/packages/feedback
[3.235s] -- Installing: /home/ashy/abaja_ros2_dev/install/feedback/share/feedback/cmake/export_feedback__rosidl_generator_cExport.cmake
[3.235s] -- Installing: /home/ashy/abaja_ros2_dev/install/feedback/share/feedback/cmake/export_feedback__rosidl_generator_cExport-noconfig.cmake
[3.235s] -- Installing: /home/ashy/abaja_ros2_dev/install/feedback/share/feedback/cmake/export_feedback__rosidl_typesupport_fastrtps_cExport.cmake
[3.235s] -- Installing: /home/ashy/abaja_ros2_dev/install/feedback/share/feedback/cmake/export_feedback__rosidl_typesupport_fastrtps_cExport-noconfig.cmake
[3.235s] -- Installing: /home/ashy/abaja_ros2_dev/install/feedback/share/feedback/cmake/feedback__rosidl_typesupport_introspection_cExport.cmake
[3.236s] -- Installing: /home/ashy/abaja_ros2_dev/install/feedback/share/feedback/cmake/feedback__rosidl_typesupport_introspection_cExport-noconfig.cmake
[3.236s] -- Installing: /home/ashy/abaja_ros2_dev/install/feedback/share/feedback/cmake/feedback__rosidl_typesupport_cExport.cmake
[3.236s] -- Installing: /home/ashy/abaja_ros2_dev/install/feedback/share/feedback/cmake/feedback__rosidl_typesupport_cExport-noconfig.cmake
[3.236s] -- Installing: /home/ashy/abaja_ros2_dev/install/feedback/share/feedback/cmake/export_feedback__rosidl_generator_cppExport.cmake
[3.236s] -- Installing: /home/ashy/abaja_ros2_dev/install/feedback/share/feedback/cmake/export_feedback__rosidl_typesupport_fastrtps_cppExport.cmake
[3.236s] -- Installing: /home/ashy/abaja_ros2_dev/install/feedback/share/feedback/cmake/export_feedback__rosidl_typesupport_fastrtps_cppExport-noconfig.cmake
[3.236s] -- Installing: /home/ashy/abaja_ros2_dev/install/feedback/share/feedback/cmake/feedback__rosidl_typesupport_introspection_cppExport.cmake
[3.236s] -- Installing: /home/ashy/abaja_ros2_dev/install/feedback/share/feedback/cmake/feedback__rosidl_typesupport_introspection_cppExport-noconfig.cmake
[3.237s] -- Installing: /home/ashy/abaja_ros2_dev/install/feedback/share/feedback/cmake/feedback__rosidl_typesupport_cppExport.cmake
[3.237s] -- Installing: /home/ashy/abaja_ros2_dev/install/feedback/share/feedback/cmake/feedback__rosidl_typesupport_cppExport-noconfig.cmake
[3.237s] -- Installing: /home/ashy/abaja_ros2_dev/install/feedback/share/feedback/cmake/export_feedback__rosidl_generator_pyExport.cmake
[3.237s] -- Installing: /home/ashy/abaja_ros2_dev/install/feedback/share/feedback/cmake/export_feedback__rosidl_generator_pyExport-noconfig.cmake
[3.237s] -- Installing: /home/ashy/abaja_ros2_dev/install/feedback/share/feedback/cmake/rosidl_cmake-extras.cmake
[3.237s] -- Installing: /home/ashy/abaja_ros2_dev/install/feedback/share/feedback/cmake/ament_cmake_export_dependencies-extras.cmake
[3.237s] -- Installing: /home/ashy/abaja_ros2_dev/install/feedback/share/feedback/cmake/ament_cmake_export_include_directories-extras.cmake
[3.237s] -- Installing: /home/ashy/abaja_ros2_dev/install/feedback/share/feedback/cmake/ament_cmake_export_libraries-extras.cmake
[3.238s] -- Installing: /home/ashy/abaja_ros2_dev/install/feedback/share/feedback/cmake/ament_cmake_export_targets-extras.cmake
[3.238s] -- Installing: /home/ashy/abaja_ros2_dev/install/feedback/share/feedback/cmake/rosidl_cmake_export_typesupport_targets-extras.cmake
[3.238s] -- Installing: /home/ashy/abaja_ros2_dev/install/feedback/share/feedback/cmake/rosidl_cmake_export_typesupport_libraries-extras.cmake
[3.238s] -- Installing: /home/ashy/abaja_ros2_dev/install/feedback/share/feedback/cmake/feedbackConfig.cmake
[3.238s] -- Installing: /home/ashy/abaja_ros2_dev/install/feedback/share/feedback/cmake/feedbackConfig-version.cmake
[3.238s] -- Installing: /home/ashy/abaja_ros2_dev/install/feedback/share/feedback/package.xml
[3.240s] Invoked command in '/home/ashy/abaja_ros2_dev/build/feedback' returned '0': CMAKE_PREFIX_PATH=/opt/ros/humble /usr/bin/cmake --install /home/ashy/abaja_ros2_dev/build/feedback
