[0.287s] [34mcolcon[0m [1;30mDEBUG[0m [32mCommand line arguments: ['/usr/bin/colcon', 'build'][0m
[0.287s] [34mcolcon[0m [1;30mDEBUG[0m [32mParsed command line arguments: Namespace(log_base=None, log_level=None, verb_name='build', build_base='build', install_base='install', merge_install=False, symlink_install=False, test_result_base=None, continue_on_error=False, executor='parallel', parallel_workers=6, event_handlers=None, ignore_user_meta=False, metas=['./colcon.meta'], base_paths=['.'], packages_ignore=None, packages_ignore_regex=None, paths=None, packages_up_to=None, packages_up_to_regex=None, packages_above=None, packages_above_and_dependencies=None, packages_above_depth=None, packages_select_by_dep=None, packages_skip_by_dep=None, packages_skip_up_to=None, packages_select_build_failed=False, packages_skip_build_finished=False, packages_select_test_failures=False, packages_skip_test_passed=False, packages_select=None, packages_skip=None, packages_select_regex=None, packages_skip_regex=None, packages_start=None, packages_end=None, allow_overriding=[], cmake_args=None, cmake_target=None, cmake_target_skip_unavailable=False, cmake_clean_cache=False, cmake_clean_first=False, cmake_force_configure=False, ament_cmake_args=None, catkin_cmake_args=None, catkin_skip_building_tests=False, mixin_files=None, mixin=None, verb_parser=<colcon_mixin.mixin.mixin_argument.MixinArgumentDecorator object at 0xffffa4fd54e0>, verb_extension=<colcon_core.verb.build.BuildVerb object at 0xffffa510ea40>, main=<bound method BuildVerb.main of <colcon_core.verb.build.BuildVerb object at 0xffffa510ea40>>, mixin_verb=('build',))[0m
[0.731s] [34mcolcon.colcon_core.package_discovery[0m [1;30mLevel 1[0m discover_packages(colcon_meta) check parameters
[0.732s] [34mcolcon.colcon_core.package_discovery[0m [1;30mLevel 1[0m discover_packages(recursive) check parameters
[0.732s] [34mcolcon.colcon_core.package_discovery[0m [1;30mLevel 1[0m discover_packages(ignore) check parameters
[0.732s] [34mcolcon.colcon_core.package_discovery[0m [1;30mLevel 1[0m discover_packages(path) check parameters
[0.732s] [34mcolcon.colcon_core.package_discovery[0m [1;30mLevel 1[0m discover_packages(colcon_meta) discover
[0.733s] [34mcolcon.colcon_core.package_discovery[0m [1;30mLevel 1[0m discover_packages(recursive) discover
[0.733s] [34mcolcon.colcon_core.package_discovery[0m [1;30mINFO[0m Crawling recursively for packages in '/home/nvidia/ROS2-ABAJA-DEV-main'
[0.733s] [34mcolcon.colcon_core.package_identification[0m [1;30mLevel 1[0m _identify(.) by extensions ['ignore', 'ignore_ament_install']
[0.733s] [34mcolcon.colcon_core.package_identification[0m [1;30mLevel 1[0m _identify(.) by extension 'ignore'
[0.734s] [34mcolcon.colcon_core.package_identification[0m [1;30mLevel 1[0m _identify(.) by extension 'ignore_ament_install'
[0.734s] [34mcolcon.colcon_core.package_identification[0m [1;30mLevel 1[0m _identify(.) by extensions ['colcon_pkg']
[0.734s] [34mcolcon.colcon_core.package_identification[0m [1;30mLevel 1[0m _identify(.) by extension 'colcon_pkg'
[0.734s] [34mcolcon.colcon_core.package_identification[0m [1;30mLevel 1[0m _identify(.) by extensions ['colcon_meta']
[0.734s] [34mcolcon.colcon_core.package_identification[0m [1;30mLevel 1[0m _identify(.) by extension 'colcon_meta'
[0.734s] [34mcolcon.colcon_core.package_identification[0m [1;30mLevel 1[0m _identify(.) by extensions ['ros']
[0.734s] [34mcolcon.colcon_core.package_identification[0m [1;30mLevel 1[0m _identify(.) by extension 'ros'
[0.790s] [34mcolcon.colcon_core.package_identification[0m [1;30mLevel 1[0m _identify(.) by extensions ['cmake', 'python']
[0.790s] [34mcolcon.colcon_core.package_identification[0m [1;30mLevel 1[0m _identify(.) by extension 'cmake'
[0.790s] [34mcolcon.colcon_core.package_identification[0m [1;30mLevel 1[0m _identify(.) by extension 'python'
[0.790s] [34mcolcon.colcon_core.package_identification[0m [1;30mLevel 1[0m _identify(.) by extensions ['python_setup_py']
[0.790s] [34mcolcon.colcon_core.package_identification[0m [1;30mLevel 1[0m _identify(.) by extension 'python_setup_py'
[0.791s] [34mcolcon.colcon_core.package_identification[0m [1;30mLevel 1[0m _identify(build) by extensions ['ignore', 'ignore_ament_install']
[0.791s] [34mcolcon.colcon_core.package_identification[0m [1;30mLevel 1[0m _identify(build) by extension 'ignore'
[0.791s] [34mcolcon.colcon_core.package_identification[0m [1;30mLevel 1[0m _identify(build) ignored
[0.792s] [34mcolcon.colcon_core.package_identification[0m [1;30mLevel 1[0m _identify(docker) by extensions ['ignore', 'ignore_ament_install']
[0.792s] [34mcolcon.colcon_core.package_identification[0m [1;30mLevel 1[0m _identify(docker) by extension 'ignore'
[0.792s] [34mcolcon.colcon_core.package_identification[0m [1;30mLevel 1[0m _identify(docker) by extension 'ignore_ament_install'
[0.792s] [34mcolcon.colcon_core.package_identification[0m [1;30mLevel 1[0m _identify(docker) by extensions ['colcon_pkg']
[0.792s] [34mcolcon.colcon_core.package_identification[0m [1;30mLevel 1[0m _identify(docker) by extension 'colcon_pkg'
[0.792s] [34mcolcon.colcon_core.package_identification[0m [1;30mLevel 1[0m _identify(docker) by extensions ['colcon_meta']
[0.792s] [34mcolcon.colcon_core.package_identification[0m [1;30mLevel 1[0m _identify(docker) by extension 'colcon_meta'
[0.792s] [34mcolcon.colcon_core.package_identification[0m [1;30mLevel 1[0m _identify(docker) by extensions ['ros']
[0.792s] [34mcolcon.colcon_core.package_identification[0m [1;30mLevel 1[0m _identify(docker) by extension 'ros'
[0.793s] [34mcolcon.colcon_core.package_identification[0m [1;30mLevel 1[0m _identify(docker) by extensions ['cmake', 'python']
[0.793s] [34mcolcon.colcon_core.package_identification[0m [1;30mLevel 1[0m _identify(docker) by extension 'cmake'
[0.793s] [34mcolcon.colcon_core.package_identification[0m [1;30mLevel 1[0m _identify(docker) by extension 'python'
[0.793s] [34mcolcon.colcon_core.package_identification[0m [1;30mLevel 1[0m _identify(docker) by extensions ['python_setup_py']
[0.793s] [34mcolcon.colcon_core.package_identification[0m [1;30mLevel 1[0m _identify(docker) by extension 'python_setup_py'
[0.793s] [34mcolcon.colcon_core.package_identification[0m [1;30mLevel 1[0m _identify(install) by extensions ['ignore', 'ignore_ament_install']
[0.793s] [34mcolcon.colcon_core.package_identification[0m [1;30mLevel 1[0m _identify(install) by extension 'ignore'
[0.794s] [34mcolcon.colcon_core.package_identification[0m [1;30mLevel 1[0m _identify(install) ignored
[0.794s] [34mcolcon.colcon_core.package_identification[0m [1;30mLevel 1[0m _identify(log) by extensions ['ignore', 'ignore_ament_install']
[0.794s] [34mcolcon.colcon_core.package_identification[0m [1;30mLevel 1[0m _identify(log) by extension 'ignore'
[0.794s] [34mcolcon.colcon_core.package_identification[0m [1;30mLevel 1[0m _identify(log) ignored
[0.794s] [34mcolcon.colcon_core.package_identification[0m [1;30mLevel 1[0m _identify(src) by extensions ['ignore', 'ignore_ament_install']
[0.794s] [34mcolcon.colcon_core.package_identification[0m [1;30mLevel 1[0m _identify(src) by extension 'ignore'
[0.795s] [34mcolcon.colcon_core.package_identification[0m [1;30mLevel 1[0m _identify(src) by extension 'ignore_ament_install'
[0.795s] [34mcolcon.colcon_core.package_identification[0m [1;30mLevel 1[0m _identify(src) by extensions ['colcon_pkg']
[0.795s] [34mcolcon.colcon_core.package_identification[0m [1;30mLevel 1[0m _identify(src) by extension 'colcon_pkg'
[0.795s] [34mcolcon.colcon_core.package_identification[0m [1;30mLevel 1[0m _identify(src) by extensions ['colcon_meta']
[0.795s] [34mcolcon.colcon_core.package_identification[0m [1;30mLevel 1[0m _identify(src) by extension 'colcon_meta'
[0.795s] [34mcolcon.colcon_core.package_identification[0m [1;30mLevel 1[0m _identify(src) by extensions ['ros']
[0.795s] [34mcolcon.colcon_core.package_identification[0m [1;30mLevel 1[0m _identify(src) by extension 'ros'
[0.795s] [34mcolcon.colcon_core.package_identification[0m [1;30mLevel 1[0m _identify(src) by extensions ['cmake', 'python']
[0.795s] [34mcolcon.colcon_core.package_identification[0m [1;30mLevel 1[0m _identify(src) by extension 'cmake'
[0.796s] [34mcolcon.colcon_core.package_identification[0m [1;30mLevel 1[0m _identify(src) by extension 'python'
[0.796s] [34mcolcon.colcon_core.package_identification[0m [1;30mLevel 1[0m _identify(src) by extensions ['python_setup_py']
[0.796s] [34mcolcon.colcon_core.package_identification[0m [1;30mLevel 1[0m _identify(src) by extension 'python_setup_py'
[0.796s] [34mcolcon.colcon_core.package_identification[0m [1;30mLevel 1[0m _identify(src/aeb) by extensions ['ignore', 'ignore_ament_install']
[0.796s] [34mcolcon.colcon_core.package_identification[0m [1;30mLevel 1[0m _identify(src/aeb) by extension 'ignore'
[0.796s] [34mcolcon.colcon_core.package_identification[0m [1;30mLevel 1[0m _identify(src/aeb) by extension 'ignore_ament_install'
[0.796s] [34mcolcon.colcon_core.package_identification[0m [1;30mLevel 1[0m _identify(src/aeb) by extensions ['colcon_pkg']
[0.796s] [34mcolcon.colcon_core.package_identification[0m [1;30mLevel 1[0m _identify(src/aeb) by extension 'colcon_pkg'
[0.797s] [34mcolcon.colcon_core.package_identification[0m [1;30mLevel 1[0m _identify(src/aeb) by extensions ['colcon_meta']
[0.797s] [34mcolcon.colcon_core.package_identification[0m [1;30mLevel 1[0m _identify(src/aeb) by extension 'colcon_meta'
[0.797s] [34mcolcon.colcon_core.package_identification[0m [1;30mLevel 1[0m _identify(src/aeb) by extensions ['ros']
[0.797s] [34mcolcon.colcon_core.package_identification[0m [1;30mLevel 1[0m _identify(src/aeb) by extension 'ros'
[0.803s] [34mcolcon.colcon_core.package_identification[0m [1;30mDEBUG[0m [32mPackage 'src/aeb' with type 'ros.ament_cmake' and name 'aeb'[0m
[0.804s] [34mcolcon.colcon_core.package_identification[0m [1;30mLevel 1[0m _identify(src/caninterface) by extensions ['ignore', 'ignore_ament_install']
[0.805s] [34mcolcon.colcon_core.package_identification[0m [1;30mLevel 1[0m _identify(src/caninterface) by extension 'ignore'
[0.805s] [34mcolcon.colcon_core.package_identification[0m [1;30mLevel 1[0m _identify(src/caninterface) by extension 'ignore_ament_install'
[0.805s] [34mcolcon.colcon_core.package_identification[0m [1;30mLevel 1[0m _identify(src/caninterface) by extensions ['colcon_pkg']
[0.805s] [34mcolcon.colcon_core.package_identification[0m [1;30mLevel 1[0m _identify(src/caninterface) by extension 'colcon_pkg'
[0.805s] [34mcolcon.colcon_core.package_identification[0m [1;30mLevel 1[0m _identify(src/caninterface) by extensions ['colcon_meta']
[0.805s] [34mcolcon.colcon_core.package_identification[0m [1;30mLevel 1[0m _identify(src/caninterface) by extension 'colcon_meta'
[0.805s] [34mcolcon.colcon_core.package_identification[0m [1;30mLevel 1[0m _identify(src/caninterface) by extensions ['ros']
[0.805s] [34mcolcon.colcon_core.package_identification[0m [1;30mLevel 1[0m _identify(src/caninterface) by extension 'ros'
[0.808s] [34mcolcon.colcon_core.package_identification[0m [1;30mDEBUG[0m [32mPackage 'src/caninterface' with type 'ros.ament_cmake' and name 'caninterface'[0m
[0.808s] [34mcolcon.colcon_core.package_identification[0m [1;30mLevel 1[0m _identify(src/feedback) by extensions ['ignore', 'ignore_ament_install']
[0.808s] [34mcolcon.colcon_core.package_identification[0m [1;30mLevel 1[0m _identify(src/feedback) by extension 'ignore'
[0.808s] [34mcolcon.colcon_core.package_identification[0m [1;30mLevel 1[0m _identify(src/feedback) by extension 'ignore_ament_install'
[0.809s] [34mcolcon.colcon_core.package_identification[0m [1;30mLevel 1[0m _identify(src/feedback) by extensions ['colcon_pkg']
[0.809s] [34mcolcon.colcon_core.package_identification[0m [1;30mLevel 1[0m _identify(src/feedback) by extension 'colcon_pkg'
[0.809s] [34mcolcon.colcon_core.package_identification[0m [1;30mLevel 1[0m _identify(src/feedback) by extensions ['colcon_meta']
[0.809s] [34mcolcon.colcon_core.package_identification[0m [1;30mLevel 1[0m _identify(src/feedback) by extension 'colcon_meta'
[0.809s] [34mcolcon.colcon_core.package_identification[0m [1;30mLevel 1[0m _identify(src/feedback) by extensions ['ros']
[0.809s] [34mcolcon.colcon_core.package_identification[0m [1;30mLevel 1[0m _identify(src/feedback) by extension 'ros'
[0.810s] [34mcolcon.colcon_core.package_identification[0m [1;30mDEBUG[0m [32mPackage 'src/feedback' with type 'ros.ament_cmake' and name 'feedback'[0m
[0.811s] [34mcolcon.colcon_core.package_identification[0m [1;30mLevel 1[0m _identify(src/inertial_msgs) by extensions ['ignore', 'ignore_ament_install']
[0.811s] [34mcolcon.colcon_core.package_identification[0m [1;30mLevel 1[0m _identify(src/inertial_msgs) by extension 'ignore'
[0.811s] [34mcolcon.colcon_core.package_identification[0m [1;30mLevel 1[0m _identify(src/inertial_msgs) by extension 'ignore_ament_install'
[0.811s] [34mcolcon.colcon_core.package_identification[0m [1;30mLevel 1[0m _identify(src/inertial_msgs) by extensions ['colcon_pkg']
[0.811s] [34mcolcon.colcon_core.package_identification[0m [1;30mLevel 1[0m _identify(src/inertial_msgs) by extension 'colcon_pkg'
[0.811s] [34mcolcon.colcon_core.package_identification[0m [1;30mLevel 1[0m _identify(src/inertial_msgs) by extensions ['colcon_meta']
[0.812s] [34mcolcon.colcon_core.package_identification[0m [1;30mLevel 1[0m _identify(src/inertial_msgs) by extension 'colcon_meta'
[0.812s] [34mcolcon.colcon_core.package_identification[0m [1;30mLevel 1[0m _identify(src/inertial_msgs) by extensions ['ros']
[0.812s] [34mcolcon.colcon_core.package_identification[0m [1;30mLevel 1[0m _identify(src/inertial_msgs) by extension 'ros'
[0.813s] [34mcolcon.colcon_core.package_identification[0m [1;30mDEBUG[0m [32mPackage 'src/inertial_msgs' with type 'ros.ament_cmake' and name 'inertial_msgs'[0m
[0.813s] [34mcolcon.colcon_core.package_identification[0m [1;30mLevel 1[0m _identify(src/radar_msgs) by extensions ['ignore', 'ignore_ament_install']
[0.813s] [34mcolcon.colcon_core.package_identification[0m [1;30mLevel 1[0m _identify(src/radar_msgs) by extension 'ignore'
[0.814s] [34mcolcon.colcon_core.package_identification[0m [1;30mLevel 1[0m _identify(src/radar_msgs) by extension 'ignore_ament_install'
[0.814s] [34mcolcon.colcon_core.package_identification[0m [1;30mLevel 1[0m _identify(src/radar_msgs) by extensions ['colcon_pkg']
[0.814s] [34mcolcon.colcon_core.package_identification[0m [1;30mLevel 1[0m _identify(src/radar_msgs) by extension 'colcon_pkg'
[0.814s] [34mcolcon.colcon_core.package_identification[0m [1;30mLevel 1[0m _identify(src/radar_msgs) by extensions ['colcon_meta']
[0.814s] [34mcolcon.colcon_core.package_identification[0m [1;30mLevel 1[0m _identify(src/radar_msgs) by extension 'colcon_meta'
[0.814s] [34mcolcon.colcon_core.package_identification[0m [1;30mLevel 1[0m _identify(src/radar_msgs) by extensions ['ros']
[0.814s] [34mcolcon.colcon_core.package_identification[0m [1;30mLevel 1[0m _identify(src/radar_msgs) by extension 'ros'
[0.816s] [34mcolcon.colcon_core.package_identification[0m [1;30mDEBUG[0m [32mPackage 'src/radar_msgs' with type 'ros.ament_cmake' and name 'radar_msgs'[0m
[0.816s] [34mcolcon.colcon_core.package_identification[0m [1;30mLevel 1[0m _identify(src/vehiclecontrol) by extensions ['ignore', 'ignore_ament_install']
[0.816s] [34mcolcon.colcon_core.package_identification[0m [1;30mLevel 1[0m _identify(src/vehiclecontrol) by extension 'ignore'
[0.816s] [34mcolcon.colcon_core.package_identification[0m [1;30mLevel 1[0m _identify(src/vehiclecontrol) by extension 'ignore_ament_install'
[0.816s] [34mcolcon.colcon_core.package_identification[0m [1;30mLevel 1[0m _identify(src/vehiclecontrol) by extensions ['colcon_pkg']
[0.816s] [34mcolcon.colcon_core.package_identification[0m [1;30mLevel 1[0m _identify(src/vehiclecontrol) by extension 'colcon_pkg'
[0.817s] [34mcolcon.colcon_core.package_identification[0m [1;30mLevel 1[0m _identify(src/vehiclecontrol) by extensions ['colcon_meta']
[0.817s] [34mcolcon.colcon_core.package_identification[0m [1;30mLevel 1[0m _identify(src/vehiclecontrol) by extension 'colcon_meta'
[0.817s] [34mcolcon.colcon_core.package_identification[0m [1;30mLevel 1[0m _identify(src/vehiclecontrol) by extensions ['ros']
[0.817s] [34mcolcon.colcon_core.package_identification[0m [1;30mLevel 1[0m _identify(src/vehiclecontrol) by extension 'ros'
[0.818s] [34mcolcon.colcon_core.package_identification[0m [1;30mDEBUG[0m [32mPackage 'src/vehiclecontrol' with type 'ros.ament_cmake' and name 'vehiclecontrol'[0m
[0.818s] [34mcolcon.colcon_core.package_identification[0m [1;30mLevel 1[0m _identify(verified_algos) by extensions ['ignore', 'ignore_ament_install']
[0.818s] [34mcolcon.colcon_core.package_identification[0m [1;30mLevel 1[0m _identify(verified_algos) by extension 'ignore'
[0.818s] [34mcolcon.colcon_core.package_identification[0m [1;30mLevel 1[0m _identify(verified_algos) by extension 'ignore_ament_install'
[0.819s] [34mcolcon.colcon_core.package_identification[0m [1;30mLevel 1[0m _identify(verified_algos) by extensions ['colcon_pkg']
[0.819s] [34mcolcon.colcon_core.package_identification[0m [1;30mLevel 1[0m _identify(verified_algos) by extension 'colcon_pkg'
[0.819s] [34mcolcon.colcon_core.package_identification[0m [1;30mLevel 1[0m _identify(verified_algos) by extensions ['colcon_meta']
[0.819s] [34mcolcon.colcon_core.package_identification[0m [1;30mLevel 1[0m _identify(verified_algos) by extension 'colcon_meta'
[0.819s] [34mcolcon.colcon_core.package_identification[0m [1;30mLevel 1[0m _identify(verified_algos) by extensions ['ros']
[0.819s] [34mcolcon.colcon_core.package_identification[0m [1;30mLevel 1[0m _identify(verified_algos) by extension 'ros'
[0.819s] [34mcolcon.colcon_core.package_identification[0m [1;30mLevel 1[0m _identify(verified_algos) by extensions ['cmake', 'python']
[0.819s] [34mcolcon.colcon_core.package_identification[0m [1;30mLevel 1[0m _identify(verified_algos) by extension 'cmake'
[0.819s] [34mcolcon.colcon_core.package_identification[0m [1;30mLevel 1[0m _identify(verified_algos) by extension 'python'
[0.820s] [34mcolcon.colcon_core.package_identification[0m [1;30mLevel 1[0m _identify(verified_algos) by extensions ['python_setup_py']
[0.820s] [34mcolcon.colcon_core.package_identification[0m [1;30mLevel 1[0m _identify(verified_algos) by extension 'python_setup_py'
[0.820s] [34mcolcon.colcon_core.package_identification[0m [1;30mLevel 1[0m _identify(verified_algos/models) by extensions ['ignore', 'ignore_ament_install']
[0.820s] [34mcolcon.colcon_core.package_identification[0m [1;30mLevel 1[0m _identify(verified_algos/models) by extension 'ignore'
[0.820s] [34mcolcon.colcon_core.package_identification[0m [1;30mLevel 1[0m _identify(verified_algos/models) by extension 'ignore_ament_install'
[0.820s] [34mcolcon.colcon_core.package_identification[0m [1;30mLevel 1[0m _identify(verified_algos/models) by extensions ['colcon_pkg']
[0.820s] [34mcolcon.colcon_core.package_identification[0m [1;30mLevel 1[0m _identify(verified_algos/models) by extension 'colcon_pkg'
[0.820s] [34mcolcon.colcon_core.package_identification[0m [1;30mLevel 1[0m _identify(verified_algos/models) by extensions ['colcon_meta']
[0.821s] [34mcolcon.colcon_core.package_identification[0m [1;30mLevel 1[0m _identify(verified_algos/models) by extension 'colcon_meta'
[0.821s] [34mcolcon.colcon_core.package_identification[0m [1;30mLevel 1[0m _identify(verified_algos/models) by extensions ['ros']
[0.821s] [34mcolcon.colcon_core.package_identification[0m [1;30mLevel 1[0m _identify(verified_algos/models) by extension 'ros'
[0.821s] [34mcolcon.colcon_core.package_identification[0m [1;30mLevel 1[0m _identify(verified_algos/models) by extensions ['cmake', 'python']
[0.821s] [34mcolcon.colcon_core.package_identification[0m [1;30mLevel 1[0m _identify(verified_algos/models) by extension 'cmake'
[0.821s] [34mcolcon.colcon_core.package_identification[0m [1;30mLevel 1[0m _identify(verified_algos/models) by extension 'python'
[0.821s] [34mcolcon.colcon_core.package_identification[0m [1;30mLevel 1[0m _identify(verified_algos/models) by extensions ['python_setup_py']
[0.821s] [34mcolcon.colcon_core.package_identification[0m [1;30mLevel 1[0m _identify(verified_algos/models) by extension 'python_setup_py'
[0.821s] [34mcolcon.colcon_core.package_discovery[0m [1;30mLevel 1[0m discover_packages(recursive) using defaults
[0.822s] [34mcolcon.colcon_core.package_discovery[0m [1;30mLevel 1[0m discover_packages(ignore) discover
[0.822s] [34mcolcon.colcon_core.package_discovery[0m [1;30mLevel 1[0m discover_packages(ignore) using defaults
[0.822s] [34mcolcon.colcon_core.package_discovery[0m [1;30mLevel 1[0m discover_packages(path) discover
[0.822s] [34mcolcon.colcon_core.package_discovery[0m [1;30mLevel 1[0m discover_packages(path) using defaults
[0.861s] [34mcolcon.colcon_core.package_discovery[0m [1;30mLevel 1[0m discover_packages(prefix_path) check parameters
[0.861s] [34mcolcon.colcon_core.package_discovery[0m [1;30mLevel 1[0m discover_packages(prefix_path) discover
[0.866s] [34mcolcon.colcon_installed_package_information.package_discovery[0m [1;30mDEBUG[0m [32mFound 273 installed packages in /opt/ros/humble[0m
[0.871s] [34mcolcon.colcon_core.package_discovery[0m [1;30mLevel 1[0m discover_packages(prefix_path) using defaults
[0.957s] [34mcolcon.colcon_core.verb[0m [1;30mLevel 5[0m set package 'aeb' build argument 'cmake_args' from command line to 'None'
[0.957s] [34mcolcon.colcon_core.verb[0m [1;30mLevel 5[0m set package 'aeb' build argument 'cmake_target' from command line to 'None'
[0.957s] [34mcolcon.colcon_core.verb[0m [1;30mLevel 5[0m set package 'aeb' build argument 'cmake_target_skip_unavailable' from command line to 'False'
[0.957s] [34mcolcon.colcon_core.verb[0m [1;30mLevel 5[0m set package 'aeb' build argument 'cmake_clean_cache' from command line to 'False'
[0.957s] [34mcolcon.colcon_core.verb[0m [1;30mLevel 5[0m set package 'aeb' build argument 'cmake_clean_first' from command line to 'False'
[0.957s] [34mcolcon.colcon_core.verb[0m [1;30mLevel 5[0m set package 'aeb' build argument 'cmake_force_configure' from command line to 'False'
[0.957s] [34mcolcon.colcon_core.verb[0m [1;30mLevel 5[0m set package 'aeb' build argument 'ament_cmake_args' from command line to 'None'
[0.957s] [34mcolcon.colcon_core.verb[0m [1;30mLevel 5[0m set package 'aeb' build argument 'catkin_cmake_args' from command line to 'None'
[0.958s] [34mcolcon.colcon_core.verb[0m [1;30mLevel 5[0m set package 'aeb' build argument 'catkin_skip_building_tests' from command line to 'False'
[0.958s] [34mcolcon.colcon_core.verb[0m [1;30mDEBUG[0m [32mBuilding package 'aeb' with the following arguments: {'ament_cmake_args': None, 'build_base': '/home/nvidia/ROS2-ABAJA-DEV-main/build/aeb', 'catkin_cmake_args': None, 'catkin_skip_building_tests': False, 'cmake_args': None, 'cmake_clean_cache': False, 'cmake_clean_first': False, 'cmake_force_configure': False, 'cmake_target': None, 'cmake_target_skip_unavailable': False, 'install_base': '/home/nvidia/ROS2-ABAJA-DEV-main/install/aeb', 'merge_install': False, 'path': '/home/nvidia/ROS2-ABAJA-DEV-main/src/aeb', 'symlink_install': False, 'test_result_base': None}[0m
[0.958s] [34mcolcon.colcon_core.verb[0m [1;30mLevel 5[0m set package 'caninterface' build argument 'cmake_args' from command line to 'None'
[0.959s] [34mcolcon.colcon_core.verb[0m [1;30mLevel 5[0m set package 'caninterface' build argument 'cmake_target' from command line to 'None'
[0.959s] [34mcolcon.colcon_core.verb[0m [1;30mLevel 5[0m set package 'caninterface' build argument 'cmake_target_skip_unavailable' from command line to 'False'
[0.959s] [34mcolcon.colcon_core.verb[0m [1;30mLevel 5[0m set package 'caninterface' build argument 'cmake_clean_cache' from command line to 'False'
[0.959s] [34mcolcon.colcon_core.verb[0m [1;30mLevel 5[0m set package 'caninterface' build argument 'cmake_clean_first' from command line to 'False'
[0.959s] [34mcolcon.colcon_core.verb[0m [1;30mLevel 5[0m set package 'caninterface' build argument 'cmake_force_configure' from command line to 'False'
[0.959s] [34mcolcon.colcon_core.verb[0m [1;30mLevel 5[0m set package 'caninterface' build argument 'ament_cmake_args' from command line to 'None'
[0.959s] [34mcolcon.colcon_core.verb[0m [1;30mLevel 5[0m set package 'caninterface' build argument 'catkin_cmake_args' from command line to 'None'
[0.959s] [34mcolcon.colcon_core.verb[0m [1;30mLevel 5[0m set package 'caninterface' build argument 'catkin_skip_building_tests' from command line to 'False'
[0.959s] [34mcolcon.colcon_core.verb[0m [1;30mDEBUG[0m [32mBuilding package 'caninterface' with the following arguments: {'ament_cmake_args': None, 'build_base': '/home/nvidia/ROS2-ABAJA-DEV-main/build/caninterface', 'catkin_cmake_args': None, 'catkin_skip_building_tests': False, 'cmake_args': None, 'cmake_clean_cache': False, 'cmake_clean_first': False, 'cmake_force_configure': False, 'cmake_target': None, 'cmake_target_skip_unavailable': False, 'install_base': '/home/nvidia/ROS2-ABAJA-DEV-main/install/caninterface', 'merge_install': False, 'path': '/home/nvidia/ROS2-ABAJA-DEV-main/src/caninterface', 'symlink_install': False, 'test_result_base': None}[0m
[0.960s] [34mcolcon.colcon_core.verb[0m [1;30mLevel 5[0m set package 'feedback' build argument 'cmake_args' from command line to 'None'
[0.960s] [34mcolcon.colcon_core.verb[0m [1;30mLevel 5[0m set package 'feedback' build argument 'cmake_target' from command line to 'None'
[0.960s] [34mcolcon.colcon_core.verb[0m [1;30mLevel 5[0m set package 'feedback' build argument 'cmake_target_skip_unavailable' from command line to 'False'
[0.960s] [34mcolcon.colcon_core.verb[0m [1;30mLevel 5[0m set package 'feedback' build argument 'cmake_clean_cache' from command line to 'False'
[0.960s] [34mcolcon.colcon_core.verb[0m [1;30mLevel 5[0m set package 'feedback' build argument 'cmake_clean_first' from command line to 'False'
[0.960s] [34mcolcon.colcon_core.verb[0m [1;30mLevel 5[0m set package 'feedback' build argument 'cmake_force_configure' from command line to 'False'
[0.960s] [34mcolcon.colcon_core.verb[0m [1;30mLevel 5[0m set package 'feedback' build argument 'ament_cmake_args' from command line to 'None'
[0.960s] [34mcolcon.colcon_core.verb[0m [1;30mLevel 5[0m set package 'feedback' build argument 'catkin_cmake_args' from command line to 'None'
[0.960s] [34mcolcon.colcon_core.verb[0m [1;30mLevel 5[0m set package 'feedback' build argument 'catkin_skip_building_tests' from command line to 'False'
[0.960s] [34mcolcon.colcon_core.verb[0m [1;30mDEBUG[0m [32mBuilding package 'feedback' with the following arguments: {'ament_cmake_args': None, 'build_base': '/home/nvidia/ROS2-ABAJA-DEV-main/build/feedback', 'catkin_cmake_args': None, 'catkin_skip_building_tests': False, 'cmake_args': None, 'cmake_clean_cache': False, 'cmake_clean_first': False, 'cmake_force_configure': False, 'cmake_target': None, 'cmake_target_skip_unavailable': False, 'install_base': '/home/nvidia/ROS2-ABAJA-DEV-main/install/feedback', 'merge_install': False, 'path': '/home/nvidia/ROS2-ABAJA-DEV-main/src/feedback', 'symlink_install': False, 'test_result_base': None}[0m
[0.961s] [34mcolcon.colcon_core.verb[0m [1;30mLevel 5[0m set package 'inertial_msgs' build argument 'cmake_args' from command line to 'None'
[0.961s] [34mcolcon.colcon_core.verb[0m [1;30mLevel 5[0m set package 'inertial_msgs' build argument 'cmake_target' from command line to 'None'
[0.961s] [34mcolcon.colcon_core.verb[0m [1;30mLevel 5[0m set package 'inertial_msgs' build argument 'cmake_target_skip_unavailable' from command line to 'False'
[0.961s] [34mcolcon.colcon_core.verb[0m [1;30mLevel 5[0m set package 'inertial_msgs' build argument 'cmake_clean_cache' from command line to 'False'
[0.961s] [34mcolcon.colcon_core.verb[0m [1;30mLevel 5[0m set package 'inertial_msgs' build argument 'cmake_clean_first' from command line to 'False'
[0.961s] [34mcolcon.colcon_core.verb[0m [1;30mLevel 5[0m set package 'inertial_msgs' build argument 'cmake_force_configure' from command line to 'False'
[0.961s] [34mcolcon.colcon_core.verb[0m [1;30mLevel 5[0m set package 'inertial_msgs' build argument 'ament_cmake_args' from command line to 'None'
[0.962s] [34mcolcon.colcon_core.verb[0m [1;30mLevel 5[0m set package 'inertial_msgs' build argument 'catkin_cmake_args' from command line to 'None'
[0.962s] [34mcolcon.colcon_core.verb[0m [1;30mLevel 5[0m set package 'inertial_msgs' build argument 'catkin_skip_building_tests' from command line to 'False'
[0.962s] [34mcolcon.colcon_core.verb[0m [1;30mDEBUG[0m [32mBuilding package 'inertial_msgs' with the following arguments: {'ament_cmake_args': None, 'build_base': '/home/nvidia/ROS2-ABAJA-DEV-main/build/inertial_msgs', 'catkin_cmake_args': None, 'catkin_skip_building_tests': False, 'cmake_args': None, 'cmake_clean_cache': False, 'cmake_clean_first': False, 'cmake_force_configure': False, 'cmake_target': None, 'cmake_target_skip_unavailable': False, 'install_base': '/home/nvidia/ROS2-ABAJA-DEV-main/install/inertial_msgs', 'merge_install': False, 'path': '/home/nvidia/ROS2-ABAJA-DEV-main/src/inertial_msgs', 'symlink_install': False, 'test_result_base': None}[0m
[0.962s] [34mcolcon.colcon_core.verb[0m [1;30mLevel 5[0m set package 'radar_msgs' build argument 'cmake_args' from command line to 'None'
[0.962s] [34mcolcon.colcon_core.verb[0m [1;30mLevel 5[0m set package 'radar_msgs' build argument 'cmake_target' from command line to 'None'
[0.963s] [34mcolcon.colcon_core.verb[0m [1;30mLevel 5[0m set package 'radar_msgs' build argument 'cmake_target_skip_unavailable' from command line to 'False'
[0.963s] [34mcolcon.colcon_core.verb[0m [1;30mLevel 5[0m set package 'radar_msgs' build argument 'cmake_clean_cache' from command line to 'False'
[0.963s] [34mcolcon.colcon_core.verb[0m [1;30mLevel 5[0m set package 'radar_msgs' build argument 'cmake_clean_first' from command line to 'False'
[0.963s] [34mcolcon.colcon_core.verb[0m [1;30mLevel 5[0m set package 'radar_msgs' build argument 'cmake_force_configure' from command line to 'False'
[0.963s] [34mcolcon.colcon_core.verb[0m [1;30mLevel 5[0m set package 'radar_msgs' build argument 'ament_cmake_args' from command line to 'None'
[0.963s] [34mcolcon.colcon_core.verb[0m [1;30mLevel 5[0m set package 'radar_msgs' build argument 'catkin_cmake_args' from command line to 'None'
[0.963s] [34mcolcon.colcon_core.verb[0m [1;30mLevel 5[0m set package 'radar_msgs' build argument 'catkin_skip_building_tests' from command line to 'False'
[0.963s] [34mcolcon.colcon_core.verb[0m [1;30mDEBUG[0m [32mBuilding package 'radar_msgs' with the following arguments: {'ament_cmake_args': None, 'build_base': '/home/nvidia/ROS2-ABAJA-DEV-main/build/radar_msgs', 'catkin_cmake_args': None, 'catkin_skip_building_tests': False, 'cmake_args': None, 'cmake_clean_cache': False, 'cmake_clean_first': False, 'cmake_force_configure': False, 'cmake_target': None, 'cmake_target_skip_unavailable': False, 'install_base': '/home/nvidia/ROS2-ABAJA-DEV-main/install/radar_msgs', 'merge_install': False, 'path': '/home/nvidia/ROS2-ABAJA-DEV-main/src/radar_msgs', 'symlink_install': False, 'test_result_base': None}[0m
[0.964s] [34mcolcon.colcon_core.verb[0m [1;30mLevel 5[0m set package 'vehiclecontrol' build argument 'cmake_args' from command line to 'None'
[0.964s] [34mcolcon.colcon_core.verb[0m [1;30mLevel 5[0m set package 'vehiclecontrol' build argument 'cmake_target' from command line to 'None'
[0.964s] [34mcolcon.colcon_core.verb[0m [1;30mLevel 5[0m set package 'vehiclecontrol' build argument 'cmake_target_skip_unavailable' from command line to 'False'
[0.964s] [34mcolcon.colcon_core.verb[0m [1;30mLevel 5[0m set package 'vehiclecontrol' build argument 'cmake_clean_cache' from command line to 'False'
[0.964s] [34mcolcon.colcon_core.verb[0m [1;30mLevel 5[0m set package 'vehiclecontrol' build argument 'cmake_clean_first' from command line to 'False'
[0.964s] [34mcolcon.colcon_core.verb[0m [1;30mLevel 5[0m set package 'vehiclecontrol' build argument 'cmake_force_configure' from command line to 'False'
[0.964s] [34mcolcon.colcon_core.verb[0m [1;30mLevel 5[0m set package 'vehiclecontrol' build argument 'ament_cmake_args' from command line to 'None'
[0.964s] [34mcolcon.colcon_core.verb[0m [1;30mLevel 5[0m set package 'vehiclecontrol' build argument 'catkin_cmake_args' from command line to 'None'
[0.964s] [34mcolcon.colcon_core.verb[0m [1;30mLevel 5[0m set package 'vehiclecontrol' build argument 'catkin_skip_building_tests' from command line to 'False'
[0.964s] [34mcolcon.colcon_core.verb[0m [1;30mDEBUG[0m [32mBuilding package 'vehiclecontrol' with the following arguments: {'ament_cmake_args': None, 'build_base': '/home/nvidia/ROS2-ABAJA-DEV-main/build/vehiclecontrol', 'catkin_cmake_args': None, 'catkin_skip_building_tests': False, 'cmake_args': None, 'cmake_clean_cache': False, 'cmake_clean_first': False, 'cmake_force_configure': False, 'cmake_target': None, 'cmake_target_skip_unavailable': False, 'install_base': '/home/nvidia/ROS2-ABAJA-DEV-main/install/vehiclecontrol', 'merge_install': False, 'path': '/home/nvidia/ROS2-ABAJA-DEV-main/src/vehiclecontrol', 'symlink_install': False, 'test_result_base': None}[0m
[0.964s] [34mcolcon.colcon_core.executor[0m [1;30mINFO[0m Executing jobs using 'parallel' executor
[0.967s] [34mcolcon.colcon_parallel_executor.executor.parallel[0m [1;30mDEBUG[0m [32mrun_until_complete[0m
[0.967s] [34mcolcon.colcon_ros.task.ament_cmake.build[0m [1;30mINFO[0m Building ROS package in '/home/nvidia/ROS2-ABAJA-DEV-main/src/aeb' with build type 'ament_cmake'
[0.968s] [34mcolcon.colcon_cmake.task.cmake.build[0m [1;30mINFO[0m Building CMake package in '/home/nvidia/ROS2-ABAJA-DEV-main/src/aeb'
[0.972s] [34mcolcon.colcon_core.plugin_system[0m [1;30mINFO[0m Skipping extension 'colcon_core.shell.bat': Not used on non-Windows systems
[0.973s] [34mcolcon.colcon_core.shell[0m [1;30mINFO[0m Skip shell extension 'powershell' for command environment: Not usable outside of PowerShell
[0.973s] [34mcolcon.colcon_core.shell[0m [1;30mDEBUG[0m [32mSkip shell extension 'dsv' for command environment[0m
[0.979s] [34mcolcon.colcon_ros.task.ament_cmake.build[0m [1;30mINFO[0m Building ROS package in '/home/nvidia/ROS2-ABAJA-DEV-main/src/caninterface' with build type 'ament_cmake'
[0.979s] [34mcolcon.colcon_cmake.task.cmake.build[0m [1;30mINFO[0m Building CMake package in '/home/nvidia/ROS2-ABAJA-DEV-main/src/caninterface'
[0.980s] [34mcolcon.colcon_core.shell[0m [1;30mINFO[0m Skip shell extension 'powershell' for command environment: Not usable outside of PowerShell
[0.980s] [34mcolcon.colcon_core.shell[0m [1;30mDEBUG[0m [32mSkip shell extension 'dsv' for command environment[0m
[0.985s] [34mcolcon.colcon_ros.task.ament_cmake.build[0m [1;30mINFO[0m Building ROS package in '/home/nvidia/ROS2-ABAJA-DEV-main/src/feedback' with build type 'ament_cmake'
[0.985s] [34mcolcon.colcon_cmake.task.cmake.build[0m [1;30mINFO[0m Building CMake package in '/home/nvidia/ROS2-ABAJA-DEV-main/src/feedback'
[0.986s] [34mcolcon.colcon_core.shell[0m [1;30mINFO[0m Skip shell extension 'powershell' for command environment: Not usable outside of PowerShell
[0.986s] [34mcolcon.colcon_core.shell[0m [1;30mDEBUG[0m [32mSkip shell extension 'dsv' for command environment[0m
[0.991s] [34mcolcon.colcon_ros.task.ament_cmake.build[0m [1;30mINFO[0m Building ROS package in '/home/nvidia/ROS2-ABAJA-DEV-main/src/inertial_msgs' with build type 'ament_cmake'
[0.991s] [34mcolcon.colcon_cmake.task.cmake.build[0m [1;30mINFO[0m Building CMake package in '/home/nvidia/ROS2-ABAJA-DEV-main/src/inertial_msgs'
[0.992s] [34mcolcon.colcon_core.shell[0m [1;30mINFO[0m Skip shell extension 'powershell' for command environment: Not usable outside of PowerShell
[0.992s] [34mcolcon.colcon_core.shell[0m [1;30mDEBUG[0m [32mSkip shell extension 'dsv' for command environment[0m
[0.996s] [34mcolcon.colcon_ros.task.ament_cmake.build[0m [1;30mINFO[0m Building ROS package in '/home/nvidia/ROS2-ABAJA-DEV-main/src/radar_msgs' with build type 'ament_cmake'
[0.997s] [34mcolcon.colcon_cmake.task.cmake.build[0m [1;30mINFO[0m Building CMake package in '/home/nvidia/ROS2-ABAJA-DEV-main/src/radar_msgs'
[0.998s] [34mcolcon.colcon_core.shell[0m [1;30mINFO[0m Skip shell extension 'powershell' for command environment: Not usable outside of PowerShell
[0.998s] [34mcolcon.colcon_core.shell[0m [1;30mDEBUG[0m [32mSkip shell extension 'dsv' for command environment[0m
[1.003s] [34mcolcon.colcon_ros.task.ament_cmake.build[0m [1;30mINFO[0m Building ROS package in '/home/nvidia/ROS2-ABAJA-DEV-main/src/vehiclecontrol' with build type 'ament_cmake'
[1.003s] [34mcolcon.colcon_cmake.task.cmake.build[0m [1;30mINFO[0m Building CMake package in '/home/nvidia/ROS2-ABAJA-DEV-main/src/vehiclecontrol'
[1.004s] [34mcolcon.colcon_core.shell[0m [1;30mINFO[0m Skip shell extension 'powershell' for command environment: Not usable outside of PowerShell
[1.004s] [34mcolcon.colcon_core.shell[0m [1;30mDEBUG[0m [32mSkip shell extension 'dsv' for command environment[0m
[1.017s] [34mcolcon.colcon_core.event_handler.log_command[0m [1;30mDEBUG[0m [32mInvoking command in '/home/nvidia/ROS2-ABAJA-DEV-main/build/aeb': CMAKE_PREFIX_PATH=/opt/ros/humble /usr/bin/cmake /home/nvidia/ROS2-ABAJA-DEV-main/src/aeb -DCMAKE_INSTALL_PREFIX=/home/nvidia/ROS2-ABAJA-DEV-main/install/aeb[0m
[1.021s] [34mcolcon.colcon_core.event_handler.log_command[0m [1;30mDEBUG[0m [32mInvoking command in '/home/nvidia/ROS2-ABAJA-DEV-main/build/caninterface': CMAKE_PREFIX_PATH=/opt/ros/humble /usr/bin/cmake /home/nvidia/ROS2-ABAJA-DEV-main/src/caninterface -DCMAKE_INSTALL_PREFIX=/home/nvidia/ROS2-ABAJA-DEV-main/install/caninterface[0m
[1.025s] [34mcolcon.colcon_core.event_handler.log_command[0m [1;30mDEBUG[0m [32mInvoking command in '/home/nvidia/ROS2-ABAJA-DEV-main/build/feedback': CMAKE_PREFIX_PATH=/opt/ros/humble /usr/bin/cmake /home/nvidia/ROS2-ABAJA-DEV-main/src/feedback -DCMAKE_INSTALL_PREFIX=/home/nvidia/ROS2-ABAJA-DEV-main/install/feedback[0m
[1.028s] [34mcolcon.colcon_core.event_handler.log_command[0m [1;30mDEBUG[0m [32mInvoking command in '/home/nvidia/ROS2-ABAJA-DEV-main/build/inertial_msgs': CMAKE_PREFIX_PATH=/opt/ros/humble /usr/bin/cmake /home/nvidia/ROS2-ABAJA-DEV-main/src/inertial_msgs -DCMAKE_INSTALL_PREFIX=/home/nvidia/ROS2-ABAJA-DEV-main/install/inertial_msgs[0m
[1.035s] [34mcolcon.colcon_core.event_handler.log_command[0m [1;30mDEBUG[0m [32mInvoking command in '/home/nvidia/ROS2-ABAJA-DEV-main/build/radar_msgs': CMAKE_PREFIX_PATH=/opt/ros/humble /usr/bin/cmake /home/nvidia/ROS2-ABAJA-DEV-main/src/radar_msgs -DCMAKE_INSTALL_PREFIX=/home/nvidia/ROS2-ABAJA-DEV-main/install/radar_msgs[0m
[1.040s] [34mcolcon.colcon_core.event_handler.log_command[0m [1;30mDEBUG[0m [32mInvoking command in '/home/nvidia/ROS2-ABAJA-DEV-main/build/vehiclecontrol': CMAKE_PREFIX_PATH=/opt/ros/humble /usr/bin/cmake /home/nvidia/ROS2-ABAJA-DEV-main/src/vehiclecontrol -DCMAKE_INSTALL_PREFIX=/home/nvidia/ROS2-ABAJA-DEV-main/install/vehiclecontrol[0m
[3.707s] [34mcolcon.colcon_core.event_handler.log_command[0m [1;30mDEBUG[0m [32mInvoked command in '/home/nvidia/ROS2-ABAJA-DEV-main/build/caninterface' returned '0': CMAKE_PREFIX_PATH=/opt/ros/humble /usr/bin/cmake /home/nvidia/ROS2-ABAJA-DEV-main/src/caninterface -DCMAKE_INSTALL_PREFIX=/home/nvidia/ROS2-ABAJA-DEV-main/install/caninterface[0m
[3.708s] [34mcolcon.colcon_core.event_handler.log_command[0m [1;30mDEBUG[0m [32mInvoking command in '/home/nvidia/ROS2-ABAJA-DEV-main/build/caninterface': CMAKE_PREFIX_PATH=/opt/ros/humble /usr/bin/cmake --build /home/nvidia/ROS2-ABAJA-DEV-main/build/caninterface -- -j6 -l6[0m
[3.796s] [34mcolcon.colcon_core.event_handler.log_command[0m [1;30mDEBUG[0m [32mInvoked command in '/home/nvidia/ROS2-ABAJA-DEV-main/build/aeb' returned '0': CMAKE_PREFIX_PATH=/opt/ros/humble /usr/bin/cmake /home/nvidia/ROS2-ABAJA-DEV-main/src/aeb -DCMAKE_INSTALL_PREFIX=/home/nvidia/ROS2-ABAJA-DEV-main/install/aeb[0m
[3.797s] [34mcolcon.colcon_core.event_handler.log_command[0m [1;30mDEBUG[0m [32mInvoking command in '/home/nvidia/ROS2-ABAJA-DEV-main/build/aeb': CMAKE_PREFIX_PATH=/opt/ros/humble /usr/bin/cmake --build /home/nvidia/ROS2-ABAJA-DEV-main/build/aeb -- -j6 -l6[0m
[3.802s] [34mcolcon.colcon_core.event_handler.log_command[0m [1;30mDEBUG[0m [32mInvoked command in '/home/nvidia/ROS2-ABAJA-DEV-main/build/caninterface' returned '0': CMAKE_PREFIX_PATH=/opt/ros/humble /usr/bin/cmake --build /home/nvidia/ROS2-ABAJA-DEV-main/build/caninterface -- -j6 -l6[0m
[3.822s] [34mcolcon.colcon_core.event_handler.log_command[0m [1;30mDEBUG[0m [32mInvoking command in '/home/nvidia/ROS2-ABAJA-DEV-main/build/caninterface': CMAKE_PREFIX_PATH=/opt/ros/humble /usr/bin/cmake --install /home/nvidia/ROS2-ABAJA-DEV-main/build/caninterface[0m
[3.891s] [34mcolcon.colcon_core.event_handler.log_command[0m [1;30mDEBUG[0m [32mInvoked command in '/home/nvidia/ROS2-ABAJA-DEV-main/build/aeb' returned '0': CMAKE_PREFIX_PATH=/opt/ros/humble /usr/bin/cmake --build /home/nvidia/ROS2-ABAJA-DEV-main/build/aeb -- -j6 -l6[0m
[3.892s] [34mcolcon.colcon_core.event_handler.log_command[0m [1;30mDEBUG[0m [32mInvoking command in '/home/nvidia/ROS2-ABAJA-DEV-main/build/aeb': CMAKE_PREFIX_PATH=/opt/ros/humble /usr/bin/cmake --install /home/nvidia/ROS2-ABAJA-DEV-main/build/aeb[0m
[3.897s] [34mcolcon.colcon_core.environment[0m [1;30mLevel 1[0m create_environment_scripts_only(caninterface)
[3.902s] [34mcolcon.colcon_core.event_handler.log_command[0m [1;30mDEBUG[0m [32mInvoked command in '/home/nvidia/ROS2-ABAJA-DEV-main/build/caninterface' returned '0': CMAKE_PREFIX_PATH=/opt/ros/humble /usr/bin/cmake --install /home/nvidia/ROS2-ABAJA-DEV-main/build/caninterface[0m
[3.905s] [34mcolcon.colcon_core.environment[0m [1;30mLevel 1[0m checking '/home/nvidia/ROS2-ABAJA-DEV-main/install/caninterface' for CMake module files
[3.906s] [34mcolcon.colcon_core.environment[0m [1;30mLevel 1[0m checking '/home/nvidia/ROS2-ABAJA-DEV-main/install/caninterface' for CMake config files
[3.906s] [34mcolcon.colcon_core.shell[0m [1;30mLevel 1[0m create_environment_hook('caninterface', 'cmake_prefix_path')
[3.907s] [34mcolcon.colcon_core.shell[0m [1;30mINFO[0m Creating environment hook '/home/nvidia/ROS2-ABAJA-DEV-main/install/caninterface/share/caninterface/hook/cmake_prefix_path.ps1'
[3.909s] [34mcolcon.colcon_core.shell[0m [1;30mINFO[0m Creating environment descriptor '/home/nvidia/ROS2-ABAJA-DEV-main/install/caninterface/share/caninterface/hook/cmake_prefix_path.dsv'
[3.910s] [34mcolcon.colcon_core.shell[0m [1;30mINFO[0m Creating environment hook '/home/nvidia/ROS2-ABAJA-DEV-main/install/caninterface/share/caninterface/hook/cmake_prefix_path.sh'
[3.913s] [34mcolcon.colcon_core.environment[0m [1;30mLevel 1[0m checking '/home/nvidia/ROS2-ABAJA-DEV-main/install/caninterface/lib'
[3.914s] [34mcolcon.colcon_core.environment[0m [1;30mLevel 1[0m checking '/home/nvidia/ROS2-ABAJA-DEV-main/install/caninterface/bin'
[3.915s] [34mcolcon.colcon_core.environment[0m [1;30mLevel 1[0m checking '/home/nvidia/ROS2-ABAJA-DEV-main/install/caninterface/lib/pkgconfig/caninterface.pc'
[3.917s] [34mcolcon.colcon_core.environment[0m [1;30mLevel 1[0m checking '/home/nvidia/ROS2-ABAJA-DEV-main/install/caninterface/lib/python3.10/site-packages'
[3.919s] [34mcolcon.colcon_core.environment[0m [1;30mLevel 1[0m checking '/home/nvidia/ROS2-ABAJA-DEV-main/install/caninterface/bin'
[3.920s] [34mcolcon.colcon_core.shell[0m [1;30mINFO[0m Creating package script '/home/nvidia/ROS2-ABAJA-DEV-main/install/caninterface/share/caninterface/package.ps1'
[3.922s] [34mcolcon.colcon_core.shell[0m [1;30mINFO[0m Creating package descriptor '/home/nvidia/ROS2-ABAJA-DEV-main/install/caninterface/share/caninterface/package.dsv'
[3.924s] [34mcolcon.colcon_core.shell[0m [1;30mINFO[0m Creating package script '/home/nvidia/ROS2-ABAJA-DEV-main/install/caninterface/share/caninterface/package.sh'
[3.925s] [34mcolcon.colcon_core.shell[0m [1;30mINFO[0m Creating package script '/home/nvidia/ROS2-ABAJA-DEV-main/install/caninterface/share/caninterface/package.bash'
[3.928s] [34mcolcon.colcon_core.shell[0m [1;30mINFO[0m Creating package script '/home/nvidia/ROS2-ABAJA-DEV-main/install/caninterface/share/caninterface/package.zsh'
[3.930s] [34mcolcon.colcon_core.environment[0m [1;30mLevel 1[0m create_file_with_runtime_dependencies(/home/nvidia/ROS2-ABAJA-DEV-main/install/caninterface/share/colcon-core/packages/caninterface)
[3.932s] [34mcolcon.colcon_core.environment[0m [1;30mLevel 1[0m create_environment_scripts_only(caninterface)
[3.933s] [34mcolcon.colcon_core.environment[0m [1;30mLevel 1[0m checking '/home/nvidia/ROS2-ABAJA-DEV-main/install/caninterface' for CMake module files
[3.934s] [34mcolcon.colcon_core.environment[0m [1;30mLevel 1[0m checking '/home/nvidia/ROS2-ABAJA-DEV-main/install/caninterface' for CMake config files
[3.935s] [34mcolcon.colcon_core.shell[0m [1;30mLevel 1[0m create_environment_hook('caninterface', 'cmake_prefix_path')
[3.935s] [34mcolcon.colcon_core.shell[0m [1;30mINFO[0m Creating environment hook '/home/nvidia/ROS2-ABAJA-DEV-main/install/caninterface/share/caninterface/hook/cmake_prefix_path.ps1'
[3.936s] [34mcolcon.colcon_core.shell[0m [1;30mINFO[0m Creating environment descriptor '/home/nvidia/ROS2-ABAJA-DEV-main/install/caninterface/share/caninterface/hook/cmake_prefix_path.dsv'
[3.937s] [34mcolcon.colcon_core.shell[0m [1;30mINFO[0m Creating environment hook '/home/nvidia/ROS2-ABAJA-DEV-main/install/caninterface/share/caninterface/hook/cmake_prefix_path.sh'
[3.939s] [34mcolcon.colcon_core.environment[0m [1;30mLevel 1[0m checking '/home/nvidia/ROS2-ABAJA-DEV-main/install/caninterface/lib'
[3.939s] [34mcolcon.colcon_core.environment[0m [1;30mLevel 1[0m checking '/home/nvidia/ROS2-ABAJA-DEV-main/install/caninterface/bin'
[3.939s] [34mcolcon.colcon_core.environment[0m [1;30mLevel 1[0m checking '/home/nvidia/ROS2-ABAJA-DEV-main/install/caninterface/lib/pkgconfig/caninterface.pc'
[3.939s] [34mcolcon.colcon_core.environment[0m [1;30mLevel 1[0m checking '/home/nvidia/ROS2-ABAJA-DEV-main/install/caninterface/lib/python3.10/site-packages'
[3.940s] [34mcolcon.colcon_core.environment[0m [1;30mLevel 1[0m checking '/home/nvidia/ROS2-ABAJA-DEV-main/install/caninterface/bin'
[3.941s] [34mcolcon.colcon_core.shell[0m [1;30mINFO[0m Creating package script '/home/nvidia/ROS2-ABAJA-DEV-main/install/caninterface/share/caninterface/package.ps1'
[3.942s] [34mcolcon.colcon_core.shell[0m [1;30mINFO[0m Creating package descriptor '/home/nvidia/ROS2-ABAJA-DEV-main/install/caninterface/share/caninterface/package.dsv'
[3.943s] [34mcolcon.colcon_core.shell[0m [1;30mINFO[0m Creating package script '/home/nvidia/ROS2-ABAJA-DEV-main/install/caninterface/share/caninterface/package.sh'
[3.945s] [34mcolcon.colcon_core.shell[0m [1;30mINFO[0m Creating package script '/home/nvidia/ROS2-ABAJA-DEV-main/install/caninterface/share/caninterface/package.bash'
[3.946s] [34mcolcon.colcon_core.shell[0m [1;30mINFO[0m Creating package script '/home/nvidia/ROS2-ABAJA-DEV-main/install/caninterface/share/caninterface/package.zsh'
[3.947s] [34mcolcon.colcon_core.environment[0m [1;30mLevel 1[0m create_file_with_runtime_dependencies(/home/nvidia/ROS2-ABAJA-DEV-main/install/caninterface/share/colcon-core/packages/caninterface)
[3.950s] [34mcolcon.colcon_core.environment[0m [1;30mLevel 1[0m create_environment_scripts_only(aeb)
[3.951s] [34mcolcon.colcon_core.event_handler.log_command[0m [1;30mDEBUG[0m [32mInvoked command in '/home/nvidia/ROS2-ABAJA-DEV-main/build/aeb' returned '0': CMAKE_PREFIX_PATH=/opt/ros/humble /usr/bin/cmake --install /home/nvidia/ROS2-ABAJA-DEV-main/build/aeb[0m
[3.952s] [34mcolcon.colcon_core.environment[0m [1;30mLevel 1[0m checking '/home/nvidia/ROS2-ABAJA-DEV-main/install/aeb' for CMake module files
[3.953s] [34mcolcon.colcon_core.environment[0m [1;30mLevel 1[0m checking '/home/nvidia/ROS2-ABAJA-DEV-main/install/aeb' for CMake config files
[3.954s] [34mcolcon.colcon_core.shell[0m [1;30mLevel 1[0m create_environment_hook('aeb', 'cmake_prefix_path')
[3.954s] [34mcolcon.colcon_core.shell[0m [1;30mINFO[0m Creating environment hook '/home/nvidia/ROS2-ABAJA-DEV-main/install/aeb/share/aeb/hook/cmake_prefix_path.ps1'
[3.955s] [34mcolcon.colcon_core.shell[0m [1;30mINFO[0m Creating environment descriptor '/home/nvidia/ROS2-ABAJA-DEV-main/install/aeb/share/aeb/hook/cmake_prefix_path.dsv'
[3.956s] [34mcolcon.colcon_core.shell[0m [1;30mINFO[0m Creating environment hook '/home/nvidia/ROS2-ABAJA-DEV-main/install/aeb/share/aeb/hook/cmake_prefix_path.sh'
[3.957s] [34mcolcon.colcon_core.environment[0m [1;30mLevel 1[0m checking '/home/nvidia/ROS2-ABAJA-DEV-main/install/aeb/lib'
[3.958s] [34mcolcon.colcon_core.environment[0m [1;30mLevel 1[0m checking '/home/nvidia/ROS2-ABAJA-DEV-main/install/aeb/bin'
[3.958s] [34mcolcon.colcon_core.environment[0m [1;30mLevel 1[0m checking '/home/nvidia/ROS2-ABAJA-DEV-main/install/aeb/lib/pkgconfig/aeb.pc'
[3.958s] [34mcolcon.colcon_core.environment[0m [1;30mLevel 1[0m checking '/home/nvidia/ROS2-ABAJA-DEV-main/install/aeb/lib/python3.10/site-packages'
[3.959s] [34mcolcon.colcon_core.environment[0m [1;30mLevel 1[0m checking '/home/nvidia/ROS2-ABAJA-DEV-main/install/aeb/bin'
[3.960s] [34mcolcon.colcon_core.shell[0m [1;30mINFO[0m Creating package script '/home/nvidia/ROS2-ABAJA-DEV-main/install/aeb/share/aeb/package.ps1'
[3.961s] [34mcolcon.colcon_core.shell[0m [1;30mINFO[0m Creating package descriptor '/home/nvidia/ROS2-ABAJA-DEV-main/install/aeb/share/aeb/package.dsv'
[3.962s] [34mcolcon.colcon_core.shell[0m [1;30mINFO[0m Creating package script '/home/nvidia/ROS2-ABAJA-DEV-main/install/aeb/share/aeb/package.sh'
[3.963s] [34mcolcon.colcon_core.shell[0m [1;30mINFO[0m Creating package script '/home/nvidia/ROS2-ABAJA-DEV-main/install/aeb/share/aeb/package.bash'
[3.964s] [34mcolcon.colcon_core.shell[0m [1;30mINFO[0m Creating package script '/home/nvidia/ROS2-ABAJA-DEV-main/install/aeb/share/aeb/package.zsh'
[3.964s] [34mcolcon.colcon_core.environment[0m [1;30mLevel 1[0m create_file_with_runtime_dependencies(/home/nvidia/ROS2-ABAJA-DEV-main/install/aeb/share/colcon-core/packages/aeb)
[3.966s] [34mcolcon.colcon_core.environment[0m [1;30mLevel 1[0m create_environment_scripts_only(aeb)
[3.966s] [34mcolcon.colcon_core.environment[0m [1;30mLevel 1[0m checking '/home/nvidia/ROS2-ABAJA-DEV-main/install/aeb' for CMake module files
[3.967s] [34mcolcon.colcon_core.environment[0m [1;30mLevel 1[0m checking '/home/nvidia/ROS2-ABAJA-DEV-main/install/aeb' for CMake config files
[3.968s] [34mcolcon.colcon_core.shell[0m [1;30mLevel 1[0m create_environment_hook('aeb', 'cmake_prefix_path')
[3.968s] [34mcolcon.colcon_core.shell[0m [1;30mINFO[0m Creating environment hook '/home/nvidia/ROS2-ABAJA-DEV-main/install/aeb/share/aeb/hook/cmake_prefix_path.ps1'
[3.970s] [34mcolcon.colcon_core.shell[0m [1;30mINFO[0m Creating environment descriptor '/home/nvidia/ROS2-ABAJA-DEV-main/install/aeb/share/aeb/hook/cmake_prefix_path.dsv'
[3.970s] [34mcolcon.colcon_core.shell[0m [1;30mINFO[0m Creating environment hook '/home/nvidia/ROS2-ABAJA-DEV-main/install/aeb/share/aeb/hook/cmake_prefix_path.sh'
[3.972s] [34mcolcon.colcon_core.environment[0m [1;30mLevel 1[0m checking '/home/nvidia/ROS2-ABAJA-DEV-main/install/aeb/lib'
[3.972s] [34mcolcon.colcon_core.environment[0m [1;30mLevel 1[0m checking '/home/nvidia/ROS2-ABAJA-DEV-main/install/aeb/bin'
[3.973s] [34mcolcon.colcon_core.environment[0m [1;30mLevel 1[0m checking '/home/nvidia/ROS2-ABAJA-DEV-main/install/aeb/lib/pkgconfig/aeb.pc'
[3.973s] [34mcolcon.colcon_core.environment[0m [1;30mLevel 1[0m checking '/home/nvidia/ROS2-ABAJA-DEV-main/install/aeb/lib/python3.10/site-packages'
[3.974s] [34mcolcon.colcon_core.environment[0m [1;30mLevel 1[0m checking '/home/nvidia/ROS2-ABAJA-DEV-main/install/aeb/bin'
[3.975s] [34mcolcon.colcon_core.shell[0m [1;30mINFO[0m Creating package script '/home/nvidia/ROS2-ABAJA-DEV-main/install/aeb/share/aeb/package.ps1'
[3.976s] [34mcolcon.colcon_core.shell[0m [1;30mINFO[0m Creating package descriptor '/home/nvidia/ROS2-ABAJA-DEV-main/install/aeb/share/aeb/package.dsv'
[3.977s] [34mcolcon.colcon_core.shell[0m [1;30mINFO[0m Creating package script '/home/nvidia/ROS2-ABAJA-DEV-main/install/aeb/share/aeb/package.sh'
[3.978s] [34mcolcon.colcon_core.shell[0m [1;30mINFO[0m Creating package script '/home/nvidia/ROS2-ABAJA-DEV-main/install/aeb/share/aeb/package.bash'
[3.980s] [34mcolcon.colcon_core.shell[0m [1;30mINFO[0m Creating package script '/home/nvidia/ROS2-ABAJA-DEV-main/install/aeb/share/aeb/package.zsh'
[3.981s] [34mcolcon.colcon_core.environment[0m [1;30mLevel 1[0m create_file_with_runtime_dependencies(/home/nvidia/ROS2-ABAJA-DEV-main/install/aeb/share/colcon-core/packages/aeb)
[4.511s] [34mcolcon.colcon_core.event_handler.log_command[0m [1;30mDEBUG[0m [32mInvoked command in '/home/nvidia/ROS2-ABAJA-DEV-main/build/vehiclecontrol' returned '0': CMAKE_PREFIX_PATH=/opt/ros/humble /usr/bin/cmake /home/nvidia/ROS2-ABAJA-DEV-main/src/vehiclecontrol -DCMAKE_INSTALL_PREFIX=/home/nvidia/ROS2-ABAJA-DEV-main/install/vehiclecontrol[0m
[4.512s] [34mcolcon.colcon_core.event_handler.log_command[0m [1;30mDEBUG[0m [32mInvoking command in '/home/nvidia/ROS2-ABAJA-DEV-main/build/vehiclecontrol': CMAKE_PREFIX_PATH=/opt/ros/humble /usr/bin/cmake --build /home/nvidia/ROS2-ABAJA-DEV-main/build/vehiclecontrol -- -j6 -l6[0m
[4.557s] [34mcolcon.colcon_core.event_handler.log_command[0m [1;30mDEBUG[0m [32mInvoked command in '/home/nvidia/ROS2-ABAJA-DEV-main/build/feedback' returned '0': CMAKE_PREFIX_PATH=/opt/ros/humble /usr/bin/cmake /home/nvidia/ROS2-ABAJA-DEV-main/src/feedback -DCMAKE_INSTALL_PREFIX=/home/nvidia/ROS2-ABAJA-DEV-main/install/feedback[0m
[4.561s] [34mcolcon.colcon_core.event_handler.log_command[0m [1;30mDEBUG[0m [32mInvoking command in '/home/nvidia/ROS2-ABAJA-DEV-main/build/feedback': CMAKE_PREFIX_PATH=/opt/ros/humble /usr/bin/cmake --build /home/nvidia/ROS2-ABAJA-DEV-main/build/feedback -- -j6 -l6[0m
[5.359s] [34mcolcon.colcon_core.event_handler.log_command[0m [1;30mDEBUG[0m [32mInvoked command in '/home/nvidia/ROS2-ABAJA-DEV-main/build/inertial_msgs' returned '0': CMAKE_PREFIX_PATH=/opt/ros/humble /usr/bin/cmake /home/nvidia/ROS2-ABAJA-DEV-main/src/inertial_msgs -DCMAKE_INSTALL_PREFIX=/home/nvidia/ROS2-ABAJA-DEV-main/install/inertial_msgs[0m
[5.372s] [34mcolcon.colcon_core.event_handler.log_command[0m [1;30mDEBUG[0m [32mInvoking command in '/home/nvidia/ROS2-ABAJA-DEV-main/build/inertial_msgs': CMAKE_PREFIX_PATH=/opt/ros/humble /usr/bin/cmake --build /home/nvidia/ROS2-ABAJA-DEV-main/build/inertial_msgs -- -j6 -l6[0m
[5.679s] [34mcolcon.colcon_core.event_handler.log_command[0m [1;30mDEBUG[0m [32mInvoked command in '/home/nvidia/ROS2-ABAJA-DEV-main/build/radar_msgs' returned '0': CMAKE_PREFIX_PATH=/opt/ros/humble /usr/bin/cmake /home/nvidia/ROS2-ABAJA-DEV-main/src/radar_msgs -DCMAKE_INSTALL_PREFIX=/home/nvidia/ROS2-ABAJA-DEV-main/install/radar_msgs[0m
[5.681s] [34mcolcon.colcon_core.event_handler.log_command[0m [1;30mDEBUG[0m [32mInvoking command in '/home/nvidia/ROS2-ABAJA-DEV-main/build/radar_msgs': CMAKE_PREFIX_PATH=/opt/ros/humble /usr/bin/cmake --build /home/nvidia/ROS2-ABAJA-DEV-main/build/radar_msgs -- -j6 -l6[0m
[13.842s] [34mcolcon.colcon_core.event_handler.log_command[0m [1;30mDEBUG[0m [32mInvoked command in '/home/nvidia/ROS2-ABAJA-DEV-main/build/vehiclecontrol' returned '0': CMAKE_PREFIX_PATH=/opt/ros/humble /usr/bin/cmake --build /home/nvidia/ROS2-ABAJA-DEV-main/build/vehiclecontrol -- -j6 -l6[0m
[13.846s] [34mcolcon.colcon_core.event_handler.log_command[0m [1;30mDEBUG[0m [32mInvoking command in '/home/nvidia/ROS2-ABAJA-DEV-main/build/vehiclecontrol': CMAKE_PREFIX_PATH=/opt/ros/humble /usr/bin/cmake --install /home/nvidia/ROS2-ABAJA-DEV-main/build/vehiclecontrol[0m
[14.004s] [34mcolcon.colcon_core.environment[0m [1;30mLevel 1[0m create_environment_scripts_only(vehiclecontrol)
[14.005s] [34mcolcon.colcon_core.environment[0m [1;30mLevel 1[0m checking '/home/nvidia/ROS2-ABAJA-DEV-main/install/vehiclecontrol' for CMake module files
[14.006s] [34mcolcon.colcon_core.event_handler.log_command[0m [1;30mDEBUG[0m [32mInvoked command in '/home/nvidia/ROS2-ABAJA-DEV-main/build/vehiclecontrol' returned '0': CMAKE_PREFIX_PATH=/opt/ros/humble /usr/bin/cmake --install /home/nvidia/ROS2-ABAJA-DEV-main/build/vehiclecontrol[0m
[14.007s] [34mcolcon.colcon_core.environment[0m [1;30mLevel 1[0m checking '/home/nvidia/ROS2-ABAJA-DEV-main/install/vehiclecontrol' for CMake config files
[14.008s] [34mcolcon.colcon_core.shell[0m [1;30mLevel 1[0m create_environment_hook('vehiclecontrol', 'cmake_prefix_path')
[14.009s] [34mcolcon.colcon_core.shell[0m [1;30mINFO[0m Creating environment hook '/home/nvidia/ROS2-ABAJA-DEV-main/install/vehiclecontrol/share/vehiclecontrol/hook/cmake_prefix_path.ps1'
[14.010s] [34mcolcon.colcon_core.shell[0m [1;30mINFO[0m Creating environment descriptor '/home/nvidia/ROS2-ABAJA-DEV-main/install/vehiclecontrol/share/vehiclecontrol/hook/cmake_prefix_path.dsv'
[14.011s] [34mcolcon.colcon_core.shell[0m [1;30mINFO[0m Creating environment hook '/home/nvidia/ROS2-ABAJA-DEV-main/install/vehiclecontrol/share/vehiclecontrol/hook/cmake_prefix_path.sh'
[14.013s] [34mcolcon.colcon_core.environment[0m [1;30mLevel 1[0m checking '/home/nvidia/ROS2-ABAJA-DEV-main/install/vehiclecontrol/lib'
[14.013s] [34mcolcon.colcon_core.shell[0m [1;30mLevel 1[0m create_environment_hook('vehiclecontrol', 'ld_library_path_lib')
[14.014s] [34mcolcon.colcon_core.shell[0m [1;30mINFO[0m Creating environment hook '/home/nvidia/ROS2-ABAJA-DEV-main/install/vehiclecontrol/share/vehiclecontrol/hook/ld_library_path_lib.ps1'
[14.015s] [34mcolcon.colcon_core.shell[0m [1;30mINFO[0m Creating environment descriptor '/home/nvidia/ROS2-ABAJA-DEV-main/install/vehiclecontrol/share/vehiclecontrol/hook/ld_library_path_lib.dsv'
[14.016s] [34mcolcon.colcon_core.shell[0m [1;30mINFO[0m Creating environment hook '/home/nvidia/ROS2-ABAJA-DEV-main/install/vehiclecontrol/share/vehiclecontrol/hook/ld_library_path_lib.sh'
[14.017s] [34mcolcon.colcon_core.environment[0m [1;30mLevel 1[0m checking '/home/nvidia/ROS2-ABAJA-DEV-main/install/vehiclecontrol/bin'
[14.017s] [34mcolcon.colcon_core.environment[0m [1;30mLevel 1[0m checking '/home/nvidia/ROS2-ABAJA-DEV-main/install/vehiclecontrol/lib/pkgconfig/vehiclecontrol.pc'
[14.018s] [34mcolcon.colcon_core.environment[0m [1;30mLevel 1[0m checking '/home/nvidia/ROS2-ABAJA-DEV-main/install/vehiclecontrol/lib/python3.10/site-packages'
[14.018s] [34mcolcon.colcon_core.environment[0m [1;30mLevel 1[0m checking '/home/nvidia/ROS2-ABAJA-DEV-main/install/vehiclecontrol/bin'
[14.019s] [34mcolcon.colcon_core.shell[0m [1;30mINFO[0m Creating package script '/home/nvidia/ROS2-ABAJA-DEV-main/install/vehiclecontrol/share/vehiclecontrol/package.ps1'
[14.020s] [34mcolcon.colcon_core.shell[0m [1;30mINFO[0m Creating package descriptor '/home/nvidia/ROS2-ABAJA-DEV-main/install/vehiclecontrol/share/vehiclecontrol/package.dsv'
[14.021s] [34mcolcon.colcon_core.shell[0m [1;30mINFO[0m Creating package script '/home/nvidia/ROS2-ABAJA-DEV-main/install/vehiclecontrol/share/vehiclecontrol/package.sh'
[14.023s] [34mcolcon.colcon_core.shell[0m [1;30mINFO[0m Creating package script '/home/nvidia/ROS2-ABAJA-DEV-main/install/vehiclecontrol/share/vehiclecontrol/package.bash'
[14.024s] [34mcolcon.colcon_core.shell[0m [1;30mINFO[0m Creating package script '/home/nvidia/ROS2-ABAJA-DEV-main/install/vehiclecontrol/share/vehiclecontrol/package.zsh'
[14.025s] [34mcolcon.colcon_core.environment[0m [1;30mLevel 1[0m create_file_with_runtime_dependencies(/home/nvidia/ROS2-ABAJA-DEV-main/install/vehiclecontrol/share/colcon-core/packages/vehiclecontrol)
[14.027s] [34mcolcon.colcon_core.environment[0m [1;30mLevel 1[0m create_environment_scripts_only(vehiclecontrol)
[14.028s] [34mcolcon.colcon_core.environment[0m [1;30mLevel 1[0m checking '/home/nvidia/ROS2-ABAJA-DEV-main/install/vehiclecontrol' for CMake module files
[14.030s] [34mcolcon.colcon_core.environment[0m [1;30mLevel 1[0m checking '/home/nvidia/ROS2-ABAJA-DEV-main/install/vehiclecontrol' for CMake config files
[14.031s] [34mcolcon.colcon_core.shell[0m [1;30mLevel 1[0m create_environment_hook('vehiclecontrol', 'cmake_prefix_path')
[14.032s] [34mcolcon.colcon_core.shell[0m [1;30mINFO[0m Creating environment hook '/home/nvidia/ROS2-ABAJA-DEV-main/install/vehiclecontrol/share/vehiclecontrol/hook/cmake_prefix_path.ps1'
[14.033s] [34mcolcon.colcon_core.shell[0m [1;30mINFO[0m Creating environment descriptor '/home/nvidia/ROS2-ABAJA-DEV-main/install/vehiclecontrol/share/vehiclecontrol/hook/cmake_prefix_path.dsv'
[14.034s] [34mcolcon.colcon_core.shell[0m [1;30mINFO[0m Creating environment hook '/home/nvidia/ROS2-ABAJA-DEV-main/install/vehiclecontrol/share/vehiclecontrol/hook/cmake_prefix_path.sh'
[14.036s] [34mcolcon.colcon_core.environment[0m [1;30mLevel 1[0m checking '/home/nvidia/ROS2-ABAJA-DEV-main/install/vehiclecontrol/lib'
[14.036s] [34mcolcon.colcon_core.shell[0m [1;30mLevel 1[0m create_environment_hook('vehiclecontrol', 'ld_library_path_lib')
[14.037s] [34mcolcon.colcon_core.shell[0m [1;30mINFO[0m Creating environment hook '/home/nvidia/ROS2-ABAJA-DEV-main/install/vehiclecontrol/share/vehiclecontrol/hook/ld_library_path_lib.ps1'
[14.039s] [34mcolcon.colcon_core.shell[0m [1;30mINFO[0m Creating environment descriptor '/home/nvidia/ROS2-ABAJA-DEV-main/install/vehiclecontrol/share/vehiclecontrol/hook/ld_library_path_lib.dsv'
[14.040s] [34mcolcon.colcon_core.shell[0m [1;30mINFO[0m Creating environment hook '/home/nvidia/ROS2-ABAJA-DEV-main/install/vehiclecontrol/share/vehiclecontrol/hook/ld_library_path_lib.sh'
[14.042s] [34mcolcon.colcon_core.environment[0m [1;30mLevel 1[0m checking '/home/nvidia/ROS2-ABAJA-DEV-main/install/vehiclecontrol/bin'
[14.042s] [34mcolcon.colcon_core.environment[0m [1;30mLevel 1[0m checking '/home/nvidia/ROS2-ABAJA-DEV-main/install/vehiclecontrol/lib/pkgconfig/vehiclecontrol.pc'
[14.043s] [34mcolcon.colcon_core.environment[0m [1;30mLevel 1[0m checking '/home/nvidia/ROS2-ABAJA-DEV-main/install/vehiclecontrol/lib/python3.10/site-packages'
[14.043s] [34mcolcon.colcon_core.environment[0m [1;30mLevel 1[0m checking '/home/nvidia/ROS2-ABAJA-DEV-main/install/vehiclecontrol/bin'
[14.044s] [34mcolcon.colcon_core.shell[0m [1;30mINFO[0m Creating package script '/home/nvidia/ROS2-ABAJA-DEV-main/install/vehiclecontrol/share/vehiclecontrol/package.ps1'
[14.046s] [34mcolcon.colcon_core.shell[0m [1;30mINFO[0m Creating package descriptor '/home/nvidia/ROS2-ABAJA-DEV-main/install/vehiclecontrol/share/vehiclecontrol/package.dsv'
[14.047s] [34mcolcon.colcon_core.shell[0m [1;30mINFO[0m Creating package script '/home/nvidia/ROS2-ABAJA-DEV-main/install/vehiclecontrol/share/vehiclecontrol/package.sh'
[14.048s] [34mcolcon.colcon_core.shell[0m [1;30mINFO[0m Creating package script '/home/nvidia/ROS2-ABAJA-DEV-main/install/vehiclecontrol/share/vehiclecontrol/package.bash'
[14.049s] [34mcolcon.colcon_core.shell[0m [1;30mINFO[0m Creating package script '/home/nvidia/ROS2-ABAJA-DEV-main/install/vehiclecontrol/share/vehiclecontrol/package.zsh'
[14.050s] [34mcolcon.colcon_core.environment[0m [1;30mLevel 1[0m create_file_with_runtime_dependencies(/home/nvidia/ROS2-ABAJA-DEV-main/install/vehiclecontrol/share/colcon-core/packages/vehiclecontrol)
[14.368s] [34mcolcon.colcon_core.event_handler.log_command[0m [1;30mDEBUG[0m [32mInvoked command in '/home/nvidia/ROS2-ABAJA-DEV-main/build/feedback' returned '0': CMAKE_PREFIX_PATH=/opt/ros/humble /usr/bin/cmake --build /home/nvidia/ROS2-ABAJA-DEV-main/build/feedback -- -j6 -l6[0m
[14.371s] [34mcolcon.colcon_core.event_handler.log_command[0m [1;30mDEBUG[0m [32mInvoking command in '/home/nvidia/ROS2-ABAJA-DEV-main/build/feedback': CMAKE_PREFIX_PATH=/opt/ros/humble /usr/bin/cmake --install /home/nvidia/ROS2-ABAJA-DEV-main/build/feedback[0m
[14.516s] [34mcolcon.colcon_core.environment[0m [1;30mLevel 1[0m create_environment_scripts_only(feedback)
[14.517s] [34mcolcon.colcon_core.environment[0m [1;30mLevel 1[0m checking '/home/nvidia/ROS2-ABAJA-DEV-main/install/feedback' for CMake module files
[14.518s] [34mcolcon.colcon_core.event_handler.log_command[0m [1;30mDEBUG[0m [32mInvoked command in '/home/nvidia/ROS2-ABAJA-DEV-main/build/feedback' returned '0': CMAKE_PREFIX_PATH=/opt/ros/humble /usr/bin/cmake --install /home/nvidia/ROS2-ABAJA-DEV-main/build/feedback[0m
[14.519s] [34mcolcon.colcon_core.environment[0m [1;30mLevel 1[0m checking '/home/nvidia/ROS2-ABAJA-DEV-main/install/feedback' for CMake config files
[14.520s] [34mcolcon.colcon_core.shell[0m [1;30mLevel 1[0m create_environment_hook('feedback', 'cmake_prefix_path')
[14.520s] [34mcolcon.colcon_core.shell[0m [1;30mINFO[0m Creating environment hook '/home/nvidia/ROS2-ABAJA-DEV-main/install/feedback/share/feedback/hook/cmake_prefix_path.ps1'
[14.521s] [34mcolcon.colcon_core.shell[0m [1;30mINFO[0m Creating environment descriptor '/home/nvidia/ROS2-ABAJA-DEV-main/install/feedback/share/feedback/hook/cmake_prefix_path.dsv'
[14.522s] [34mcolcon.colcon_core.shell[0m [1;30mINFO[0m Creating environment hook '/home/nvidia/ROS2-ABAJA-DEV-main/install/feedback/share/feedback/hook/cmake_prefix_path.sh'
[14.523s] [34mcolcon.colcon_core.environment[0m [1;30mLevel 1[0m checking '/home/nvidia/ROS2-ABAJA-DEV-main/install/feedback/lib'
[14.524s] [34mcolcon.colcon_core.shell[0m [1;30mLevel 1[0m create_environment_hook('feedback', 'ld_library_path_lib')
[14.524s] [34mcolcon.colcon_core.shell[0m [1;30mINFO[0m Creating environment hook '/home/nvidia/ROS2-ABAJA-DEV-main/install/feedback/share/feedback/hook/ld_library_path_lib.ps1'
[14.525s] [34mcolcon.colcon_core.shell[0m [1;30mINFO[0m Creating environment descriptor '/home/nvidia/ROS2-ABAJA-DEV-main/install/feedback/share/feedback/hook/ld_library_path_lib.dsv'
[14.526s] [34mcolcon.colcon_core.shell[0m [1;30mINFO[0m Creating environment hook '/home/nvidia/ROS2-ABAJA-DEV-main/install/feedback/share/feedback/hook/ld_library_path_lib.sh'
[14.527s] [34mcolcon.colcon_core.environment[0m [1;30mLevel 1[0m checking '/home/nvidia/ROS2-ABAJA-DEV-main/install/feedback/bin'
[14.527s] [34mcolcon.colcon_core.environment[0m [1;30mLevel 1[0m checking '/home/nvidia/ROS2-ABAJA-DEV-main/install/feedback/lib/pkgconfig/feedback.pc'
[14.527s] [34mcolcon.colcon_core.environment[0m [1;30mLevel 1[0m checking '/home/nvidia/ROS2-ABAJA-DEV-main/install/feedback/lib/python3.10/site-packages'
[14.528s] [34mcolcon.colcon_core.environment[0m [1;30mLevel 1[0m checking '/home/nvidia/ROS2-ABAJA-DEV-main/install/feedback/bin'
[14.529s] [34mcolcon.colcon_core.shell[0m [1;30mINFO[0m Creating package script '/home/nvidia/ROS2-ABAJA-DEV-main/install/feedback/share/feedback/package.ps1'
[14.530s] [34mcolcon.colcon_core.shell[0m [1;30mINFO[0m Creating package descriptor '/home/nvidia/ROS2-ABAJA-DEV-main/install/feedback/share/feedback/package.dsv'
[14.532s] [34mcolcon.colcon_core.shell[0m [1;30mINFO[0m Creating package script '/home/nvidia/ROS2-ABAJA-DEV-main/install/feedback/share/feedback/package.sh'
[14.533s] [34mcolcon.colcon_core.shell[0m [1;30mINFO[0m Creating package script '/home/nvidia/ROS2-ABAJA-DEV-main/install/feedback/share/feedback/package.bash'
[14.534s] [34mcolcon.colcon_core.shell[0m [1;30mINFO[0m Creating package script '/home/nvidia/ROS2-ABAJA-DEV-main/install/feedback/share/feedback/package.zsh'
[14.535s] [34mcolcon.colcon_core.environment[0m [1;30mLevel 1[0m create_file_with_runtime_dependencies(/home/nvidia/ROS2-ABAJA-DEV-main/install/feedback/share/colcon-core/packages/feedback)
[14.536s] [34mcolcon.colcon_core.environment[0m [1;30mLevel 1[0m create_environment_scripts_only(feedback)
[14.537s] [34mcolcon.colcon_core.environment[0m [1;30mLevel 1[0m checking '/home/nvidia/ROS2-ABAJA-DEV-main/install/feedback' for CMake module files
[14.538s] [34mcolcon.colcon_core.environment[0m [1;30mLevel 1[0m checking '/home/nvidia/ROS2-ABAJA-DEV-main/install/feedback' for CMake config files
[14.539s] [34mcolcon.colcon_core.shell[0m [1;30mLevel 1[0m create_environment_hook('feedback', 'cmake_prefix_path')
[14.540s] [34mcolcon.colcon_core.shell[0m [1;30mINFO[0m Creating environment hook '/home/nvidia/ROS2-ABAJA-DEV-main/install/feedback/share/feedback/hook/cmake_prefix_path.ps1'
[14.541s] [34mcolcon.colcon_core.shell[0m [1;30mINFO[0m Creating environment descriptor '/home/nvidia/ROS2-ABAJA-DEV-main/install/feedback/share/feedback/hook/cmake_prefix_path.dsv'
[14.542s] [34mcolcon.colcon_core.shell[0m [1;30mINFO[0m Creating environment hook '/home/nvidia/ROS2-ABAJA-DEV-main/install/feedback/share/feedback/hook/cmake_prefix_path.sh'
[14.543s] [34mcolcon.colcon_core.environment[0m [1;30mLevel 1[0m checking '/home/nvidia/ROS2-ABAJA-DEV-main/install/feedback/lib'
[14.544s] [34mcolcon.colcon_core.shell[0m [1;30mLevel 1[0m create_environment_hook('feedback', 'ld_library_path_lib')
[14.544s] [34mcolcon.colcon_core.shell[0m [1;30mINFO[0m Creating environment hook '/home/nvidia/ROS2-ABAJA-DEV-main/install/feedback/share/feedback/hook/ld_library_path_lib.ps1'
[14.545s] [34mcolcon.colcon_core.shell[0m [1;30mINFO[0m Creating environment descriptor '/home/nvidia/ROS2-ABAJA-DEV-main/install/feedback/share/feedback/hook/ld_library_path_lib.dsv'
[14.546s] [34mcolcon.colcon_core.shell[0m [1;30mINFO[0m Creating environment hook '/home/nvidia/ROS2-ABAJA-DEV-main/install/feedback/share/feedback/hook/ld_library_path_lib.sh'
[14.547s] [34mcolcon.colcon_core.environment[0m [1;30mLevel 1[0m checking '/home/nvidia/ROS2-ABAJA-DEV-main/install/feedback/bin'
[14.547s] [34mcolcon.colcon_core.environment[0m [1;30mLevel 1[0m checking '/home/nvidia/ROS2-ABAJA-DEV-main/install/feedback/lib/pkgconfig/feedback.pc'
[14.548s] [34mcolcon.colcon_core.environment[0m [1;30mLevel 1[0m checking '/home/nvidia/ROS2-ABAJA-DEV-main/install/feedback/lib/python3.10/site-packages'
[14.548s] [34mcolcon.colcon_core.environment[0m [1;30mLevel 1[0m checking '/home/nvidia/ROS2-ABAJA-DEV-main/install/feedback/bin'
[14.549s] [34mcolcon.colcon_core.shell[0m [1;30mINFO[0m Creating package script '/home/nvidia/ROS2-ABAJA-DEV-main/install/feedback/share/feedback/package.ps1'
[14.552s] [34mcolcon.colcon_core.shell[0m [1;30mINFO[0m Creating package descriptor '/home/nvidia/ROS2-ABAJA-DEV-main/install/feedback/share/feedback/package.dsv'
[14.554s] [34mcolcon.colcon_core.shell[0m [1;30mINFO[0m Creating package script '/home/nvidia/ROS2-ABAJA-DEV-main/install/feedback/share/feedback/package.sh'
[14.555s] [34mcolcon.colcon_core.shell[0m [1;30mINFO[0m Creating package script '/home/nvidia/ROS2-ABAJA-DEV-main/install/feedback/share/feedback/package.bash'
[14.558s] [34mcolcon.colcon_core.shell[0m [1;30mINFO[0m Creating package script '/home/nvidia/ROS2-ABAJA-DEV-main/install/feedback/share/feedback/package.zsh'
[14.562s] [34mcolcon.colcon_core.environment[0m [1;30mLevel 1[0m create_file_with_runtime_dependencies(/home/nvidia/ROS2-ABAJA-DEV-main/install/feedback/share/colcon-core/packages/feedback)
[14.955s] [34mcolcon.colcon_core.event_handler.log_command[0m [1;30mDEBUG[0m [32mInvoked command in '/home/nvidia/ROS2-ABAJA-DEV-main/build/inertial_msgs' returned '0': CMAKE_PREFIX_PATH=/opt/ros/humble /usr/bin/cmake --build /home/nvidia/ROS2-ABAJA-DEV-main/build/inertial_msgs -- -j6 -l6[0m
[14.959s] [34mcolcon.colcon_core.event_handler.log_command[0m [1;30mDEBUG[0m [32mInvoking command in '/home/nvidia/ROS2-ABAJA-DEV-main/build/inertial_msgs': CMAKE_PREFIX_PATH=/opt/ros/humble /usr/bin/cmake --install /home/nvidia/ROS2-ABAJA-DEV-main/build/inertial_msgs[0m
[15.109s] [34mcolcon.colcon_core.environment[0m [1;30mLevel 1[0m create_environment_scripts_only(inertial_msgs)
[15.111s] [34mcolcon.colcon_core.environment[0m [1;30mLevel 1[0m checking '/home/nvidia/ROS2-ABAJA-DEV-main/install/inertial_msgs' for CMake module files
[15.112s] [34mcolcon.colcon_core.event_handler.log_command[0m [1;30mDEBUG[0m [32mInvoked command in '/home/nvidia/ROS2-ABAJA-DEV-main/build/inertial_msgs' returned '0': CMAKE_PREFIX_PATH=/opt/ros/humble /usr/bin/cmake --install /home/nvidia/ROS2-ABAJA-DEV-main/build/inertial_msgs[0m
[15.114s] [34mcolcon.colcon_core.environment[0m [1;30mLevel 1[0m checking '/home/nvidia/ROS2-ABAJA-DEV-main/install/inertial_msgs' for CMake config files
[15.115s] [34mcolcon.colcon_core.shell[0m [1;30mLevel 1[0m create_environment_hook('inertial_msgs', 'cmake_prefix_path')
[15.116s] [34mcolcon.colcon_core.shell[0m [1;30mINFO[0m Creating environment hook '/home/nvidia/ROS2-ABAJA-DEV-main/install/inertial_msgs/share/inertial_msgs/hook/cmake_prefix_path.ps1'
[15.117s] [34mcolcon.colcon_core.shell[0m [1;30mINFO[0m Creating environment descriptor '/home/nvidia/ROS2-ABAJA-DEV-main/install/inertial_msgs/share/inertial_msgs/hook/cmake_prefix_path.dsv'
[15.118s] [34mcolcon.colcon_core.shell[0m [1;30mINFO[0m Creating environment hook '/home/nvidia/ROS2-ABAJA-DEV-main/install/inertial_msgs/share/inertial_msgs/hook/cmake_prefix_path.sh'
[15.119s] [34mcolcon.colcon_core.environment[0m [1;30mLevel 1[0m checking '/home/nvidia/ROS2-ABAJA-DEV-main/install/inertial_msgs/lib'
[15.120s] [34mcolcon.colcon_core.shell[0m [1;30mLevel 1[0m create_environment_hook('inertial_msgs', 'ld_library_path_lib')
[15.120s] [34mcolcon.colcon_core.shell[0m [1;30mINFO[0m Creating environment hook '/home/nvidia/ROS2-ABAJA-DEV-main/install/inertial_msgs/share/inertial_msgs/hook/ld_library_path_lib.ps1'
[15.121s] [34mcolcon.colcon_core.shell[0m [1;30mINFO[0m Creating environment descriptor '/home/nvidia/ROS2-ABAJA-DEV-main/install/inertial_msgs/share/inertial_msgs/hook/ld_library_path_lib.dsv'
[15.122s] [34mcolcon.colcon_core.shell[0m [1;30mINFO[0m Creating environment hook '/home/nvidia/ROS2-ABAJA-DEV-main/install/inertial_msgs/share/inertial_msgs/hook/ld_library_path_lib.sh'
[15.122s] [34mcolcon.colcon_core.environment[0m [1;30mLevel 1[0m checking '/home/nvidia/ROS2-ABAJA-DEV-main/install/inertial_msgs/bin'
[15.123s] [34mcolcon.colcon_core.environment[0m [1;30mLevel 1[0m checking '/home/nvidia/ROS2-ABAJA-DEV-main/install/inertial_msgs/lib/pkgconfig/inertial_msgs.pc'
[15.123s] [34mcolcon.colcon_core.environment[0m [1;30mLevel 1[0m checking '/home/nvidia/ROS2-ABAJA-DEV-main/install/inertial_msgs/lib/python3.10/site-packages'
[15.124s] [34mcolcon.colcon_core.environment[0m [1;30mLevel 1[0m checking '/home/nvidia/ROS2-ABAJA-DEV-main/install/inertial_msgs/bin'
[15.124s] [34mcolcon.colcon_core.shell[0m [1;30mINFO[0m Creating package script '/home/nvidia/ROS2-ABAJA-DEV-main/install/inertial_msgs/share/inertial_msgs/package.ps1'
[15.125s] [34mcolcon.colcon_core.shell[0m [1;30mINFO[0m Creating package descriptor '/home/nvidia/ROS2-ABAJA-DEV-main/install/inertial_msgs/share/inertial_msgs/package.dsv'
[15.126s] [34mcolcon.colcon_core.shell[0m [1;30mINFO[0m Creating package script '/home/nvidia/ROS2-ABAJA-DEV-main/install/inertial_msgs/share/inertial_msgs/package.sh'
[15.128s] [34mcolcon.colcon_core.shell[0m [1;30mINFO[0m Creating package script '/home/nvidia/ROS2-ABAJA-DEV-main/install/inertial_msgs/share/inertial_msgs/package.bash'
[15.128s] [34mcolcon.colcon_core.shell[0m [1;30mINFO[0m Creating package script '/home/nvidia/ROS2-ABAJA-DEV-main/install/inertial_msgs/share/inertial_msgs/package.zsh'
[15.129s] [34mcolcon.colcon_core.environment[0m [1;30mLevel 1[0m create_file_with_runtime_dependencies(/home/nvidia/ROS2-ABAJA-DEV-main/install/inertial_msgs/share/colcon-core/packages/inertial_msgs)
[15.130s] [34mcolcon.colcon_core.environment[0m [1;30mLevel 1[0m create_environment_scripts_only(inertial_msgs)
[15.131s] [34mcolcon.colcon_core.environment[0m [1;30mLevel 1[0m checking '/home/nvidia/ROS2-ABAJA-DEV-main/install/inertial_msgs' for CMake module files
[15.133s] [34mcolcon.colcon_core.environment[0m [1;30mLevel 1[0m checking '/home/nvidia/ROS2-ABAJA-DEV-main/install/inertial_msgs' for CMake config files
[15.133s] [34mcolcon.colcon_core.shell[0m [1;30mLevel 1[0m create_environment_hook('inertial_msgs', 'cmake_prefix_path')
[15.134s] [34mcolcon.colcon_core.shell[0m [1;30mINFO[0m Creating environment hook '/home/nvidia/ROS2-ABAJA-DEV-main/install/inertial_msgs/share/inertial_msgs/hook/cmake_prefix_path.ps1'
[15.135s] [34mcolcon.colcon_core.shell[0m [1;30mINFO[0m Creating environment descriptor '/home/nvidia/ROS2-ABAJA-DEV-main/install/inertial_msgs/share/inertial_msgs/hook/cmake_prefix_path.dsv'
[15.136s] [34mcolcon.colcon_core.shell[0m [1;30mINFO[0m Creating environment hook '/home/nvidia/ROS2-ABAJA-DEV-main/install/inertial_msgs/share/inertial_msgs/hook/cmake_prefix_path.sh'
[15.137s] [34mcolcon.colcon_core.environment[0m [1;30mLevel 1[0m checking '/home/nvidia/ROS2-ABAJA-DEV-main/install/inertial_msgs/lib'
[15.137s] [34mcolcon.colcon_core.shell[0m [1;30mLevel 1[0m create_environment_hook('inertial_msgs', 'ld_library_path_lib')
[15.138s] [34mcolcon.colcon_core.shell[0m [1;30mINFO[0m Creating environment hook '/home/nvidia/ROS2-ABAJA-DEV-main/install/inertial_msgs/share/inertial_msgs/hook/ld_library_path_lib.ps1'
[15.139s] [34mcolcon.colcon_core.shell[0m [1;30mINFO[0m Creating environment descriptor '/home/nvidia/ROS2-ABAJA-DEV-main/install/inertial_msgs/share/inertial_msgs/hook/ld_library_path_lib.dsv'
[15.140s] [34mcolcon.colcon_core.shell[0m [1;30mINFO[0m Creating environment hook '/home/nvidia/ROS2-ABAJA-DEV-main/install/inertial_msgs/share/inertial_msgs/hook/ld_library_path_lib.sh'
[15.140s] [34mcolcon.colcon_core.environment[0m [1;30mLevel 1[0m checking '/home/nvidia/ROS2-ABAJA-DEV-main/install/inertial_msgs/bin'
[15.141s] [34mcolcon.colcon_core.environment[0m [1;30mLevel 1[0m checking '/home/nvidia/ROS2-ABAJA-DEV-main/install/inertial_msgs/lib/pkgconfig/inertial_msgs.pc'
[15.141s] [34mcolcon.colcon_core.environment[0m [1;30mLevel 1[0m checking '/home/nvidia/ROS2-ABAJA-DEV-main/install/inertial_msgs/lib/python3.10/site-packages'
[15.142s] [34mcolcon.colcon_core.environment[0m [1;30mLevel 1[0m checking '/home/nvidia/ROS2-ABAJA-DEV-main/install/inertial_msgs/bin'
[15.142s] [34mcolcon.colcon_core.shell[0m [1;30mINFO[0m Creating package script '/home/nvidia/ROS2-ABAJA-DEV-main/install/inertial_msgs/share/inertial_msgs/package.ps1'
[15.144s] [34mcolcon.colcon_core.shell[0m [1;30mINFO[0m Creating package descriptor '/home/nvidia/ROS2-ABAJA-DEV-main/install/inertial_msgs/share/inertial_msgs/package.dsv'
[15.145s] [34mcolcon.colcon_core.shell[0m [1;30mINFO[0m Creating package script '/home/nvidia/ROS2-ABAJA-DEV-main/install/inertial_msgs/share/inertial_msgs/package.sh'
[15.146s] [34mcolcon.colcon_core.shell[0m [1;30mINFO[0m Creating package script '/home/nvidia/ROS2-ABAJA-DEV-main/install/inertial_msgs/share/inertial_msgs/package.bash'
[15.147s] [34mcolcon.colcon_core.shell[0m [1;30mINFO[0m Creating package script '/home/nvidia/ROS2-ABAJA-DEV-main/install/inertial_msgs/share/inertial_msgs/package.zsh'
[15.148s] [34mcolcon.colcon_core.environment[0m [1;30mLevel 1[0m create_file_with_runtime_dependencies(/home/nvidia/ROS2-ABAJA-DEV-main/install/inertial_msgs/share/colcon-core/packages/inertial_msgs)
[15.845s] [34mcolcon.colcon_core.event_handler.log_command[0m [1;30mDEBUG[0m [32mInvoked command in '/home/nvidia/ROS2-ABAJA-DEV-main/build/radar_msgs' returned '0': CMAKE_PREFIX_PATH=/opt/ros/humble /usr/bin/cmake --build /home/nvidia/ROS2-ABAJA-DEV-main/build/radar_msgs -- -j6 -l6[0m
[15.850s] [34mcolcon.colcon_core.event_handler.log_command[0m [1;30mDEBUG[0m [32mInvoking command in '/home/nvidia/ROS2-ABAJA-DEV-main/build/radar_msgs': CMAKE_PREFIX_PATH=/opt/ros/humble /usr/bin/cmake --install /home/nvidia/ROS2-ABAJA-DEV-main/build/radar_msgs[0m
[15.999s] [34mcolcon.colcon_core.environment[0m [1;30mLevel 1[0m create_environment_scripts_only(radar_msgs)
[16.000s] [34mcolcon.colcon_core.environment[0m [1;30mLevel 1[0m checking '/home/nvidia/ROS2-ABAJA-DEV-main/install/radar_msgs' for CMake module files
[16.001s] [34mcolcon.colcon_core.event_handler.log_command[0m [1;30mDEBUG[0m [32mInvoked command in '/home/nvidia/ROS2-ABAJA-DEV-main/build/radar_msgs' returned '0': CMAKE_PREFIX_PATH=/opt/ros/humble /usr/bin/cmake --install /home/nvidia/ROS2-ABAJA-DEV-main/build/radar_msgs[0m
[16.003s] [34mcolcon.colcon_core.environment[0m [1;30mLevel 1[0m checking '/home/nvidia/ROS2-ABAJA-DEV-main/install/radar_msgs' for CMake config files
[16.005s] [34mcolcon.colcon_core.shell[0m [1;30mLevel 1[0m create_environment_hook('radar_msgs', 'cmake_prefix_path')
[16.005s] [34mcolcon.colcon_core.shell[0m [1;30mINFO[0m Creating environment hook '/home/nvidia/ROS2-ABAJA-DEV-main/install/radar_msgs/share/radar_msgs/hook/cmake_prefix_path.ps1'
[16.007s] [34mcolcon.colcon_core.shell[0m [1;30mINFO[0m Creating environment descriptor '/home/nvidia/ROS2-ABAJA-DEV-main/install/radar_msgs/share/radar_msgs/hook/cmake_prefix_path.dsv'
[16.008s] [34mcolcon.colcon_core.shell[0m [1;30mINFO[0m Creating environment hook '/home/nvidia/ROS2-ABAJA-DEV-main/install/radar_msgs/share/radar_msgs/hook/cmake_prefix_path.sh'
[16.010s] [34mcolcon.colcon_core.environment[0m [1;30mLevel 1[0m checking '/home/nvidia/ROS2-ABAJA-DEV-main/install/radar_msgs/lib'
[16.011s] [34mcolcon.colcon_core.shell[0m [1;30mLevel 1[0m create_environment_hook('radar_msgs', 'ld_library_path_lib')
[16.011s] [34mcolcon.colcon_core.shell[0m [1;30mINFO[0m Creating environment hook '/home/nvidia/ROS2-ABAJA-DEV-main/install/radar_msgs/share/radar_msgs/hook/ld_library_path_lib.ps1'
[16.013s] [34mcolcon.colcon_core.shell[0m [1;30mINFO[0m Creating environment descriptor '/home/nvidia/ROS2-ABAJA-DEV-main/install/radar_msgs/share/radar_msgs/hook/ld_library_path_lib.dsv'
[16.014s] [34mcolcon.colcon_core.shell[0m [1;30mINFO[0m Creating environment hook '/home/nvidia/ROS2-ABAJA-DEV-main/install/radar_msgs/share/radar_msgs/hook/ld_library_path_lib.sh'
[16.015s] [34mcolcon.colcon_core.environment[0m [1;30mLevel 1[0m checking '/home/nvidia/ROS2-ABAJA-DEV-main/install/radar_msgs/bin'
[16.016s] [34mcolcon.colcon_core.environment[0m [1;30mLevel 1[0m checking '/home/nvidia/ROS2-ABAJA-DEV-main/install/radar_msgs/lib/pkgconfig/radar_msgs.pc'
[16.016s] [34mcolcon.colcon_core.environment[0m [1;30mLevel 1[0m checking '/home/nvidia/ROS2-ABAJA-DEV-main/install/radar_msgs/lib/python3.10/site-packages'
[16.017s] [34mcolcon.colcon_core.environment[0m [1;30mLevel 1[0m checking '/home/nvidia/ROS2-ABAJA-DEV-main/install/radar_msgs/bin'
[16.018s] [34mcolcon.colcon_core.shell[0m [1;30mINFO[0m Creating package script '/home/nvidia/ROS2-ABAJA-DEV-main/install/radar_msgs/share/radar_msgs/package.ps1'
[16.020s] [34mcolcon.colcon_core.shell[0m [1;30mINFO[0m Creating package descriptor '/home/nvidia/ROS2-ABAJA-DEV-main/install/radar_msgs/share/radar_msgs/package.dsv'
[16.022s] [34mcolcon.colcon_core.shell[0m [1;30mINFO[0m Creating package script '/home/nvidia/ROS2-ABAJA-DEV-main/install/radar_msgs/share/radar_msgs/package.sh'
[16.023s] [34mcolcon.colcon_core.shell[0m [1;30mINFO[0m Creating package script '/home/nvidia/ROS2-ABAJA-DEV-main/install/radar_msgs/share/radar_msgs/package.bash'
[16.025s] [34mcolcon.colcon_core.shell[0m [1;30mINFO[0m Creating package script '/home/nvidia/ROS2-ABAJA-DEV-main/install/radar_msgs/share/radar_msgs/package.zsh'
[16.026s] [34mcolcon.colcon_core.environment[0m [1;30mLevel 1[0m create_file_with_runtime_dependencies(/home/nvidia/ROS2-ABAJA-DEV-main/install/radar_msgs/share/colcon-core/packages/radar_msgs)
[16.028s] [34mcolcon.colcon_core.environment[0m [1;30mLevel 1[0m create_environment_scripts_only(radar_msgs)
[16.029s] [34mcolcon.colcon_core.environment[0m [1;30mLevel 1[0m checking '/home/nvidia/ROS2-ABAJA-DEV-main/install/radar_msgs' for CMake module files
[16.031s] [34mcolcon.colcon_core.environment[0m [1;30mLevel 1[0m checking '/home/nvidia/ROS2-ABAJA-DEV-main/install/radar_msgs' for CMake config files
[16.032s] [34mcolcon.colcon_core.shell[0m [1;30mLevel 1[0m create_environment_hook('radar_msgs', 'cmake_prefix_path')
[16.033s] [34mcolcon.colcon_core.shell[0m [1;30mINFO[0m Creating environment hook '/home/nvidia/ROS2-ABAJA-DEV-main/install/radar_msgs/share/radar_msgs/hook/cmake_prefix_path.ps1'
[16.035s] [34mcolcon.colcon_core.shell[0m [1;30mINFO[0m Creating environment descriptor '/home/nvidia/ROS2-ABAJA-DEV-main/install/radar_msgs/share/radar_msgs/hook/cmake_prefix_path.dsv'
[16.036s] [34mcolcon.colcon_core.shell[0m [1;30mINFO[0m Creating environment hook '/home/nvidia/ROS2-ABAJA-DEV-main/install/radar_msgs/share/radar_msgs/hook/cmake_prefix_path.sh'
[16.038s] [34mcolcon.colcon_core.environment[0m [1;30mLevel 1[0m checking '/home/nvidia/ROS2-ABAJA-DEV-main/install/radar_msgs/lib'
[16.039s] [34mcolcon.colcon_core.shell[0m [1;30mLevel 1[0m create_environment_hook('radar_msgs', 'ld_library_path_lib')
[16.039s] [34mcolcon.colcon_core.shell[0m [1;30mINFO[0m Creating environment hook '/home/nvidia/ROS2-ABAJA-DEV-main/install/radar_msgs/share/radar_msgs/hook/ld_library_path_lib.ps1'
[16.041s] [34mcolcon.colcon_core.shell[0m [1;30mINFO[0m Creating environment descriptor '/home/nvidia/ROS2-ABAJA-DEV-main/install/radar_msgs/share/radar_msgs/hook/ld_library_path_lib.dsv'
[16.042s] [34mcolcon.colcon_core.shell[0m [1;30mINFO[0m Creating environment hook '/home/nvidia/ROS2-ABAJA-DEV-main/install/radar_msgs/share/radar_msgs/hook/ld_library_path_lib.sh'
[16.043s] [34mcolcon.colcon_core.environment[0m [1;30mLevel 1[0m checking '/home/nvidia/ROS2-ABAJA-DEV-main/install/radar_msgs/bin'
[16.044s] [34mcolcon.colcon_core.environment[0m [1;30mLevel 1[0m checking '/home/nvidia/ROS2-ABAJA-DEV-main/install/radar_msgs/lib/pkgconfig/radar_msgs.pc'
[16.044s] [34mcolcon.colcon_core.environment[0m [1;30mLevel 1[0m checking '/home/nvidia/ROS2-ABAJA-DEV-main/install/radar_msgs/lib/python3.10/site-packages'
[16.045s] [34mcolcon.colcon_core.environment[0m [1;30mLevel 1[0m checking '/home/nvidia/ROS2-ABAJA-DEV-main/install/radar_msgs/bin'
[16.046s] [34mcolcon.colcon_core.shell[0m [1;30mINFO[0m Creating package script '/home/nvidia/ROS2-ABAJA-DEV-main/install/radar_msgs/share/radar_msgs/package.ps1'
[16.048s] [34mcolcon.colcon_core.shell[0m [1;30mINFO[0m Creating package descriptor '/home/nvidia/ROS2-ABAJA-DEV-main/install/radar_msgs/share/radar_msgs/package.dsv'
[16.050s] [34mcolcon.colcon_core.shell[0m [1;30mINFO[0m Creating package script '/home/nvidia/ROS2-ABAJA-DEV-main/install/radar_msgs/share/radar_msgs/package.sh'
[16.052s] [34mcolcon.colcon_core.shell[0m [1;30mINFO[0m Creating package script '/home/nvidia/ROS2-ABAJA-DEV-main/install/radar_msgs/share/radar_msgs/package.bash'
[16.053s] [34mcolcon.colcon_core.shell[0m [1;30mINFO[0m Creating package script '/home/nvidia/ROS2-ABAJA-DEV-main/install/radar_msgs/share/radar_msgs/package.zsh'
[16.055s] [34mcolcon.colcon_core.environment[0m [1;30mLevel 1[0m create_file_with_runtime_dependencies(/home/nvidia/ROS2-ABAJA-DEV-main/install/radar_msgs/share/colcon-core/packages/radar_msgs)
[16.056s] [34mcolcon.colcon_parallel_executor.executor.parallel[0m [1;30mDEBUG[0m [32mclosing loop[0m
[16.057s] [34mcolcon.colcon_parallel_executor.executor.parallel[0m [1;30mDEBUG[0m [32mloop closed[0m
[16.057s] [34mcolcon.colcon_parallel_executor.executor.parallel[0m [1;30mDEBUG[0m [32mrun_until_complete finished with '0'[0m
[16.058s] [34mcolcon.colcon_core.event_reactor[0m [1;30mDEBUG[0m [32mjoining thread[0m
[16.076s] [34mcolcon.colcon_core.plugin_system[0m [1;30mINFO[0m Skipping extension 'colcon_notification.desktop_notification.terminal_notifier': Not used on non-Darwin systems
[16.077s] [34mcolcon.colcon_core.plugin_system[0m [1;30mINFO[0m Skipping extension 'colcon_notification.desktop_notification.win32': Not used on non-Windows systems
[16.077s] [34mcolcon.colcon_notification.desktop_notification[0m [1;30mINFO[0m Sending desktop notification using 'notify2'
[16.210s] [34mcolcon.colcon_core.event_reactor[0m [1;30mDEBUG[0m [32mjoined thread[0m
[16.211s] [34mcolcon.colcon_core.shell[0m [1;30mINFO[0m Creating prefix script '/home/nvidia/ROS2-ABAJA-DEV-main/install/local_setup.ps1'
[16.215s] [34mcolcon.colcon_core.shell[0m [1;30mINFO[0m Creating prefix util module '/home/nvidia/ROS2-ABAJA-DEV-main/install/_local_setup_util_ps1.py'
[16.219s] [34mcolcon.colcon_core.shell[0m [1;30mINFO[0m Creating prefix chain script '/home/nvidia/ROS2-ABAJA-DEV-main/install/setup.ps1'
[16.221s] [34mcolcon.colcon_core.shell[0m [1;30mINFO[0m Creating prefix script '/home/nvidia/ROS2-ABAJA-DEV-main/install/local_setup.sh'
[16.222s] [34mcolcon.colcon_core.shell[0m [1;30mINFO[0m Creating prefix util module '/home/nvidia/ROS2-ABAJA-DEV-main/install/_local_setup_util_sh.py'
[16.224s] [34mcolcon.colcon_core.shell[0m [1;30mINFO[0m Creating prefix chain script '/home/nvidia/ROS2-ABAJA-DEV-main/install/setup.sh'
[16.227s] [34mcolcon.colcon_core.shell[0m [1;30mINFO[0m Creating prefix script '/home/nvidia/ROS2-ABAJA-DEV-main/install/local_setup.bash'
[16.228s] [34mcolcon.colcon_core.shell[0m [1;30mINFO[0m Creating prefix chain script '/home/nvidia/ROS2-ABAJA-DEV-main/install/setup.bash'
[16.230s] [34mcolcon.colcon_core.shell[0m [1;30mINFO[0m Creating prefix script '/home/nvidia/ROS2-ABAJA-DEV-main/install/local_setup.zsh'
[16.231s] [34mcolcon.colcon_core.shell[0m [1;30mINFO[0m Creating prefix chain script '/home/nvidia/ROS2-ABAJA-DEV-main/install/setup.zsh'
