[0.037s] Invoking command in '/home/ashy/ROS2-ABAJA-DEV/build/feedback': CMAKE_PREFIX_PATH=/opt/ros/humble /usr/bin/cmake /home/ashy/ROS2-ABAJA-DEV/src/feedback -DCMAKE_INSTALL_PREFIX=/home/ashy/ROS2-ABAJA-DEV/install/feedback
[0.123s] -- The C compiler identification is GNU 11.4.0
[0.199s] -- The CXX compiler identification is GNU 11.4.0
[0.212s] -- Detecting C compiler ABI info
[0.309s] -- Detecting C compiler ABI info - done
[0.319s] -- Check for working C compiler: /usr/bin/cc - skipped
[0.319s] -- Detecting C compile features
[0.319s] -- Detecting C compile features - done
[0.323s] -- Detecting CXX compiler ABI info
[0.424s] -- Detecting CXX compiler ABI info - done
[0.432s] -- Check for working CXX compiler: /usr/bin/c++ - skipped
[0.432s] -- Detecting CXX compile features
[0.432s] -- Detecting CXX compile features - done
[0.438s] -- Found ament_cmake: 1.3.11 (/opt/ros/humble/share/ament_cmake/cmake)
[0.785s] -- Found Python3: /usr/bin/python3 (found version "3.10.12") found components: Interpreter 
[0.878s] -- Found rosidl_default_generators: 1.2.0 (/opt/ros/humble/share/rosidl_default_generators/cmake)
[0.881s] -- Using all available rosidl_typesupport_c: rosidl_typesupport_fastrtps_c;rosidl_typesupport_introspection_c
[0.889s] -- Found rosidl_adapter: 3.1.6 (/opt/ros/humble/share/rosidl_adapter/cmake)
[0.932s] -- Using all available rosidl_typesupport_cpp: rosidl_typesupport_fastrtps_cpp;rosidl_typesupport_introspection_cpp
[0.964s] -- Found builtin_interfaces: 1.2.1 (/opt/ros/humble/share/builtin_interfaces/cmake)
[1.159s] -- Found ament_cmake_ros: 0.10.0 (/opt/ros/humble/share/ament_cmake_ros/cmake)
[1.311s] -- Using all available rosidl_typesupport_c: rosidl_typesupport_fastrtps_c;rosidl_typesupport_introspection_c
[1.497s] -- Using all available rosidl_typesupport_cpp: rosidl_typesupport_fastrtps_cpp;rosidl_typesupport_introspection_cpp
[1.515s] -- Found PythonInterp: /usr/bin/python3 (found suitable version "3.10.12", minimum required is "3.6") 
[1.517s] -- Found python_cmake_module: 0.10.0 (/opt/ros/humble/share/python_cmake_module/cmake)
[1.539s] -- Found PythonLibs: /usr/lib/x86_64-linux-gnu/libpython3.10.so (found suitable version "3.10.12", minimum required is "3.5") 
[1.539s] -- Using PYTHON_EXECUTABLE: /usr/bin/python3
[1.539s] -- Using PYTHON_INCLUDE_DIRS: /usr/include/python3.10
[1.540s] -- Using PYTHON_LIBRARIES: /usr/lib/x86_64-linux-gnu/libpython3.10.so
[1.558s] -- Found PythonExtra: .so  
[1.585s] -- Configuring done
[1.609s] -- Generating done
[1.616s] -- Build files have been written to: /home/ashy/ROS2-ABAJA-DEV/build/feedback
[1.622s] Invoked command in '/home/ashy/ROS2-ABAJA-DEV/build/feedback' returned '0': CMAKE_PREFIX_PATH=/opt/ros/humble /usr/bin/cmake /home/ashy/ROS2-ABAJA-DEV/src/feedback -DCMAKE_INSTALL_PREFIX=/home/ashy/ROS2-ABAJA-DEV/install/feedback
[1.624s] Invoking command in '/home/ashy/ROS2-ABAJA-DEV/build/feedback': CMAKE_PREFIX_PATH=/opt/ros/humble /usr/bin/cmake --build /home/ashy/ROS2-ABAJA-DEV/build/feedback -- -j16 -l16
[1.658s] [  3%] [34m[1mGenerating C code for ROS interfaces[0m
[1.666s] [  6%] [34m[1mGenerating C++ code for ROS interfaces[0m
[1.674s] [  6%] Built target ament_cmake_python_copy_feedback
[1.912s] running egg_info
[1.918s] [  6%] Built target feedback__cpp
[1.921s] [  9%] [32mBuilding C object CMakeFiles/feedback__rosidl_generator_c.dir/rosidl_generator_c/feedback/msg/detail/velocity__functions.c.o[0m
[1.934s] [ 16%] [34m[1mGenerating C++ introspection for ROS interfaces[0m
[1.934s] [ 16%] [34m[1mGenerating C++ type support for eProsima Fast-RTPS[0m
[1.936s] creating feedback.egg-info
[1.936s] [ 19%] [34m[1mGenerating C++ type support dispatch for ROS interfaces[0m
[1.936s] writing feedback.egg-info/PKG-INFO
[1.936s] writing dependency_links to feedback.egg-info/dependency_links.txt
[1.940s] writing top-level names to feedback.egg-info/top_level.txt
[1.940s] writing manifest file 'feedback.egg-info/SOURCES.txt'
[1.997s] [ 22%] [32m[1mLinking C shared library libfeedback__rosidl_generator_c.so[0m
[2.019s] reading manifest file 'feedback.egg-info/SOURCES.txt'
[2.019s] writing manifest file 'feedback.egg-info/SOURCES.txt'
[2.079s] [ 22%] Built target feedback__rosidl_generator_c
[2.093s] [ 22%] Built target ament_cmake_python_build_feedback_egg
[2.096s] [ 25%] [34m[1mGenerating C type support for eProsima Fast-RTPS[0m
[2.107s] [ 29%] [34m[1mGenerating C introspection for ROS interfaces[0m
[2.107s] [ 32%] [34m[1mGenerating C type support dispatch for ROS interfaces[0m
[2.280s] [ 35%] [32mBuilding CXX object CMakeFiles/feedback__rosidl_typesupport_cpp.dir/rosidl_typesupport_cpp/feedback/msg/velocity__type_support.cpp.o[0m
[2.398s] [ 38%] [32mBuilding CXX object CMakeFiles/feedback__rosidl_typesupport_fastrtps_cpp.dir/rosidl_typesupport_fastrtps_cpp/feedback/msg/detail/dds_fastrtps/velocity__type_support.cpp.o[0m
[2.436s] [ 41%] [32mBuilding CXX object CMakeFiles/feedback__rosidl_typesupport_introspection_cpp.dir/rosidl_typesupport_introspection_cpp/feedback/msg/detail/velocity__type_support.cpp.o[0m
[2.501s] [ 45%] [32mBuilding CXX object CMakeFiles/feedback__rosidl_typesupport_fastrtps_c.dir/rosidl_typesupport_fastrtps_c/feedback/msg/detail/velocity__type_support_c.cpp.o[0m
[2.535s] [ 48%] [32mBuilding CXX object CMakeFiles/feedback__rosidl_typesupport_c.dir/rosidl_typesupport_c/feedback/msg/velocity__type_support.cpp.o[0m
[2.574s] [ 51%] [32mBuilding C object CMakeFiles/feedback__rosidl_typesupport_introspection_c.dir/rosidl_typesupport_introspection_c/feedback/msg/detail/velocity__type_support.c.o[0m
[2.614s] [ 54%] [32m[1mLinking CXX shared library libfeedback__rosidl_typesupport_c.so[0m
[2.685s] [ 58%] [32m[1mLinking C shared library libfeedback__rosidl_typesupport_introspection_c.so[0m
[2.689s] [ 61%] [32m[1mLinking CXX shared library libfeedback__rosidl_typesupport_cpp.so[0m
[2.722s] [ 61%] Built target feedback__rosidl_typesupport_c
[2.760s] [ 61%] Built target feedback__rosidl_typesupport_introspection_c
[2.790s] [ 61%] Built target feedback__rosidl_typesupport_cpp
[2.981s] [ 64%] [32m[1mLinking CXX shared library libfeedback__rosidl_typesupport_fastrtps_c.so[0m
[3.032s] [ 67%] [32m[1mLinking CXX shared library libfeedback__rosidl_typesupport_fastrtps_cpp.so[0m
[3.095s] [ 70%] [32m[1mLinking CXX shared library libfeedback__rosidl_typesupport_introspection_cpp.so[0m
[3.174s] [ 70%] Built target feedback__rosidl_typesupport_introspection_cpp
[3.196s] [ 70%] Built target feedback__rosidl_typesupport_fastrtps_cpp
[3.197s] [ 70%] Built target feedback__rosidl_typesupport_fastrtps_c
[3.222s] [ 70%] Built target feedback
[3.261s] [ 74%] [34m[1mGenerating Python code for ROS interfaces[0m
[3.540s] [ 74%] Built target feedback__py
[3.556s] [ 77%] [32mBuilding C object CMakeFiles/feedback__rosidl_generator_py.dir/rosidl_generator_py/feedback/msg/_velocity_s.c.o[0m
[3.628s] [ 80%] [32m[1mLinking C shared library rosidl_generator_py/feedback/libfeedback__rosidl_generator_py.so[0m
[3.658s] [ 80%] Built target feedback__rosidl_generator_py
[3.675s] [ 83%] [32mBuilding C object CMakeFiles/feedback__rosidl_typesupport_introspection_c__pyext.dir/rosidl_generator_py/feedback/_feedback_s.ep.rosidl_typesupport_introspection_c.c.o[0m
[3.676s] [ 87%] [32mBuilding C object CMakeFiles/feedback__rosidl_typesupport_fastrtps_c__pyext.dir/rosidl_generator_py/feedback/_feedback_s.ep.rosidl_typesupport_fastrtps_c.c.o[0m
[3.677s] [ 90%] [32mBuilding C object CMakeFiles/feedback__rosidl_typesupport_c__pyext.dir/rosidl_generator_py/feedback/_feedback_s.ep.rosidl_typesupport_c.c.o[0m
[3.750s] [100%] [32m[1mLinking C shared library rosidl_generator_py/feedback/feedback_s__rosidl_typesupport_c.cpython-310-x86_64-linux-gnu.so[0m
[3.751s] [100%] [32m[1mLinking C shared library rosidl_generator_py/feedback/feedback_s__rosidl_typesupport_introspection_c.cpython-310-x86_64-linux-gnu.so[0m
[3.751s] [100%] [32m[1mLinking C shared library rosidl_generator_py/feedback/feedback_s__rosidl_typesupport_fastrtps_c.cpython-310-x86_64-linux-gnu.so[0m
[3.777s] [100%] Built target feedback__rosidl_typesupport_c__pyext
[3.777s] [100%] Built target feedback__rosidl_typesupport_fastrtps_c__pyext
[3.777s] [100%] Built target feedback__rosidl_typesupport_introspection_c__pyext
[3.786s] Invoked command in '/home/ashy/ROS2-ABAJA-DEV/build/feedback' returned '0': CMAKE_PREFIX_PATH=/opt/ros/humble /usr/bin/cmake --build /home/ashy/ROS2-ABAJA-DEV/build/feedback -- -j16 -l16
[3.788s] Invoking command in '/home/ashy/ROS2-ABAJA-DEV/build/feedback': CMAKE_PREFIX_PATH=/opt/ros/humble /usr/bin/cmake --install /home/ashy/ROS2-ABAJA-DEV/build/feedback
[3.795s] -- Install configuration: ""
[3.795s] -- Installing: /home/ashy/ROS2-ABAJA-DEV/install/feedback/share/ament_index/resource_index/rosidl_interfaces/feedback
[3.795s] -- Installing: /home/ashy/ROS2-ABAJA-DEV/install/feedback/include/feedback/feedback
[3.795s] -- Installing: /home/ashy/ROS2-ABAJA-DEV/install/feedback/include/feedback/feedback/msg
[3.795s] -- Installing: /home/ashy/ROS2-ABAJA-DEV/install/feedback/include/feedback/feedback/msg/detail
[3.795s] -- Installing: /home/ashy/ROS2-ABAJA-DEV/install/feedback/include/feedback/feedback/msg/detail/velocity__type_support.h
[3.795s] -- Installing: /home/ashy/ROS2-ABAJA-DEV/install/feedback/include/feedback/feedback/msg/detail/velocity__struct.h
[3.796s] -- Installing: /home/ashy/ROS2-ABAJA-DEV/install/feedback/include/feedback/feedback/msg/detail/velocity__functions.h
[3.796s] -- Installing: /home/ashy/ROS2-ABAJA-DEV/install/feedback/include/feedback/feedback/msg/detail/velocity__functions.c
[3.796s] -- Installing: /home/ashy/ROS2-ABAJA-DEV/install/feedback/include/feedback/feedback/msg/velocity.h
[3.796s] -- Installing: /home/ashy/ROS2-ABAJA-DEV/install/feedback/include/feedback/feedback/msg/rosidl_generator_c__visibility_control.h
[3.796s] -- Installing: /home/ashy/ROS2-ABAJA-DEV/install/feedback/share/feedback/environment/library_path.sh
[3.796s] -- Installing: /home/ashy/ROS2-ABAJA-DEV/install/feedback/share/feedback/environment/library_path.dsv
[3.796s] -- Installing: /home/ashy/ROS2-ABAJA-DEV/install/feedback/lib/libfeedback__rosidl_generator_c.so
[3.797s] -- Set runtime path of "/home/ashy/ROS2-ABAJA-DEV/install/feedback/lib/libfeedback__rosidl_generator_c.so" to ""
[3.797s] -- Up-to-date: /home/ashy/ROS2-ABAJA-DEV/install/feedback/include/feedback/feedback
[3.797s] -- Up-to-date: /home/ashy/ROS2-ABAJA-DEV/install/feedback/include/feedback/feedback/msg
[3.797s] -- Up-to-date: /home/ashy/ROS2-ABAJA-DEV/install/feedback/include/feedback/feedback/msg/detail
[3.797s] -- Installing: /home/ashy/ROS2-ABAJA-DEV/install/feedback/include/feedback/feedback/msg/detail/velocity__rosidl_typesupport_fastrtps_c.h
[3.797s] -- Installing: /home/ashy/ROS2-ABAJA-DEV/install/feedback/include/feedback/feedback/msg/rosidl_typesupport_fastrtps_c__visibility_control.h
[3.797s] -- Installing: /home/ashy/ROS2-ABAJA-DEV/install/feedback/lib/libfeedback__rosidl_typesupport_fastrtps_c.so
[3.798s] -- Set runtime path of "/home/ashy/ROS2-ABAJA-DEV/install/feedback/lib/libfeedback__rosidl_typesupport_fastrtps_c.so" to ""
[3.798s] -- Up-to-date: /home/ashy/ROS2-ABAJA-DEV/install/feedback/include/feedback/feedback
[3.798s] -- Up-to-date: /home/ashy/ROS2-ABAJA-DEV/install/feedback/include/feedback/feedback/msg
[3.798s] -- Up-to-date: /home/ashy/ROS2-ABAJA-DEV/install/feedback/include/feedback/feedback/msg/detail
[3.798s] -- Installing: /home/ashy/ROS2-ABAJA-DEV/install/feedback/include/feedback/feedback/msg/detail/velocity__type_support.c
[3.798s] -- Installing: /home/ashy/ROS2-ABAJA-DEV/install/feedback/include/feedback/feedback/msg/detail/velocity__rosidl_typesupport_introspection_c.h
[3.798s] -- Installing: /home/ashy/ROS2-ABAJA-DEV/install/feedback/include/feedback/feedback/msg/rosidl_typesupport_introspection_c__visibility_control.h
[3.798s] -- Installing: /home/ashy/ROS2-ABAJA-DEV/install/feedback/lib/libfeedback__rosidl_typesupport_introspection_c.so
[3.798s] -- Set runtime path of "/home/ashy/ROS2-ABAJA-DEV/install/feedback/lib/libfeedback__rosidl_typesupport_introspection_c.so" to ""
[3.798s] -- Installing: /home/ashy/ROS2-ABAJA-DEV/install/feedback/lib/libfeedback__rosidl_typesupport_c.so
[3.799s] -- Set runtime path of "/home/ashy/ROS2-ABAJA-DEV/install/feedback/lib/libfeedback__rosidl_typesupport_c.so" to ""
[3.799s] -- Up-to-date: /home/ashy/ROS2-ABAJA-DEV/install/feedback/include/feedback/feedback
[3.799s] -- Up-to-date: /home/ashy/ROS2-ABAJA-DEV/install/feedback/include/feedback/feedback/msg
[3.799s] -- Installing: /home/ashy/ROS2-ABAJA-DEV/install/feedback/include/feedback/feedback/msg/rosidl_generator_cpp__visibility_control.hpp
[3.799s] -- Up-to-date: /home/ashy/ROS2-ABAJA-DEV/install/feedback/include/feedback/feedback/msg/detail
[3.799s] -- Installing: /home/ashy/ROS2-ABAJA-DEV/install/feedback/include/feedback/feedback/msg/detail/velocity__builder.hpp
[3.799s] -- Installing: /home/ashy/ROS2-ABAJA-DEV/install/feedback/include/feedback/feedback/msg/detail/velocity__type_support.hpp
[3.799s] -- Installing: /home/ashy/ROS2-ABAJA-DEV/install/feedback/include/feedback/feedback/msg/detail/velocity__traits.hpp
[3.799s] -- Installing: /home/ashy/ROS2-ABAJA-DEV/install/feedback/include/feedback/feedback/msg/detail/velocity__struct.hpp
[3.799s] -- Installing: /home/ashy/ROS2-ABAJA-DEV/install/feedback/include/feedback/feedback/msg/velocity.hpp
[3.800s] -- Up-to-date: /home/ashy/ROS2-ABAJA-DEV/install/feedback/include/feedback/feedback
[3.800s] -- Up-to-date: /home/ashy/ROS2-ABAJA-DEV/install/feedback/include/feedback/feedback/msg
[3.800s] -- Up-to-date: /home/ashy/ROS2-ABAJA-DEV/install/feedback/include/feedback/feedback/msg/detail
[3.800s] -- Installing: /home/ashy/ROS2-ABAJA-DEV/install/feedback/include/feedback/feedback/msg/detail/dds_fastrtps
[3.800s] -- Installing: /home/ashy/ROS2-ABAJA-DEV/install/feedback/include/feedback/feedback/msg/detail/velocity__rosidl_typesupport_fastrtps_cpp.hpp
[3.800s] -- Installing: /home/ashy/ROS2-ABAJA-DEV/install/feedback/include/feedback/feedback/msg/rosidl_typesupport_fastrtps_cpp__visibility_control.h
[3.800s] -- Installing: /home/ashy/ROS2-ABAJA-DEV/install/feedback/lib/libfeedback__rosidl_typesupport_fastrtps_cpp.so
[3.800s] -- Set runtime path of "/home/ashy/ROS2-ABAJA-DEV/install/feedback/lib/libfeedback__rosidl_typesupport_fastrtps_cpp.so" to ""
[3.800s] -- Up-to-date: /home/ashy/ROS2-ABAJA-DEV/install/feedback/include/feedback/feedback
[3.800s] -- Up-to-date: /home/ashy/ROS2-ABAJA-DEV/install/feedback/include/feedback/feedback/msg
[3.800s] -- Up-to-date: /home/ashy/ROS2-ABAJA-DEV/install/feedback/include/feedback/feedback/msg/detail
[3.800s] -- Installing: /home/ashy/ROS2-ABAJA-DEV/install/feedback/include/feedback/feedback/msg/detail/velocity__type_support.cpp
[3.801s] -- Installing: /home/ashy/ROS2-ABAJA-DEV/install/feedback/include/feedback/feedback/msg/detail/velocity__rosidl_typesupport_introspection_cpp.hpp
[3.801s] -- Installing: /home/ashy/ROS2-ABAJA-DEV/install/feedback/lib/libfeedback__rosidl_typesupport_introspection_cpp.so
[3.801s] -- Set runtime path of "/home/ashy/ROS2-ABAJA-DEV/install/feedback/lib/libfeedback__rosidl_typesupport_introspection_cpp.so" to ""
[3.801s] -- Installing: /home/ashy/ROS2-ABAJA-DEV/install/feedback/lib/libfeedback__rosidl_typesupport_cpp.so
[3.801s] -- Set runtime path of "/home/ashy/ROS2-ABAJA-DEV/install/feedback/lib/libfeedback__rosidl_typesupport_cpp.so" to ""
[3.802s] -- Installing: /home/ashy/ROS2-ABAJA-DEV/install/feedback/share/feedback/environment/pythonpath.sh
[3.802s] -- Installing: /home/ashy/ROS2-ABAJA-DEV/install/feedback/share/feedback/environment/pythonpath.dsv
[3.802s] -- Installing: /home/ashy/ROS2-ABAJA-DEV/install/feedback/local/lib/python3.10/dist-packages/feedback-0.0.0-py3.10.egg-info
[3.802s] -- Installing: /home/ashy/ROS2-ABAJA-DEV/install/feedback/local/lib/python3.10/dist-packages/feedback-0.0.0-py3.10.egg-info/top_level.txt
[3.802s] -- Installing: /home/ashy/ROS2-ABAJA-DEV/install/feedback/local/lib/python3.10/dist-packages/feedback-0.0.0-py3.10.egg-info/PKG-INFO
[3.802s] -- Installing: /home/ashy/ROS2-ABAJA-DEV/install/feedback/local/lib/python3.10/dist-packages/feedback-0.0.0-py3.10.egg-info/dependency_links.txt
[3.802s] -- Installing: /home/ashy/ROS2-ABAJA-DEV/install/feedback/local/lib/python3.10/dist-packages/feedback-0.0.0-py3.10.egg-info/SOURCES.txt
[3.803s] -- Installing: /home/ashy/ROS2-ABAJA-DEV/install/feedback/local/lib/python3.10/dist-packages/feedback
[3.803s] -- Installing: /home/ashy/ROS2-ABAJA-DEV/install/feedback/local/lib/python3.10/dist-packages/feedback/_feedback_s.ep.rosidl_typesupport_fastrtps_c.c
[3.803s] -- Installing: /home/ashy/ROS2-ABAJA-DEV/install/feedback/local/lib/python3.10/dist-packages/feedback/feedback_s__rosidl_typesupport_introspection_c.cpython-310-x86_64-linux-gnu.so
[3.803s] -- Installing: /home/ashy/ROS2-ABAJA-DEV/install/feedback/local/lib/python3.10/dist-packages/feedback/_feedback_s.ep.rosidl_typesupport_c.c
[3.803s] -- Installing: /home/ashy/ROS2-ABAJA-DEV/install/feedback/local/lib/python3.10/dist-packages/feedback/__init__.py
[3.803s] -- Installing: /home/ashy/ROS2-ABAJA-DEV/install/feedback/local/lib/python3.10/dist-packages/feedback/feedback_s__rosidl_typesupport_c.cpython-310-x86_64-linux-gnu.so
[3.803s] -- Installing: /home/ashy/ROS2-ABAJA-DEV/install/feedback/local/lib/python3.10/dist-packages/feedback/libfeedback__rosidl_generator_py.so
[3.803s] -- Installing: /home/ashy/ROS2-ABAJA-DEV/install/feedback/local/lib/python3.10/dist-packages/feedback/msg
[3.803s] -- Installing: /home/ashy/ROS2-ABAJA-DEV/install/feedback/local/lib/python3.10/dist-packages/feedback/msg/__init__.py
[3.804s] -- Installing: /home/ashy/ROS2-ABAJA-DEV/install/feedback/local/lib/python3.10/dist-packages/feedback/msg/_velocity_s.c
[3.804s] -- Installing: /home/ashy/ROS2-ABAJA-DEV/install/feedback/local/lib/python3.10/dist-packages/feedback/msg/_velocity.py
[3.804s] -- Installing: /home/ashy/ROS2-ABAJA-DEV/install/feedback/local/lib/python3.10/dist-packages/feedback/_feedback_s.ep.rosidl_typesupport_introspection_c.c
[3.804s] -- Installing: /home/ashy/ROS2-ABAJA-DEV/install/feedback/local/lib/python3.10/dist-packages/feedback/feedback_s__rosidl_typesupport_fastrtps_c.cpython-310-x86_64-linux-gnu.so
[3.833s] Listing '/home/ashy/ROS2-ABAJA-DEV/install/feedback/local/lib/python3.10/dist-packages/feedback'...
[3.833s] Compiling '/home/ashy/ROS2-ABAJA-DEV/install/feedback/local/lib/python3.10/dist-packages/feedback/__init__.py'...
[3.833s] Listing '/home/ashy/ROS2-ABAJA-DEV/install/feedback/local/lib/python3.10/dist-packages/feedback/msg'...
[3.833s] Compiling '/home/ashy/ROS2-ABAJA-DEV/install/feedback/local/lib/python3.10/dist-packages/feedback/msg/__init__.py'...
[3.833s] Compiling '/home/ashy/ROS2-ABAJA-DEV/install/feedback/local/lib/python3.10/dist-packages/feedback/msg/_velocity.py'...
[3.837s] -- Installing: /home/ashy/ROS2-ABAJA-DEV/install/feedback/local/lib/python3.10/dist-packages/feedback/feedback_s__rosidl_typesupport_fastrtps_c.cpython-310-x86_64-linux-gnu.so
[3.837s] -- Set runtime path of "/home/ashy/ROS2-ABAJA-DEV/install/feedback/local/lib/python3.10/dist-packages/feedback/feedback_s__rosidl_typesupport_fastrtps_c.cpython-310-x86_64-linux-gnu.so" to ""
[3.838s] -- Installing: /home/ashy/ROS2-ABAJA-DEV/install/feedback/local/lib/python3.10/dist-packages/feedback/feedback_s__rosidl_typesupport_introspection_c.cpython-310-x86_64-linux-gnu.so
[3.838s] -- Set runtime path of "/home/ashy/ROS2-ABAJA-DEV/install/feedback/local/lib/python3.10/dist-packages/feedback/feedback_s__rosidl_typesupport_introspection_c.cpython-310-x86_64-linux-gnu.so" to ""
[3.838s] -- Installing: /home/ashy/ROS2-ABAJA-DEV/install/feedback/local/lib/python3.10/dist-packages/feedback/feedback_s__rosidl_typesupport_c.cpython-310-x86_64-linux-gnu.so
[3.838s] -- Set runtime path of "/home/ashy/ROS2-ABAJA-DEV/install/feedback/local/lib/python3.10/dist-packages/feedback/feedback_s__rosidl_typesupport_c.cpython-310-x86_64-linux-gnu.so" to ""
[3.838s] -- Installing: /home/ashy/ROS2-ABAJA-DEV/install/feedback/lib/libfeedback__rosidl_generator_py.so
[3.839s] -- Set runtime path of "/home/ashy/ROS2-ABAJA-DEV/install/feedback/lib/libfeedback__rosidl_generator_py.so" to ""
[3.839s] -- Installing: /home/ashy/ROS2-ABAJA-DEV/install/feedback/share/feedback/msg/Velocity.idl
[3.839s] -- Installing: /home/ashy/ROS2-ABAJA-DEV/install/feedback/share/feedback/msg/Velocity.msg
[3.839s] -- Installing: /home/ashy/ROS2-ABAJA-DEV/install/feedback/share/ament_index/resource_index/package_run_dependencies/feedback
[3.839s] -- Installing: /home/ashy/ROS2-ABAJA-DEV/install/feedback/share/ament_index/resource_index/parent_prefix_path/feedback
[3.839s] -- Installing: /home/ashy/ROS2-ABAJA-DEV/install/feedback/share/feedback/environment/ament_prefix_path.sh
[3.839s] -- Installing: /home/ashy/ROS2-ABAJA-DEV/install/feedback/share/feedback/environment/ament_prefix_path.dsv
[3.840s] -- Installing: /home/ashy/ROS2-ABAJA-DEV/install/feedback/share/feedback/environment/path.sh
[3.840s] -- Installing: /home/ashy/ROS2-ABAJA-DEV/install/feedback/share/feedback/environment/path.dsv
[3.840s] -- Installing: /home/ashy/ROS2-ABAJA-DEV/install/feedback/share/feedback/local_setup.bash
[3.840s] -- Installing: /home/ashy/ROS2-ABAJA-DEV/install/feedback/share/feedback/local_setup.sh
[3.840s] -- Installing: /home/ashy/ROS2-ABAJA-DEV/install/feedback/share/feedback/local_setup.zsh
[3.840s] -- Installing: /home/ashy/ROS2-ABAJA-DEV/install/feedback/share/feedback/local_setup.dsv
[3.841s] -- Installing: /home/ashy/ROS2-ABAJA-DEV/install/feedback/share/feedback/package.dsv
[3.841s] -- Installing: /home/ashy/ROS2-ABAJA-DEV/install/feedback/share/ament_index/resource_index/packages/feedback
[3.841s] -- Installing: /home/ashy/ROS2-ABAJA-DEV/install/feedback/share/feedback/cmake/export_feedback__rosidl_generator_cExport.cmake
[3.841s] -- Installing: /home/ashy/ROS2-ABAJA-DEV/install/feedback/share/feedback/cmake/export_feedback__rosidl_generator_cExport-noconfig.cmake
[3.841s] -- Installing: /home/ashy/ROS2-ABAJA-DEV/install/feedback/share/feedback/cmake/export_feedback__rosidl_typesupport_fastrtps_cExport.cmake
[3.841s] -- Installing: /home/ashy/ROS2-ABAJA-DEV/install/feedback/share/feedback/cmake/export_feedback__rosidl_typesupport_fastrtps_cExport-noconfig.cmake
[3.841s] -- Installing: /home/ashy/ROS2-ABAJA-DEV/install/feedback/share/feedback/cmake/feedback__rosidl_typesupport_introspection_cExport.cmake
[3.841s] -- Installing: /home/ashy/ROS2-ABAJA-DEV/install/feedback/share/feedback/cmake/feedback__rosidl_typesupport_introspection_cExport-noconfig.cmake
[3.841s] -- Installing: /home/ashy/ROS2-ABAJA-DEV/install/feedback/share/feedback/cmake/feedback__rosidl_typesupport_cExport.cmake
[3.842s] -- Installing: /home/ashy/ROS2-ABAJA-DEV/install/feedback/share/feedback/cmake/feedback__rosidl_typesupport_cExport-noconfig.cmake
[3.842s] -- Installing: /home/ashy/ROS2-ABAJA-DEV/install/feedback/share/feedback/cmake/export_feedback__rosidl_generator_cppExport.cmake
[3.842s] -- Installing: /home/ashy/ROS2-ABAJA-DEV/install/feedback/share/feedback/cmake/export_feedback__rosidl_typesupport_fastrtps_cppExport.cmake
[3.842s] -- Installing: /home/ashy/ROS2-ABAJA-DEV/install/feedback/share/feedback/cmake/export_feedback__rosidl_typesupport_fastrtps_cppExport-noconfig.cmake
[3.842s] -- Installing: /home/ashy/ROS2-ABAJA-DEV/install/feedback/share/feedback/cmake/feedback__rosidl_typesupport_introspection_cppExport.cmake
[3.842s] -- Installing: /home/ashy/ROS2-ABAJA-DEV/install/feedback/share/feedback/cmake/feedback__rosidl_typesupport_introspection_cppExport-noconfig.cmake
[3.842s] -- Installing: /home/ashy/ROS2-ABAJA-DEV/install/feedback/share/feedback/cmake/feedback__rosidl_typesupport_cppExport.cmake
[3.842s] -- Installing: /home/ashy/ROS2-ABAJA-DEV/install/feedback/share/feedback/cmake/feedback__rosidl_typesupport_cppExport-noconfig.cmake
[3.843s] -- Installing: /home/ashy/ROS2-ABAJA-DEV/install/feedback/share/feedback/cmake/export_feedback__rosidl_generator_pyExport.cmake
[3.843s] -- Installing: /home/ashy/ROS2-ABAJA-DEV/install/feedback/share/feedback/cmake/export_feedback__rosidl_generator_pyExport-noconfig.cmake
[3.843s] -- Installing: /home/ashy/ROS2-ABAJA-DEV/install/feedback/share/feedback/cmake/rosidl_cmake-extras.cmake
[3.843s] -- Installing: /home/ashy/ROS2-ABAJA-DEV/install/feedback/share/feedback/cmake/ament_cmake_export_dependencies-extras.cmake
[3.843s] -- Installing: /home/ashy/ROS2-ABAJA-DEV/install/feedback/share/feedback/cmake/ament_cmake_export_include_directories-extras.cmake
[3.843s] -- Installing: /home/ashy/ROS2-ABAJA-DEV/install/feedback/share/feedback/cmake/ament_cmake_export_libraries-extras.cmake
[3.844s] -- Installing: /home/ashy/ROS2-ABAJA-DEV/install/feedback/share/feedback/cmake/ament_cmake_export_targets-extras.cmake
[3.844s] -- Installing: /home/ashy/ROS2-ABAJA-DEV/install/feedback/share/feedback/cmake/rosidl_cmake_export_typesupport_targets-extras.cmake
[3.844s] -- Installing: /home/ashy/ROS2-ABAJA-DEV/install/feedback/share/feedback/cmake/rosidl_cmake_export_typesupport_libraries-extras.cmake
[3.844s] -- Installing: /home/ashy/ROS2-ABAJA-DEV/install/feedback/share/feedback/cmake/feedbackConfig.cmake
[3.844s] -- Installing: /home/ashy/ROS2-ABAJA-DEV/install/feedback/share/feedback/cmake/feedbackConfig-version.cmake
[3.844s] -- Installing: /home/ashy/ROS2-ABAJA-DEV/install/feedback/share/feedback/package.xml
[3.847s] Invoked command in '/home/ashy/ROS2-ABAJA-DEV/build/feedback' returned '0': CMAKE_PREFIX_PATH=/opt/ros/humble /usr/bin/cmake --install /home/ashy/ROS2-ABAJA-DEV/build/feedback
