[  9%] Built target inertial_msgs__cpp
[ 12%] Built target inertial_msgs__rosidl_generator_c
[ 12%] Built target ament_cmake_python_copy_inertial_msgs
[ 22%] Built target inertial_msgs__rosidl_typesupport_introspection_c
[ 32%] Built target inertial_msgs__rosidl_typesupport_c
[ 41%] Built target inertial_msgs__rosidl_typesupport_fastrtps_c
[ 51%] Built target inertial_msgs__rosidl_typesupport_fastrtps_cpp
[ 70%] Built target inertial_msgs__rosidl_typesupport_introspection_cpp
[ 70%] Built target inertial_msgs__rosidl_typesupport_cpp
[ 70%] Built target inertial_msgs
[ 74%] Built target inertial_msgs__py
[ 80%] Built target inertial_msgs__rosidl_generator_py
[ 87%] Built target inertial_msgs__rosidl_typesupport_fastrtps_c__pyext
[ 93%] Built target inertial_msgs__rosidl_typesupport_c__pyext
[100%] Built target inertial_msgs__rosidl_typesupport_introspection_c__pyext
running egg_info
writing inertial_msgs.egg-info/PKG-INFO
writing dependency_links to inertial_msgs.egg-info/dependency_links.txt
writing top-level names to inertial_msgs.egg-info/top_level.txt
reading manifest file 'inertial_msgs.egg-info/SOURCES.txt'
writing manifest file 'inertial_msgs.egg-info/SOURCES.txt'
[100%] Built target ament_cmake_python_build_inertial_msgs_egg
-- Install configuration: ""
-- Up-to-date: /home/ashy/abaja_ros2_dev/install/inertial_msgs/share/ament_index/resource_index/rosidl_interfaces/inertial_msgs
-- Up-to-date: /home/ashy/abaja_ros2_dev/install/inertial_msgs/include/inertial_msgs/inertial_msgs
-- Up-to-date: /home/ashy/abaja_ros2_dev/install/inertial_msgs/include/inertial_msgs/inertial_msgs/msg
-- Up-to-date: /home/ashy/abaja_ros2_dev/install/inertial_msgs/include/inertial_msgs/inertial_msgs/msg/detail
-- Up-to-date: /home/ashy/abaja_ros2_dev/install/inertial_msgs/include/inertial_msgs/inertial_msgs/msg/detail/pose__functions.c
-- Up-to-date: /home/ashy/abaja_ros2_dev/install/inertial_msgs/include/inertial_msgs/inertial_msgs/msg/detail/pose__functions.h
-- Up-to-date: /home/ashy/abaja_ros2_dev/install/inertial_msgs/include/inertial_msgs/inertial_msgs/msg/detail/pose__type_support.h
-- Up-to-date: /home/ashy/abaja_ros2_dev/install/inertial_msgs/include/inertial_msgs/inertial_msgs/msg/detail/pose__struct.h
-- Up-to-date: /home/ashy/abaja_ros2_dev/install/inertial_msgs/include/inertial_msgs/inertial_msgs/msg/pose.h
-- Up-to-date: /home/ashy/abaja_ros2_dev/install/inertial_msgs/include/inertial_msgs/inertial_msgs/msg/rosidl_generator_c__visibility_control.h
-- Up-to-date: /home/ashy/abaja_ros2_dev/install/inertial_msgs/share/inertial_msgs/environment/library_path.sh
-- Up-to-date: /home/ashy/abaja_ros2_dev/install/inertial_msgs/share/inertial_msgs/environment/library_path.dsv
-- Up-to-date: /home/ashy/abaja_ros2_dev/install/inertial_msgs/lib/libinertial_msgs__rosidl_generator_c.so
-- Up-to-date: /home/ashy/abaja_ros2_dev/install/inertial_msgs/include/inertial_msgs/inertial_msgs
-- Up-to-date: /home/ashy/abaja_ros2_dev/install/inertial_msgs/include/inertial_msgs/inertial_msgs/msg
-- Up-to-date: /home/ashy/abaja_ros2_dev/install/inertial_msgs/include/inertial_msgs/inertial_msgs/msg/detail
-- Up-to-date: /home/ashy/abaja_ros2_dev/install/inertial_msgs/include/inertial_msgs/inertial_msgs/msg/detail/pose__rosidl_typesupport_fastrtps_c.h
-- Up-to-date: /home/ashy/abaja_ros2_dev/install/inertial_msgs/include/inertial_msgs/inertial_msgs/msg/rosidl_typesupport_fastrtps_c__visibility_control.h
-- Up-to-date: /home/ashy/abaja_ros2_dev/install/inertial_msgs/lib/libinertial_msgs__rosidl_typesupport_fastrtps_c.so
-- Up-to-date: /home/ashy/abaja_ros2_dev/install/inertial_msgs/include/inertial_msgs/inertial_msgs
-- Up-to-date: /home/ashy/abaja_ros2_dev/install/inertial_msgs/include/inertial_msgs/inertial_msgs/msg
-- Up-to-date: /home/ashy/abaja_ros2_dev/install/inertial_msgs/include/inertial_msgs/inertial_msgs/msg/detail
-- Up-to-date: /home/ashy/abaja_ros2_dev/install/inertial_msgs/include/inertial_msgs/inertial_msgs/msg/detail/pose__type_support.c
-- Up-to-date: /home/ashy/abaja_ros2_dev/install/inertial_msgs/include/inertial_msgs/inertial_msgs/msg/detail/pose__rosidl_typesupport_introspection_c.h
-- Up-to-date: /home/ashy/abaja_ros2_dev/install/inertial_msgs/include/inertial_msgs/inertial_msgs/msg/rosidl_typesupport_introspection_c__visibility_control.h
-- Up-to-date: /home/ashy/abaja_ros2_dev/install/inertial_msgs/lib/libinertial_msgs__rosidl_typesupport_introspection_c.so
-- Up-to-date: /home/ashy/abaja_ros2_dev/install/inertial_msgs/lib/libinertial_msgs__rosidl_typesupport_c.so
-- Up-to-date: /home/ashy/abaja_ros2_dev/install/inertial_msgs/include/inertial_msgs/inertial_msgs
-- Up-to-date: /home/ashy/abaja_ros2_dev/install/inertial_msgs/include/inertial_msgs/inertial_msgs/msg
-- Up-to-date: /home/ashy/abaja_ros2_dev/install/inertial_msgs/include/inertial_msgs/inertial_msgs/msg/rosidl_generator_cpp__visibility_control.hpp
-- Up-to-date: /home/ashy/abaja_ros2_dev/install/inertial_msgs/include/inertial_msgs/inertial_msgs/msg/detail
-- Up-to-date: /home/ashy/abaja_ros2_dev/install/inertial_msgs/include/inertial_msgs/inertial_msgs/msg/detail/pose__type_support.hpp
-- Up-to-date: /home/ashy/abaja_ros2_dev/install/inertial_msgs/include/inertial_msgs/inertial_msgs/msg/detail/pose__traits.hpp
-- Up-to-date: /home/ashy/abaja_ros2_dev/install/inertial_msgs/include/inertial_msgs/inertial_msgs/msg/detail/pose__builder.hpp
-- Up-to-date: /home/ashy/abaja_ros2_dev/install/inertial_msgs/include/inertial_msgs/inertial_msgs/msg/detail/pose__struct.hpp
-- Up-to-date: /home/ashy/abaja_ros2_dev/install/inertial_msgs/include/inertial_msgs/inertial_msgs/msg/pose.hpp
-- Up-to-date: /home/ashy/abaja_ros2_dev/install/inertial_msgs/include/inertial_msgs/inertial_msgs
-- Up-to-date: /home/ashy/abaja_ros2_dev/install/inertial_msgs/include/inertial_msgs/inertial_msgs/msg
-- Up-to-date: /home/ashy/abaja_ros2_dev/install/inertial_msgs/include/inertial_msgs/inertial_msgs/msg/detail
-- Up-to-date: /home/ashy/abaja_ros2_dev/install/inertial_msgs/include/inertial_msgs/inertial_msgs/msg/detail/dds_fastrtps
-- Up-to-date: /home/ashy/abaja_ros2_dev/install/inertial_msgs/include/inertial_msgs/inertial_msgs/msg/detail/pose__rosidl_typesupport_fastrtps_cpp.hpp
-- Up-to-date: /home/ashy/abaja_ros2_dev/install/inertial_msgs/include/inertial_msgs/inertial_msgs/msg/rosidl_typesupport_fastrtps_cpp__visibility_control.h
-- Up-to-date: /home/ashy/abaja_ros2_dev/install/inertial_msgs/lib/libinertial_msgs__rosidl_typesupport_fastrtps_cpp.so
-- Up-to-date: /home/ashy/abaja_ros2_dev/install/inertial_msgs/include/inertial_msgs/inertial_msgs
-- Up-to-date: /home/ashy/abaja_ros2_dev/install/inertial_msgs/include/inertial_msgs/inertial_msgs/msg
-- Up-to-date: /home/ashy/abaja_ros2_dev/install/inertial_msgs/include/inertial_msgs/inertial_msgs/msg/detail
-- Up-to-date: /home/ashy/abaja_ros2_dev/install/inertial_msgs/include/inertial_msgs/inertial_msgs/msg/detail/pose__rosidl_typesupport_introspection_cpp.hpp
-- Up-to-date: /home/ashy/abaja_ros2_dev/install/inertial_msgs/include/inertial_msgs/inertial_msgs/msg/detail/pose__type_support.cpp
-- Up-to-date: /home/ashy/abaja_ros2_dev/install/inertial_msgs/lib/libinertial_msgs__rosidl_typesupport_introspection_cpp.so
-- Up-to-date: /home/ashy/abaja_ros2_dev/install/inertial_msgs/lib/libinertial_msgs__rosidl_typesupport_cpp.so
-- Up-to-date: /home/ashy/abaja_ros2_dev/install/inertial_msgs/share/inertial_msgs/environment/pythonpath.sh
-- Up-to-date: /home/ashy/abaja_ros2_dev/install/inertial_msgs/share/inertial_msgs/environment/pythonpath.dsv
-- Up-to-date: /home/ashy/abaja_ros2_dev/install/inertial_msgs/local/lib/python3.10/dist-packages/inertial_msgs-0.0.0-py3.10.egg-info
-- Installing: /home/ashy/abaja_ros2_dev/install/inertial_msgs/local/lib/python3.10/dist-packages/inertial_msgs-0.0.0-py3.10.egg-info/top_level.txt
-- Installing: /home/ashy/abaja_ros2_dev/install/inertial_msgs/local/lib/python3.10/dist-packages/inertial_msgs-0.0.0-py3.10.egg-info/PKG-INFO
-- Installing: /home/ashy/abaja_ros2_dev/install/inertial_msgs/local/lib/python3.10/dist-packages/inertial_msgs-0.0.0-py3.10.egg-info/dependency_links.txt
-- Installing: /home/ashy/abaja_ros2_dev/install/inertial_msgs/local/lib/python3.10/dist-packages/inertial_msgs-0.0.0-py3.10.egg-info/SOURCES.txt
-- Up-to-date: /home/ashy/abaja_ros2_dev/install/inertial_msgs/local/lib/python3.10/dist-packages/inertial_msgs
-- Up-to-date: /home/ashy/abaja_ros2_dev/install/inertial_msgs/local/lib/python3.10/dist-packages/inertial_msgs/inertial_msgs_s__rosidl_typesupport_c.cpython-310-x86_64-linux-gnu.so
-- Up-to-date: /home/ashy/abaja_ros2_dev/install/inertial_msgs/local/lib/python3.10/dist-packages/inertial_msgs/inertial_msgs_s__rosidl_typesupport_fastrtps_c.cpython-310-x86_64-linux-gnu.so
-- Up-to-date: /home/ashy/abaja_ros2_dev/install/inertial_msgs/local/lib/python3.10/dist-packages/inertial_msgs/libinertial_msgs__rosidl_generator_py.so
-- Up-to-date: /home/ashy/abaja_ros2_dev/install/inertial_msgs/local/lib/python3.10/dist-packages/inertial_msgs/_inertial_msgs_s.ep.rosidl_typesupport_introspection_c.c
-- Up-to-date: /home/ashy/abaja_ros2_dev/install/inertial_msgs/local/lib/python3.10/dist-packages/inertial_msgs/__init__.py
-- Up-to-date: /home/ashy/abaja_ros2_dev/install/inertial_msgs/local/lib/python3.10/dist-packages/inertial_msgs/_inertial_msgs_s.ep.rosidl_typesupport_fastrtps_c.c
-- Up-to-date: /home/ashy/abaja_ros2_dev/install/inertial_msgs/local/lib/python3.10/dist-packages/inertial_msgs/inertial_msgs_s__rosidl_typesupport_introspection_c.cpython-310-x86_64-linux-gnu.so
-- Up-to-date: /home/ashy/abaja_ros2_dev/install/inertial_msgs/local/lib/python3.10/dist-packages/inertial_msgs/msg
-- Up-to-date: /home/ashy/abaja_ros2_dev/install/inertial_msgs/local/lib/python3.10/dist-packages/inertial_msgs/msg/_pose.py
-- Up-to-date: /home/ashy/abaja_ros2_dev/install/inertial_msgs/local/lib/python3.10/dist-packages/inertial_msgs/msg/__init__.py
-- Up-to-date: /home/ashy/abaja_ros2_dev/install/inertial_msgs/local/lib/python3.10/dist-packages/inertial_msgs/msg/_pose_s.c
-- Up-to-date: /home/ashy/abaja_ros2_dev/install/inertial_msgs/local/lib/python3.10/dist-packages/inertial_msgs/_inertial_msgs_s.ep.rosidl_typesupport_c.c
Listing '/home/ashy/abaja_ros2_dev/install/inertial_msgs/local/lib/python3.10/dist-packages/inertial_msgs'...
Listing '/home/ashy/abaja_ros2_dev/install/inertial_msgs/local/lib/python3.10/dist-packages/inertial_msgs/msg'...
-- Up-to-date: /home/ashy/abaja_ros2_dev/install/inertial_msgs/local/lib/python3.10/dist-packages/inertial_msgs/inertial_msgs_s__rosidl_typesupport_fastrtps_c.cpython-310-x86_64-linux-gnu.so
-- Up-to-date: /home/ashy/abaja_ros2_dev/install/inertial_msgs/local/lib/python3.10/dist-packages/inertial_msgs/inertial_msgs_s__rosidl_typesupport_introspection_c.cpython-310-x86_64-linux-gnu.so
-- Up-to-date: /home/ashy/abaja_ros2_dev/install/inertial_msgs/local/lib/python3.10/dist-packages/inertial_msgs/inertial_msgs_s__rosidl_typesupport_c.cpython-310-x86_64-linux-gnu.so
-- Up-to-date: /home/ashy/abaja_ros2_dev/install/inertial_msgs/lib/libinertial_msgs__rosidl_generator_py.so
-- Up-to-date: /home/ashy/abaja_ros2_dev/install/inertial_msgs/share/inertial_msgs/msg/Pose.idl
-- Up-to-date: /home/ashy/abaja_ros2_dev/install/inertial_msgs/share/inertial_msgs/msg/Pose.msg
-- Up-to-date: /home/ashy/abaja_ros2_dev/install/inertial_msgs/share/ament_index/resource_index/package_run_dependencies/inertial_msgs
-- Up-to-date: /home/ashy/abaja_ros2_dev/install/inertial_msgs/share/ament_index/resource_index/parent_prefix_path/inertial_msgs
-- Up-to-date: /home/ashy/abaja_ros2_dev/install/inertial_msgs/share/inertial_msgs/environment/ament_prefix_path.sh
-- Up-to-date: /home/ashy/abaja_ros2_dev/install/inertial_msgs/share/inertial_msgs/environment/ament_prefix_path.dsv
-- Up-to-date: /home/ashy/abaja_ros2_dev/install/inertial_msgs/share/inertial_msgs/environment/path.sh
-- Up-to-date: /home/ashy/abaja_ros2_dev/install/inertial_msgs/share/inertial_msgs/environment/path.dsv
-- Up-to-date: /home/ashy/abaja_ros2_dev/install/inertial_msgs/share/inertial_msgs/local_setup.bash
-- Up-to-date: /home/ashy/abaja_ros2_dev/install/inertial_msgs/share/inertial_msgs/local_setup.sh
-- Up-to-date: /home/ashy/abaja_ros2_dev/install/inertial_msgs/share/inertial_msgs/local_setup.zsh
-- Up-to-date: /home/ashy/abaja_ros2_dev/install/inertial_msgs/share/inertial_msgs/local_setup.dsv
-- Installing: /home/ashy/abaja_ros2_dev/install/inertial_msgs/share/inertial_msgs/package.dsv
-- Up-to-date: /home/ashy/abaja_ros2_dev/install/inertial_msgs/share/ament_index/resource_index/packages/inertial_msgs
-- Up-to-date: /home/ashy/abaja_ros2_dev/install/inertial_msgs/share/inertial_msgs/cmake/export_inertial_msgs__rosidl_generator_cExport.cmake
-- Up-to-date: /home/ashy/abaja_ros2_dev/install/inertial_msgs/share/inertial_msgs/cmake/export_inertial_msgs__rosidl_generator_cExport-noconfig.cmake
-- Up-to-date: /home/ashy/abaja_ros2_dev/install/inertial_msgs/share/inertial_msgs/cmake/export_inertial_msgs__rosidl_typesupport_fastrtps_cExport.cmake
-- Up-to-date: /home/ashy/abaja_ros2_dev/install/inertial_msgs/share/inertial_msgs/cmake/export_inertial_msgs__rosidl_typesupport_fastrtps_cExport-noconfig.cmake
-- Up-to-date: /home/ashy/abaja_ros2_dev/install/inertial_msgs/share/inertial_msgs/cmake/inertial_msgs__rosidl_typesupport_introspection_cExport.cmake
-- Up-to-date: /home/ashy/abaja_ros2_dev/install/inertial_msgs/share/inertial_msgs/cmake/inertial_msgs__rosidl_typesupport_introspection_cExport-noconfig.cmake
-- Up-to-date: /home/ashy/abaja_ros2_dev/install/inertial_msgs/share/inertial_msgs/cmake/inertial_msgs__rosidl_typesupport_cExport.cmake
-- Up-to-date: /home/ashy/abaja_ros2_dev/install/inertial_msgs/share/inertial_msgs/cmake/inertial_msgs__rosidl_typesupport_cExport-noconfig.cmake
-- Up-to-date: /home/ashy/abaja_ros2_dev/install/inertial_msgs/share/inertial_msgs/cmake/export_inertial_msgs__rosidl_generator_cppExport.cmake
-- Up-to-date: /home/ashy/abaja_ros2_dev/install/inertial_msgs/share/inertial_msgs/cmake/export_inertial_msgs__rosidl_typesupport_fastrtps_cppExport.cmake
-- Up-to-date: /home/ashy/abaja_ros2_dev/install/inertial_msgs/share/inertial_msgs/cmake/export_inertial_msgs__rosidl_typesupport_fastrtps_cppExport-noconfig.cmake
-- Up-to-date: /home/ashy/abaja_ros2_dev/install/inertial_msgs/share/inertial_msgs/cmake/inertial_msgs__rosidl_typesupport_introspection_cppExport.cmake
-- Up-to-date: /home/ashy/abaja_ros2_dev/install/inertial_msgs/share/inertial_msgs/cmake/inertial_msgs__rosidl_typesupport_introspection_cppExport-noconfig.cmake
-- Up-to-date: /home/ashy/abaja_ros2_dev/install/inertial_msgs/share/inertial_msgs/cmake/inertial_msgs__rosidl_typesupport_cppExport.cmake
-- Up-to-date: /home/ashy/abaja_ros2_dev/install/inertial_msgs/share/inertial_msgs/cmake/inertial_msgs__rosidl_typesupport_cppExport-noconfig.cmake
-- Up-to-date: /home/ashy/abaja_ros2_dev/install/inertial_msgs/share/inertial_msgs/cmake/export_inertial_msgs__rosidl_generator_pyExport.cmake
-- Up-to-date: /home/ashy/abaja_ros2_dev/install/inertial_msgs/share/inertial_msgs/cmake/export_inertial_msgs__rosidl_generator_pyExport-noconfig.cmake
-- Up-to-date: /home/ashy/abaja_ros2_dev/install/inertial_msgs/share/inertial_msgs/cmake/rosidl_cmake-extras.cmake
-- Up-to-date: /home/ashy/abaja_ros2_dev/install/inertial_msgs/share/inertial_msgs/cmake/ament_cmake_export_dependencies-extras.cmake
-- Up-to-date: /home/ashy/abaja_ros2_dev/install/inertial_msgs/share/inertial_msgs/cmake/ament_cmake_export_include_directories-extras.cmake
-- Up-to-date: /home/ashy/abaja_ros2_dev/install/inertial_msgs/share/inertial_msgs/cmake/ament_cmake_export_libraries-extras.cmake
-- Up-to-date: /home/ashy/abaja_ros2_dev/install/inertial_msgs/share/inertial_msgs/cmake/ament_cmake_export_targets-extras.cmake
-- Up-to-date: /home/ashy/abaja_ros2_dev/install/inertial_msgs/share/inertial_msgs/cmake/rosidl_cmake_export_typesupport_targets-extras.cmake
-- Up-to-date: /home/ashy/abaja_ros2_dev/install/inertial_msgs/share/inertial_msgs/cmake/rosidl_cmake_export_typesupport_libraries-extras.cmake
-- Up-to-date: /home/ashy/abaja_ros2_dev/install/inertial_msgs/share/inertial_msgs/cmake/inertial_msgsConfig.cmake
-- Up-to-date: /home/ashy/abaja_ros2_dev/install/inertial_msgs/share/inertial_msgs/cmake/inertial_msgsConfig-version.cmake
-- Up-to-date: /home/ashy/abaja_ros2_dev/install/inertial_msgs/share/inertial_msgs/package.xml
