[0.034s] Invoking command in '/home/ashy/abaja_ros2_dev/build/inertial_msgs': CMAKE_PREFIX_PATH=/opt/ros/humble /usr/bin/cmake --build /home/ashy/abaja_ros2_dev/build/inertial_msgs -- -j16 -l16
[0.101s] [  9%] Built target inertial_msgs__cpp
[0.102s] [ 12%] Built target inertial_msgs__rosidl_generator_c
[0.120s] [ 12%] Built target ament_cmake_python_copy_inertial_msgs
[0.147s] [ 22%] Built target inertial_msgs__rosidl_typesupport_introspection_c
[0.154s] [ 32%] Built target inertial_msgs__rosidl_typesupport_c
[0.158s] [ 41%] Built target inertial_msgs__rosidl_typesupport_fastrtps_c
[0.171s] [ 51%] Built target inertial_msgs__rosidl_typesupport_fastrtps_cpp
[0.182s] [ 70%] Built target inertial_msgs__rosidl_typesupport_introspection_cpp
[0.182s] [ 70%] Built target inertial_msgs__rosidl_typesupport_cpp
[0.210s] [ 70%] Built target inertial_msgs
[0.234s] [ 74%] Built target inertial_msgs__py
[0.259s] [ 80%] Built target inertial_msgs__rosidl_generator_py
[0.286s] [ 87%] Built target inertial_msgs__rosidl_typesupport_fastrtps_c__pyext
[0.286s] [ 93%] Built target inertial_msgs__rosidl_typesupport_c__pyext
[0.287s] [100%] Built target inertial_msgs__rosidl_typesupport_introspection_c__pyext
[0.378s] running egg_info
[0.394s] writing inertial_msgs.egg-info/PKG-INFO
[0.394s] writing dependency_links to inertial_msgs.egg-info/dependency_links.txt
[0.394s] writing top-level names to inertial_msgs.egg-info/top_level.txt
[0.443s] reading manifest file 'inertial_msgs.egg-info/SOURCES.txt'
[0.444s] writing manifest file 'inertial_msgs.egg-info/SOURCES.txt'
[0.474s] [100%] Built target ament_cmake_python_build_inertial_msgs_egg
[0.499s] Invoked command in '/home/ashy/abaja_ros2_dev/build/inertial_msgs' returned '0': CMAKE_PREFIX_PATH=/opt/ros/humble /usr/bin/cmake --build /home/ashy/abaja_ros2_dev/build/inertial_msgs -- -j16 -l16
[0.500s] Invoking command in '/home/ashy/abaja_ros2_dev/build/inertial_msgs': CMAKE_PREFIX_PATH=/opt/ros/humble /usr/bin/cmake --install /home/ashy/abaja_ros2_dev/build/inertial_msgs
[0.503s] -- Install configuration: ""
[0.503s] -- Up-to-date: /home/ashy/abaja_ros2_dev/install/inertial_msgs/share/ament_index/resource_index/rosidl_interfaces/inertial_msgs
[0.503s] -- Up-to-date: /home/ashy/abaja_ros2_dev/install/inertial_msgs/include/inertial_msgs/inertial_msgs
[0.503s] -- Up-to-date: /home/ashy/abaja_ros2_dev/install/inertial_msgs/include/inertial_msgs/inertial_msgs/msg
[0.503s] -- Up-to-date: /home/ashy/abaja_ros2_dev/install/inertial_msgs/include/inertial_msgs/inertial_msgs/msg/detail
[0.503s] -- Up-to-date: /home/ashy/abaja_ros2_dev/install/inertial_msgs/include/inertial_msgs/inertial_msgs/msg/detail/pose__functions.c
[0.503s] -- Up-to-date: /home/ashy/abaja_ros2_dev/install/inertial_msgs/include/inertial_msgs/inertial_msgs/msg/detail/pose__functions.h
[0.503s] -- Up-to-date: /home/ashy/abaja_ros2_dev/install/inertial_msgs/include/inertial_msgs/inertial_msgs/msg/detail/pose__type_support.h
[0.503s] -- Up-to-date: /home/ashy/abaja_ros2_dev/install/inertial_msgs/include/inertial_msgs/inertial_msgs/msg/detail/pose__struct.h
[0.503s] -- Up-to-date: /home/ashy/abaja_ros2_dev/install/inertial_msgs/include/inertial_msgs/inertial_msgs/msg/pose.h
[0.503s] -- Up-to-date: /home/ashy/abaja_ros2_dev/install/inertial_msgs/include/inertial_msgs/inertial_msgs/msg/rosidl_generator_c__visibility_control.h
[0.503s] -- Up-to-date: /home/ashy/abaja_ros2_dev/install/inertial_msgs/share/inertial_msgs/environment/library_path.sh
[0.503s] -- Up-to-date: /home/ashy/abaja_ros2_dev/install/inertial_msgs/share/inertial_msgs/environment/library_path.dsv
[0.503s] -- Up-to-date: /home/ashy/abaja_ros2_dev/install/inertial_msgs/lib/libinertial_msgs__rosidl_generator_c.so
[0.503s] -- Up-to-date: /home/ashy/abaja_ros2_dev/install/inertial_msgs/include/inertial_msgs/inertial_msgs
[0.503s] -- Up-to-date: /home/ashy/abaja_ros2_dev/install/inertial_msgs/include/inertial_msgs/inertial_msgs/msg
[0.503s] -- Up-to-date: /home/ashy/abaja_ros2_dev/install/inertial_msgs/include/inertial_msgs/inertial_msgs/msg/detail
[0.503s] -- Up-to-date: /home/ashy/abaja_ros2_dev/install/inertial_msgs/include/inertial_msgs/inertial_msgs/msg/detail/pose__rosidl_typesupport_fastrtps_c.h
[0.503s] -- Up-to-date: /home/ashy/abaja_ros2_dev/install/inertial_msgs/include/inertial_msgs/inertial_msgs/msg/rosidl_typesupport_fastrtps_c__visibility_control.h
[0.503s] -- Up-to-date: /home/ashy/abaja_ros2_dev/install/inertial_msgs/lib/libinertial_msgs__rosidl_typesupport_fastrtps_c.so
[0.503s] -- Up-to-date: /home/ashy/abaja_ros2_dev/install/inertial_msgs/include/inertial_msgs/inertial_msgs
[0.504s] -- Up-to-date: /home/ashy/abaja_ros2_dev/install/inertial_msgs/include/inertial_msgs/inertial_msgs/msg
[0.504s] -- Up-to-date: /home/ashy/abaja_ros2_dev/install/inertial_msgs/include/inertial_msgs/inertial_msgs/msg/detail
[0.504s] -- Up-to-date: /home/ashy/abaja_ros2_dev/install/inertial_msgs/include/inertial_msgs/inertial_msgs/msg/detail/pose__type_support.c
[0.504s] -- Up-to-date: /home/ashy/abaja_ros2_dev/install/inertial_msgs/include/inertial_msgs/inertial_msgs/msg/detail/pose__rosidl_typesupport_introspection_c.h
[0.504s] -- Up-to-date: /home/ashy/abaja_ros2_dev/install/inertial_msgs/include/inertial_msgs/inertial_msgs/msg/rosidl_typesupport_introspection_c__visibility_control.h
[0.504s] -- Up-to-date: /home/ashy/abaja_ros2_dev/install/inertial_msgs/lib/libinertial_msgs__rosidl_typesupport_introspection_c.so
[0.504s] -- Up-to-date: /home/ashy/abaja_ros2_dev/install/inertial_msgs/lib/libinertial_msgs__rosidl_typesupport_c.so
[0.504s] -- Up-to-date: /home/ashy/abaja_ros2_dev/install/inertial_msgs/include/inertial_msgs/inertial_msgs
[0.504s] -- Up-to-date: /home/ashy/abaja_ros2_dev/install/inertial_msgs/include/inertial_msgs/inertial_msgs/msg
[0.504s] -- Up-to-date: /home/ashy/abaja_ros2_dev/install/inertial_msgs/include/inertial_msgs/inertial_msgs/msg/rosidl_generator_cpp__visibility_control.hpp
[0.504s] -- Up-to-date: /home/ashy/abaja_ros2_dev/install/inertial_msgs/include/inertial_msgs/inertial_msgs/msg/detail
[0.504s] -- Up-to-date: /home/ashy/abaja_ros2_dev/install/inertial_msgs/include/inertial_msgs/inertial_msgs/msg/detail/pose__type_support.hpp
[0.504s] -- Up-to-date: /home/ashy/abaja_ros2_dev/install/inertial_msgs/include/inertial_msgs/inertial_msgs/msg/detail/pose__traits.hpp
[0.504s] -- Up-to-date: /home/ashy/abaja_ros2_dev/install/inertial_msgs/include/inertial_msgs/inertial_msgs/msg/detail/pose__builder.hpp
[0.504s] -- Up-to-date: /home/ashy/abaja_ros2_dev/install/inertial_msgs/include/inertial_msgs/inertial_msgs/msg/detail/pose__struct.hpp
[0.504s] -- Up-to-date: /home/ashy/abaja_ros2_dev/install/inertial_msgs/include/inertial_msgs/inertial_msgs/msg/pose.hpp
[0.505s] -- Up-to-date: /home/ashy/abaja_ros2_dev/install/inertial_msgs/include/inertial_msgs/inertial_msgs
[0.505s] -- Up-to-date: /home/ashy/abaja_ros2_dev/install/inertial_msgs/include/inertial_msgs/inertial_msgs/msg
[0.505s] -- Up-to-date: /home/ashy/abaja_ros2_dev/install/inertial_msgs/include/inertial_msgs/inertial_msgs/msg/detail
[0.505s] -- Up-to-date: /home/ashy/abaja_ros2_dev/install/inertial_msgs/include/inertial_msgs/inertial_msgs/msg/detail/dds_fastrtps
[0.505s] -- Up-to-date: /home/ashy/abaja_ros2_dev/install/inertial_msgs/include/inertial_msgs/inertial_msgs/msg/detail/pose__rosidl_typesupport_fastrtps_cpp.hpp
[0.505s] -- Up-to-date: /home/ashy/abaja_ros2_dev/install/inertial_msgs/include/inertial_msgs/inertial_msgs/msg/rosidl_typesupport_fastrtps_cpp__visibility_control.h
[0.505s] -- Up-to-date: /home/ashy/abaja_ros2_dev/install/inertial_msgs/lib/libinertial_msgs__rosidl_typesupport_fastrtps_cpp.so
[0.505s] -- Up-to-date: /home/ashy/abaja_ros2_dev/install/inertial_msgs/include/inertial_msgs/inertial_msgs
[0.505s] -- Up-to-date: /home/ashy/abaja_ros2_dev/install/inertial_msgs/include/inertial_msgs/inertial_msgs/msg
[0.505s] -- Up-to-date: /home/ashy/abaja_ros2_dev/install/inertial_msgs/include/inertial_msgs/inertial_msgs/msg/detail
[0.505s] -- Up-to-date: /home/ashy/abaja_ros2_dev/install/inertial_msgs/include/inertial_msgs/inertial_msgs/msg/detail/pose__rosidl_typesupport_introspection_cpp.hpp
[0.505s] -- Up-to-date: /home/ashy/abaja_ros2_dev/install/inertial_msgs/include/inertial_msgs/inertial_msgs/msg/detail/pose__type_support.cpp
[0.505s] -- Up-to-date: /home/ashy/abaja_ros2_dev/install/inertial_msgs/lib/libinertial_msgs__rosidl_typesupport_introspection_cpp.so
[0.506s] -- Up-to-date: /home/ashy/abaja_ros2_dev/install/inertial_msgs/lib/libinertial_msgs__rosidl_typesupport_cpp.so
[0.506s] -- Up-to-date: /home/ashy/abaja_ros2_dev/install/inertial_msgs/share/inertial_msgs/environment/pythonpath.sh
[0.506s] -- Up-to-date: /home/ashy/abaja_ros2_dev/install/inertial_msgs/share/inertial_msgs/environment/pythonpath.dsv
[0.506s] -- Up-to-date: /home/ashy/abaja_ros2_dev/install/inertial_msgs/local/lib/python3.10/dist-packages/inertial_msgs-0.0.0-py3.10.egg-info
[0.506s] -- Installing: /home/ashy/abaja_ros2_dev/install/inertial_msgs/local/lib/python3.10/dist-packages/inertial_msgs-0.0.0-py3.10.egg-info/top_level.txt
[0.506s] -- Installing: /home/ashy/abaja_ros2_dev/install/inertial_msgs/local/lib/python3.10/dist-packages/inertial_msgs-0.0.0-py3.10.egg-info/PKG-INFO
[0.506s] -- Installing: /home/ashy/abaja_ros2_dev/install/inertial_msgs/local/lib/python3.10/dist-packages/inertial_msgs-0.0.0-py3.10.egg-info/dependency_links.txt
[0.506s] -- Installing: /home/ashy/abaja_ros2_dev/install/inertial_msgs/local/lib/python3.10/dist-packages/inertial_msgs-0.0.0-py3.10.egg-info/SOURCES.txt
[0.506s] -- Up-to-date: /home/ashy/abaja_ros2_dev/install/inertial_msgs/local/lib/python3.10/dist-packages/inertial_msgs
[0.506s] -- Up-to-date: /home/ashy/abaja_ros2_dev/install/inertial_msgs/local/lib/python3.10/dist-packages/inertial_msgs/inertial_msgs_s__rosidl_typesupport_c.cpython-310-x86_64-linux-gnu.so
[0.507s] -- Up-to-date: /home/ashy/abaja_ros2_dev/install/inertial_msgs/local/lib/python3.10/dist-packages/inertial_msgs/inertial_msgs_s__rosidl_typesupport_fastrtps_c.cpython-310-x86_64-linux-gnu.so
[0.507s] -- Up-to-date: /home/ashy/abaja_ros2_dev/install/inertial_msgs/local/lib/python3.10/dist-packages/inertial_msgs/libinertial_msgs__rosidl_generator_py.so
[0.507s] -- Up-to-date: /home/ashy/abaja_ros2_dev/install/inertial_msgs/local/lib/python3.10/dist-packages/inertial_msgs/_inertial_msgs_s.ep.rosidl_typesupport_introspection_c.c
[0.507s] -- Up-to-date: /home/ashy/abaja_ros2_dev/install/inertial_msgs/local/lib/python3.10/dist-packages/inertial_msgs/__init__.py
[0.507s] -- Up-to-date: /home/ashy/abaja_ros2_dev/install/inertial_msgs/local/lib/python3.10/dist-packages/inertial_msgs/_inertial_msgs_s.ep.rosidl_typesupport_fastrtps_c.c
[0.507s] -- Up-to-date: /home/ashy/abaja_ros2_dev/install/inertial_msgs/local/lib/python3.10/dist-packages/inertial_msgs/inertial_msgs_s__rosidl_typesupport_introspection_c.cpython-310-x86_64-linux-gnu.so
[0.507s] -- Up-to-date: /home/ashy/abaja_ros2_dev/install/inertial_msgs/local/lib/python3.10/dist-packages/inertial_msgs/msg
[0.507s] -- Up-to-date: /home/ashy/abaja_ros2_dev/install/inertial_msgs/local/lib/python3.10/dist-packages/inertial_msgs/msg/_pose.py
[0.507s] -- Up-to-date: /home/ashy/abaja_ros2_dev/install/inertial_msgs/local/lib/python3.10/dist-packages/inertial_msgs/msg/__init__.py
[0.507s] -- Up-to-date: /home/ashy/abaja_ros2_dev/install/inertial_msgs/local/lib/python3.10/dist-packages/inertial_msgs/msg/_pose_s.c
[0.507s] -- Up-to-date: /home/ashy/abaja_ros2_dev/install/inertial_msgs/local/lib/python3.10/dist-packages/inertial_msgs/_inertial_msgs_s.ep.rosidl_typesupport_c.c
[0.533s] Listing '/home/ashy/abaja_ros2_dev/install/inertial_msgs/local/lib/python3.10/dist-packages/inertial_msgs'...
[0.533s] Listing '/home/ashy/abaja_ros2_dev/install/inertial_msgs/local/lib/python3.10/dist-packages/inertial_msgs/msg'...
[0.537s] -- Up-to-date: /home/ashy/abaja_ros2_dev/install/inertial_msgs/local/lib/python3.10/dist-packages/inertial_msgs/inertial_msgs_s__rosidl_typesupport_fastrtps_c.cpython-310-x86_64-linux-gnu.so
[0.537s] -- Up-to-date: /home/ashy/abaja_ros2_dev/install/inertial_msgs/local/lib/python3.10/dist-packages/inertial_msgs/inertial_msgs_s__rosidl_typesupport_introspection_c.cpython-310-x86_64-linux-gnu.so
[0.537s] -- Up-to-date: /home/ashy/abaja_ros2_dev/install/inertial_msgs/local/lib/python3.10/dist-packages/inertial_msgs/inertial_msgs_s__rosidl_typesupport_c.cpython-310-x86_64-linux-gnu.so
[0.538s] -- Up-to-date: /home/ashy/abaja_ros2_dev/install/inertial_msgs/lib/libinertial_msgs__rosidl_generator_py.so
[0.538s] -- Up-to-date: /home/ashy/abaja_ros2_dev/install/inertial_msgs/share/inertial_msgs/msg/Pose.idl
[0.538s] -- Up-to-date: /home/ashy/abaja_ros2_dev/install/inertial_msgs/share/inertial_msgs/msg/Pose.msg
[0.538s] -- Up-to-date: /home/ashy/abaja_ros2_dev/install/inertial_msgs/share/ament_index/resource_index/package_run_dependencies/inertial_msgs
[0.538s] -- Up-to-date: /home/ashy/abaja_ros2_dev/install/inertial_msgs/share/ament_index/resource_index/parent_prefix_path/inertial_msgs
[0.538s] -- Up-to-date: /home/ashy/abaja_ros2_dev/install/inertial_msgs/share/inertial_msgs/environment/ament_prefix_path.sh
[0.538s] -- Up-to-date: /home/ashy/abaja_ros2_dev/install/inertial_msgs/share/inertial_msgs/environment/ament_prefix_path.dsv
[0.538s] -- Up-to-date: /home/ashy/abaja_ros2_dev/install/inertial_msgs/share/inertial_msgs/environment/path.sh
[0.538s] -- Up-to-date: /home/ashy/abaja_ros2_dev/install/inertial_msgs/share/inertial_msgs/environment/path.dsv
[0.538s] -- Up-to-date: /home/ashy/abaja_ros2_dev/install/inertial_msgs/share/inertial_msgs/local_setup.bash
[0.538s] -- Up-to-date: /home/ashy/abaja_ros2_dev/install/inertial_msgs/share/inertial_msgs/local_setup.sh
[0.539s] -- Up-to-date: /home/ashy/abaja_ros2_dev/install/inertial_msgs/share/inertial_msgs/local_setup.zsh
[0.539s] -- Up-to-date: /home/ashy/abaja_ros2_dev/install/inertial_msgs/share/inertial_msgs/local_setup.dsv
[0.539s] -- Installing: /home/ashy/abaja_ros2_dev/install/inertial_msgs/share/inertial_msgs/package.dsv
[0.539s] -- Up-to-date: /home/ashy/abaja_ros2_dev/install/inertial_msgs/share/ament_index/resource_index/packages/inertial_msgs
[0.539s] -- Up-to-date: /home/ashy/abaja_ros2_dev/install/inertial_msgs/share/inertial_msgs/cmake/export_inertial_msgs__rosidl_generator_cExport.cmake
[0.539s] -- Up-to-date: /home/ashy/abaja_ros2_dev/install/inertial_msgs/share/inertial_msgs/cmake/export_inertial_msgs__rosidl_generator_cExport-noconfig.cmake
[0.539s] -- Up-to-date: /home/ashy/abaja_ros2_dev/install/inertial_msgs/share/inertial_msgs/cmake/export_inertial_msgs__rosidl_typesupport_fastrtps_cExport.cmake
[0.539s] -- Up-to-date: /home/ashy/abaja_ros2_dev/install/inertial_msgs/share/inertial_msgs/cmake/export_inertial_msgs__rosidl_typesupport_fastrtps_cExport-noconfig.cmake
[0.539s] -- Up-to-date: /home/ashy/abaja_ros2_dev/install/inertial_msgs/share/inertial_msgs/cmake/inertial_msgs__rosidl_typesupport_introspection_cExport.cmake
[0.539s] -- Up-to-date: /home/ashy/abaja_ros2_dev/install/inertial_msgs/share/inertial_msgs/cmake/inertial_msgs__rosidl_typesupport_introspection_cExport-noconfig.cmake
[0.539s] -- Up-to-date: /home/ashy/abaja_ros2_dev/install/inertial_msgs/share/inertial_msgs/cmake/inertial_msgs__rosidl_typesupport_cExport.cmake
[0.540s] -- Up-to-date: /home/ashy/abaja_ros2_dev/install/inertial_msgs/share/inertial_msgs/cmake/inertial_msgs__rosidl_typesupport_cExport-noconfig.cmake
[0.540s] -- Up-to-date: /home/ashy/abaja_ros2_dev/install/inertial_msgs/share/inertial_msgs/cmake/export_inertial_msgs__rosidl_generator_cppExport.cmake
[0.540s] -- Up-to-date: /home/ashy/abaja_ros2_dev/install/inertial_msgs/share/inertial_msgs/cmake/export_inertial_msgs__rosidl_typesupport_fastrtps_cppExport.cmake
[0.540s] -- Up-to-date: /home/ashy/abaja_ros2_dev/install/inertial_msgs/share/inertial_msgs/cmake/export_inertial_msgs__rosidl_typesupport_fastrtps_cppExport-noconfig.cmake
[0.540s] -- Up-to-date: /home/ashy/abaja_ros2_dev/install/inertial_msgs/share/inertial_msgs/cmake/inertial_msgs__rosidl_typesupport_introspection_cppExport.cmake
[0.540s] -- Up-to-date: /home/ashy/abaja_ros2_dev/install/inertial_msgs/share/inertial_msgs/cmake/inertial_msgs__rosidl_typesupport_introspection_cppExport-noconfig.cmake
[0.540s] -- Up-to-date: /home/ashy/abaja_ros2_dev/install/inertial_msgs/share/inertial_msgs/cmake/inertial_msgs__rosidl_typesupport_cppExport.cmake
[0.540s] -- Up-to-date: /home/ashy/abaja_ros2_dev/install/inertial_msgs/share/inertial_msgs/cmake/inertial_msgs__rosidl_typesupport_cppExport-noconfig.cmake
[0.540s] -- Up-to-date: /home/ashy/abaja_ros2_dev/install/inertial_msgs/share/inertial_msgs/cmake/export_inertial_msgs__rosidl_generator_pyExport.cmake
[0.540s] -- Up-to-date: /home/ashy/abaja_ros2_dev/install/inertial_msgs/share/inertial_msgs/cmake/export_inertial_msgs__rosidl_generator_pyExport-noconfig.cmake
[0.540s] -- Up-to-date: /home/ashy/abaja_ros2_dev/install/inertial_msgs/share/inertial_msgs/cmake/rosidl_cmake-extras.cmake
[0.540s] -- Up-to-date: /home/ashy/abaja_ros2_dev/install/inertial_msgs/share/inertial_msgs/cmake/ament_cmake_export_dependencies-extras.cmake
[0.540s] -- Up-to-date: /home/ashy/abaja_ros2_dev/install/inertial_msgs/share/inertial_msgs/cmake/ament_cmake_export_include_directories-extras.cmake
[0.540s] -- Up-to-date: /home/ashy/abaja_ros2_dev/install/inertial_msgs/share/inertial_msgs/cmake/ament_cmake_export_libraries-extras.cmake
[0.540s] -- Up-to-date: /home/ashy/abaja_ros2_dev/install/inertial_msgs/share/inertial_msgs/cmake/ament_cmake_export_targets-extras.cmake
[0.540s] -- Up-to-date: /home/ashy/abaja_ros2_dev/install/inertial_msgs/share/inertial_msgs/cmake/rosidl_cmake_export_typesupport_targets-extras.cmake
[0.540s] -- Up-to-date: /home/ashy/abaja_ros2_dev/install/inertial_msgs/share/inertial_msgs/cmake/rosidl_cmake_export_typesupport_libraries-extras.cmake
[0.541s] -- Up-to-date: /home/ashy/abaja_ros2_dev/install/inertial_msgs/share/inertial_msgs/cmake/inertial_msgsConfig.cmake
[0.541s] -- Up-to-date: /home/ashy/abaja_ros2_dev/install/inertial_msgs/share/inertial_msgs/cmake/inertial_msgsConfig-version.cmake
[0.541s] -- Up-to-date: /home/ashy/abaja_ros2_dev/install/inertial_msgs/share/inertial_msgs/package.xml
[0.568s] Invoked command in '/home/ashy/abaja_ros2_dev/build/inertial_msgs' returned '0': CMAKE_PREFIX_PATH=/opt/ros/humble /usr/bin/cmake --install /home/ashy/abaja_ros2_dev/build/inertial_msgs
